# Server version 0.08 running on localhost:8123
# Game ID: 309
# Board class: Saboteur.SaboteurBoard
# Timeout: 20000
# First Move Timeout: 30000
# Date: Sun Apr 12 20:16:47 EDT 2020
# Player 1: Player-0, '260776911', running on localhost
# Player 2: Player-1, 'RandomPlayer', running on localhost
START Player-0 260776911
START Player-1 RandomPlayer
BoardInit:Map,Tile:1,Tile:10,Tile:8,Tile:4,Tile:14,Tile:5,Bonus,Map,Tile:12,Tile:6,Tile:9,Tile:7,Map,Tile:6,Map,Bonus,Tile:5,Tile:6,Tile:7,Tile:9,Tile:11,Bonus,Tile:3,Tile:15,Tile:5,Tile:2,Tile:7,Tile:7,Tile:0,Map,Tile:8,Tile:6,Malus,Destroy,Bonus,Tile:8,Tile:9,Map,Tile:9,Destroy-Tile:9,Tile:13,Destroy,Tile:7,Tile:8,Tile:0,Tile:5-Tile:0,Malus,Tile:10,Tile:6,Tile:8,Tile:0,Tile:10-Tile:hidden2,Tile:nugget,Tile:hidden1
Tile:5 5 4 1
Malus 0 0 0
Drop 5 0 1
Drop 6 0 0
Map 12 5 1
Tile:0 6 4 0
Drop 5 0 1
Drop 6 0 0
Drop 0 0 1
Tile:0 6 5 0
Drop 3 0 1
Drop 6 0 0
Drop 5 0 1
Tile:8 4 5 0
Destroy 6 4 1
Drop 6 0 0
Drop 5 0 1
Drop 6 0 0
Drop 3 0 1
Tile:9 4 6 0
Drop 2 0 1
Tile:8 7 5 0
Drop 3 0 1
Drop 6 0 0
Drop 0 0 1
Drop 6 0 0
Drop 5 0 1
Tile:5_flip 5 6 0
Drop 6 0 1
Tile:7_flip 3 5 0
Drop 1 0 1
Tile:5_flip 4 7 0
Map 12 7 1
Tile:7 4 4 0
Drop 0 0 1
Malus 0 0 0
Bonus 0 0 1
Tile:0 6 4 0
Destroy 7 5 1
Tile:8 7 5 0
Drop 6 0 1
Tile:9_flip 7 6 0
Destroy 4 4 1
Tile:9 3 4 0
Drop 4 0 1
Tile:6_flip 7 4 0
Drop 2 0 1
Drop 0 0 0
Drop 0 0 1
Drop 0 0 0
Drop 0 0 1
Drop 1 0 0
Drop 1 0 1
Drop 0 0 0
Drop 0 0 1
GAMEOVER DRAW
# Game ended: Sun Apr 12 20:16:47 EDT 2020
