# Server version 0.08 running on localhost:8123
# Game ID: 246
# Board class: Saboteur.SaboteurBoard
# Timeout: 20000
# First Move Timeout: 30000
# Date: Sun Apr 12 18:52:08 EDT 2020
# Player 1: Player-0, '260776911', running on localhost
# Player 2: Player-1, 'RandomPlayer', running on localhost
START Player-0 260776911
START Player-1 RandomPlayer
BoardInit:Tile:9,Tile:11,Tile:5,Tile:6,Destroy,Tile:2,Tile:6,Tile:5,Tile:8,Tile:8,Tile:9,Malus,Tile:9,Tile:6,Tile:7,Tile:10,Tile:5,Tile:8,Tile:7,Tile:9,Tile:12,Tile:7,Tile:0,Tile:10,Tile:6,Tile:0,Tile:4,Destroy,Tile:1,Tile:6,Map,Bonus,Tile:15,Map,Tile:5,Tile:0,Tile:10,Malus,Tile:7,Map,Bonus-Tile:3,Destroy,Tile:13,Tile:7,Map,Tile:8,Bonus-Bonus,Tile:14,Tile:8,Map,Map,Tile:9,Tile:0-Tile:hidden1,Tile:hidden2,Tile:nugget
Tile:3_flip 5 6 1
Map 12 3 0
Drop 1 0 1
Map 12 5 0
Tile:8 6 6 1
Drop 1 0 0
Tile:9_flip 7 6 1
Drop 4 0 0
Map 12 5 1
Drop 5 0 0
Tile:6_flip 6 5 1
Tile:9 6 7 0
Destroy 6 7 1
Tile:6 6 7 0
Tile:9 5 4 1
Tile:5_flip 7 7 0
Tile:9_flip 5 3 1
Tile:6 6 4 0
Tile:8 7 4 1
Tile:8 7 5 0
Tile:7 8 5 1
Tile:10 8 6 0
Tile:5 6 3 1
Tile:9 8 7 0
Tile:5 4 5 1
Tile:0 9 7 0
Destroy 9 7 1
Malus 0 0 0
Drop 6 0 1
Destroy 4 5 0
Drop 1 0 1
Tile:8 9 7 0
Map 12 7 1
Tile:8 9 8 0
Drop 0 0 1
Drop 6 0 0
Drop 3 0 1
Tile:7 10 7 0
Drop 6 0 1
Malus 0 0 0
Drop 2 0 1
Drop 6 0 0
Drop 5 0 1
Tile:10 9 6 0
Drop 4 0 1
Tile:6 10 8 0
Drop 3 0 1
Tile:0 11 8 0
Drop 2 0 1
Tile:0 12 8 0
Drop 0 0 1
Drop 1 0 0
Bonus 0 0 1
Drop 0 0 0
Drop 0 0 1
GAMEOVER DRAW
# Game ended: Sun Apr 12 18:52:08 EDT 2020
