# Server version 0.08 running on localhost:8123
# Game ID: 376
# Board class: Saboteur.SaboteurBoard
# Timeout: 20000
# First Move Timeout: 30000
# Date: Sun Apr 12 20:36:16 EDT 2020
# Player 1: Player-0, '260776911', running on localhost
# Player 2: Player-1, 'RandomPlayer', running on localhost
START Player-0 260776911
START Player-1 RandomPlayer
BoardInit:Tile:7,Tile:15,Tile:9,Tile:6,Tile:12,Tile:7,Tile:9,Malus,Tile:10,Tile:2,Map,Map,Tile:5,Tile:8,Tile:0,Tile:14,Malus,Destroy,Destroy,Bonus,Tile:3,Tile:9,Tile:9,Tile:13,Map,Tile:0,Bonus,Tile:0,Tile:10,Bonus,Destroy,Tile:8,Tile:5,Tile:4,Tile:6,Tile:6,Tile:7,Tile:11,Tile:8,Tile:9,Tile:6-Tile:1,Tile:7,Bonus,Tile:7,Tile:8,Tile:10,Tile:5-Map,Map,Tile:8,Map,Tile:0,Tile:6,Tile:5-Tile:hidden1,Tile:nugget,Tile:hidden2
Tile:7 6 5 1
Drop 3 0 0
Tile:7_flip 4 5 1
Drop 1 0 0
Drop 4 0 1
Drop 0 0 0
Tile:9_flip 4 4 1
Drop 4 0 0
Tile:12_flip 3 4 1
Malus 0 0 0
Bonus 0 0 1
Drop 6 0 0
Tile:9_flip 5 6 1
Drop 6 0 0
Tile:10 4 3 1
Tile:6_flip 4 2 0
Drop 1 0 1
Drop 6 0 0
Tile:5_flip 5 2 1
Destroy 3 4 0
Tile:1 3 2 1
Tile:6_flip 3 4 0
Tile:3_flip 5 7 1
Tile:7_flip 6 6 0
Drop 2 0 1
Drop 6 0 0
Tile:0 4 6 1
Tile:8 7 6 0
Drop 2 0 1
Tile:9 5 1 0
Destroy 4 4 1
Tile:8 5 0 0
Tile:10 7 5 1
Tile:0 8 6 0
Drop 0 0 1
Drop 6 0 0
Tile:5 4 0 1
Tile:0 9 6 0
Tile:6_flip 6 7 1
Drop 6 0 0
Drop 2 0 1
Tile:0 10 6 0
Tile:8 6 8 1
Tile:8 11 6 0
Tile:9_flip 7 7 1
Tile:6 11 7 0
Tile:6_flip 7 4 1
Tile:5 10 7 0
Map 12 3 1
Tile:9 10 8 0
Drop 1 0 1
Drop 1 0 0
Tile:7 11 8 1
Drop 0 0 0
Tile:10 10 9 1
GAMEOVER DRAW
# Game ended: Sun Apr 12 20:36:16 EDT 2020
