# Server version 0.08 running on localhost:8123
# Game ID: 414
# Board class: Saboteur.SaboteurBoard
# Timeout: 20000
# First Move Timeout: 30000
# Date: Sun Apr 12 20:49:00 EDT 2020
# Player 1: Player-0, '260776911', running on localhost
# Player 2: Player-1, 'RandomPlayer', running on localhost
START Player-0 260776911
START Player-1 RandomPlayer
BoardInit:Tile:8,Tile:8,Tile:7,Tile:9,Tile:1,Destroy,Tile:5,Tile:0,Tile:2,Tile:10,Map,Tile:7,Destroy,Tile:7,Tile:14,Tile:8,Tile:0,Tile:9,Tile:0,Tile:9,Tile:10,Tile:4,Tile:5,Tile:5,Malus,Tile:9,Bonus,Map,Map,Tile:11,Bonus,Tile:8,Bonus,Tile:6,Tile:6,Map,Tile:5,Tile:0,Tile:3,Destroy,Tile:6-Tile:15,Tile:7,Tile:8,Map,Tile:6,Tile:13,Tile:10-Tile:6,Tile:12,Malus,Tile:9,Bonus,Tile:7,Map-Tile:hidden2,Tile:hidden1,Tile:nugget
Tile:13 5 4 1
Drop 6 0 0
Drop 1 0 1
Drop 1 0 0
Tile:6 6 4 1
Malus 0 0 0
Map 12 5 1
Destroy 5 4 0
Drop 1 0 1
Tile:8 5 4 0
Drop 4 0 1
Tile:7_flip 5 6 0
Drop 4 0 1
Tile:9_flip 6 6 0
Map 12 3 1
Tile:10 6 7 0
Drop 3 0 1
Tile:7 6 5 0
Drop 1 0 1
Tile:7_flip 4 4 0
Destroy 5 6 1
Tile:8 6 8 0
Drop 0 0 1
Drop 6 0 0
Drop 2 0 1
Tile:9 6 9 0
Drop 0 0 1
Tile:9 5 6 0
Drop 2 0 1
Drop 6 0 0
Malus 0 0 1
Bonus 0 0 0
Drop 3 0 1
Drop 5 0 0
Drop 4 0 1
Tile:5_flip 6 10 0
Drop 2 0 1
Drop 6 0 0
Bonus 0 0 1
Tile:9_flip 5 7 0
Tile:6_flip 4 3 1
Destroy 4 3 0
Drop 0 0 1
Tile:8 5 3 0
Tile:3_flip 5 10 1
Tile:9_flip 6 3 0
Tile:0 4 5 1
Tile:6 4 7 0
Tile:5 4 3 1
Tile:6_flip 3 7 0
Tile:6 3 8 1
Tile:0 4 8 0
Drop 1 0 1
Tile:0 7 4 0
Drop 0 0 1
GAMEOVER DRAW
# Game ended: Sun Apr 12 20:49:00 EDT 2020
