# Server version 0.08 running on localhost:8123
# Game ID: 275
# Board class: Saboteur.SaboteurBoard
# Timeout: 20000
# First Move Timeout: 30000
# Date: Sun Apr 12 19:22:46 EDT 2020
# Player 1: Player-0, '260776911', running on localhost
# Player 2: Player-1, 'RandomPlayer', running on localhost
START Player-0 260776911
START Player-1 RandomPlayer
BoardInit:Tile:9,Tile:11,Tile:1,Tile:5,Tile:7,Tile:8,Tile:5,Tile:5,Tile:10,Bonus,Tile:0,Tile:6,Tile:0,Tile:12,Tile:15,Destroy,Tile:8,Tile:7,Map,Bonus,Destroy,Tile:8,Bonus,Tile:14,Tile:6,Tile:6,Malus,Tile:0,Map,Tile:5,Map,Map,Map,Tile:7,Malus,Tile:8,Tile:7,Map,Tile:9,Tile:9,Tile:6-Tile:10,Tile:13,Tile:9,Tile:3,Tile:8,Tile:4,Tile:7-Destroy,Tile:10,Tile:6,Bonus,Tile:0,Tile:2,Tile:9-Tile:hidden1,Tile:nugget,Tile:hidden2
Tile:8 4 5 1
Drop 5 0 0
Tile:9 4 4 1
Drop 6 0 0
Tile:13 5 4 1
Destroy 5 4 0
Drop 6 0 1
Tile:10 5 6 0
Tile:4_flip 4 6 1
Tile:6 6 5 0
Tile:7_flip 5 7 1
Tile:0 6 7 0
Tile:9_flip 5 4 1
Tile:9 5 3 0
Tile:0 7 7 1
Drop 6 0 0
Tile:10 6 4 1
Tile:5_flip 7 5 0
Tile:0 8 7 1
Tile:8 6 3 0
Tile:5 3 5 1
Tile:5 7 4 0
Drop 1 0 1
Tile:6 7 3 0
Destroy 6 7 1
Drop 6 0 0
Tile:8 8 4 1
Destroy 5 3 0
Tile:3 9 4 1
Tile:7 8 3 0
Tile:10 3 6 1
Tile:8 5 3 0
Tile:6_flip 9 7 1
Map 12 3 0
Drop 3 0 1
Tile:6 6 7 0
Map 12 3 1
Tile:0 10 7 0
Tile:15 9 5 1
Map 12 5 0
Tile:9 3 7 1
Tile:5 6 6 0
Map 12 5 1
Tile:7_flip 9 6 0
Tile:6 11 7 1
Tile:8 11 6 0
Tile:7 5 2 1
Tile:9 11 5 0
GAMEOVER WINNER 0
# Game ended: Sun Apr 12 19:22:46 EDT 2020
