# Server version 0.08 running on localhost:8123
# Game ID: 454
# Board class: Saboteur.SaboteurBoard
# Timeout: 20000
# First Move Timeout: 30000
# Date: Mon Apr 13 16:45:46 EDT 2020
# Player 1: Player-0, '260776911', running on localhost
# Player 2: Player-1, 'RandomPlayer', running on localhost
START Player-0 260776911
START Player-1 RandomPlayer
BoardInit:Bonus,Tile:8,Tile:7,Tile:2,Tile:10,Tile:10,Tile:6,Malus,Bonus,Tile:0,Tile:9,Tile:6,Tile:9,Tile:0,Tile:10,Map,Tile:6,Map,Tile:0,Tile:3,Tile:8,Malus,Tile:7,Tile:8,Tile:4,Tile:6,Tile:12,Map,Map,Tile:7,Destroy,Destroy,Tile:9,Tile:15,Tile:5,Tile:5,Map,Tile:14,Tile:6,Tile:8,Tile:7-Map,Tile:8,Tile:9,Tile:7,Tile:5,Bonus,Tile:0-Tile:11,Tile:9,Bonus,Tile:13,Destroy,Tile:1,Tile:5-Tile:hidden2,Tile:hidden1,Tile:nugget
Tile:9_flip 5 4 1
Drop 0 0 0
Drop 1 0 1
Drop 2 0 0
Tile:5_flip 5 6 1
Drop 3 0 0
Drop 3 0 1
Drop 5 0 0
Tile:7_flip 4 5 1
Tile:9 5 3 0
Tile:6_flip 4 6 1
Destroy 5 3 0
Tile:7_flip 4 7 1
Tile:5 5 3 0
Tile:9_flip 6 5 1
Tile:8 6 3 0
Drop 0 0 1
Map 12 3 0
Tile:9 3 6 1
Map 12 5 0
Tile:10 6 4 1
Drop 6 0 0
Tile:0 5 7 1
Tile:10 6 6 0
Tile:7 7 3 1
Tile:6 6 7 0
Tile:4 3 5 1
Tile:0 7 7 0
Drop 6 0 1
Drop 6 0 0
Tile:10 3 7 1
Tile:0 8 7 0
Tile:6_flip 4 4 1
Tile:8 9 7 0
Destroy 7 3 1
Drop 6 0 0
Tile:5_flip 9 8 1
Malus 0 0 0
Bonus 0 0 1
Drop 6 0 0
Tile:9_flip 3 8 1
Malus 0 0 0
Map 12 7 1
Destroy 3 5 0
Drop 4 0 1
Tile:6 10 7 0
Map 12 3 1
Tile:8 9 6 0
Drop 0 0 1
Tile:7 10 6 0
Drop 0 0 1
Tile:5_flip 11 7 0
Drop 1 0 1
Drop 0 0 0
Drop 0 0 1
GAMEOVER DRAW
# Game ended: Mon Apr 13 16:45:46 EDT 2020
