# Server version 0.08 running on localhost:8123
# Game ID: 420
# Board class: Saboteur.SaboteurBoard
# Timeout: 20000
# First Move Timeout: 30000
# Date: Mon Apr 13 16:33:08 EDT 2020
# Player 1: Player-0, 'RandomPlayer', running on localhost
# Player 2: Player-1, '260776911', running on localhost
START Player-0 RandomPlayer
START Player-1 260776911
BoardInit:Map,Tile:0,Destroy,Tile:10,Tile:10,Tile:14,Tile:9,Bonus,Tile:5,Tile:7,Tile:5,Map,Map,Tile:6,Bonus,Tile:7,Tile:8,Tile:2,Tile:10,Tile:5,Map,Tile:9,Tile:8,Tile:5,Malus,Tile:15,Tile:8,Malus,Tile:6,Tile:9,Tile:8,Tile:6,Tile:0,Tile:0,Map,Bonus,Tile:7,Tile:13,Tile:3,Tile:8,Tile:6-Tile:7,Tile:1,Bonus,Tile:12,Map,Destroy,Tile:4-Tile:0,Tile:11,Tile:7,Tile:9,Destroy,Tile:6,Tile:9-Tile:nugget,Tile:hidden1,Tile:hidden2
Map 12 3 1
Tile:7 6 5 0
Drop 6 0 1
Tile:6 6 6 0
Drop 1 0 1
Tile:9_flip 7 6 0
Drop 2 0 1
Tile:11 7 7 0
Drop 3 0 1
Tile:0 8 7 0
Destroy 7 7 1
Destroy 6 5 0
Tile:9 7 7 1
Drop 2 0 0
Drop 6 0 1
Tile:6 9 7 0
Tile:5 5 4 1
Map 12 3 0
Tile:7 6 4 1
Tile:7_flip 7 8 0
Destroy 6 4 1
Tile:2_flip 5 6 0
Drop 6 0 1
Tile:0 4 6 0
Tile:5_flip 6 4 1
Tile:7 7 5 0
Tile:10 6 3 1
Tile:5_flip 10 7 0
Tile:10 6 2 1
Tile:14_flip 10 6 0
Tile:6_flip 6 5 1
Tile:9_flip 11 6 0
Tile:8 11 5 1
Tile:6 3 6 0
Tile:0 2 6 1
Malus 0 0 0
Bonus 0 0 1
Tile:5 11 4 0
Drop 5 0 1
Tile:9_flip 6 1 0
Drop 6 0 1
Tile:15 9 6 0
Tile:7 12 4 1
Tile:9 11 7 0
Malus 0 0 1
Drop 3 0 0
Tile:6 1 6 1
Drop 2 0 0
Tile:8 9 5 1
Bonus 0 0 0
Tile:8 9 4 1
Tile:0 4 5 0
Tile:8 9 3 1
Tile:8 3 5 0
Drop 0 0 1
GAMEOVER DRAW
# Game ended: Mon Apr 13 16:33:08 EDT 2020
