# Server version 0.08 running on localhost:8123
# Game ID: 1
# Board class: Saboteur.SaboteurBoard
# Timeout: 20000
# First Move Timeout: 30000
# Date: Wed Apr 08 20:24:14 EDT 2020
# Player 1: Player-0, 'RandomPlayer', running on localhost
# Player 2: Player-1, 'RandomPlayer', running on localhost
START Player-0 RandomPlayer
START Player-1 RandomPlayer
BoardInit:Tile:7,Tile:7,Tile:0,Tile:5,Tile:0,Tile:0,Tile:5,Destroy,Bonus,Tile:4,Tile:14,Tile:1,Tile:7,Tile:0,Tile:5,Tile:13,Bonus,Tile:15,Tile:8,Map,Tile:9,Tile:10,Tile:8,Tile:6,Tile:6,Tile:10,Map,Map,Tile:8,Tile:8,Destroy,Tile:12,Destroy,Bonus,Tile:3,Tile:6,Tile:8,Tile:9,Tile:9,Tile:11,Tile:7-Malus,Tile:9,Tile:7,Tile:5,Tile:2,Map,Malus-Tile:6,Bonus,Tile:9,Map,Tile:10,Tile:6,Map-Tile:hidden2,Tile:nugget,Tile:hidden1
Tile:2_flip 6 5 1
Tile:6_flip 6 4 0
Tile:7 7 5 1
Map 12 7 0
Tile:7_flip 7 6 1
Tile:6 8 6 0
Tile:0 9 6 1
Tile:0 10 6 0
Tile:5 8 5 1
Drop 2 0 0
Drop 1 0 1
Tile:5 5 4 0
Map 12 3 1
Drop 6 0 0
Drop 1 0 1
Destroy 7 5 0
Drop 1 0 1
Tile:7 7 5 0
Tile:7_flip 5 6 1
Tile:0 7 4 0
Tile:5_flip 8 4 1
Tile:13 11 6 0
Tile:9 8 3 1
Tile:9_flip 11 7 0
Tile:8 11 8 1
Drop 2 0 0
Tile:6 9 5 1
Tile:10 11 9 0
Drop 4 0 1
Map 12 7 0
Drop 1 0 1
Tile:8 12 8 0
Drop 1 0 1
Tile:6 12 6 0
Tile:8 13 8 1
Tile:10 13 9 0
Destroy 7 4 1
Tile:12 6 6 0
Tile:3_flip 10 8 1
Tile:6_flip 10 7 0
Tile:9 11 10 1
Tile:9 8 2 0
Tile:7 11 5 1
Tile:11_flip 9 2 0
Destroy 9 5 1
Drop 3 0 0
Drop 1 0 1
Tile:15 11 11 0
Tile:8 9 3 1
Map 12 7 0
Malus 0 0 1
Bonus 0 0 0
Map 12 3 1
Drop 0 0 0
Tile:8 12 10 1
GAMEOVER DRAW
# Game ended: Wed Apr 08 20:24:15 EDT 2020
