# Server version 0.08 running on localhost:8123
# Game ID: 135
# Board class: Saboteur.SaboteurBoard
# Timeout: 20000
# First Move Timeout: 30000
# Date: Sun Apr 12 13:26:58 EDT 2020
# Player 1: Player-0, '260776911', running on localhost
# Player 2: Player-1, 'RandomPlayer', running on localhost
START Player-0 260776911
START Player-1 RandomPlayer
BoardInit:Tile:6,Bonus,Map,Destroy,Map,Tile:10,Tile:3,Tile:9,Tile:0,Tile:9,Tile:7,Tile:6,Tile:10,Tile:8,Tile:6,Tile:7,Map,Tile:0,Tile:7,Tile:12,Tile:6,Tile:4,Tile:8,Tile:0,Destroy,Tile:8,Tile:10,Map,Map,Map,Tile:9,Tile:5,Tile:1,Malus,Tile:2,Tile:7,Tile:9,Tile:5,Bonus,Tile:14,Tile:5-Tile:11,Destroy,Tile:8,Bonus,Malus,Tile:7,Bonus-Tile:0,Tile:15,Tile:5,Tile:8,Tile:9,Tile:13,Tile:6-Tile:hidden1,Tile:hidden2,Tile:nugget
Tile:8 6 5 1
Tile:0 4 5 0
Tile:7_flip 6 6 1
Tile:15 5 4 0
Drop 4 0 1
Tile:5 3 5 0
Map 12 5 1
Tile:8 3 6 0
Destroy 3 5 1
Tile:9 3 5 0
Tile:6_flip 7 6 1
Tile:13 3 4 0
Map 12 5 1
Tile:6 2 4 0
Tile:3_flip 2 6 1
Destroy 2 4 0
Tile:11 3 3 1
Tile:10 2 5 0
Tile:6_flip 8 6 1
Tile:9 2 4 0
Tile:0 4 6 1
Tile:9 3 2 0
Tile:6 4 2 1
Tile:6 3 7 0
Tile:8 8 7 1
Tile:8 3 1 0
Destroy 2 4 1
Tile:7 3 0 0
Tile:7 4 3 1
Map 12 3 0
Tile:10 6 4 1
Map 12 5 0
Tile:9 2 1 1
Tile:0 2 7 0
Tile:10 2 2 1
Malus 0 0 0
Map 12 3 1
Tile:12 4 7 0
Map 12 5 1
Tile:4 5 3 0
Drop 6 0 1
Tile:0 1 7 0
Malus 0 0 1
Bonus 0 0 0
Drop 4 0 1
Tile:8 0 7 0
Drop 3 0 1
Tile:5 0 6 0
Drop 2 0 1
Tile:7 4 1 0
Drop 0 0 1
Tile:5 2 0 0
Drop 1 0 1
Tile:14 1 6 0
Drop 0 0 1
GAMEOVER DRAW
# Game ended: Sun Apr 12 13:26:58 EDT 2020
