# Server version 0.08 running on localhost:8123
# Game ID: 218
# Board class: Saboteur.SaboteurBoard
# Timeout: 20000
# First Move Timeout: 30000
# Date: Sun Apr 12 18:02:24 EDT 2020
# Player 1: Player-0, '260776911', running on localhost
# Player 2: Player-1, 'RandomPlayer', running on localhost
START Player-0 260776911
START Player-1 RandomPlayer
BoardInit:Tile:8,Tile:15,Tile:6,Tile:6,Tile:0,Tile:0,Tile:8,Destroy,Tile:9,Tile:3,Tile:0,Tile:10,Tile:6,Map,Tile:9,Tile:0,Tile:4,Tile:13,Tile:6,Tile:8,Map,Tile:7,Destroy,Malus,Map,Tile:14,Tile:8,Destroy,Tile:7,Bonus,Malus,Tile:11,Bonus,Bonus,Tile:10,Tile:8,Tile:9,Map,Tile:2,Tile:5,Tile:7-Tile:6,Map,Tile:12,Tile:1,Tile:10,Tile:5,Tile:5-Tile:9,Tile:7,Bonus,Tile:7,Map,Tile:5,Tile:9-Tile:nugget,Tile:hidden1,Tile:hidden2
Tile:12_flip 4 5 1
Map 12 3 0
Tile:10 5 4 1
Drop 6 0 0
Tile:5 5 3 1
Tile:9_flip 6 3 0
Tile:1 6 5 1
Tile:7 6 2 0
Tile:8 7 5 1
Destroy 4 5 0
Tile:8 8 5 1
Drop 6 0 0
Map 12 3 1
Tile:7 7 4 0
Tile:6_flip 4 5 1
Drop 6 0 0
Tile:9_flip 5 6 1
Tile:5 8 4 0
Tile:6 5 2 1
Drop 6 0 0
Tile:6 9 4 1
Tile:9 9 3 0
Tile:9_flip 9 2 1
Tile:6 8 2 0
Destroy 5 3 1
Malus 0 0 0
Drop 0 0 1
Drop 6 0 0
Drop 5 0 1
Destroy 6 5 0
Map 12 3 1
Tile:0 10 3 0
Drop 4 0 1
Drop 6 0 0
Drop 4 0 1
Tile:0 10 4 0
Drop 3 0 1
Tile:8 11 3 0
Malus 0 0 1
Bonus 0 0 0
Drop 4 0 1
Drop 5 0 0
Drop 5 0 1
Tile:10 11 2 0
Drop 4 0 1
Tile:7_flip 6 4 0
Drop 3 0 1
Tile:8 11 4 0
Drop 0 0 1
Tile:5 7 2 0
Drop 0 0 1
Drop 0 0 0
Drop 1 0 1
Drop 0 0 0
Drop 0 0 1
GAMEOVER DRAW
# Game ended: Sun Apr 12 18:02:24 EDT 2020
