# Server version 0.08 running on localhost:8123
# Game ID: 29
# Board class: Saboteur.SaboteurBoard
# Timeout: 20000
# First Move Timeout: 30000
# Date: Sat Apr 11 22:31:18 EDT 2020
# Player 1: Player-0, 'RandomPlayer', running on localhost
# Player 2: Player-1, 'RandomPlayer', running on localhost
START Player-0 RandomPlayer
START Player-1 RandomPlayer
BoardInit:Tile:9,Tile:4,Bonus,Tile:8,Malus,Tile:9,Destroy,Tile:6,Tile:1,Malus,Tile:0,Tile:10,Tile:6,Tile:3,Tile:7,Map,Tile:8,Tile:12,Map,Tile:6,Tile:8,Tile:14,Tile:5,Tile:7,Bonus,Tile:0,Tile:7,Tile:9,Tile:8,Tile:9,Tile:7,Tile:7,Bonus,Tile:10,Destroy,Tile:11,Map,Tile:5,Tile:9,Map,Bonus-Tile:2,Tile:15,Map,Tile:0,Tile:5,Tile:6,Tile:0-Tile:13,Tile:10,Tile:8,Tile:5,Map,Tile:6,Destroy-Tile:hidden2,Tile:hidden1,Tile:nugget
Tile:6 4 5 1
Tile:5_flip 5 6 0
Map 12 3 1
Map 12 3 0
Tile:9_flip 6 5 1
Destroy 4 5 0
Tile:15 6 6 1
Tile:8 4 6 0
Destroy 6 6 1
Drop 0 0 0
Tile:2 4 5 1
Tile:9_flip 4 7 0
Tile:0 3 7 1
Tile:6_flip 2 7 0
Tile:5_flip 2 8 1
Tile:8 3 5 0
Tile:7_flip 1 7 1
Tile:3 6 4 0
Drop 3 0 1
Drop 1 0 0
Tile:0 2 5 1
Tile:6 3 6 0
Tile:6_flip 1 8 1
Tile:14_flip 0 8 0
Tile:0 1 5 1
Drop 2 0 0
Tile:5 5 4 1
Tile:7_flip 4 8 0
Map 12 5 1
Tile:6_flip 5 8 0
Tile:8 0 5 1
Tile:12 6 8 0
Malus 0 0 1
Map 12 7 0
Drop 4 0 1
Drop 0 0 0
Tile:7_flip 6 6 1
Drop 4 0 0
Destroy 4 5 1
Drop 0 0 0
Tile:8 7 6 1
Drop 6 0 0
Tile:7_flip 0 9 1
Drop 1 0 0
Tile:9_flip 0 4 1
Drop 3 0 0
Map 12 5 1
Drop 0 0 0
Drop 0 0 1
Drop 2 0 0
Drop 0 0 1
Drop 0 0 0
Drop 1 0 1
Drop 0 0 0
Drop 0 0 1
GAMEOVER DRAW
# Game ended: Sat Apr 11 22:31:18 EDT 2020
