# Server version 0.08 running on localhost:8123
# Game ID: 56
# Board class: Saboteur.SaboteurBoard
# Timeout: 20000
# First Move Timeout: 30000
# Date: Sun Apr 12 03:25:25 EDT 2020
# Player 1: Player-0, '260776911', running on localhost
# Player 2: Player-1, 'RandomPlayer', running on localhost
START Player-0 260776911
START Player-1 RandomPlayer
BoardInit:Tile:10,Tile:0,Map,Destroy,Tile:14,Tile:10,Malus,Tile:6,Bonus,Tile:8,Bonus,Tile:15,Bonus,Tile:5,Tile:5,Map,Tile:11,Tile:3,Tile:7,Tile:8,Tile:9,Map,Tile:6,Tile:0,Tile:1,Tile:9,Tile:6,Tile:8,Tile:7,Tile:8,Tile:7,Map,Tile:9,Tile:12,Map,Tile:2,Malus,Tile:10,Tile:4,Tile:0,Tile:6-Tile:7,Map,Tile:0,Tile:9,Tile:5,Tile:9,Tile:7-Destroy,Tile:6,Tile:8,Bonus,Destroy,Tile:5,Tile:13-Tile:nugget,Tile:hidden2,Tile:hidden1
Tile:5 4 5 1
Destroy 4 5 0
Tile:9_flip 5 4 1
Tile:6 4 4 0
Tile:9 5 6 1
Tile:8 4 3 0
Tile:0 6 6 1
Destroy 4 3 0
Tile:7_flip 3 4 1
Tile:5 3 3 0
Tile:7 4 3 1
Tile:13 5 7 0
Tile:14 6 5 1
Tile:0 4 5 0
Drop 3 0 1
Destroy 3 3 0
Tile:10 6 4 1
Tile:10 5 3 0
Tile:11_flip 7 6 1
Tile:6 5 8 0
Tile:7 6 8 1
Tile:8 3 3 0
Tile:5 3 2 1
Tile:15 5 2 0
Tile:9_flip 5 1 1
Tile:5 2 3 0
Map 12 5 1
Map 12 3 0
Tile:6 7 7 1
Tile:3 5 0 0
Map 12 3 1
Tile:8 4 0 0
Tile:7_flip 6 9 1
Map 12 3 0
Tile:9 4 7 1
Tile:0 3 5 0
Tile:6 4 1 1
Tile:9 2 5 0
Tile:1 3 0 1
Tile:8 2 6 0
Tile:7_flip 2 0 1
Tile:8 2 7 0
Drop 0 0 1
Map 12 3 0
Drop 2 0 1
Tile:12 3 6 0
Tile:4 6 3 1
Tile:2 1 6 0
Malus 0 0 1
Bonus 0 0 0
Drop 1 0 1
Tile:10 2 4 0
Tile:6 1 7 1
Tile:0 0 6 0
Drop 0 0 1
GAMEOVER DRAW
# Game ended: Sun Apr 12 03:25:25 EDT 2020
