# Server version 0.08 running on localhost:8123
# Game ID: 354
# Board class: Saboteur.SaboteurBoard
# Timeout: 20000
# First Move Timeout: 30000
# Date: Sun Apr 12 20:31:29 EDT 2020
# Player 1: Player-0, '260776911', running on localhost
# Player 2: Player-1, '260776911', running on localhost
START Player-0 260776911
START Player-1 260776911
BoardInit:Tile:9,Map,Tile:7,Tile:9,Tile:5,Map,Bonus,Destroy,Malus,Destroy,Tile:8,Tile:4,Tile:5,Malus,Tile:5,Tile:14,Tile:0,Tile:6,Tile:7,Tile:5,Map,Tile:8,Tile:6,Tile:3,Tile:2,Bonus,Tile:6,Map,Map,Bonus,Tile:0,Tile:9,Map,Tile:12,Tile:0,Bonus,Tile:7,Tile:7,Tile:8,Destroy,Tile:10-Tile:10,Tile:8,Tile:0,Tile:11,Tile:10,Tile:6,Tile:8-Tile:15,Tile:9,Tile:13,Tile:9,Tile:6,Tile:7,Tile:1-Tile:hidden1,Tile:hidden2,Tile:nugget
Drop 3 0 1
Drop 0 0 0
Tile:8 5 4 1
Drop 6 0 0
Tile:8 6 5 1
Drop 1 0 0
Tile:9_flip 6 4 1
Drop 6 0 0
Tile:7 5 3 1
Drop 4 0 0
Malus 0 0 1
Destroy 6 5 0
Tile:5 4 3 1
Drop 1 0 0
Tile:8 5 6 1
Drop 0 0 0
Tile:5 4 5 1
Drop 0 0 0
Tile:6 6 5 1
Malus 0 0 0
Bonus 0 0 1
Drop 0 0 0
Drop 6 0 1
Drop 0 0 0
Tile:7_flip 4 6 1
Destroy 6 5 0
Drop 6 0 1
Bonus 0 0 0
Tile:6 5 7 1
Drop 6 0 0
Drop 6 0 1
Drop 0 0 0
Tile:6 4 4 1
Drop 0 0 0
Drop 6 0 1
Drop 3 0 0
Tile:0 6 6 1
Drop 5 0 0
Tile:0 6 7 1
Tile:5_flip 7 6 0
Tile:0 7 7 1
Destroy 4 3 0
Tile:0 4 7 1
Tile:9 4 3 0
Tile:7 7 5 1
Tile:8 3 4 0
Tile:5_flip 3 5 1
Tile:6_flip 8 7 0
Tile:8 4 2 1
Tile:7_flip 3 2 0
Tile:10 8 8 1
Drop 1 0 0
Tile:10 4 1 1
Drop 0 0 0
Tile:10 6 3 1
GAMEOVER DRAW
# Game ended: Sun Apr 12 20:31:29 EDT 2020
