# Server version 0.08 running on localhost:8123
# Game ID: 437
# Board class: Saboteur.SaboteurBoard
# Timeout: 20000
# First Move Timeout: 30000
# Date: Mon Apr 13 16:40:29 EDT 2020
# Player 1: Player-0, '260776911', running on localhost
# Player 2: Player-1, 'RandomPlayer', running on localhost
START Player-0 260776911
START Player-1 RandomPlayer
BoardInit:Tile:8,Tile:7,Tile:0,Bonus,Tile:7,Malus,Malus,Destroy,Tile:6,Tile:8,Tile:5,Tile:9,Tile:5,Tile:8,Destroy,Tile:0,Tile:7,Map,Map,Tile:13,Tile:6,Tile:14,Tile:4,Tile:6,Tile:12,Tile:10,Tile:8,Map,Tile:7,Tile:0,Tile:2,Map,Tile:8,Tile:5,Tile:7,Bonus,Tile:9,Tile:0,Destroy,Tile:9,Tile:9-Tile:9,Tile:6,Map,Tile:11,Bonus,Tile:10,Tile:10-Tile:5,Tile:1,Map,Tile:3,Tile:6,Tile:15,Bonus-Tile:hidden1,Tile:hidden2,Tile:nugget
Tile:11_flip 5 6 1
Map 12 3 0
Tile:10 5 4 1
Drop 1 0 0
Tile:0 6 5 1
Drop 1 0 0
Tile:7_flip 4 6 1
Drop 2 0 0
Map 12 5 1
Tile:5 5 3 0
Drop 1 0 1
Tile:6 6 3 0
Tile:8 6 2 1
Tile:7 7 3 0
Tile:9_flip 7 4 1
Destroy 5 3 0
Tile:5_flip 5 7 1
Tile:8 5 3 0
Tile:10 6 1 1
Map 12 5 0
Tile:5_flip 7 5 1
Drop 6 0 0
Tile:6_flip 5 2 1
Drop 6 0 0
Destroy 5 2 1
Tile:0 7 2 0
Tile:12_flip 6 4 1
Tile:6 8 2 0
Tile:7 8 1 1
Drop 6 0 0
Tile:7 9 2 1
Tile:8 6 0 0
Tile:2 4 5 1
Drop 6 0 0
Drop 4 0 1
Tile:5 3 5 0
Tile:6_flip 5 2 1
Tile:0 4 7 0
Tile:7_flip 7 1 1
Tile:10 3 6 0
Destroy 6 0 1
Tile:9 4 2 0
Tile:8 7 0 1
Tile:9 6 0 0
Tile:9 9 3 1
Drop 0 0 0
Tile:8 3 7 1
Tile:0 10 3 0
Drop 3 0 1
Drop 1 0 0
Drop 1 0 1
Drop 1 0 0
Map 12 3 1
Drop 0 0 0
Drop 0 0 1
GAMEOVER DRAW
# Game ended: Mon Apr 13 16:40:29 EDT 2020
