# Server version 0.08 running on localhost:8123
# Game ID: 40
# Board class: Saboteur.SaboteurBoard
# Timeout: 20000
# First Move Timeout: 30000
# Date: Sat Apr 11 23:25:33 EDT 2020
# Player 1: Player-0, '260776911', running on localhost
# Player 2: Player-1, 'RandomPlayer', running on localhost
START Player-0 260776911
START Player-1 RandomPlayer
BoardInit:Tile:7,Tile:1,Map,Tile:6,Map,Tile:6,Malus,Destroy,Map,Tile:7,Map,Tile:15,Map,Tile:6,Bonus,Bonus,Bonus,Malus,Tile:5,Tile:6,Tile:8,Tile:5,Tile:11,Tile:0,Tile:13,Tile:10,Tile:9,Tile:10,Destroy,Tile:8,Tile:6,Tile:14,Tile:8,Tile:9,Tile:7,Tile:0,Tile:9,Tile:12,Tile:7,Tile:10,Tile:9-Tile:4,Tile:3,Tile:8,Tile:7,Map,Tile:2,Tile:9-Tile:5,Tile:8,Destroy,Tile:0,Bonus,Tile:5,Tile:0-Tile:hidden2,Tile:hidden1,Tile:nugget
Map 12 7 1
Tile:5 5 4 0
Tile:2_flip 6 5 1
Tile:8 6 4 0
Tile:9_flip 5 6 1
Destroy 5 4 0
Tile:8 5 4 1
Tile:0 4 4 0
Tile:7 7 4 1
Tile:5 4 5 0
Tile:3 5 3 1
Tile:0 4 3 0
Drop 0 0 1
Tile:1 3 3 0
Drop 2 0 1
Tile:6 2 3 0
Map 12 3 1
Tile:6 1 3 0
Tile:7 1 2 1
Destroy 1 2 0
Drop 4 0 1
Tile:7 1 2 0
Map 12 3 1
Tile:15 2 2 0
Tile:5 2 1 1
Tile:6 0 2 0
Tile:11 6 3 1
Malus 0 0 0
Bonus 0 0 1
Tile:6 3 1 0
Destroy 2 2 1
Tile:5 0 1 0
Tile:8 3 0 1
Tile:0 0 3 0
Tile:6_flip 4 1 1
Tile:10 2 2 0
Tile:7 6 2 1
Tile:10 5 7 0
Tile:13 7 5 1
Tile:8 5 1 0
Drop 4 0 1
Tile:14 1 1 0
Tile:9 5 8 1
Tile:9 1 0 0
Tile:9_flip 5 9 1
Tile:0 2 0 0
Tile:9 4 6 1
Tile:12 4 0 0
Map 12 5 1
Tile:10 5 0 0
Malus 0 0 1
Bonus 0 0 0
Map 12 3 1
Drop 0 0 0
Tile:7_flip 5 2 1
GAMEOVER DRAW
# Game ended: Sat Apr 11 23:25:33 EDT 2020
