# Server version 0.08 running on localhost:8123
# Game ID: 290
# Board class: Saboteur.SaboteurBoard
# Timeout: 20000
# First Move Timeout: 30000
# Date: Sun Apr 12 19:32:28 EDT 2020
# Player 1: Player-0, '260776911', running on localhost
# Player 2: Player-1, 'RandomPlayer', running on localhost
START Player-0 260776911
START Player-1 RandomPlayer
BoardInit:Tile:5,Tile:13,Tile:6,Destroy,Tile:3,Tile:10,Tile:6,Tile:15,Tile:2,Tile:5,Tile:12,Bonus,Tile:7,Tile:9,Tile:7,Tile:8,Tile:7,Tile:0,Tile:1,Tile:10,Tile:0,Map,Map,Tile:0,Destroy,Tile:10,Tile:6,Tile:7,Bonus,Tile:11,Tile:5,Tile:9,Tile:8,Tile:9,Map,Tile:0,Tile:8,Tile:14,Tile:6,Tile:9,Tile:4-Tile:7,Tile:5,Malus,Destroy,Tile:8,Tile:9,Bonus-Tile:8,Tile:6,Map,Map,Bonus,Malus,Map-Tile:nugget,Tile:hidden2,Tile:hidden1
Tile:7_flip 5 6 1
Map 12 3 0
Tile:8 4 5 1
Drop 5 0 0
Drop 1 0 1
Drop 2 0 0
Tile:9_flip 6 6 1
Drop 4 0 0
Tile:6 6 7 1
Drop 6 0 0
Tile:2_flip 7 7 1
Destroy 7 7 0
Tile:12 7 7 1
Tile:10 5 4 0
Tile:6 3 5 1
Tile:5_flip 4 6 0
Destroy 6 6 1
Tile:9 5 3 0
Tile:7 4 4 1
Tile:6 6 3 0
Tile:5 3 4 1
Tile:0 7 3 0
Tile:3 6 5 1
Drop 6 0 0
Map 12 5 1
Tile:10 6 2 0
Tile:7_flip 2 5 1
Tile:0 8 3 0
Tile:7 9 3 1
Tile:10 9 4 0
Destroy 3 4 1
Drop 6 0 0
Tile:6_flip 3 6 1
Malus 0 0 0
Drop 4 0 1
Tile:9_flip 2 4 0
Map 12 7 1
Tile:9 3 4 0
Drop 0 0 1
Drop 6 0 0
Drop 2 0 1
Tile:0 2 6 0
Drop 0 0 1
Tile:7_flip 1 6 0
Drop 4 0 1
Tile:9 3 3 0
Drop 2 0 1
Tile:8 3 7 0
Drop 0 0 1
Tile:8 6 6 0
Drop 0 0 1
Drop 1 0 0
Drop 1 0 1
Drop 0 0 0
Drop 0 0 1
GAMEOVER DRAW
# Game ended: Sun Apr 12 19:32:29 EDT 2020
