# Server version 0.08 running on localhost:8123
# Game ID: 448
# Board class: Saboteur.SaboteurBoard
# Timeout: 20000
# First Move Timeout: 30000
# Date: Mon Apr 13 16:44:15 EDT 2020
# Player 1: Player-0, '260776911', running on localhost
# Player 2: Player-1, 'RandomPlayer', running on localhost
START Player-0 260776911
START Player-1 RandomPlayer
BoardInit:Destroy,Tile:8,Tile:8,Map,Tile:1,Tile:7,Map,Tile:6,Tile:0,Tile:6,Tile:5,Tile:6,Malus,Tile:14,Tile:5,Bonus,Tile:15,Tile:9,Tile:9,Destroy,Tile:7,Tile:10,Tile:0,Tile:13,Tile:11,Tile:5,Bonus,Tile:0,Tile:7,Tile:12,Tile:5,Tile:4,Map,Tile:8,Tile:6,Tile:3,Tile:8,Tile:8,Tile:7,Tile:0,Map-Tile:9,Map,Tile:9,Tile:7,Tile:2,Tile:10,Malus-Destroy,Tile:9,Tile:6,Bonus,Bonus,Tile:10,Map-Tile:hidden1,Tile:hidden2,Tile:nugget
Tile:9 5 6 1
Map 12 3 0
Tile:2 6 6 1
Destroy 6 6 0
Drop 4 0 1
Map 12 5 0
Drop 2 0 1
Tile:9_flip 6 6 0
Tile:9_flip 6 7 1
Tile:6 6 8 0
Tile:10 5 4 1
Tile:8 7 8 0
Drop 2 0 1
Tile:10 7 7 0
Drop 3 0 1
Drop 6 0 0
Drop 1 0 1
Tile:7 8 8 0
Map 12 7 1
Tile:9 7 6 0
Tile:9 5 7 1
Tile:6 8 6 0
Tile:7 8 5 1
Tile:6 9 6 0
Tile:5 7 5 1
Drop 6 0 0
Tile:1 4 5 1
Destroy 4 5 0
Drop 5 0 1
Tile:6 10 6 0
Tile:5 5 3 1
Drop 6 0 0
Tile:7_flip 5 8 1
Drop 6 0 0
Tile:15 8 9 1
Tile:0 11 6 0
Tile:6 6 3 1
Drop 6 0 0
Map 12 3 1
Tile:8 7 3 0
Drop 2 0 1
Tile:5_flip 12 6 0
Map 12 7 1
Tile:8 10 5 0
Tile:8 8 3 1
Tile:0 9 3 0
Drop 3 0 1
Tile:10 10 4 0
Tile:7_flip 4 5 1
Drop 1 0 0
Tile:0 11 5 1
Drop 1 0 0
Malus 0 0 1
Bonus 0 0 0
Drop 0 0 1
GAMEOVER DRAW
# Game ended: Mon Apr 13 16:44:15 EDT 2020
