# Server version 0.08 running on localhost:8123
# Game ID: 152
# Board class: Saboteur.SaboteurBoard
# Timeout: 20000
# First Move Timeout: 30000
# Date: Sun Apr 12 14:23:19 EDT 2020
# Player 1: Player-0, '260776911', running on localhost
# Player 2: Player-1, 'RandomPlayer', running on localhost
START Player-0 260776911
START Player-1 RandomPlayer
BoardInit:Tile:8,Map,Tile:9,Tile:0,Destroy,Tile:7,Tile:4,Malus,Tile:15,Map,Map,Bonus,Malus,Tile:5,Tile:6,Tile:7,Tile:7,Tile:0,Tile:1,Tile:0,Tile:9,Tile:5,Destroy,Tile:6,Tile:9,Tile:10,Tile:13,Tile:3,Tile:6,Bonus,Bonus,Tile:8,Map,Destroy,Tile:14,Tile:9,Tile:0,Tile:10,Tile:11,Tile:8,Map-Tile:5,Tile:12,Tile:6,Map,Tile:6,Tile:8,Bonus-Tile:2,Tile:7,Tile:5,Tile:8,Tile:7,Tile:9,Tile:10-Tile:nugget,Tile:hidden2,Tile:hidden1
Tile:6_flip 6 5 1
Tile:2 5 4 0
Drop 1 0 1
Map 12 3 0
Tile:9_flip 6 6 1
Tile:7_flip 5 6 0
Destroy 6 6 1
Tile:5_flip 6 6 0
Tile:8 7 5 1
Malus 0 0 0
Drop 1 0 1
Drop 6 0 0
Drop 6 0 1
Tile:7_flip 7 6 0
Drop 2 0 1
Tile:8 8 6 0
Drop 1 0 1
Tile:9 8 7 0
Drop 3 0 1
Tile:10 8 8 0
Drop 2 0 1
Tile:0 9 6 0
Drop 3 0 1
Tile:7 9 7 0
Destroy 9 6 1
Tile:5_flip 9 6 0
Drop 0 0 1
Tile:7_flip 8 9 0
Drop 6 0 1
Drop 6 0 0
Drop 1 0 1
Tile:0 9 9 0
Drop 4 0 1
Tile:0 10 9 0
Drop 4 0 1
Destroy 5 4 0
Map 12 7 1
Tile:5_flip 11 9 0
Drop 0 0 1
Tile:6_flip 11 8 0
Drop 4 0 1
Tile:8 12 8 0
Drop 4 0 1
Tile:10 12 9 0
Drop 1 0 1
Tile:9 12 6 0
Drop 4 0 1
Tile:10 12 10 0
Drop 2 0 1
Tile:8 13 6 0
Drop 0 0 1
Drop 0 0 0
Drop 1 0 1
Drop 0 0 0
Drop 0 0 1
GAMEOVER DRAW
# Game ended: Sun Apr 12 14:23:20 EDT 2020
