# Server version 0.08 running on localhost:8123
# Game ID: 281
# Board class: Saboteur.SaboteurBoard
# Timeout: 20000
# First Move Timeout: 30000
# Date: Sun Apr 12 19:30:12 EDT 2020
# Player 1: Player-0, 'RandomPlayer', running on localhost
# Player 2: Player-1, '260776911', running on localhost
START Player-0 RandomPlayer
START Player-1 260776911
BoardInit:Map,Tile:6,Tile:7,Tile:11,Tile:8,Tile:7,Tile:9,Tile:15,Destroy,Tile:0,Map,Tile:9,Tile:0,Destroy,Tile:4,Tile:5,Map,Bonus,Tile:12,Tile:7,Destroy,Bonus,Tile:10,Tile:2,Bonus,Tile:7,Map,Tile:8,Tile:10,Tile:8,Tile:9,Tile:5,Tile:1,Tile:8,Tile:13,Map,Tile:9,Tile:6,Tile:9,Tile:8,Tile:0-Tile:14,Tile:6,Tile:6,Map,Tile:5,Tile:3,Tile:5-Tile:6,Tile:0,Tile:7,Malus,Tile:10,Bonus,Malus-Tile:hidden1,Tile:hidden2,Tile:nugget
Map 12 3 1
Tile:7_flip 4 5 0
Map 12 5 1
Tile:6_flip 6 5 0
Drop 0 0 1
Tile:6 6 6 0
Drop 3 0 1
Tile:7 7 5 0
Tile:6 7 6 1
Tile:11 5 6 0
Tile:6 8 6 1
Drop 4 0 0
Drop 6 0 1
Tile:9 5 7 0
Tile:5_flip 9 6 1
Tile:15 8 5 0
Drop 6 0 1
Tile:5_flip 5 8 0
Drop 6 0 1
Destroy 6 5 0
Drop 6 0 1
Tile:0 6 7 0
Destroy 8 5 1
Tile:7 7 7 0
Destroy 4 5 1
Tile:2_flip 7 8 0
Tile:9 5 4 1
Tile:10 8 5 0
Drop 6 0 1
Drop 2 0 0
Tile:8 6 5 1
Drop 0 0 0
Tile:10 9 5 1
Tile:7 5 3 0
Drop 6 0 1
Tile:5 4 3 0
Drop 6 0 1
Tile:8 8 4 0
Tile:9 4 8 1
Drop 2 0 0
Tile:9 8 3 1
Drop 4 0 0
Tile:10 4 9 1
Tile:6 4 10 0
Tile:0 9 3 1
Tile:8 10 3 0
Tile:7_flip 10 4 1
Tile:8 6 4 0
Tile:9_flip 4 7 1
Tile:8 5 10 0
Tile:5_flip 8 8 1
Drop 0 0 0
Tile:0 7 4 1
Drop 0 0 0
Drop 0 0 1
GAMEOVER DRAW
# Game ended: Sun Apr 12 19:30:12 EDT 2020
