# Server version 0.08 running on localhost:8123
# Game ID: 175
# Board class: Saboteur.SaboteurBoard
# Timeout: 20000
# First Move Timeout: 30000
# Date: Sun Apr 12 14:33:13 EDT 2020
# Player 1: Player-0, '260776911', running on localhost
# Player 2: Player-1, 'RandomPlayer', running on localhost
START Player-0 260776911
START Player-1 RandomPlayer
BoardInit:Tile:6,Tile:10,Tile:14,Tile:13,Tile:0,Tile:2,Tile:5,Destroy,Tile:7,Tile:11,Tile:8,Tile:15,Tile:7,Tile:7,Tile:4,Map,Map,Bonus,Tile:7,Map,Tile:8,Tile:5,Tile:9,Tile:0,Tile:3,Tile:10,Map,Tile:5,Destroy,Tile:0,Tile:6,Tile:6,Tile:5,Tile:0,Map,Malus,Map,Tile:1,Tile:9,Tile:12,Bonus-Malus,Tile:6,Destroy,Tile:6,Tile:7,Bonus,Bonus-Tile:9,Tile:9,Tile:8,Tile:9,Tile:8,Tile:8,Tile:10-Tile:hidden1,Tile:nugget,Tile:hidden2
Tile:6_flip 5 4 1
Tile:9 4 4 0
Tile:6_flip 6 5 1
Tile:9 4 3 0
Tile:14_flip 4 2 1
Tile:8 5 2 0
Tile:7 5 1 1
Tile:9 4 5 0
Tile:6 6 6 1
Tile:8 4 6 0
Tile:0 6 2 1
Tile:8 4 7 0
Tile:5_flip 5 7 1
Tile:10 4 8 0
Tile:7 7 5 1
Tile:10 4 9 0
Tile:8 5 6 1
Map 12 3 0
Drop 3 0 1
Tile:13 3 6 0
Destroy 4 2 1
Map 12 5 0
Tile:7_flip 4 1 1
Drop 0 0 0
Map 12 7 1
Drop 1 0 0
Tile:8 3 7 1
Drop 1 0 0
Drop 6 0 1
Destroy 3 6 0
Malus 0 0 1
Bonus 0 0 0
Tile:9_flip 3 8 1
Tile:5_flip 5 3 0
Tile:5_flip 6 4 1
Tile:5 6 3 0
Tile:6_flip 4 2 1
Malus 0 0 0
Destroy 4 7 1
Drop 6 0 0
Drop 2 0 1
Drop 6 0 0
Bonus 0 0 1
Tile:7 7 3 0
Map 12 3 1
Tile:6 7 6 0
Tile:9 4 0 1
Tile:0 8 6 0
Tile:4_flip 3 9 1
Tile:0 9 6 0
Drop 1 0 1
Tile:0 10 6 0
Tile:3_flip 7 4 1
Tile:10 4 10 0
Drop 0 0 1
GAMEOVER DRAW
# Game ended: Sun Apr 12 14:33:13 EDT 2020
