# Server version 0.08 running on localhost:8123
# Game ID: 262
# Board class: Saboteur.SaboteurBoard
# Timeout: 20000
# First Move Timeout: 30000
# Date: Sun Apr 12 19:19:16 EDT 2020
# Player 1: Player-0, '260776911', running on localhost
# Player 2: Player-1, 'RandomPlayer', running on localhost
START Player-0 260776911
START Player-1 RandomPlayer
BoardInit:Map,Tile:7,Map,Tile:5,Tile:11,Tile:7,Tile:8,Tile:7,Tile:7,Tile:10,Tile:15,Tile:0,Destroy,Tile:5,Tile:6,Tile:9,Bonus,Bonus,Tile:9,Tile:10,Tile:8,Tile:9,Tile:5,Tile:7,Tile:3,Tile:10,Tile:0,Tile:6,Tile:8,Tile:14,Tile:6,Destroy,Bonus,Bonus,Tile:8,Tile:0,Map,Tile:1,Tile:6,Tile:6,Tile:9-Tile:8,Malus,Map,Tile:12,Tile:9,Destroy,Tile:5-Map,Tile:4,Malus,Tile:2,Map,Tile:0,Tile:13-Tile:nugget,Tile:hidden1,Tile:hidden2
Map 12 7 1
Map 12 3 0
Map 12 5 1
Drop 3 0 0
Tile:8 6 5 1
Drop 0 0 0
Map 12 5 1
Drop 1 0 0
Tile:5_flip 7 5 1
Drop 2 0 0
Tile:11_flip 6 6 1
Tile:7 6 4 0
Tile:9 6 7 1
Tile:5 7 4 0
Drop 3 0 1
Tile:0 8 4 0
Malus 0 0 1
Drop 3 0 0
Tile:7 7 7 1
Bonus 0 0 0
Tile:6_flip 4 5 1
Tile:7 9 4 0
Tile:9_flip 4 6 1
Malus 0 0 0
Destroy 7 4 1
Tile:9_flip 9 5 0
Destroy 9 5 1
Tile:9 7 4 0
Drop 6 0 1
Tile:7_flip 5 6 0
Drop 1 0 1
Drop 6 0 0
Drop 4 0 1
Destroy 6 6 0
Drop 4 0 1
Tile:10 4 7 0
Drop 3 0 1
Tile:10 7 8 0
Map 12 5 1
Drop 6 0 0
Drop 4 0 1
Tile:6_flip 3 5 0
Drop 5 0 1
Tile:0 2 5 0
Drop 4 0 1
Tile:0 1 5 0
Drop 3 0 1
Tile:7_flip 9 5 0
Drop 2 0 1
Tile:6 3 6 0
Drop 0 0 1
Tile:5_flip 4 8 0
Bonus 0 0 1
Drop 0 0 0
Tile:9 5 4 1
GAMEOVER DRAW
# Game ended: Sun Apr 12 19:19:16 EDT 2020
