# Server version 0.08 running on localhost:8123
# Game ID: 351
# Board class: Saboteur.SaboteurBoard
# Timeout: 20000
# First Move Timeout: 30000
# Date: Sun Apr 12 20:30:46 EDT 2020
# Player 1: Player-0, '260776911', running on localhost
# Player 2: Player-1, 'RandomPlayer', running on localhost
START Player-0 260776911
START Player-1 RandomPlayer
BoardInit:Tile:7,Tile:5,Tile:13,Tile:7,Tile:0,Tile:5,Tile:9,Map,Tile:6,Tile:9,Tile:0,Tile:0,Tile:10,Tile:7,Tile:9,Bonus,Malus,Tile:11,Tile:8,Tile:6,Destroy,Map,Tile:6,Map,Tile:0,Tile:7,Tile:4,Tile:8,Bonus,Destroy,Tile:1,Tile:2,Tile:10,Map,Bonus,Tile:9,Tile:8,Tile:10,Bonus,Tile:5,Destroy-Tile:3,Tile:8,Tile:6,Tile:5,Tile:8,Tile:7,Map-Tile:14,Malus,Tile:15,Map,Tile:12,Tile:9,Tile:6-Tile:hidden2,Tile:nugget,Tile:hidden1
Tile:5_flip 5 6 1
Drop 3 0 0
Tile:6 4 6 1
Drop 0 0 0
Tile:7 5 4 1
Drop 1 0 0
Drop 2 0 1
Drop 1 0 0
Tile:7 6 5 1
Drop 6 0 0
Tile:6 4 4 1
Malus 0 0 0
Drop 4 0 1
Tile:7_flip 6 6 0
Map 12 7 1
Tile:5 3 4 0
Drop 5 0 1
Tile:5_flip 3 5 0
Drop 3 0 1
Drop 6 0 0
Drop 2 0 1
Tile:0 7 6 0
Drop 0 0 1
Drop 6 0 0
Drop 4 0 1
Drop 6 0 0
Destroy 5 4 1
Tile:7 5 4 0
Drop 6 0 1
Tile:6_flip 3 6 0
Drop 4 0 1
Destroy 3 4 0
Drop 6 0 1
Drop 6 0 0
Drop 4 0 1
Drop 6 0 0
Drop 2 0 1
Tile:7 4 3 0
Bonus 0 0 1
Tile:6_flip 3 4 0
Drop 1 0 1
Tile:9 2 6 0
Drop 0 0 1
Tile:9_flip 3 7 0
Drop 4 0 1
Tile:10 3 8 0
Tile:8 2 7 1
Tile:5 2 5 0
Destroy 3 5 1
Tile:9_flip 3 9 0
Drop 1 0 1
Tile:8 8 6 0
Malus 0 0 1
Bonus 0 0 0
Drop 0 0 1
GAMEOVER DRAW
# Game ended: Sun Apr 12 20:30:46 EDT 2020
