# Server version 0.08 running on localhost:8123
# Game ID: 126
# Board class: Saboteur.SaboteurBoard
# Timeout: 20000
# First Move Timeout: 30000
# Date: Sun Apr 12 12:02:05 EDT 2020
# Player 1: Player-0, '260776911', running on localhost
# Player 2: Player-1, 'RandomPlayer', running on localhost
START Player-0 260776911
START Player-1 RandomPlayer
BoardInit:Tile:3,Tile:0,Tile:8,Destroy,Tile:8,Tile:6,Tile:9,Destroy,Bonus,Tile:0,Tile:4,Tile:0,Tile:15,Tile:9,Tile:0,Malus,Tile:10,Destroy,Tile:1,Tile:7,Tile:5,Map,Tile:7,Map,Tile:6,Tile:9,Map,Tile:7,Tile:7,Malus,Tile:5,Tile:9,Tile:10,Tile:5,Tile:8,Tile:6,Tile:8,Tile:13,Tile:6,Bonus,Tile:12-Map,Tile:8,Tile:10,Bonus,Tile:7,Tile:6,Tile:5-Bonus,Tile:14,Tile:11,Tile:2,Map,Tile:9,Map-Tile:nugget,Tile:hidden1,Tile:hidden2
Tile:7 6 5 1
Tile:14 5 6 0
Map 12 5 1
Tile:11 5 4 0
Tile:8 4 6 1
Tile:2 4 5 0
Tile:6 6 4 1
Map 12 3 0
Tile:8 5 3 1
Tile:9 3 5 0
Drop 1 0 1
Map 12 3 0
Tile:8 3 4 1
Tile:0 2 4 0
Tile:4 5 2 1
Destroy 2 4 0
Tile:3 3 3 1
Malus 0 0 0
Drop 3 0 1
Tile:6 2 3 0
Drop 2 0 1
Destroy 2 3 0
Drop 0 0 1
Tile:0 2 3 0
Drop 2 0 1
Tile:0 2 4 0
Drop 0 0 1
Tile:9 1 3 0
Drop 4 0 1
Destroy 1 3 0
Map 12 3 1
Malus 0 0 0
Drop 6 0 1
Tile:7 6 3 0
Drop 3 0 1
Map 12 3 0
Drop 3 0 1
Map 12 3 0
Drop 6 0 1
Tile:9 1 3 0
Drop 2 0 1
Tile:7 1 2 0
Drop 0 0 1
Tile:9 0 2 0
Drop 4 0 1
Tile:5 0 1 0
Drop 2 0 1
Tile:6 1 1 0
Drop 0 0 1
Tile:13 1 0 0
Drop 0 0 1
Drop 0 0 0
Drop 1 0 1
Drop 0 0 0
Drop 0 0 1
GAMEOVER DRAW
# Game ended: Sun Apr 12 12:02:05 EDT 2020
