# Server version 0.08 running on localhost:8123
# Game ID: 62
# Board class: Saboteur.SaboteurBoard
# Timeout: 20000
# First Move Timeout: 30000
# Date: Sun Apr 12 03:48:35 EDT 2020
# Player 1: Player-0, '260776911', running on localhost
# Player 2: Player-1, 'RandomPlayer', running on localhost
START Player-0 260776911
START Player-1 RandomPlayer
BoardInit:Map,Map,Tile:9,Tile:10,Tile:6,Tile:12,Tile:9,Tile:0,Tile:5,Tile:10,Bonus,Tile:13,Tile:7,Tile:5,Tile:0,Destroy,Tile:0,Tile:8,Malus,Tile:8,Tile:10,Tile:8,Map,Bonus,Tile:1,Tile:8,Tile:9,Bonus,Tile:5,Tile:8,Bonus,Tile:9,Tile:7,Tile:4,Map,Tile:0,Tile:9,Tile:5,Destroy,Tile:14,Map-Malus,Tile:7,Tile:3,Destroy,Tile:11,Map,Tile:2-Tile:7,Tile:6,Tile:15,Tile:6,Tile:6,Tile:6,Tile:7-Tile:nugget,Tile:hidden2,Tile:hidden1
Tile:2 4 5 1
Tile:7 5 4 0
Tile:11_flip 4 6 1
Tile:6 4 4 0
Tile:9_flip 4 7 1
Tile:15 4 3 0
Destroy 4 5 1
Tile:6 3 4 0
Tile:7_flip 5 6 1
Tile:6 2 4 0
Tile:3 6 6 1
Tile:6 1 4 0
Tile:6_flip 0 4 1
Tile:7 1 3 0
Tile:9 3 7 1
Map 12 3 0
Tile:5_flip 4 8 1
Tile:10 0 5 0
Tile:7 3 3 1
Tile:12 6 5 0
Malus 0 0 1
Destroy 0 4 0
Tile:10 4 2 1
Drop 0 0 0
Map 12 5 1
Bonus 0 0 0
Malus 0 0 1
Drop 0 0 0
Drop 3 0 1
Bonus 0 0 0
Tile:9 3 6 1
Tile:13 0 4 0
Map 12 7 1
Tile:5 0 3 0
Drop 3 0 1
Tile:8 0 6 0
Tile:7 3 5 1
Tile:8 0 7 0
Tile:9_flip 4 1 1
Tile:8 1 6 0
Destroy 3 6 1
Tile:8 0 8 0
Tile:5 1 5 1
Tile:8 1 7 0
Drop 4 0 1
Tile:9 0 9 0
Tile:0 2 6 1
Tile:4 4 0 0
Drop 2 0 1
Tile:0 1 9 0
Map 12 3 1
Tile:5 2 3 0
Map 12 3 1
Tile:14 1 8 0
Drop 0 0 1
GAMEOVER DRAW
# Game ended: Sun Apr 12 03:48:35 EDT 2020
