# Server version 0.08 running on localhost:8123
# Game ID: 106
# Board class: Saboteur.SaboteurBoard
# Timeout: 20000
# First Move Timeout: 30000
# Date: Sun Apr 12 11:32:58 EDT 2020
# Player 1: Player-0, '260776911', running on localhost
# Player 2: Player-1, 'RandomPlayer', running on localhost
START Player-0 260776911
START Player-1 RandomPlayer
BoardInit:Tile:0,Tile:1,Tile:8,Tile:5,Tile:5,Tile:14,Tile:9,Map,Tile:11,Tile:0,Tile:8,Tile:7,Tile:9,Tile:9,Map,Bonus,Tile:6,Tile:10,Malus,Tile:7,Tile:4,Tile:8,Map,Tile:8,Tile:6,Tile:5,Tile:0,Tile:3,Map,Malus,Tile:12,Destroy,Tile:6,Map,Bonus,Tile:7,Tile:5,Tile:7,Tile:13,Tile:0,Destroy-Tile:6,Tile:10,Tile:10,Map,Tile:7,Tile:15,Tile:2-Tile:9,Bonus,Tile:6,Destroy,Tile:9,Tile:8,Bonus-Tile:hidden1,Tile:nugget,Tile:hidden2
Tile:2 5 4 1
Tile:9 4 4 0
Tile:10 4 3 1
Tile:6 4 5 0
Tile:8 6 4 1
Destroy 4 3 0
Tile:6_flip 6 3 1
Tile:9 4 3 0
Tile:9_flip 4 2 1
Tile:8 4 1 0
Tile:11_flip 7 4 1
Tile:1 5 1 0
Tile:8 3 5 1
Tile:5 2 5 0
Tile:7_flip 5 6 1
Tile:14 2 6 0
Tile:9_flip 7 3 1
Map 12 3 0
Tile:5_flip 6 5 1
Tile:0 1 6 0
Tile:0 5 3 1
Tile:7 3 4 0
Tile:4 7 2 1
Tile:9 0 6 0
Map 12 7 1
Tile:10 0 5 0
Map 12 7 1
Tile:7 0 4 0
Drop 2 0 1
Tile:8 0 7 0
Tile:6_flip 6 6 1
Malus 0 0 0
Map 12 7 1
Tile:8 0 8 0
Drop 4 0 1
Tile:5 4 0 0
Drop 3 0 1
Tile:3 1 7 0
Malus 0 0 1
Bonus 0 0 0
Drop 4 0 1
Destroy 0 4 0
Drop 0 0 1
Map 12 3 0
Drop 4 0 1
Tile:7 0 4 0
Destroy 7 2 1
Tile:7 6 1 0
Drop 0 0 1
Tile:0 2 4 0
Drop 0 0 1
Drop 0 0 0
Drop 1 0 1
Drop 0 0 0
Drop 0 0 1
GAMEOVER DRAW
# Game ended: Sun Apr 12 11:32:58 EDT 2020
