# Server version 0.08 running on localhost:8123
# Game ID: 182
# Board class: Saboteur.SaboteurBoard
# Timeout: 20000
# First Move Timeout: 30000
# Date: Sun Apr 12 14:38:56 EDT 2020
# Player 1: Player-0, '260776911', running on localhost
# Player 2: Player-1, 'RandomPlayer', running on localhost
START Player-0 260776911
START Player-1 RandomPlayer
BoardInit:Tile:2,Tile:0,Tile:3,Tile:9,Tile:9,Destroy,Tile:8,Bonus,Tile:10,Tile:5,Tile:6,Map,Tile:7,Malus,Tile:0,Tile:7,Tile:5,Bonus,Tile:8,Bonus,Malus,Tile:7,Map,Tile:8,Tile:7,Tile:0,Tile:4,Tile:6,Tile:0,Tile:9,Tile:9,Destroy,Tile:8,Tile:8,Tile:13,Tile:15,Map,Tile:5,Tile:10,Tile:7,Tile:11-Tile:5,Map,Bonus,Tile:12,Tile:6,Map,Tile:10-Tile:9,Tile:14,Tile:1,Tile:6,Map,Destroy,Tile:6-Tile:nugget,Tile:hidden1,Tile:hidden2
Tile:12 6 5 1
Drop 4 0 0
Tile:6_flip 5 4 1
Drop 1 0 0
Map 12 3 1
Drop 1 0 0
Tile:5 4 5 1
Destroy 6 5 0
Tile:2_flip 5 6 1
Destroy 5 6 0
Drop 1 0 1
Tile:9_flip 6 4 0
Tile:9_flip 6 5 1
Drop 6 0 0
Tile:6 6 6 1
Malus 0 0 0
Drop 1 0 1
Tile:6_flip 6 3 0
Drop 3 0 1
Tile:6 5 3 0
Drop 2 0 1
Tile:0 7 3 0
Drop 5 0 1
Tile:9 5 2 0
Drop 0 0 1
Tile:5_flip 6 2 0
Map 12 5 1
Tile:7 8 3 0
Drop 6 0 1
Tile:7_flip 8 4 0
Drop 1 0 1
Tile:8 9 4 0
Drop 4 0 1
Tile:0 10 4 0
Drop 0 0 1
Tile:6 11 4 0
Drop 4 0 1
Drop 6 0 0
Map 12 5 1
Tile:9 9 3 0
Drop 4 0 1
Destroy 5 2 0
Drop 5 0 1
Tile:8 5 2 0
Drop 4 0 1
Tile:5 9 2 0
Drop 3 0 1
Tile:7 10 2 0
Drop 2 0 1
Drop 0 0 0
Drop 0 0 1
Drop 0 0 0
Drop 1 0 1
Drop 0 0 0
Drop 0 0 1
GAMEOVER DRAW
# Game ended: Sun Apr 12 14:38:56 EDT 2020
