# Server version 0.08 running on client.openvpn.net:8123
# Game ID: 120
# Board class: Saboteur.SaboteurBoard
# Timeout: 20000
# First Move Timeout: 30000
# Date: Sun Apr 12 11:55:28 EDT 2020
# Player 1: Player-0, '260776911', running on client.openvpn.net
# Player 2: Player-1, 'RandomPlayer', running on client.openvpn.net
START Player-0 260776911
START Player-1 RandomPlayer
BoardInit:Tile:5,Map,Tile:0,Tile:9,Tile:13,Tile:6,Tile:0,Map,Map,Tile:10,Tile:5,Tile:4,Tile:9,Tile:8,Tile:7,Malus,Tile:6,Tile:6,Tile:10,Map,Tile:8,Tile:2,Tile:10,Tile:7,Bonus,Map,Tile:9,Tile:1,Tile:8,Tile:5,Tile:8,Tile:12,Tile:3,Tile:11,Tile:9,Map,Bonus,Tile:7,Destroy,Tile:0,Tile:9-Tile:8,Malus,Tile:14,Bonus,Tile:15,Tile:0,Tile:7-Destroy,Destroy,Tile:7,Tile:6,Tile:6,Tile:5,Bonus-Tile:hidden2,Tile:nugget,Tile:hidden1
Malus 0 0 1
Bonus 0 0 0
Tile:5_flip 5 6 1
Map 12 3 0
Tile:14_flip 4 6 1
Destroy 4 6 0
Tile:0 4 6 1
Destroy 4 6 0
Tile:7_flip 4 5 1
Map 12 5 0
Tile:8 4 4 1
Tile:7 4 3 0
Map 12 7 1
Tile:6 3 3 0
Drop 3 0 1
Tile:6 2 3 0
Tile:15 2 2 1
Malus 0 0 0
Drop 3 0 1
Tile:5 2 1 0
Drop 2 0 1
Tile:9 3 2 0
Drop 3 0 1
Tile:6 1 3 0
Drop 5 0 1
Tile:10 1 2 0
Drop 5 0 1
Tile:4 1 1 0
Drop 2 0 1
Tile:8 0 3 0
Drop 4 0 1
Tile:6 0 4 0
Drop 4 0 1
Map 12 3 0
Drop 0 0 1
Tile:2 1 4 0
Drop 3 0 1
Tile:7 0 2 0
Drop 0 0 1
Map 12 3 0
Destroy 0 4 1
Tile:1 2 4 0
Drop 5 0 1
Tile:5 4 6 0
Drop 4 0 1
Tile:12 4 2 0
Drop 2 0 1
Tile:11 0 4 0
Drop 0 0 1
Map 12 3 0
Drop 0 0 1
Tile:7 3 1 0
Drop 1 0 1
Tile:0 3 4 0
Drop 0 0 1
GAMEOVER DRAW
# Game ended: Sun Apr 12 11:55:28 EDT 2020
