# Server version 0.08 running on localhost:8123
# Game ID: 404
# Board class: Saboteur.SaboteurBoard
# Timeout: 20000
# First Move Timeout: 30000
# Date: Sun Apr 12 20:41:06 EDT 2020
# Player 1: Player-0, '260776911', running on localhost
# Player 2: Player-1, 'RandomPlayer', running on localhost
START Player-0 260776911
START Player-1 RandomPlayer
BoardInit:Tile:10,Tile:5,Tile:6,Bonus,Tile:7,Tile:7,Tile:5,Map,Tile:9,Tile:0,Tile:9,Tile:6,Malus,Tile:0,Tile:9,Bonus,Tile:9,Map,Tile:8,Tile:8,Tile:3,Tile:10,Tile:14,Tile:15,Destroy,Destroy,Map,Map,Tile:0,Tile:7,Tile:8,Map,Tile:13,Tile:4,Tile:11,Map,Tile:5,Tile:12,Tile:7,Tile:6,Tile:6-Bonus,Tile:5,Tile:7,Tile:10,Tile:1,Tile:2,Tile:8-Tile:0,Tile:9,Malus,Tile:6,Tile:8,Destroy,Bonus-Tile:nugget,Tile:hidden2,Tile:hidden1
Tile:5 4 5 1
Malus 0 0 0
Drop 1 0 1
Destroy 4 5 0
Drop 4 0 1
Tile:8 5 4 0
Drop 3 0 1
Tile:6_flip 6 5 0
Drop 5 0 1
Drop 6 0 0
Bonus 0 0 1
Tile:9 6 6 0
Tile:6 6 4 1
Tile:0 7 6 0
Tile:5_flip 6 7 1
Tile:5_flip 8 6 0
Tile:9 5 7 1
Tile:6_flip 5 3 0
Tile:9 4 4 1
Drop 6 0 0
Tile:8 4 3 1
Tile:0 7 5 0
Tile:9_flip 6 3 1
Tile:8 6 2 0
Tile:9 6 1 1
Drop 6 0 0
Tile:3 8 5 1
Destroy 8 5 0
Destroy 7 5 1
Drop 6 0 0
Tile:14 7 1 1
Tile:10 5 8 0
Tile:0 3 3 1
Drop 6 0 0
Drop 5 0 1
Drop 6 0 0
Drop 3 0 1
Drop 6 0 0
Tile:13 7 4 1
Drop 6 0 0
Tile:5_flip 7 5 1
Tile:7_flip 4 5 0
Tile:1 5 2 1
Tile:6_flip 2 3 0
Drop 4 0 1
Tile:7 8 4 0
Tile:11 8 5 1
Drop 0 0 0
Tile:10 7 3 1
Drop 0 0 0
Tile:10 2 4 1
Drop 0 0 0
Tile:6_flip 9 5 1
Drop 0 0 0
Map 12 5 1
GAMEOVER DRAW
# Game ended: Sun Apr 12 20:41:06 EDT 2020
