# Server version 0.08 running on localhost:8123
# Game ID: 394
# Board class: Saboteur.SaboteurBoard
# Timeout: 20000
# First Move Timeout: 30000
# Date: Sun Apr 12 20:39:39 EDT 2020
# Player 1: Player-0, '260776911', running on localhost
# Player 2: Player-1, 'RandomPlayer', running on localhost
START Player-0 260776911
START Player-1 RandomPlayer
BoardInit:Tile:8,Tile:0,Tile:1,Bonus,Tile:3,Tile:5,Tile:9,Tile:12,Tile:5,Tile:5,Map,Tile:9,Bonus,Map,Tile:0,Tile:7,Tile:7,Map,Tile:6,Tile:5,Tile:10,Tile:9,Bonus,Tile:0,Tile:11,Malus,Destroy,Tile:6,Tile:6,Tile:7,Tile:2,Tile:8,Tile:0,Tile:7,Tile:9,Tile:10,Tile:10,Tile:6,Tile:15,Tile:4,Map-Destroy,Tile:7,Tile:6,Map,Tile:8,Tile:13,Tile:14-Tile:9,Map,Tile:8,Bonus,Tile:8,Malus,Destroy-Tile:hidden2,Tile:nugget,Tile:hidden1
Tile:13 6 5 1
Drop 1 0 0
Tile:7 5 4 1
Destroy 6 5 0
Tile:6 5 6 1
Malus 0 0 0
Destroy 5 6 1
Tile:0 4 4 0
Map 12 5 1
Drop 6 0 0
Drop 4 0 1
Tile:5_flip 5 6 0
Drop 4 0 1
Tile:5 4 6 0
Map 12 7 1
Drop 6 0 0
Drop 1 0 1
Tile:9_flip 4 7 0
Drop 3 0 1
Drop 6 0 0
Drop 2 0 1
Tile:7_flip 3 4 0
Drop 3 0 1
Tile:5 3 7 0
Drop 0 0 1
Tile:9 3 8 0
Drop 5 0 1
Malus 0 0 0
Drop 5 0 1
Tile:0 4 5 0
Destroy 4 7 1
Tile:6 4 7 0
Drop 4 0 1
Tile:7 5 7 0
Drop 0 0 1
Tile:8 3 9 0
Drop 4 0 1
Tile:8 6 5 0
Drop 0 0 1
Tile:9 6 6 0
Drop 2 0 1
Drop 6 0 0
Drop 4 0 1
Tile:7 7 6 0
Drop 1 0 1
Tile:10 6 7 0
Map 12 5 1
Tile:6 6 8 0
Drop 0 0 1
Tile:8 7 8 0
Drop 0 0 1
Drop 1 0 0
Drop 1 0 1
Drop 0 0 0
Drop 0 0 1
GAMEOVER DRAW
# Game ended: Sun Apr 12 20:39:39 EDT 2020
