# Server version 0.08 running on localhost:8123
# Game ID: 452
# Board class: Saboteur.SaboteurBoard
# Timeout: 20000
# First Move Timeout: 30000
# Date: Mon Apr 13 16:45:23 EDT 2020
# Player 1: Player-0, '260776911', running on localhost
# Player 2: Player-1, 'RandomPlayer', running on localhost
START Player-0 260776911
START Player-1 RandomPlayer
BoardInit:Tile:9,Tile:0,Bonus,Tile:11,Tile:10,Tile:5,Map,Map,Tile:6,Tile:1,Tile:7,Tile:6,Tile:3,Tile:7,Tile:8,Tile:9,Tile:0,Tile:9,Tile:5,Map,Map,Tile:8,Tile:6,Tile:8,Tile:9,Tile:8,Tile:6,Tile:7,Tile:0,Map,Malus,Tile:10,Tile:13,Tile:5,Tile:8,Tile:15,Bonus,Tile:0,Bonus,Bonus,Tile:6-Tile:5,Destroy,Tile:9,Tile:12,Destroy,Destroy,Tile:14-Tile:7,Tile:10,Tile:4,Malus,Tile:7,Tile:2,Map-Tile:hidden2,Tile:nugget,Tile:hidden1
Tile:12_flip 4 5 1
Map 12 3 0
Tile:9_flip 6 5 1
Drop 2 0 0
Destroy 4 5 1
Drop 4 0 0
Tile:9_flip 5 6 1
Drop 5 0 0
Map 12 7 1
Map 12 5 0
Drop 1 0 1
Drop 6 0 0
Tile:10 5 7 1
Tile:7 6 4 0
Drop 3 0 1
Tile:10 6 6 0
Tile:5_flip 5 8 1
Tile:6_flip 4 8 0
Tile:7_flip 6 7 1
Tile:9 4 9 0
Tile:5 4 5 1
Drop 6 0 0
Tile:8 3 8 1
Tile:7_flip 4 6 0
Tile:14_flip 2 8 1
Tile:9_flip 3 7 0
Tile:6_flip 5 9 1
Tile:8 5 4 0
Tile:6 4 10 1
Tile:8 3 10 0
Tile:0 4 4 1
Drop 6 0 0
Tile:0 6 9 1
Tile:8 5 10 0
Map 12 5 1
Tile:7 6 10 0
Tile:13 5 11 1
Drop 6 0 0
Tile:8 7 9 1
Tile:10 3 6 0
Tile:6 5 12 1
Tile:7_flip 2 10 0
Destroy 6 10 1
Tile:5 5 3 0
Drop 4 0 1
Tile:5_flip 6 12 0
Tile:3_flip 4 12 1
Tile:0 2 7 0
Tile:6_flip 4 11 1
Tile:0 7 7 0
Drop 1 0 1
Drop 0 0 0
Tile:9 7 10 1
Drop 0 0 0
Drop 0 0 1
GAMEOVER DRAW
# Game ended: Mon Apr 13 16:45:23 EDT 2020
