# Server version 0.08 running on localhost:8123
# Game ID: 137
# Board class: Saboteur.SaboteurBoard
# Timeout: 20000
# First Move Timeout: 30000
# Date: Sun Apr 12 13:29:42 EDT 2020
# Player 1: Player-0, '260776911', running on localhost
# Player 2: Player-1, 'RandomPlayer', running on localhost
START Player-0 260776911
START Player-1 RandomPlayer
BoardInit:Bonus,Tile:8,Tile:0,Map,Tile:5,Tile:3,Tile:11,Tile:7,Map,Map,Tile:9,Destroy,Tile:10,Tile:15,Tile:7,Tile:9,Tile:7,Tile:12,Tile:0,Tile:13,Tile:0,Map,Tile:6,Tile:7,Bonus,Tile:6,Destroy,Tile:4,Tile:6,Map,Tile:9,Tile:8,Tile:9,Tile:8,Tile:5,Tile:0,Tile:8,Tile:10,Tile:9,Tile:6,Malus-Tile:5,Tile:7,Bonus,Tile:8,Tile:1,Tile:6,Tile:2-Tile:14,Tile:10,Bonus,Map,Destroy,Tile:5,Malus-Tile:nugget,Tile:hidden1,Tile:hidden2
Tile:6_flip 4 5 1
Malus 0 0 0
Bonus 0 0 1
Map 12 3 0
Tile:5_flip 4 6 1
Drop 6 0 0
Drop 2 0 1
Tile:14 6 5 0
Drop 2 0 1
Tile:10 5 6 0
Tile:7_flip 5 7 1
Drop 6 0 0
Tile:5 3 6 1
Destroy 3 6 0
Drop 3 0 1
Tile:5 3 5 0
Tile:8 5 4 1
Tile:8 3 6 0
Map 12 7 1
Tile:3 5 3 0
Tile:7_flip 3 7 1
Tile:7 4 7 0
Tile:9_flip 6 7 1
Drop 6 0 0
Tile:0 4 3 1
Destroy 3 5 0
Tile:6 6 8 1
Tile:15 4 8 0
Tile:0 2 6 1
Tile:9 1 6 0
Destroy 6 5 1
Drop 6 0 0
Tile:6 7 8 1
Tile:12 6 4 0
Tile:9 3 3 1
Tile:13 1 5 0
Tile:5 1 4 1
Tile:7 2 4 0
Tile:8 4 9 1
Tile:6 2 5 0
Tile:9 3 4 1
Tile:4 3 2 0
Tile:9 1 7 1
Tile:8 0 5 0
Tile:0 4 4 1
Tile:8 1 8 0
Tile:7_flip 4 10 1
Tile:0 2 8 0
Tile:10 0 4 1
Tile:10 0 3 0
Drop 0 0 1
Tile:6 1 9 0
Malus 0 0 1
Bonus 0 0 0
Drop 0 0 1
GAMEOVER DRAW
# Game ended: Sun Apr 12 13:29:42 EDT 2020
