# Server version 0.08 running on localhost:8123
# Game ID: 401
# Board class: Saboteur.SaboteurBoard
# Timeout: 20000
# First Move Timeout: 30000
# Date: Sun Apr 12 20:40:23 EDT 2020
# Player 1: Player-0, '260776911', running on localhost
# Player 2: Player-1, 'RandomPlayer', running on localhost
START Player-0 260776911
START Player-1 RandomPlayer
BoardInit:Tile:13,Tile:7,Tile:11,Map,Bonus,Tile:9,Tile:5,Tile:4,Tile:7,Tile:5,Tile:8,Tile:6,Tile:9,Tile:5,Tile:8,Tile:0,Map,Tile:0,Map,Tile:7,Tile:15,Tile:9,Tile:10,Destroy,Bonus,Tile:14,Tile:10,Tile:6,Map,Tile:5,Map,Tile:12,Malus,Tile:9,Bonus,Tile:0,Tile:6,Destroy,Map,Tile:6,Tile:6-Bonus,Tile:7,Malus,Tile:8,Tile:9,Tile:8,Tile:1-Destroy,Tile:2,Tile:3,Tile:8,Tile:10,Tile:7,Tile:0-Tile:nugget,Tile:hidden2,Tile:hidden1
Drop 3 0 1
Drop 1 0 0
Drop 1 0 1
Drop 1 0 0
Tile:9_flip 5 6 1
Drop 6 0 0
Tile:8 4 6 1
Destroy 4 6 0
Tile:11_flip 5 7 1
Drop 6 0 0
Drop 1 0 1
Tile:7_flip 5 8 0
Tile:13 5 4 1
Tile:0 6 8 0
Tile:5 4 4 1
Tile:7 7 8 0
Tile:8 4 6 1
Tile:5_flip 6 5 0
Tile:7_flip 4 7 1
Tile:9_flip 7 9 0
Tile:8 4 5 1
Tile:5 6 9 0
Map 12 7 1
Tile:7 5 3 0
Tile:15 6 10 1
Destroy 6 10 0
Tile:10 7 10 1
Drop 6 0 0
Map 12 3 1
Tile:0 4 3 0
Tile:1 3 3 1
Tile:9_flip 6 4 0
Map 12 3 1
Drop 6 0 0
Map 12 7 1
Tile:6_flip 3 6 0
Tile:10 7 11 1
Tile:5_flip 3 7 0
Tile:9 7 12 1
Destroy 3 3 0
Drop 2 0 1
Tile:9 6 3 0
Tile:6 8 12 1
Tile:6_flip 3 3 0
Tile:6 7 13 1
Tile:0 3 5 0
Drop 0 0 1
Tile:0 9 12 0
Malus 0 0 1
Drop 1 0 0
Map 12 3 1
Drop 1 0 0
Drop 1 0 1
Drop 0 0 0
Drop 0 0 1
GAMEOVER DRAW
# Game ended: Sun Apr 12 20:40:23 EDT 2020
