# Server version 0.08 running on localhost:8123
# Game ID: 373
# Board class: Saboteur.SaboteurBoard
# Timeout: 20000
# First Move Timeout: 30000
# Date: Sun Apr 12 20:35:56 EDT 2020
# Player 1: Player-0, '260776911', running on localhost
# Player 2: Player-1, 'RandomPlayer', running on localhost
START Player-0 260776911
START Player-1 RandomPlayer
BoardInit:Tile:0,Tile:0,Tile:9,Map,Tile:10,Destroy,Tile:8,Tile:8,Tile:9,Malus,Tile:6,Tile:11,Tile:4,Tile:2,Tile:8,Tile:7,Tile:9,Map,Tile:13,Tile:12,Tile:0,Tile:8,Tile:8,Tile:5,Tile:5,Tile:14,Map,Tile:9,Tile:6,Map,Tile:3,Tile:6,Tile:10,Tile:10,Map,Destroy,Malus,Tile:5,Tile:7,Tile:9,Tile:6-Tile:7,Tile:15,Map,Tile:5,Destroy,Tile:7,Bonus-Tile:7,Tile:6,Bonus,Bonus,Bonus,Tile:0,Tile:1-Tile:hidden2,Tile:hidden1,Tile:nugget
Tile:15 5 4 1
Drop 6 0 0
Map 12 5 1
Tile:7 5 3 0
Destroy 5 3 1
Map 12 3 0
Tile:9 4 5 1
Tile:6 5 6 0
Tile:7 5 3 1
Tile:0 6 5 0
Drop 1 0 1
Tile:0 6 6 0
Tile:10 4 4 1
Drop 6 0 0
Tile:9 4 6 1
Drop 6 0 0
Tile:8 4 7 1
Destroy 5 3 0
Tile:9_flip 4 8 1
Map 12 5 0
Tile:5 3 8 1
Drop 6 0 0
Tile:0 3 7 1
Tile:7 7 6 0
Drop 2 0 1
Tile:5_flip 7 7 0
Tile:8 5 3 1
Drop 6 0 0
Tile:5_flip 6 3 1
Tile:9 3 9 0
Tile:6 3 10 1
Drop 6 0 0
Tile:3 6 2 1
Tile:6_flip 6 7 0
Tile:8 5 2 1
Tile:10 6 8 0
Tile:6_flip 2 10 1
Destroy 6 2 0
Tile:0 5 7 1
Tile:8 4 2 0
Map 12 5 1
Tile:5_flip 7 5 0
Tile:6 1 10 1
Tile:9 4 3 0
Drop 4 0 1
Tile:8 5 1 0
Tile:7 6 2 1
Drop 1 0 0
Tile:10 1 9 1
Drop 1 0 0
Tile:13 3 2 1
Drop 0 0 0
Map 12 3 1
Drop 0 0 0
Drop 0 0 1
GAMEOVER DRAW
# Game ended: Sun Apr 12 20:35:56 EDT 2020
