# Server version 0.08 running on localhost:8123
# Game ID: 292
# Board class: Saboteur.SaboteurBoard
# Timeout: 20000
# First Move Timeout: 30000
# Date: Sun Apr 12 19:32:56 EDT 2020
# Player 1: Player-0, '260776911', running on localhost
# Player 2: Player-1, 'RandomPlayer', running on localhost
START Player-0 260776911
START Player-1 RandomPlayer
BoardInit:Tile:8,Tile:9,Map,Tile:8,Tile:9,Tile:1,Map,Tile:5,Tile:2,Map,Map,Tile:8,Tile:10,Tile:10,Tile:8,Malus,Destroy,Tile:0,Map,Tile:11,Malus,Tile:12,Tile:5,Tile:6,Destroy,Tile:10,Tile:0,Tile:9,Tile:14,Tile:6,Tile:5,Tile:6,Tile:7,Tile:4,Tile:7,Tile:3,Tile:6,Tile:5,Destroy,Tile:7,Bonus-Map,Tile:0,Tile:13,Bonus,Tile:6,Tile:9,Tile:0-Tile:9,Tile:15,Tile:8,Bonus,Bonus,Tile:7,Tile:7-Tile:nugget,Tile:hidden1,Tile:hidden2
Tile:6 6 5 1
Drop 1 0 0
Tile:9 5 4 1
Tile:9 5 3 0
Map 12 7 1
Tile:8 6 3 0
Drop 6 0 1
Drop 6 0 0
Drop 2 0 1
Tile:7 7 3 0
Tile:8 6 4 1
Map 12 3 0
Tile:13 6 2 1
Tile:9_flip 7 4 0
Drop 3 0 1
Tile:5_flip 7 2 0
Tile:2_flip 7 5 1
Tile:8 6 1 0
Drop 1 0 1
Tile:8 7 1 0
Tile:10 5 6 1
Drop 6 0 0
Map 12 7 1
Drop 6 0 0
Drop 2 0 1
Tile:6 5 1 0
Destroy 5 6 1
Tile:0 4 5 0
Drop 6 0 1
Tile:9 5 0 0
Destroy 5 4 1
Tile:6 8 5 0
Tile:14_flip 5 2 1
Tile:10 8 4 0
Tile:5_flip 5 6 1
Drop 6 0 0
Drop 3 0 1
Drop 6 0 0
Tile:6_flip 8 1 1
Tile:7_flip 8 2 0
Drop 0 0 1
Tile:6 9 2 0
Tile:5 8 3 1
Malus 0 0 0
Drop 4 0 1
Tile:5_flip 10 2 0
Drop 3 0 1
Tile:7 9 3 0
Map 12 3 1
Tile:10 9 4 0
Drop 1 0 1
Drop 1 0 0
Bonus 0 0 1
Drop 0 0 0
Map 12 5 1
GAMEOVER DRAW
# Game ended: Sun Apr 12 19:32:56 EDT 2020
