# Server version 0.08 running on localhost:8123
# Game ID: 191
# Board class: Saboteur.SaboteurBoard
# Timeout: 20000
# First Move Timeout: 30000
# Date: Sun Apr 12 14:43:53 EDT 2020
# Player 1: Player-0, '260776911', running on localhost
# Player 2: Player-1, 'RandomPlayer', running on localhost
START Player-0 260776911
START Player-1 RandomPlayer
BoardInit:Tile:0,Map,Map,Map,Tile:7,Tile:7,Bonus,Tile:9,Tile:5,Tile:10,Tile:10,Tile:3,Tile:5,Tile:12,Bonus,Bonus,Map,Tile:8,Map,Tile:14,Tile:6,Tile:7,Bonus,Tile:4,Destroy,Tile:5,Tile:0,Tile:8,Tile:11,Tile:9,Destroy,Tile:6,Tile:1,Tile:7,Tile:15,Tile:9,Malus,Tile:2,Malus,Tile:0,Tile:7-Tile:13,Tile:0,Tile:9,Tile:8,Tile:8,Map,Tile:6-Tile:10,Tile:5,Destroy,Tile:6,Tile:9,Tile:6,Tile:8-Tile:hidden1,Tile:nugget,Tile:hidden2
Tile:8 5 4 1
Tile:10 5 3 0
Tile:8 5 2 1
Map 12 3 0
Drop 3 0 1
Map 12 5 0
Tile:13 6 2 1
Destroy 6 2 0
Drop 0 0 1
Tile:5_flip 6 4 0
Tile:0 4 4 1
Tile:6_flip 6 5 0
Tile:6 5 6 1
Drop 6 0 0
Tile:5 5 1 1
Drop 6 0 0
Tile:5_flip 7 5 1
Tile:9 7 4 0
Drop 3 0 1
Tile:6 6 6 0
Tile:9 3 4 1
Drop 6 0 0
Map 12 5 1
Tile:8 8 4 0
Tile:6_flip 7 3 1
Drop 6 0 0
Destroy 4 4 1
Tile:7 7 6 0
Drop 5 0 1
Tile:9 8 5 0
Tile:11_flip 9 5 1
Tile:10 8 6 0
Tile:7 3 3 1
Tile:8 9 4 0
Destroy 5 2 1
Tile:7 10 4 0
Tile:10 9 6 1
Tile:9 10 5 0
Tile:1 4 5 1
Drop 6 0 0
Tile:15 10 6 1
Tile:5_flip 11 5 0
Tile:7_flip 10 7 1
Tile:9 11 4 0
Map 12 3 1
Tile:8 12 4 0
GAMEOVER WINNER 0
# Game ended: Sun Apr 12 14:43:53 EDT 2020
