# Server version 0.08 running on localhost:8123
# Game ID: 114
# Board class: Saboteur.SaboteurBoard
# Timeout: 20000
# First Move Timeout: 30000
# Date: Sun Apr 12 11:44:04 EDT 2020
# Player 1: Player-0, '260776911', running on localhost
# Player 2: Player-1, 'RandomPlayer', running on localhost
START Player-0 260776911
START Player-1 RandomPlayer
BoardInit:Tile:6,Tile:8,Tile:12,Tile:8,Tile:9,Tile:5,Bonus,Malus,Tile:8,Tile:3,Map,Destroy,Map,Tile:13,Tile:5,Tile:9,Map,Destroy,Tile:2,Map,Tile:10,Tile:7,Tile:6,Tile:9,Tile:7,Tile:4,Bonus,Tile:7,Tile:8,Bonus,Tile:5,Tile:10,Tile:6,Tile:7,Tile:11,Bonus,Destroy,Tile:8,Tile:10,Tile:7,Tile:14-Tile:5,Map,Tile:9,Tile:0,Malus,Map,Tile:6-Tile:1,Tile:0,Tile:0,Tile:0,Tile:6,Tile:15,Tile:9-Tile:hidden2,Tile:hidden1,Tile:nugget
Tile:6 5 6 1
Tile:1 6 5 0
Tile:9_flip 5 4 1
Tile:0 4 4 0
Tile:6 3 4 1
Tile:0 2 4 0
Map 12 5 1
Tile:0 1 4 0
Tile:12 7 5 1
Malus 0 0 0
Malus 0 0 1
Drop 0 0 0
Drop 0 0 1
Destroy 1 4 0
Drop 3 0 1
Drop 0 0 0
Map 12 5 1
Drop 0 0 0
Map 12 7 1
Destroy 2 4 0
Map 12 3 1
Map 12 3 0
Map 12 7 1
Drop 0 0 0
Drop 2 0 1
Drop 0 0 0
Drop 0 0 1
Drop 0 0 0
Drop 6 0 1
Drop 0 0 0
Drop 0 0 1
Bonus 0 0 0
Drop 6 0 1
Tile:13 3 3 0
Drop 3 0 1
Tile:9 3 2 0
Drop 3 0 1
Tile:7 3 1 0
Destroy 3 3 1
Tile:9 2 1 0
Drop 2 0 1
Tile:4 2 0 0
Drop 0 0 1
Tile:7 4 2 0
Drop 4 0 1
Tile:10 2 2 0
Drop 2 0 1
Tile:7 5 3 0
Drop 0 0 1
Tile:8 2 3 0
Drop 0 0 1
Tile:7 6 6 0
Drop 1 0 1
Drop 0 0 0
Drop 0 0 1
GAMEOVER DRAW
# Game ended: Sun Apr 12 11:44:04 EDT 2020
