# Server version 0.08 running on localhost:8123
# Game ID: 277
# Board class: Saboteur.SaboteurBoard
# Timeout: 20000
# First Move Timeout: 30000
# Date: Sun Apr 12 19:23:18 EDT 2020
# Player 1: Player-0, '260776911', running on localhost
# Player 2: Player-1, 'RandomPlayer', running on localhost
START Player-0 260776911
START Player-1 RandomPlayer
BoardInit:Tile:0,Tile:6,Tile:11,Destroy,Tile:7,Bonus,Tile:5,Tile:9,Tile:8,Tile:9,Malus,Tile:6,Destroy,Tile:7,Bonus,Tile:10,Map,Tile:5,Tile:8,Tile:8,Tile:0,Map,Tile:4,Tile:9,Tile:10,Tile:6,Bonus,Map,Tile:7,Bonus,Tile:1,Tile:10,Tile:3,Tile:8,Tile:7,Tile:8,Tile:9,Tile:0,Tile:0,Malus,Tile:13-Map,Tile:5,Tile:7,Map,Destroy,Tile:5,Tile:12-Tile:6,Tile:9,Tile:15,Tile:6,Map,Tile:2,Tile:14-Tile:hidden2,Tile:nugget,Tile:hidden1
Tile:7 5 4 1
Map 12 3 0
Drop 1 0 1
Drop 2 0 0
Tile:5 4 5 1
Drop 3 0 0
Map 12 5 1
Drop 3 0 0
Tile:11_flip 5 6 1
Tile:6 6 5 0
Drop 1 0 1
Tile:9 6 4 0
Tile:0 7 4 1
Tile:6 5 7 0
Tile:5_flip 6 7 1
Tile:6 8 4 0
Destroy 4 5 1
Destroy 5 4 0
Tile:8 6 3 1
Tile:9 5 3 0
Map 12 3 1
Tile:9 8 3 0
Tile:0 4 7 1
Map 12 5 0
Drop 2 0 1
Tile:6 9 4 0
Tile:8 10 4 1
Tile:8 10 5 0
Tile:10 10 3 1
Drop 6 0 0
Tile:7 8 2 1
Tile:6 11 4 0
Drop 4 0 1
Tile:7 11 5 0
Tile:4 11 3 1
Tile:8 10 6 0
Tile:7 10 2 1
Tile:8 11 6 0
Tile:9_flip 9 3 1
Tile:0 9 5 0
Tile:12_flip 9 6 1
Malus 0 0 0
Map 12 7 1
Tile:5_flip 12 4 0
Drop 4 0 1
Tile:9_flip 12 6 0
GAMEOVER WINNER 0
# Game ended: Sun Apr 12 19:23:18 EDT 2020
