# Server version 0.08 running on localhost:8123
# Game ID: 356
# Board class: Saboteur.SaboteurBoard
# Timeout: 20000
# First Move Timeout: 30000
# Date: Sun Apr 12 20:32:01 EDT 2020
# Player 1: Player-0, '260776911', running on localhost
# Player 2: Player-1, 'RandomPlayer', running on localhost
START Player-0 260776911
START Player-1 RandomPlayer
BoardInit:Malus,Tile:7,Map,Tile:7,Tile:7,Tile:1,Destroy,Tile:9,Bonus,Tile:3,Map,Bonus,Tile:10,Tile:0,Tile:13,Tile:11,Tile:5,Tile:10,Tile:2,Tile:8,Tile:14,Tile:5,Tile:9,Tile:9,Tile:12,Tile:5,Tile:6,Map,Tile:9,Tile:7,Tile:0,Tile:4,Destroy,Map,Tile:7,Tile:0,Tile:15,Tile:5,Tile:6,Map,Tile:0-Tile:8,Tile:8,Tile:6,Bonus,Bonus,Tile:8,Tile:9-Tile:10,Tile:6,Tile:8,Destroy,Tile:6,Map,Malus-Tile:nugget,Tile:hidden1,Tile:hidden2
Tile:9 4 5 1
Drop 5 0 0
Tile:8 4 6 1
Malus 0 0 0
Drop 1 0 1
Destroy 4 5 0
Drop 1 0 1
Drop 6 0 0
Drop 1 0 1
Tile:6_flip 5 4 0
Destroy 4 6 1
Drop 6 0 0
Map 12 5 1
Tile:7_flip 4 5 0
Map 12 7 1
Tile:7_flip 5 6 0
Drop 6 0 1
Drop 6 0 0
Drop 2 0 1
Tile:9 4 4 0
Drop 2 0 1
Tile:0 6 5 0
Drop 3 0 1
Tile:8 7 5 0
Drop 5 0 1
Tile:5 4 3 0
Drop 0 0 1
Tile:9 7 6 0
Drop 6 0 1
Drop 6 0 0
Drop 1 0 1
Tile:5_flip 5 3 0
Drop 6 0 1
Drop 6 0 0
Destroy 5 3 1
Drop 6 0 0
Drop 3 0 1
Tile:7 6 6 0
Drop 6 0 1
Tile:0 5 3 0
Drop 2 0 1
Drop 6 0 0
Drop 0 0 1
Tile:8 6 7 0
Drop 4 0 1
Tile:10 7 4 0
Drop 2 0 1
Tile:5 5 7 0
Drop 0 0 1
Tile:6_flip 7 3 0
Drop 0 0 1
Drop 0 0 0
Drop 1 0 1
Tile:10 6 8 0
Drop 0 0 1
GAMEOVER DRAW
# Game ended: Sun Apr 12 20:32:01 EDT 2020
