# Server version 0.08 running on localhost:8123
# Game ID: 161
# Board class: Saboteur.SaboteurBoard
# Timeout: 20000
# First Move Timeout: 30000
# Date: Sun Apr 12 14:25:50 EDT 2020
# Player 1: Player-0, '260776911', running on localhost
# Player 2: Player-1, 'RandomPlayer', running on localhost
START Player-0 260776911
START Player-1 RandomPlayer
BoardInit:Tile:8,Destroy,Tile:7,Tile:10,Tile:8,Map,Tile:8,Destroy,Map,Bonus,Tile:5,Tile:0,Map,Map,Tile:6,Destroy,Bonus,Tile:5,Tile:10,Tile:6,Map,Tile:6,Tile:5,Tile:3,Tile:8,Tile:10,Malus,Tile:12,Tile:6,Tile:2,Tile:5,Tile:15,Tile:13,Tile:7,Tile:9,Map,Tile:7,Tile:0,Bonus,Tile:0,Tile:7-Tile:9,Tile:9,Tile:6,Tile:14,Tile:1,Tile:9,Tile:4-Bonus,Tile:11,Tile:0,Tile:7,Malus,Tile:9,Tile:8-Tile:hidden1,Tile:nugget,Tile:hidden2
Tile:9_flip 5 6 1
Malus 0 0 0
Drop 1 0 1
Tile:11 5 4 0
Drop 4 0 1
Tile:0 6 4 0
Drop 5 0 1
Map 12 3 0
Drop 1 0 1
Tile:7 5 3 0
Drop 1 0 1
Tile:9 4 3 0
Drop 4 0 1
Tile:8 4 2 0
Drop 2 0 1
Map 12 5 0
Drop 0 0 1
Destroy 5 4 0
Drop 3 0 1
Tile:10 5 7 0
Map 12 7 1
Destroy 5 6 0
Map 12 3 1
Destroy 5 7 0
Drop 5 0 1
Drop 6 0 0
Drop 0 0 1
Tile:5_flip 5 6 0
Drop 2 0 1
Drop 6 0 0
Drop 1 0 1
Drop 6 0 0
Drop 4 0 1
Drop 6 0 0
Drop 3 0 1
Tile:0 4 6 0
Drop 3 0 1
Drop 6 0 0
Drop 6 0 1
Tile:6 3 6 0
Drop 4 0 1
Tile:6 2 6 0
Drop 5 0 1
Tile:7_flip 1 6 0
Drop 4 0 1
Tile:10 1 5 0
Drop 2 0 1
Tile:0 5 2 0
Drop 0 0 1
Tile:0 3 2 0
Drop 0 0 1
Drop 0 0 0
Drop 1 0 1
Drop 0 0 0
Drop 0 0 1
GAMEOVER DRAW
# Game ended: Sun Apr 12 14:25:50 EDT 2020
