# Server version 0.08 running on localhost:8123
# Game ID: 408
# Board class: Saboteur.SaboteurBoard
# Timeout: 20000
# First Move Timeout: 30000
# Date: Sun Apr 12 20:47:30 EDT 2020
# Player 1: Player-0, '260776911', running on localhost
# Player 2: Player-1, 'RandomPlayer', running on localhost
START Player-0 260776911
START Player-1 RandomPlayer
BoardInit:Tile:5,Destroy,Tile:11,Bonus,Tile:4,Tile:15,Tile:10,Tile:13,Tile:6,Tile:8,Tile:9,Tile:6,Destroy,Tile:8,Tile:0,Tile:2,Malus,Malus,Tile:1,Tile:8,Bonus,Tile:0,Tile:9,Map,Tile:6,Tile:9,Tile:8,Tile:3,Tile:10,Tile:5,Tile:7,Tile:7,Tile:0,Map,Tile:7,Tile:0,Tile:6,Map,Map,Map,Bonus-Tile:10,Tile:5,Bonus,Tile:5,Tile:7,Tile:9,Tile:6-Tile:9,Tile:8,Tile:14,Tile:12,Map,Tile:7,Destroy-Tile:hidden1,Tile:nugget,Tile:hidden2
Tile:9_flip 6 5 1
Drop 4 0 0
Tile:5 4 5 1
Drop 2 0 0
Tile:7 6 4 1
Drop 2 0 0
Tile:11_flip 6 6 1
Drop 6 0 0
Drop 0 0 1
Drop 6 0 0
Drop 2 0 1
Destroy 6 6 0
Tile:5 5 4 1
Destroy 4 5 0
Tile:6 4 5 1
Tile:8 5 6 0
Tile:0 4 6 1
Drop 6 0 0
Malus 0 0 1
Bonus 0 0 0
Tile:9_flip 6 6 1
Malus 0 0 0
Bonus 0 0 1
Tile:6 5 7 0
Tile:5 3 6 1
Drop 6 0 0
Tile:9 3 7 1
Tile:8 6 7 0
Drop 6 0 1
Drop 6 0 0
Destroy 6 4 1
Tile:8 6 8 0
Tile:6_flip 4 7 1
Tile:9 3 8 0
Drop 0 0 1
Drop 6 0 0
Drop 6 0 1
Tile:9_flip 7 7 0
Tile:6 3 5 1
Drop 6 0 0
Drop 2 0 1
Drop 6 0 0
Tile:7 3 4 1
Tile:5 5 8 0
Tile:10 7 6 1
Tile:0 2 4 0
Map 12 3 1
Tile:8 7 8 0
Tile:1 2 5 1
Tile:7_flip 1 4 0
Tile:10 6 9 1
Tile:7_flip 7 9 0
Tile:0 8 9 1
Tile:0 8 8 0
Drop 0 0 1
GAMEOVER DRAW
# Game ended: Sun Apr 12 20:47:30 EDT 2020
