# Server version 0.08 running on localhost:8123
# Game ID: 162
# Board class: Saboteur.SaboteurBoard
# Timeout: 20000
# First Move Timeout: 30000
# Date: Sun Apr 12 14:26:03 EDT 2020
# Player 1: Player-0, '260776911', running on localhost
# Player 2: Player-1, '260776911', running on localhost
START Player-0 260776911
START Player-1 260776911
BoardInit:Tile:10,Tile:5,Tile:7,Tile:0,Tile:8,Tile:6,Tile:14,Malus,Bonus,Tile:6,Tile:8,Tile:10,Destroy,Map,Tile:5,Destroy,Tile:2,Tile:6,Tile:7,Tile:6,Malus,Tile:9,Tile:5,Bonus,Map,Map,Bonus,Tile:0,Tile:9,Tile:8,Tile:10,Tile:6,Map,Tile:11,Tile:7,Tile:9,Tile:3,Tile:1,Tile:7,Tile:9,Map-Tile:8,Map,Tile:12,Tile:0,Tile:9,Tile:13,Tile:0-Bonus,Tile:4,Destroy,Tile:5,Tile:8,Tile:7,Tile:15-Tile:nugget,Tile:hidden2,Tile:hidden1
Map 12 3 1
Tile:4 5 4 0
Drop 1 0 1
Drop 5 0 0
Drop 3 0 1
Destroy 5 4 0
Tile:8 5 6 1
Tile:5 4 6 0
Drop 6 0 1
Malus 0 0 0
Bonus 0 0 1
Tile:8 4 7 0
Tile:0 3 7 1
Tile:7 6 6 0
Tile:9 2 7 1
Drop 6 0 0
Tile:10 2 6 1
Tile:5_flip 2 8 0
Drop 6 0 1
Tile:0 1 8 0
Tile:0 0 8 1
Tile:6 4 8 0
Malus 0 0 1
Bonus 0 0 0
Tile:7 5 8 1
Tile:6 5 7 0
Drop 6 0 1
Drop 6 0 0
Tile:8 6 7 1
Tile:10 5 9 0
Tile:8 5 10 1
Destroy 0 8 0
Destroy 1 8 1
Tile:6 1 8 0
Drop 6 0 1
Drop 6 0 0
Tile:5 0 8 1
Tile:6 0 9 0
Drop 6 0 1
Drop 6 0 0
Tile:7 1 9 1
Tile:9 1 10 0
Drop 6 0 1
Tile:0 2 10 0
Tile:5 3 8 1
Tile:8 1 11 0
Tile:9 1 12 1
Tile:6 0 11 0
Tile:10 1 7 1
Tile:9 1 13 0
Tile:7 0 10 1
Tile:9 3 9 0
Tile:7 1 6 1
Drop 0 0 0
Drop 0 0 1
GAMEOVER DRAW
# Game ended: Sun Apr 12 14:26:03 EDT 2020
