# Server version 0.08 running on localhost:8123
# Game ID: 349
# Board class: Saboteur.SaboteurBoard
# Timeout: 20000
# First Move Timeout: 30000
# Date: Sun Apr 12 20:29:47 EDT 2020
# Player 1: Player-0, '260776911', running on localhost
# Player 2: Player-1, 'RandomPlayer', running on localhost
START Player-0 260776911
START Player-1 RandomPlayer
BoardInit:Tile:9,Tile:15,Map,Tile:10,Tile:14,Tile:10,Tile:7,Malus,Tile:0,Tile:12,Tile:6,Tile:2,Tile:8,Tile:8,Tile:0,Malus,Tile:8,Bonus,Map,Tile:6,Tile:0,Tile:5,Map,Tile:3,Map,Map,Tile:4,Tile:7,Tile:10,Tile:5,Map,Tile:8,Tile:6,Tile:9,Tile:13,Bonus,Destroy,Tile:7,Tile:9,Tile:1,Tile:6-Tile:9,Bonus,Tile:5,Tile:9,Destroy,Bonus,Tile:0-Tile:7,Tile:8,Tile:11,Tile:6,Tile:5,Tile:7,Destroy-Tile:hidden1,Tile:hidden2,Tile:nugget
Drop 2 0 1
Drop 2 0 0
Tile:9_flip 5 6 1
Drop 6 0 0
Tile:9 5 4 1
Destroy 5 4 0
Tile:9 4 6 1
Tile:5_flip 4 7 0
Map 12 5 1
Malus 0 0 0
Bonus 0 0 1
Drop 6 0 0
Tile:6 6 5 1
Drop 6 0 0
Tile:7 6 4 1
Tile:7_flip 5 7 0
Tile:0 7 5 1
Malus 0 0 0
Destroy 4 7 1
Tile:10 4 7 0
Drop 6 0 1
Tile:8 4 8 0
Drop 3 0 1
Tile:6 4 9 0
Drop 5 0 1
Drop 6 0 0
Bonus 0 0 1
Drop 6 0 0
Tile:0 8 5 1
Tile:6_flip 4 5 0
Tile:14_flip 3 5 1
Tile:5_flip 9 5 0
Tile:4_flip 3 6 1
Tile:7_flip 3 9 0
Drop 4 0 1
Tile:8 3 8 0
Tile:6_flip 5 9 1
Tile:8 5 10 0
Drop 6 0 1
Tile:9 5 11 0
Tile:9 5 12 1
Drop 6 0 0
Tile:8 5 4 1
Tile:5_flip 6 10 0
Tile:13 6 12 1
Tile:7 3 7 0
Drop 1 0 1
Tile:7 7 12 0
Tile:0 5 8 1
Tile:10 9 4 0
Tile:6_flip 6 9 1
Drop 1 0 0
Map 12 7 1
Drop 0 0 0
Map 12 5 1
GAMEOVER DRAW
# Game ended: Sun Apr 12 20:29:47 EDT 2020
