# Server version 0.08 running on client.openvpn.net:8123
# Game ID: 255
# Board class: Saboteur.SaboteurBoard
# Timeout: 20000
# First Move Timeout: 30000
# Date: Sun Apr 12 19:09:13 EDT 2020
# Player 1: Player-0, '260776911', running on client.openvpn.net
# Player 2: Player-1, 'RandomPlayer', running on client.openvpn.net
START Player-0 260776911
START Player-1 RandomPlayer
BoardInit:Tile:9,Tile:7,Destroy,Tile:5,Map,Tile:14,Tile:6,Map,Bonus,Tile:0,Tile:6,Tile:13,Tile:5,Bonus,Map,Tile:8,Tile:1,Tile:0,Tile:3,Tile:4,Tile:0,Tile:10,Bonus,Tile:8,Bonus,Tile:5,Tile:15,Tile:9,Tile:2,Tile:8,Tile:10,Destroy,Tile:9,Tile:7,Tile:10,Tile:9,Tile:12,Tile:7,Tile:11,Tile:6,Destroy-Map,Tile:9,Malus,Tile:5,Tile:8,Tile:6,Map-Malus,Tile:8,Tile:0,Tile:7,Map,Tile:7,Tile:6-Tile:hidden2,Tile:nugget,Tile:hidden1
Tile:6_flip 6 5 1
Map 12 3 0
Tile:9_flip 7 5 1
Tile:8 5 4 0
Map 12 3 1
Tile:0 6 4 0
Map 12 7 1
Drop 6 0 0
Tile:8 7 4 1
Map 12 5 0
Destroy 6 5 1
Tile:7 8 4 0
Tile:9_flip 7 3 1
Drop 6 0 0
Tile:6_flip 6 5 1
Tile:7_flip 6 6 0
Map 12 7 1
Tile:6 7 6 0
Tile:5_flip 5 6 1
Tile:7 8 6 0
Tile:6_flip 4 6 1
Drop 6 0 0
Tile:3_flip 8 7 1
Tile:8 7 2 0
Tile:1 6 3 1
Tile:0 6 2 0
Tile:0 4 5 1
Tile:8 5 3 0
Drop 6 0 1
Tile:5 5 2 0
Map 12 7 1
Tile:9 4 3 0
Tile:10 4 7 1
Destroy 6 3 0
Tile:9_flip 4 8 1
Tile:7_flip 8 5 0
Tile:2_flip 4 4 1
Tile:0 9 5 0
Drop 6 0 1
Malus 0 0 0
Drop 2 0 1
Tile:8 10 5 0
Bonus 0 0 1
Tile:6 10 6 0
Drop 4 0 1
Tile:10 10 4 0
Destroy 5 2 1
Tile:5 9 6 0
Drop 3 0 1
Tile:9_flip 11 5 0
Drop 0 0 1
Tile:7_flip 3 5 0
Drop 1 0 1
Drop 0 0 0
Drop 0 0 1
GAMEOVER DRAW
# Game ended: Sun Apr 12 19:09:13 EDT 2020
