# Server version 0.08 running on localhost:8123
# Game ID: 385
# Board class: Saboteur.SaboteurBoard
# Timeout: 20000
# First Move Timeout: 30000
# Date: Sun Apr 12 20:38:31 EDT 2020
# Player 1: Player-0, '260776911', running on localhost
# Player 2: Player-1, 'RandomPlayer', running on localhost
START Player-0 260776911
START Player-1 RandomPlayer
BoardInit:Tile:9,Tile:12,Tile:13,Map,Tile:5,Tile:10,Tile:15,Tile:8,Tile:10,Tile:6,Map,Tile:7,Tile:5,Destroy,Tile:1,Tile:8,Tile:3,Tile:4,Tile:6,Tile:9,Tile:7,Tile:8,Tile:6,Malus,Tile:2,Map,Map,Tile:11,Tile:7,Tile:6,Tile:7,Tile:8,Bonus,Tile:7,Tile:0,Bonus,Tile:5,Tile:0,Tile:5,Bonus,Tile:9-Tile:6,Map,Tile:8,Tile:0,Bonus,Malus,Tile:9-Destroy,Tile:10,Map,Destroy,Tile:0,Tile:9,Tile:14-Tile:hidden2,Tile:nugget,Tile:hidden1
Tile:6 6 5 1
Map 12 3 0
Tile:9_flip 7 5 1
Drop 5 0 0
Tile:13 6 4 1
Map 12 5 0
Tile:5_flip 7 6 1
Drop 5 0 0
Drop 0 0 1
Destroy 6 4 0
Drop 1 0 1
Tile:10 6 4 0
Tile:9 7 4 1
Destroy 6 4 0
Tile:10 6 4 1
Tile:0 6 6 0
Drop 6 0 1
Tile:9_flip 8 4 0
Tile:5 8 3 1
Drop 6 0 0
Tile:3 5 4 1
Tile:10 8 5 0
Malus 0 0 1
Destroy 8 4 0
Tile:6_flip 4 4 1
Drop 3 0 0
Map 12 5 1
Drop 1 0 0
Drop 2 0 1
Drop 1 0 0
Tile:8 4 5 1
Drop 1 0 0
Drop 6 0 1
Drop 1 0 0
Tile:7 9 3 1
Drop 1 0 0
Tile:2 3 4 1
Bonus 0 0 0
Tile:5_flip 4 6 1
Drop 1 0 0
Tile:7 6 3 1
Drop 1 0 0
Tile:5 3 6 1
Tile:6 9 4 0
Tile:9 8 6 1
Tile:7 9 6 0
Drop 3 0 1
Tile:0 10 4 0
Map 12 5 1
Tile:8 3 7 0
Tile:6 3 5 1
Tile:8 8 4 0
Tile:0 5 3 1
Drop 0 0 0
Drop 0 0 1
GAMEOVER DRAW
# Game ended: Sun Apr 12 20:38:31 EDT 2020
