# Server version 0.08 running on localhost:8123
# Game ID: 115
# Board class: Saboteur.SaboteurBoard
# Timeout: 20000
# First Move Timeout: 30000
# Date: Sun Apr 12 11:45:04 EDT 2020
# Player 1: Player-0, '260776911', running on localhost
# Player 2: Player-1, 'RandomPlayer', running on localhost
START Player-0 260776911
START Player-1 RandomPlayer
BoardInit:Tile:0,Tile:6,Tile:8,Tile:10,Destroy,Map,Tile:0,Tile:5,Malus,Tile:7,Tile:5,Tile:15,Tile:1,Tile:3,Map,Tile:9,Tile:8,Tile:8,Tile:0,Tile:5,Map,Bonus,Destroy,Bonus,Malus,Tile:7,Tile:2,Bonus,Tile:7,Tile:4,Tile:6,Tile:9,Map,Tile:7,Tile:10,Tile:12,Bonus,Map,Tile:8,Tile:14,Tile:6-Tile:0,Tile:11,Tile:7,Tile:9,Tile:9,Destroy,Tile:8-Tile:6,Tile:9,Map,Tile:13,Tile:5,Tile:10,Tile:6-Tile:nugget,Tile:hidden2,Tile:hidden1
Tile:7_flip 5 6 1
Tile:6 6 5 0
Tile:9_flip 7 5 1
Tile:9 5 4 0
Tile:11 7 6 1
Map 12 3 0
Destroy 7 6 1
Tile:13 5 3 0
Drop 0 0 1
Tile:5 5 2 0
Drop 3 0 1
Tile:10 7 4 0
Destroy 6 5 1
Tile:6 6 2 0
Tile:0 6 5 1
Tile:6 4 3 0
Tile:5 4 5 1
Tile:10 4 2 0
Tile:8 6 1 1
Map 12 3 0
Tile:0 3 3 1
Tile:5 2 3 0
Tile:9_flip 7 1 1
Tile:7 4 1 0
Tile:1 6 6 1
Tile:15 2 4 0
Map 12 3 1
Tile:3 6 3 0
Tile:8 7 6 1
Tile:9 2 5 0
Malus 0 0 1
Bonus 0 0 0
Destroy 5 4 1
Tile:8 2 6 0
Tile:6 7 2 1
Tile:5 1 6 0
Tile:7 3 5 1
Tile:7 6 0 0
Tile:2 8 6 1
Tile:4 7 0 0
Drop 2 0 1
Tile:9 1 7 0
Tile:8 5 0 1
Tile:7 8 2 0
Tile:6 3 6 1
Tile:12 9 6 0
Tile:0 4 0 1
Map 12 3 0
Map 12 3 1
Tile:14 1 8 0
Map 12 5 1
Drop 0 0 0
Drop 1 0 1
Drop 0 0 0
Tile:10 7 7 1
GAMEOVER DRAW
# Game ended: Sun Apr 12 11:45:04 EDT 2020
