# Server version 0.08 running on localhost:8123
# Game ID: 183
# Board class: Saboteur.SaboteurBoard
# Timeout: 20000
# First Move Timeout: 30000
# Date: Sun Apr 12 14:39:07 EDT 2020
# Player 1: Player-0, '260776911', running on localhost
# Player 2: Player-1, 'RandomPlayer', running on localhost
START Player-0 260776911
START Player-1 RandomPlayer
BoardInit:Tile:13,Bonus,Map,Tile:10,Tile:10,Tile:0,Tile:9,Bonus,Tile:6,Tile:7,Tile:9,Tile:2,Map,Tile:12,Tile:6,Tile:5,Tile:8,Tile:0,Tile:6,Destroy,Map,Tile:14,Map,Malus,Tile:11,Tile:5,Tile:9,Tile:5,Tile:1,Tile:6,Tile:10,Map,Tile:5,Bonus,Tile:6,Tile:7,Map,Tile:8,Bonus,Tile:0,Tile:9-Tile:15,Tile:8,Tile:7,Destroy,Tile:8,Tile:0,Tile:8-Destroy,Tile:9,Tile:7,Tile:3,Malus,Tile:7,Tile:4-Tile:hidden2,Tile:nugget,Tile:hidden1
Tile:7 6 5 1
Malus 0 0 0
Drop 1 0 1
Drop 3 0 0
Map 12 5 1
Drop 4 0 0
Drop 3 0 1
Tile:9 5 4 0
Drop 0 0 1
Destroy 5 4 0
Destroy 6 5 1
Tile:7 5 4 0
Drop 0 0 1
Drop 6 0 0
Map 12 7 1
Drop 6 0 0
Drop 5 0 1
Tile:7 6 5 0
Drop 3 0 1
Tile:10 5 6 0
Drop 2 0 1
Destroy 5 4 0
Map 12 7 1
Drop 6 0 0
Drop 4 0 1
Malus 0 0 0
Drop 3 0 1
Tile:7 5 4 0
Drop 4 0 1
Tile:0 4 4 0
Drop 0 0 1
Tile:5 4 5 0
Drop 6 0 1
Drop 6 0 0
Drop 3 0 1
Tile:0 3 4 0
Drop 3 0 1
Tile:5 2 4 0
Map 12 5 1
Tile:5_flip 2 5 0
Drop 4 0 1
Tile:6 1 5 0
Drop 5 0 1
Tile:7 1 4 0
Drop 4 0 1
Tile:8 0 4 0
Drop 2 0 1
Drop 0 0 0
Drop 0 0 1
Drop 0 0 0
Drop 0 0 1
Drop 0 0 0
Drop 1 0 1
Drop 0 0 0
Drop 0 0 1
GAMEOVER DRAW
# Game ended: Sun Apr 12 14:39:07 EDT 2020
