# Server version 0.08 running on localhost:8123
# Game ID: 159
# Board class: Saboteur.SaboteurBoard
# Timeout: 20000
# First Move Timeout: 30000
# Date: Sun Apr 12 14:25:23 EDT 2020
# Player 1: Player-0, '260776911', running on localhost
# Player 2: Player-1, 'RandomPlayer', running on localhost
START Player-0 260776911
START Player-1 RandomPlayer
BoardInit:Tile:6,Map,Tile:1,Bonus,Map,Tile:8,Tile:5,Tile:5,Tile:7,Destroy,Tile:8,Tile:14,Tile:9,Tile:6,Destroy,Tile:5,Tile:15,Map,Tile:13,Tile:7,Tile:10,Tile:2,Map,Tile:0,Tile:8,Tile:7,Map,Tile:8,Tile:0,Tile:10,Tile:7,Tile:8,Tile:7,Bonus,Bonus,Malus,Tile:9,Malus,Tile:3,Tile:5,Map-Tile:10,Tile:9,Tile:9,Destroy,Tile:6,Tile:12,Tile:6-Tile:6,Bonus,Tile:4,Tile:9,Tile:11,Tile:0,Tile:0-Tile:nugget,Tile:hidden2,Tile:hidden1
Tile:9 4 5 1
Tile:6 4 6 0
Tile:10 4 4 1
Map 12 3 0
Tile:6 5 6 1
Drop 1 0 0
Tile:6 3 6 1
Drop 2 0 0
Tile:6 6 6 1
Tile:9 2 6 0
Tile:7_flip 2 7 1
Tile:0 3 7 0
Tile:5 2 5 1
Drop 6 0 0
Destroy 2 7 1
Tile:0 4 7 0
Destroy 2 6 1
Tile:8 2 6 0
Tile:9_flip 3 5 1
Drop 6 0 0
Tile:9 5 4 1
Tile:5 1 6 0
Tile:10 1 7 1
Drop 6 0 0
Drop 4 0 1
Destroy 1 6 0
Tile:8 6 4 1
Tile:6 1 8 0
Tile:1 7 6 1
Tile:5 1 6 0
Tile:12 2 8 1
Tile:7 5 7 0
Map 12 7 1
Tile:0 0 8 0
Tile:0 7 4 1
Tile:7 8 6 0
Tile:7 4 3 1
Malus 0 0 0
Drop 6 0 1
Malus 0 0 0
Drop 2 0 1
Tile:8 5 8 0
Drop 0 0 1
Tile:10 5 9 0
Drop 1 0 1
Tile:8 6 8 0
Drop 3 0 1
Tile:5 4 8 0
Map 12 3 1
Drop 0 0 0
Drop 1 0 1
Drop 0 0 0
Map 12 3 1
Drop 0 0 0
Drop 0 0 1
GAMEOVER DRAW
# Game ended: Sun Apr 12 14:25:23 EDT 2020
