# Server version 0.08 running on localhost:8123
# Game ID: 55
# Board class: Saboteur.SaboteurBoard
# Timeout: 20000
# First Move Timeout: 30000
# Date: Sun Apr 12 03:24:17 EDT 2020
# Player 1: Player-0, '260776911', running on localhost
# Player 2: Player-1, 'RandomPlayer', running on localhost
START Player-0 260776911
START Player-1 RandomPlayer
BoardInit:Tile:15,Tile:8,Malus,Tile:6,Bonus,Tile:10,Tile:7,Tile:5,Tile:1,Tile:9,Tile:0,Tile:5,Tile:9,Tile:0,Tile:7,Tile:4,Destroy,Destroy,Tile:2,Tile:14,Map,Tile:9,Tile:0,Tile:6,Tile:13,Destroy,Map,Tile:7,Bonus,Tile:8,Map,Bonus,Tile:6,Tile:7,Tile:6,Map,Tile:12,Tile:8,Tile:5,Malus,Tile:5-Map,Tile:3,Bonus,Tile:11,Tile:6,Tile:9,Tile:0-Tile:10,Tile:8,Tile:8,Tile:10,Map,Tile:7,Tile:9-Tile:hidden1,Tile:nugget,Tile:hidden2
Tile:9_flip 5 4 1
Tile:10 5 3 0
Tile:6 4 4 1
Tile:8 3 4 0
Drop 1 0 1
Tile:8 3 3 0
Drop 2 0 1
Tile:10 3 2 0
Tile:15 5 6 1
Map 12 3 0
Drop 2 0 1
Tile:7 3 1 0
Drop 6 0 1
Tile:9 2 1 0
Tile:9_flip 4 3 1
Tile:8 2 0 0
Drop 0 0 1
Tile:6 3 0 0
Tile:7 6 5 1
Tile:10 2 2 0
Tile:1 4 0 1
Tile:5 1 0 0
Tile:2_flip 2 4 1
Tile:9 2 3 0
Drop 4 0 1
Tile:5 1 4 0
Tile:7_flip 6 6 1
Tile:0 5 0 0
Tile:0 7 6 1
Tile:4 4 2 0
Drop 0 0 1
Destroy 1 0 0
Map 12 7 1
Tile:14 1 5 0
Tile:13 8 6 1
Tile:9 0 5 0
Map 12 5 1
Tile:6 0 6 0
Tile:12 1 6 1
Destroy 0 5 0
Tile:6 3 5 1
Tile:7 6 0 0
Tile:6 8 7 1
Tile:8 0 5 0
Tile:5 5 2 1
Tile:7 0 4 0
Tile:5_flip 6 1 1
Map 12 3 0
Malus 0 0 1
Bonus 0 0 0
Map 12 3 1
Tile:8 1 0 0
Drop 1 0 1
Malus 0 0 0
Bonus 0 0 1
GAMEOVER DRAW
# Game ended: Sun Apr 12 03:24:17 EDT 2020
