# Server version 0.08 running on localhost:8123
# Game ID: 366
# Board class: Saboteur.SaboteurBoard
# Timeout: 20000
# First Move Timeout: 30000
# Date: Sun Apr 12 20:34:21 EDT 2020
# Player 1: Player-0, '260776911', running on localhost
# Player 2: Player-1, 'RandomPlayer', running on localhost
START Player-0 260776911
START Player-1 RandomPlayer
BoardInit:Tile:10,Tile:0,Tile:13,Tile:8,Tile:9,Tile:10,Tile:9,Tile:9,Destroy,Tile:9,Map,Map,Tile:12,Tile:5,Map,Tile:0,Tile:7,Tile:15,Tile:6,Tile:2,Destroy,Tile:0,Tile:1,Malus,Tile:7,Tile:6,Malus,Tile:6,Tile:8,Map,Tile:10,Tile:11,Tile:8,Tile:5,Tile:6,Tile:4,Tile:6,Tile:5,Tile:9,Tile:7,Tile:5-Bonus,Tile:14,Bonus,Bonus,Tile:8,Map,Tile:8-Tile:7,Map,Tile:3,Tile:7,Destroy,Tile:0,Bonus-Tile:nugget,Tile:hidden1,Tile:hidden2
Map 12 3 1
Drop 1 0 0
Drop 1 0 1
Drop 1 0 0
Tile:13 5 6 1
Destroy 5 6 0
Drop 6 0 1
Tile:8 5 4 0
Tile:9_flip 6 5 1
Tile:10 5 6 0
Drop 3 0 1
Tile:9 5 7 0
Tile:8 4 4 1
Drop 6 0 0
Tile:10 6 6 1
Tile:9 4 5 0
Destroy 6 5 1
Tile:5 4 3 0
Tile:7_flip 5 8 1
Drop 6 0 0
Map 12 7 1
Drop 6 0 0
Tile:12 6 8 1
Tile:0 6 4 0
Drop 4 0 1
Malus 0 0 0
Bonus 0 0 1
Tile:0 7 4 0
Tile:1 8 4 1
Tile:6_flip 3 4 0
Map 12 3 1
Drop 6 0 0
Destroy 6 4 1
Drop 6 0 0
Tile:8 6 5 1
Tile:6_flip 2 4 0
Drop 3 0 1
Drop 6 0 0
Tile:6_flip 6 4 1
Tile:5_flip 3 5 0
Drop 2 0 1
Tile:0 9 4 0
Tile:6 6 7 1
Tile:0 7 5 0
Tile:9_flip 4 6 1
Tile:7 7 7 0
Tile:5_flip 4 7 1
Tile:7_flip 7 8 0
Drop 0 0 1
Tile:5_flip 8 8 0
Tile:8 3 7 1
Tile:7_flip 1 4 0
Tile:10 8 7 1
Drop 0 0 0
Drop 0 0 1
GAMEOVER DRAW
# Game ended: Sun Apr 12 20:34:21 EDT 2020
