# Server version 0.08 running on localhost:8123
# Game ID: 360
# Board class: Saboteur.SaboteurBoard
# Timeout: 20000
# First Move Timeout: 30000
# Date: Sun Apr 12 20:33:38 EDT 2020
# Player 1: Player-0, '260776911', running on localhost
# Player 2: Player-1, 'RandomPlayer', running on localhost
START Player-0 260776911
START Player-1 RandomPlayer
BoardInit:Tile:7,Tile:7,Tile:10,Tile:11,Tile:0,Tile:5,Tile:6,Tile:8,Destroy,Tile:8,Tile:9,Bonus,Destroy,Tile:8,Tile:0,Tile:5,Tile:7,Tile:10,Tile:5,Tile:13,Tile:0,Tile:14,Tile:9,Tile:5,Tile:9,Tile:15,Tile:6,Map,Tile:2,Bonus,Tile:1,Tile:6,Tile:4,Bonus,Tile:6,Map,Tile:0,Tile:9,Tile:10,Malus,Malus-Tile:8,Tile:6,Tile:9,Tile:12,Map,Tile:8,Bonus-Tile:3,Map,Destroy,Map,Tile:7,Map,Tile:7-Tile:hidden1,Tile:hidden2,Tile:nugget
Map 12 5 1
Map 12 3 0
Tile:6_flip 4 5 1
Map 12 5 0
Tile:10 4 6 1
Drop 3 0 0
Drop 2 0 1
Drop 0 0 0
Drop 2 0 1
Drop 4 0 0
Tile:9 3 5 1
Tile:5 3 4 0
Tile:0 4 4 1
Tile:7 6 5 0
Destroy 3 5 1
Tile:7_flip 6 6 0
Tile:0 7 6 1
Destroy 6 6 0
Tile:7_flip 4 7 1
Tile:7 8 6 0
Destroy 4 7 1
Drop 6 0 0
Tile:7_flip 5 6 1
Drop 6 0 0
Tile:8 6 6 1
Tile:5_flip 6 7 0
Tile:5 5 7 1
Drop 6 0 0
Tile:6_flip 5 4 1
Drop 6 0 0
Tile:9_flip 5 8 1
Tile:10 8 7 0
Tile:9_flip 4 7 1
Tile:5_flip 8 8 0
Tile:2 7 8 1
Tile:8 4 8 0
Tile:6 3 5 1
Drop 6 0 0
Tile:0 6 4 1
Tile:6_flip 2 5 0
Tile:9_flip 4 9 1
Tile:9 3 7 0
Tile:6 7 4 1
Tile:8 3 8 0
Drop 4 0 1
Tile:8 8 4 0
Drop 3 0 1
Drop 1 0 0
Tile:4_flip 2 6 1
Drop 1 0 0
Drop 1 0 1
Drop 0 0 0
Malus 0 0 1
Drop 0 0 0
Drop 0 0 1
GAMEOVER DRAW
# Game ended: Sun Apr 12 20:33:38 EDT 2020
