# Server version 0.08 running on localhost:8123
# Game ID: 276
# Board class: Saboteur.SaboteurBoard
# Timeout: 20000
# First Move Timeout: 30000
# Date: Sun Apr 12 19:23:02 EDT 2020
# Player 1: Player-0, '260776911', running on localhost
# Player 2: Player-1, 'RandomPlayer', running on localhost
START Player-0 260776911
START Player-1 RandomPlayer
BoardInit:Tile:7,Tile:5,Tile:7,Tile:2,Tile:3,Tile:6,Tile:8,Tile:5,Tile:8,Tile:0,Tile:10,Map,Tile:4,Tile:7,Tile:6,Tile:0,Tile:7,Tile:5,Map,Bonus,Tile:6,Tile:9,Tile:15,Map,Tile:7,Tile:8,Malus,Tile:10,Bonus,Map,Destroy,Bonus,Tile:9,Tile:8,Tile:5,Map,Tile:14,Destroy,Tile:6,Map,Tile:10-Tile:11,Tile:8,Tile:9,Destroy,Bonus,Tile:0,Tile:13-Tile:12,Malus,Tile:9,Tile:9,Tile:1,Tile:0,Tile:6-Tile:hidden2,Tile:nugget,Tile:hidden1
Tile:11 5 6 1
Drop 0 0 0
Tile:9_flip 6 5 1
Drop 3 0 0
Tile:8 6 6 1
Drop 6 0 0
Tile:3 7 6 1
Tile:9 5 4 0
Tile:8 6 4 1
Tile:9 5 3 0
Tile:7_flip 7 7 1
Tile:0 7 4 0
Tile:7 6 3 1
Map 12 3 0
Drop 3 0 1
Tile:6 5 7 0
Drop 1 0 1
Tile:5_flip 6 7 0
Tile:0 8 4 1
Tile:6 8 7 0
Tile:4 8 6 1
Tile:5_flip 9 4 0
Tile:7_flip 4 5 1
Tile:0 9 7 0
Tile:15 4 4 1
Map 12 5 0
Tile:7 10 7 1
Tile:9_flip 4 3 0
Tile:6_flip 4 2 1
Tile:8 5 2 0
Tile:6_flip 3 3 1
Drop 6 0 0
Tile:8 4 7 1
Tile:5 5 1 0
Tile:9_flip 10 8 1
Tile:0 9 8 0
Destroy 7 4 1
Drop 6 0 0
Tile:5_flip 6 2 1
Destroy 7 6 0
Tile:6 3 2 1
Drop 6 0 0
Destroy 3 3 1
Tile:7 7 6 0
Drop 4 0 1
Tile:8 6 1 0
Tile:10 9 3 1
Tile:10 10 9 0
Map 12 5 1
Drop 1 0 0
Malus 0 0 1
Bonus 0 0 0
Drop 1 0 1
Drop 0 0 0
Drop 0 0 1
GAMEOVER DRAW
# Game ended: Sun Apr 12 19:23:02 EDT 2020
