# Server version 0.08 running on localhost:8123
# Game ID: 101
# Board class: Saboteur.SaboteurBoard
# Timeout: 20000
# First Move Timeout: 30000
# Date: Sun Apr 12 11:09:57 EDT 2020
# Player 1: Player-0, '260776911', running on localhost
# Player 2: Player-1, 'RandomPlayer', running on localhost
START Player-0 260776911
START Player-1 RandomPlayer
BoardInit:Map,Tile:5,Destroy,Tile:8,Tile:5,Tile:6,Tile:8,Tile:5,Tile:10,Tile:6,Tile:6,Tile:13,Tile:7,Malus,Tile:14,Map,Destroy,Tile:7,Tile:4,Malus,Tile:1,Tile:7,Tile:7,Tile:12,Tile:9,Tile:7,Tile:15,Tile:8,Bonus,Tile:9,Tile:0,Map,Map,Bonus,Bonus,Tile:0,Tile:0,Destroy,Tile:11,Tile:8,Tile:9-Tile:2,Tile:9,Tile:0,Tile:5,Tile:6,Tile:6,Tile:10-Tile:9,Tile:10,Map,Tile:3,Bonus,Tile:8,Map-Tile:hidden1,Tile:hidden2,Tile:nugget
Tile:6_flip 6 5 1
Tile:9 5 4 0
Tile:6 4 5 1
Tile:10 4 4 0
Tile:9_flip 4 3 1
Map 12 3 0
Tile:2_flip 3 5 1
Tile:3 3 4 0
Tile:8 6 6 1
Tile:8 2 4 0
Destroy 6 5 1
Map 12 3 0
Tile:10 5 3 1
Tile:5 2 3 0
Tile:6 1 4 1
Malus 0 0 0
Map 12 7 1
Tile:8 0 4 0
Destroy 1 4 1
Tile:6 0 5 0
Drop 2 0 1
Malus 0 0 0
Drop 0 0 1
Tile:5 0 3 0
Drop 2 0 1
Tile:6 1 4 0
Drop 0 0 1
Tile:13 2 5 0
Drop 5 0 1
Map 12 3 0
Drop 1 0 1
Tile:7 1 3 0
Drop 4 0 1
Tile:7 4 2 0
Drop 4 0 1
Tile:12 6 4 0
Bonus 0 0 1
Tile:7 6 5 0
Map 12 5 1
Tile:8 2 6 0
Drop 2 0 1
Tile:9 2 7 0
Drop 0 0 1
Map 12 3 0
Drop 4 0 1
Tile:0 1 5 0
Drop 2 0 1
Destroy 0 3 0
Drop 0 0 1
Tile:8 0 3 0
Drop 0 0 1
Drop 0 0 0
Drop 1 0 1
Drop 0 0 0
Drop 0 0 1
GAMEOVER DRAW
# Game ended: Sun Apr 12 11:09:57 EDT 2020
