# Server version 0.08 running on localhost:8123
# Game ID: 100
# Board class: Saboteur.SaboteurBoard
# Timeout: 20000
# First Move Timeout: 30000
# Date: Sun Apr 12 11:07:41 EDT 2020
# Player 1: Player-0, '260776911', running on localhost
# Player 2: Player-1, 'RandomPlayer', running on localhost
START Player-0 260776911
START Player-1 RandomPlayer
BoardInit:Tile:8,Tile:13,Tile:8,Tile:10,Map,Tile:0,Tile:7,Tile:7,Tile:5,Tile:0,Tile:2,Tile:10,Tile:11,Map,Destroy,Destroy,Map,Tile:8,Tile:5,Tile:4,Tile:5,Map,Tile:14,Bonus,Tile:0,Tile:8,Tile:9,Tile:6,Tile:3,Tile:6,Tile:7,Bonus,Map,Tile:9,Tile:10,Malus,Tile:0,Malus,Tile:9,Tile:7,Bonus-Tile:9,Tile:6,Tile:6,Tile:15,Tile:12,Tile:5,Bonus-Destroy,Tile:8,Tile:7,Map,Tile:6,Tile:9,Tile:1-Tile:nugget,Tile:hidden1,Tile:hidden2
Tile:15 5 6 1
Destroy 5 6 0
Tile:6_flip 5 4 1
Tile:8 6 4 0
Tile:6_flip 4 4 1
Tile:7 6 3 0
Tile:5_flip 6 5 1
Map 12 3 0
Drop 2 0 1
Tile:6 4 5 0
Tile:9 3 4 1
Tile:9 3 3 0
Tile:2_flip 5 3 1
Tile:1 4 3 0
Tile:11 3 5 1
Tile:13 3 2 0
Tile:5_flip 7 4 1
Tile:10 3 1 0
Destroy 6 3 1
Tile:0 4 2 0
Tile:8 6 3 1
Tile:7 3 0 0
Tile:8 7 3 1
Tile:0 2 0 0
Drop 2 0 1
Tile:10 3 6 0
Tile:5 1 0 1
Map 12 3 0
Tile:0 2 2 1
Destroy 1 0 0
Tile:9 7 2 1
Tile:8 1 0 0
Tile:14 5 6 1
Tile:4 6 2 0
Drop 5 0 1
Map 12 3 0
Tile:3_flip 1 2 1
Malus 0 0 0
Map 12 7 1
Malus 0 0 0
Drop 0 0 1
Tile:8 1 1 0
Drop 0 0 1
Tile:6 0 0 0
Drop 4 0 1
Tile:6 3 7 0
Drop 0 0 1
Tile:9 2 7 0
Map 12 3 1
Tile:7 2 6 0
Drop 0 0 1
Drop 0 0 0
Bonus 0 0 1
Drop 0 0 0
Drop 0 0 1
GAMEOVER DRAW
# Game ended: Sun Apr 12 11:07:42 EDT 2020
