# Server version 0.08 running on localhost:8123
# Game ID: 357
# Board class: Saboteur.SaboteurBoard
# Timeout: 20000
# First Move Timeout: 30000
# Date: Sun Apr 12 20:32:06 EDT 2020
# Player 1: Player-0, '260776911', running on localhost
# Player 2: Player-1, 'RandomPlayer', running on localhost
START Player-0 260776911
START Player-1 RandomPlayer
BoardInit:Map,Tile:14,Tile:0,Tile:6,Tile:6,Tile:15,Map,Tile:6,Tile:9,Tile:0,Map,Tile:5,Tile:8,Tile:7,Tile:13,Tile:7,Tile:10,Tile:8,Tile:9,Tile:9,Destroy,Malus,Map,Destroy,Tile:6,Tile:10,Malus,Tile:2,Tile:8,Tile:7,Tile:8,Tile:9,Map,Destroy,Bonus,Tile:7,Tile:5,Tile:11,Tile:5,Bonus,Tile:10-Tile:7,Bonus,Tile:8,Bonus,Tile:6,Tile:9,Map-Tile:4,Tile:0,Tile:12,Tile:5,Tile:1,Tile:3,Tile:0-Tile:hidden2,Tile:hidden1,Tile:nugget
Tile:6 4 5 1
Drop 0 0 0
Tile:9_flip 6 5 1
Drop 1 0 0
Tile:8 3 5 1
Drop 2 0 0
Tile:7 4 4 1
Drop 2 0 0
Tile:0 2 5 1
Drop 3 0 0
Map 12 3 1
Drop 4 0 0
Tile:6_flip 3 4 1
Tile:6 2 4 0
Map 12 7 1
Tile:0 1 5 0
Drop 1 0 1
Tile:5 6 4 0
Tile:9_flip 5 6 1
Tile:7 2 3 0
Map 12 3 1
Tile:5_flip 5 7 0
Destroy 4 5 1
Malus 0 0 0
Drop 2 0 1
Destroy 1 5 0
Bonus 0 0 1
Tile:7_flip 4 7 0
Drop 2 0 1
Drop 6 0 0
Tile:9_flip 7 4 1
Tile:9 4 6 0
Tile:8 4 5 1
Tile:10 7 5 0
Drop 3 0 1
Destroy 2 3 0
Drop 3 0 1
Tile:9 1 4 0
Map 12 3 1
Drop 6 0 0
Tile:8 2 3 1
Tile:7 2 2 0
Tile:5_flip 3 3 1
Tile:8 7 3 0
Tile:5 1 3 1
Tile:0 8 3 0
Tile:10 3 6 1
Tile:6 9 3 0
Tile:13 1 5 1
Tile:0 10 3 0
Map 12 3 1
Tile:7 9 2 0
Map 12 3 1
Drop 0 0 0
Drop 0 0 1
GAMEOVER DRAW
# Game ended: Sun Apr 12 20:32:06 EDT 2020
