# Server version 0.08 running on localhost:8123
# Game ID: 70
# Board class: Saboteur.SaboteurBoard
# Timeout: 20000
# First Move Timeout: 30000
# Date: Sun Apr 12 04:29:04 EDT 2020
# Player 1: Player-0, '260776911', running on localhost
# Player 2: Player-1, '260776911', running on localhost
START Player-0 260776911
START Player-1 260776911
BoardInit:Tile:9,Map,Bonus,Tile:7,Tile:3,Tile:11,Destroy,Tile:9,Tile:14,Tile:10,Tile:8,Tile:10,Tile:5,Tile:8,Map,Tile:5,Malus,Tile:0,Destroy,Tile:6,Tile:13,Map,Tile:7,Map,Map,Tile:10,Tile:8,Tile:6,Tile:7,Tile:6,Tile:7,Map,Tile:0,Tile:8,Tile:9,Tile:5,Bonus,Tile:1,Tile:12,Tile:6,Tile:2-Tile:5,Tile:9,Tile:15,Tile:6,Tile:9,Bonus,Tile:0-Malus,Tile:0,Destroy,Tile:4,Tile:7,Tile:8,Bonus-Tile:hidden1,Tile:hidden2,Tile:nugget
Tile:5 5 4 1
Malus 0 0 0
Bonus 0 0 1
Tile:0 6 4 0
Tile:9 5 6 1
Destroy 5 4 0
Tile:15 5 7 1
Tile:4_flip 5 8 0
Tile:6 4 5 1
Tile:7 4 4 0
Tile:9 5 4 1
Tile:8 3 4 0
Tile:0 2 4 1
Map 12 3 0
Tile:9 1 4 1
Tile:7 1 3 0
Tile:3 3 3 1
Tile:11 0 3 0
Destroy 0 3 1
Tile:9 0 3 0
Tile:14 0 4 1
Tile:10 0 2 0
Tile:8 0 1 1
Tile:10 0 0 0
Tile:5 5 3 1
Tile:8 1 1 0
Map 12 3 1
Tile:5 1 0 0
Malus 0 0 1
Bonus 0 0 0
Destroy 0 0 1
Tile:0 2 0 0
Tile:13 1 5 1
Tile:6 1 6 0
Tile:7 0 0 1
Map 12 3 0
Map 12 3 1
Map 12 3 0
Tile:8 2 6 1
Tile:10 2 7 0
Tile:7 2 1 1
Tile:6 0 6 0
Tile:7 2 5 1
Tile:6 3 0 0
Tile:0 3 6 1
Map 12 3 0
Tile:9 2 2 1
Tile:8 2 8 0
Tile:12 3 2 1
Tile:5 0 5 0
Tile:2 3 8 1
Tile:1 1 8 0
Drop 0 0 1
Tile:6 0 8 0
Drop 0 0 1
GAMEOVER DRAW
# Game ended: Sun Apr 12 04:29:04 EDT 2020
