# Server version 0.08 running on localhost:8123
# Game ID: 4
# Board class: Saboteur.SaboteurBoard
# Timeout: 20000
# First Move Timeout: 30000
# Date: Sat Apr 11 21:07:42 EDT 2020
# Player 1: Player-0, 'RandomPlayer', running on localhost
# Player 2: Player-1, 'Human', running on localhost
START Player-0 RandomPlayer
START Player-1 Human
BoardInit:Map,Tile:1,Tile:2,Tile:8,Tile:10,Tile:10,Tile:6,Tile:8,Tile:9,Tile:6,Map,Tile:5,Map,Tile:8,Tile:13,Tile:14,Map,Bonus,Tile:7,Tile:9,Malus,Tile:15,Map,Tile:0,Tile:0,Tile:3,Tile:6,Malus,Destroy,Tile:8,Tile:6,Tile:5,Map,Tile:9,Tile:7,Tile:7,Tile:0,Tile:8,Tile:9,Tile:4,Destroy-Bonus,Tile:5,Tile:10,Tile:0,Tile:7,Destroy,Tile:7-Bonus,Tile:9,Tile:6,Tile:12,Tile:5,Bonus,Tile:11-Tile:hidden2,Tile:hidden1,Tile:nugget
Drop 6 0 1
Tile:11 4 5 0
Tile:10 4 6 1
Tile:5_flip 6 5 0
Tile:7 4 4 1
Tile:8 3 4 0
Tile:0 2 4 1
Tile:10 5 6 0
Tile:6 5 7 1
Drop 2 0 0
Tile:9_flip 6 7 1
Tile:9 5 4 0
Tile:5 1 4 1
Tile:8 3 3 0
Tile:10 3 2 1
Drop 5 0 0
Tile:13 6 8 1
Tile:8 4 7 0
Tile:2 3 7 1
Tile:14_flip 2 7 0
Tile:7 6 4 1
Tile:6 3 8 0
Map 12 5 1
Tile:9_flip 7 8 0
Map 12 7 1
Drop 4 0 0
Destroy 6 7 1
Tile:15 5 3 0
Tile:0 2 3 1
Tile:0 1 3 0
Destroy 6 8 1
Tile:3_flip 2 8 0
Tile:6 6 7 1
Drop 1 0 0
Tile:6_flip 7 7 1
Tile:9_flip 1 5 0
Malus 0 0 1
Drop 2 0 0
Tile:0 8 7 1
Bonus 0 0 0
Tile:7 9 7 1
Tile:8 9 8 0
Tile:9_flip 10 8 1
Tile:7_flip 0 3 0
Map 12 3 1
Drop 3 0 0
Destroy 10 8 1
Tile:5 5 2 0
Drop 3 0 1
Tile:4 3 1 0
Drop 2 0 1
Malus 0 0 0
Drop 1 0 1
Drop 0 0 0
Bonus 0 0 1
GAMEOVER DRAW
# Game ended: Sat Apr 11 21:18:20 EDT 2020
