# Server version 0.08 running on localhost:8123
# Game ID: 455
# Board class: Saboteur.SaboteurBoard
# Timeout: 20000
# First Move Timeout: 30000
# Date: Mon Apr 13 16:47:06 EDT 2020
# Player 1: Player-0, '260776911', running on localhost
# Player 2: Player-1, 'RandomPlayer', running on localhost
START Player-0 260776911
START Player-1 RandomPlayer
BoardInit:Tile:6,Tile:9,Map,Tile:7,Tile:8,Tile:6,Tile:7,Tile:14,Map,Tile:5,Map,Tile:9,Bonus,Tile:8,Tile:10,Tile:9,Malus,Tile:8,Tile:4,Map,Tile:0,Tile:13,Tile:0,Tile:9,Tile:8,Bonus,Tile:10,Malus,Map,Tile:5,Destroy,Tile:5,Tile:8,Tile:6,Map,Tile:12,Tile:7,Tile:0,Tile:1,Tile:5,Destroy-Tile:9,Tile:7,Tile:0,Bonus,Tile:2,Bonus,Tile:10-Tile:7,Tile:15,Tile:3,Tile:6,Destroy,Tile:11,Tile:6-Tile:hidden1,Tile:nugget,Tile:hidden2
Tile:7 6 5 1
Drop 1 0 0
Drop 1 0 1
Drop 1 0 0
Tile:9_flip 5 6 1
Drop 3 0 0
Tile:2 4 5 1
Tile:7 5 4 0
Drop 0 0 1
Drop 6 0 0
Tile:6 4 6 1
Tile:6 5 7 0
Drop 0 0 1
Destroy 5 4 0
Tile:7_flip 3 6 1
Tile:6 6 7 0
Map 12 5 1
Tile:9 5 4 0
Drop 1 0 1
Tile:7 5 3 0
Tile:10 6 6 1
Map 12 3 0
Map 12 7 1
Drop 6 0 0
Drop 2 0 1
Tile:6 6 4 0
Map 12 3 1
Tile:5 6 3 0
Tile:0 7 4 1
Tile:9_flip 7 7 0
Malus 0 0 1
Bonus 0 0 0
Tile:4 7 6 1
Tile:8 8 4 0
Destroy 5 6 1
Tile:9 8 3 0
Map 12 3 1
Drop 6 0 0
Tile:8 8 5 1
Tile:8 9 3 0
Tile:7 8 2 1
Tile:9 8 6 0
Tile:10 8 7 1
Tile:5_flip 7 3 0
Drop 4 0 1
Tile:5_flip 9 4 0
Destroy 8 3 1
Tile:6 9 6 0
Tile:0 4 7 1
Tile:0 10 3 0
Tile:8 10 6 1
Tile:5 10 5 0
Map 12 3 1
Drop 0 0 0
Drop 0 0 1
GAMEOVER DRAW
# Game ended: Mon Apr 13 16:47:06 EDT 2020
