# Server version 0.08 running on client.openvpn.net:8123
# Game ID: 119
# Board class: Saboteur.SaboteurBoard
# Timeout: 20000
# First Move Timeout: 30000
# Date: Sun Apr 12 11:53:43 EDT 2020
# Player 1: Player-0, '260776911', running on client.openvpn.net
# Player 2: Player-1, 'RandomPlayer', running on client.openvpn.net
START Player-0 260776911
START Player-1 RandomPlayer
BoardInit:Bonus,Tile:7,Tile:2,Map,Tile:8,Malus,Tile:8,Map,Tile:6,Tile:9,Tile:1,Tile:10,Tile:10,Tile:9,Tile:8,Map,Map,Tile:7,Tile:11,Tile:12,Tile:5,Tile:5,Tile:6,Bonus,Bonus,Destroy,Tile:7,Tile:6,Tile:0,Tile:6,Tile:5,Map,Tile:4,Tile:0,Tile:9,Tile:0,Map,Tile:15,Tile:8,Tile:7,Tile:13-Tile:6,Tile:9,Tile:5,Tile:0,Malus,Destroy,Bonus-Tile:3,Tile:8,Tile:14,Tile:10,Tile:9,Tile:7,Destroy-Tile:nugget,Tile:hidden2,Tile:hidden1
Tile:6 4 5 1
Tile:3 4 4 0
Tile:5 3 4 1
Tile:8 3 5 0
Destroy 3 4 1
Map 12 3 0
Drop 2 0 1
Malus 0 0 0
Drop 0 0 1
Tile:14 3 6 0
Drop 4 0 1
Tile:10 5 4 0
Drop 3 0 1
Tile:9 3 4 0
Drop 2 0 1
Tile:7 3 3 0
Drop 1 0 1
Destroy 3 3 0
Drop 3 0 1
Tile:7 3 3 0
Map 12 7 1
Map 12 3 0
Drop 0 0 1
Tile:9 2 3 0
Drop 2 0 1
Tile:10 2 2 0
Drop 0 0 1
Tile:9 2 1 0
Drop 6 0 1
Map 12 3 0
Drop 1 0 1
Tile:7 2 0 0
Drop 4 0 1
Tile:12 3 1 0
Drop 3 0 1
Tile:5 1 0 0
Drop 3 0 1
Destroy 1 0 0
Map 12 5 1
Tile:6 1 0 0
Drop 2 0 1
Tile:6 0 0 0
Drop 0 0 1
Map 12 3 0
Drop 4 0 1
Tile:0 2 5 0
Drop 2 0 1
Tile:0 2 6 0
Drop 0 0 1
Tile:15 5 3 0
Drop 0 0 1
Tile:7 5 2 0
Drop 1 0 1
Drop 0 0 0
Drop 0 0 1
GAMEOVER DRAW
# Game ended: Sun Apr 12 11:53:43 EDT 2020
