# Server version 0.08 running on localhost:8123
# Game ID: 97
# Board class: Saboteur.SaboteurBoard
# Timeout: 20000
# First Move Timeout: 30000
# Date: Sun Apr 12 11:01:10 EDT 2020
# Player 1: Player-0, '260776911', running on localhost
# Player 2: Player-1, 'RandomPlayer', running on localhost
START Player-0 260776911
START Player-1 RandomPlayer
BoardInit:Tile:3,Bonus,Map,Bonus,Tile:11,Bonus,Destroy,Tile:8,Tile:9,Map,Tile:15,Tile:5,Tile:6,Destroy,Tile:0,Tile:2,Tile:7,Tile:6,Tile:10,Map,Tile:9,Tile:5,Map,Tile:7,Tile:10,Tile:6,Tile:8,Map,Tile:4,Tile:0,Tile:8,Tile:13,Bonus,Destroy,Tile:8,Malus,Tile:1,Tile:5,Tile:9,Tile:14,Tile:9-Malus,Tile:6,Tile:0,Tile:7,Tile:9,Tile:5,Map-Tile:10,Tile:8,Tile:7,Tile:0,Tile:7,Tile:6,Tile:12-Tile:hidden2,Tile:nugget,Tile:hidden1
Tile:5 5 4 1
Tile:10 5 6 0
Tile:9_flip 6 5 1
Tile:8 6 4 0
Tile:3 7 4 1
Tile:7 6 3 0
Tile:11_flip 5 7 1
Tile:0 5 3 0
Tile:7_flip 4 3 1
Tile:7 4 2 0
Map 12 3 1
Tile:6 3 2 0
Tile:9 2 2 1
Tile:12_flip 4 5 0
Destroy 6 5 1
Tile:8 2 1 0
Malus 0 0 1
Bonus 0 0 0
Tile:6 6 5 1
Map 12 3 0
Tile:0 1 1 1
Tile:5 0 1 0
Tile:10 5 8 1
Destroy 0 1 0
Tile:15 5 9 1
Tile:2 0 1 0
Tile:7 3 1 1
Tile:6 0 2 0
Drop 5 0 1
Map 12 3 0
Tile:9_flip 2 0 1
Tile:5 4 7 0
Tile:8 2 3 1
Tile:7 1 2 0
Drop 4 0 1
Tile:6 1 0 0
Tile:6 7 5 1
Malus 0 0 0
Drop 6 0 1
Map 12 3 0
Drop 2 0 1
Tile:0 0 0 0
Bonus 0 0 1
Tile:13 1 3 0
Tile:9_flip 8 5 1
Destroy 0 0 0
Tile:0 0 3 1
Tile:5 8 4 0
Tile:9 8 6 1
Tile:14 1 4 0
Drop 1 0 1
Drop 0 0 0
Tile:8 9 6 1
Drop 0 0 0
Map 12 5 1
GAMEOVER DRAW
# Game ended: Sun Apr 12 11:01:10 EDT 2020
