# Server version 0.08 running on localhost:8123
# Game ID: 7
# Board class: Saboteur.SaboteurBoard
# Timeout: 20000
# First Move Timeout: 30000
# Date: Sat Apr 11 21:29:14 EDT 2020
# Player 1: Player-0, 'RandomPlayer', running on localhost
# Player 2: Player-1, 'Human', running on localhost
START Player-0 RandomPlayer
START Player-1 Human
BoardInit:Tile:7,Map,Tile:8,Tile:8,Tile:0,Tile:6,Tile:6,Tile:10,Tile:7,Tile:3,Tile:7,Tile:10,Tile:6,Tile:8,Tile:5,Tile:13,Tile:1,Map,Map,Bonus,Tile:6,Tile:9,Tile:9,Tile:0,Tile:5,Tile:15,Tile:5,Bonus,Tile:7,Map,Tile:12,Tile:2,Tile:14,Tile:5,Map,Tile:4,Tile:11,Tile:0,Tile:6,Tile:10,Map-Tile:7,Tile:8,Malus,Tile:9,Bonus,Destroy,Malus-Tile:0,Bonus,Tile:8,Tile:9,Destroy,Destroy,Tile:9-Tile:hidden1,Tile:nugget,Tile:hidden2
Tile:8 6 5 1
Tile:9 5 6 0
Malus 0 0 1
Bonus 0 0 0
Tile:8 7 5 1
Destroy 6 5 0
Tile:0 6 5 1
Tile:8 4 5 0
Tile:6 8 5 1
Tile:8 3 5 0
Malus 0 0 1
Destroy 4 5 0
Tile:7 6 6 1
Drop 4 0 0
Tile:7_flip 6 7 1
Map 12 7 0
Tile:7 7 4 1
Drop 5 0 0
Tile:6 9 5 1
Drop 3 0 0
Map 12 5 1
Drop 6 0 0
Tile:6 10 5 1
Map 12 7 0
Tile:1 11 5 1
Drop 2 0 0
Tile:5 2 5 1
Drop 0 0 0
Tile:5_flip 7 7 1
Drop 6 0 0
Tile:9 7 6 1
Map 12 3 0
Tile:12_flip 6 4 1
Drop 6 0 0
Tile:14_flip 8 4 1
Drop 3 0 0
Tile:9 2 6 1
Drop 3 0 0
Tile:11 2 7 1
Drop 6 0 0
Destroy 11 5 1
Drop 2 0 0
Tile:6 11 5 1
GAMEOVER WINNER 1
# Game ended: Sat Apr 11 21:33:05 EDT 2020
