# Server version 0.08 running on localhost:8123
# Game ID: 302
# Board class: Saboteur.SaboteurBoard
# Timeout: 20000
# First Move Timeout: 30000
# Date: Sun Apr 12 20:16:00 EDT 2020
# Player 1: Player-0, '260776911', running on localhost
# Player 2: Player-1, 'RandomPlayer', running on localhost
START Player-0 260776911
START Player-1 RandomPlayer
BoardInit:Map,Malus,Destroy,Bonus,Tile:5,Tile:0,Destroy,Tile:6,Tile:0,Tile:8,Tile:6,Tile:9,Tile:2,Tile:10,Tile:9,Tile:13,Tile:5,Tile:6,Tile:3,Tile:5,Tile:6,Tile:5,Tile:7,Bonus,Tile:15,Map,Tile:8,Tile:9,Tile:10,Tile:6,Tile:7,Tile:1,Tile:11,Tile:9,Tile:8,Map,Bonus,Tile:8,Tile:14,Tile:12,Tile:4-Map,Tile:7,Bonus,Tile:7,Tile:8,Tile:0,Map-Tile:9,Destroy,Tile:7,Map,Tile:0,Tile:10,Malus-Tile:nugget,Tile:hidden2,Tile:hidden1
Tile:7 5 4 1
Drop 3 0 0
Map 12 5 1
Malus 0 0 0
Map 12 5 1
Malus 0 0 0
Map 12 3 1
Destroy 5 4 0
Drop 5 0 1
Tile:0 6 5 0
Drop 1 0 1
Tile:6 4 5 0
Drop 0 0 1
Tile:8 3 5 0
Drop 2 0 1
Tile:0 7 5 0
Drop 0 0 1
Drop 6 0 0
Destroy 7 5 1
Tile:9 5 4 0
Drop 2 0 1
Tile:10 4 4 0
Drop 0 0 1
Tile:6 5 6 0
Drop 2 0 1
Tile:5 2 5 0
Drop 0 0 1
Drop 6 0 0
Drop 5 0 1
Tile:5 4 3 0
Drop 0 0 1
Tile:9_flip 3 4 0
Drop 6 0 1
Drop 6 0 0
Drop 3 0 1
Tile:6 3 6 0
Drop 3 0 1
Drop 6 0 0
Drop 0 0 1
Tile:9_flip 7 5 0
Drop 4 0 1
Drop 6 0 0
Drop 5 0 1
Tile:9 7 6 0
Drop 4 0 1
Tile:10 3 3 0
Drop 2 0 1
Tile:7_flip 7 7 0
Drop 0 0 1
Tile:8 7 4 0
Drop 0 0 1
Drop 1 0 0
Drop 1 0 1
Drop 0 0 0
Drop 0 0 1
GAMEOVER DRAW
# Game ended: Sun Apr 12 20:16:00 EDT 2020
