# Server version 0.08 running on localhost:8123
# Game ID: 118
# Board class: Saboteur.SaboteurBoard
# Timeout: 20000
# First Move Timeout: 30000
# Date: Sun Apr 12 11:52:31 EDT 2020
# Player 1: Player-0, '260776911', running on localhost
# Player 2: Player-1, 'RandomPlayer', running on localhost
START Player-0 260776911
START Player-1 RandomPlayer
BoardInit:Tile:6,Tile:0,Tile:7,Tile:9,Tile:9,Tile:6,Tile:6,Map,Map,Tile:0,Tile:9,Tile:8,Tile:6,Tile:8,Tile:7,Tile:5,Bonus,Tile:8,Tile:12,Tile:8,Bonus,Tile:15,Bonus,Tile:10,Tile:7,Destroy,Tile:14,Tile:10,Tile:2,Tile:4,Tile:5,Tile:10,Tile:9,Tile:11,Tile:7,Tile:7,Tile:0,Destroy,Bonus,Map,Tile:3-Tile:13,Tile:1,Tile:9,Tile:0,Malus,Map,Destroy-Tile:8,Malus,Map,Map,Tile:5,Tile:6,Tile:5-Tile:nugget,Tile:hidden1,Tile:hidden2
Drop 2 0 1
Malus 0 0 0
Drop 5 0 1
Map 12 3 0
Map 12 5 1
Tile:8 5 4 0
Drop 3 0 1
Map 12 3 0
Drop 1 0 1
Tile:5 5 3 0
Drop 1 0 1
Tile:6 6 3 0
Drop 4 0 1
Tile:5 4 4 0
Map 12 7 1
Tile:0 6 4 0
Drop 5 0 1
Tile:9 4 5 0
Drop 3 0 1
Tile:6 4 6 0
Drop 2 0 1
Map 12 3 0
Drop 5 0 1
Tile:0 3 6 0
Drop 4 0 1
Tile:8 2 6 0
Drop 5 0 1
Tile:8 2 5 0
Drop 6 0 1
Tile:5 2 4 0
Drop 1 0 1
Tile:8 1 5 0
Drop 4 0 1
Tile:8 1 6 0
Drop 0 0 1
Tile:15 1 4 0
Drop 4 0 1
Tile:10 1 3 0
Drop 0 0 1
Destroy 1 3 0
Drop 4 0 1
Tile:10 1 3 0
Bonus 0 0 1
Tile:4 1 2 0
Tile:0 0 5 1
Tile:10 1 7 0
Tile:2 6 2 1
Tile:11 1 8 0
Tile:7 3 4 1
Tile:7 2 8 0
Tile:9_flip 7 2 1
Destroy 0 5 0
Tile:3 6 5 1
Map 12 3 0
Drop 0 0 1
GAMEOVER DRAW
# Game ended: Sun Apr 12 11:52:31 EDT 2020
