# Server version 0.08 running on localhost:8123
# Game ID: 156
# Board class: Saboteur.SaboteurBoard
# Timeout: 20000
# First Move Timeout: 30000
# Date: Sun Apr 12 14:24:28 EDT 2020
# Player 1: Player-0, '260776911', running on localhost
# Player 2: Player-1, 'RandomPlayer', running on localhost
START Player-0 260776911
START Player-1 RandomPlayer
BoardInit:Tile:7,Tile:8,Tile:7,Tile:5,Tile:8,Tile:9,Tile:5,Malus,Destroy,Tile:12,Tile:2,Tile:6,Tile:10,Tile:10,Bonus,Destroy,Tile:11,Tile:0,Tile:6,Tile:13,Map,Map,Tile:0,Tile:5,Bonus,Tile:15,Tile:8,Tile:6,Tile:7,Tile:9,Tile:8,Tile:9,Map,Tile:4,Tile:6,Destroy,Tile:7,Tile:7,Tile:14,Tile:10,Malus-Bonus,Tile:8,Tile:5,Map,Tile:6,Map,Bonus-Tile:1,Map,Tile:9,Tile:0,Tile:9,Tile:0,Tile:3-Tile:hidden2,Tile:nugget,Tile:hidden1
Tile:5_flip 6 5 1
Map 12 3 0
Tile:6 4 5 1
Drop 0 0 0
Tile:7 4 4 1
Drop 4 0 0
Drop 3 0 1
Tile:9 5 6 0
Tile:7_flip 3 5 1
Malus 0 0 0
Drop 1 0 1
Drop 6 0 0
Bonus 0 0 1
Tile:0 6 6 0
Drop 3 0 1
Tile:9 5 7 0
Tile:10 6 4 1
Tile:0 6 7 0
Drop 1 0 1
Tile:8 5 8 0
Tile:6 4 8 1
Drop 6 0 0
Tile:11 3 4 1
Drop 6 0 0
Destroy 5 7 1
Destroy 3 4 0
Map 12 5 1
Drop 6 0 0
Tile:8 5 7 1
Tile:5 4 7 0
Drop 3 0 1
Tile:9 3 8 0
Tile:8 7 7 1
Tile:6 3 9 0
Map 12 5 1
Drop 6 0 0
Tile:6 8 7 1
Tile:10 3 7 0
Tile:7_flip 5 9 1
Tile:0 2 9 0
Tile:2 6 8 1
Destroy 6 8 0
Tile:7 9 7 1
Tile:5 1 9 0
Drop 4 0 1
Tile:6 1 10 0
Map 12 7 1
Tile:9 0 10 0
Tile:8 8 6 1
Tile:9 0 11 0
Drop 0 0 1
Tile:7 0 9 0
Malus 0 0 1
Drop 0 0 0
Drop 0 0 1
GAMEOVER DRAW
# Game ended: Sun Apr 12 14:24:28 EDT 2020
