# Server version 0.08 running on 192.168.1.106:8123
# Game ID: 58
# Board class: Saboteur.SaboteurBoard
# Timeout: 20000
# First Move Timeout: 30000
# Date: Sun Apr 12 03:33:02 EDT 2020
# Player 1: Player-0, '260776911', running on 192.168.1.106
# Player 2: Player-1, 'RandomPlayer', running on 192.168.1.106
START Player-0 260776911
START Player-1 RandomPlayer
BoardInit:Map,Tile:7,Tile:5,Tile:10,Malus,Bonus,Tile:7,Destroy,Tile:8,Tile:8,Tile:9,Tile:9,Tile:5,Tile:9,Tile:6,Tile:13,Map,Malus,Map,Map,Tile:3,Tile:14,Tile:7,Bonus,Tile:0,Tile:8,Tile:10,Map,Tile:6,Destroy,Tile:7,Tile:0,Tile:0,Tile:12,Tile:6,Tile:10,Bonus,Tile:11,Tile:1,Map,Tile:5-Destroy,Tile:6,Tile:0,Bonus,Tile:4,Tile:7,Tile:9-Tile:9,Tile:15,Tile:5,Tile:6,Tile:8,Tile:2,Tile:8-Tile:hidden2,Tile:hidden1,Tile:nugget
Tile:0 4 5 1
Tile:9 3 5 0
Tile:9 3 6 1
Tile:15 3 4 0
Tile:4_flip 5 6 1
Tile:5 3 3 0
Drop 2 0 1
Tile:6 4 3 0
Tile:7 6 5 1
Tile:8 3 7 0
Drop 3 0 1
Tile:2 4 7 0
Tile:6 2 7 1
Tile:8 1 7 0
Tile:7 5 3 1
Tile:7 1 6 0
Tile:9 5 4 1
Tile:10 2 6 0
Tile:6 4 8 1
Destroy 1 6 0
Drop 4 0 1
Tile:8 1 8 0
Tile:3 1 6 1
Tile:9 0 6 0
Destroy 3 6 1
Tile:9 0 5 0
Tile:7 5 7 1
Tile:13 0 4 0
Malus 0 0 1
Bonus 0 0 0
Tile:0 1 5 1
Malus 0 0 0
Drop 2 0 1
Map 12 3 0
Drop 4 0 1
Tile:14 1 4 0
Drop 5 0 1
Tile:8 0 3 0
Drop 6 0 1
Map 12 3 0
Drop 0 0 1
Destroy 0 3 0
Drop 4 0 1
Tile:0 2 8 0
Drop 1 0 1
Tile:12 6 4 0
Drop 2 0 1
Tile:10 0 3 0
Drop 0 0 1
Tile:11 0 2 0
Drop 0 0 1
Map 12 3 0
Drop 1 0 1
Drop 0 0 0
Drop 0 0 1
GAMEOVER DRAW
# Game ended: Sun Apr 12 03:33:02 EDT 2020
