# Server version 0.08 running on localhost:8123
# Game ID: 430
# Board class: Saboteur.SaboteurBoard
# Timeout: 20000
# First Move Timeout: 30000
# Date: Mon Apr 13 16:37:35 EDT 2020
# Player 1: Player-0, '260776911', running on localhost
# Player 2: Player-1, 'RandomPlayer', running on localhost
START Player-0 260776911
START Player-1 RandomPlayer
BoardInit:Map,Malus,Tile:15,Tile:9,Tile:0,Tile:6,Tile:2,Tile:6,Map,Tile:7,Bonus,Tile:0,Tile:8,Tile:6,Tile:0,Map,Tile:10,Tile:8,Tile:14,Map,Map,Tile:9,Tile:7,Tile:5,Tile:6,Tile:0,Tile:3,Tile:10,Tile:9,Tile:7,Tile:5,Bonus,Bonus,Tile:8,Tile:12,Tile:1,Tile:5,Destroy,Tile:7,Tile:5,Tile:9-Tile:8,Tile:13,Tile:4,Tile:9,Destroy,Destroy,Tile:8-Tile:6,Map,Tile:7,Malus,Bonus,Tile:11,Tile:10-Tile:hidden2,Tile:hidden1,Tile:nugget
Tile:13 4 5 1
Map 12 3 0
Tile:9_flip 5 6 1
Drop 4 0 0
Tile:8 5 7 1
Tile:6 6 5 0
Tile:8 7 5 1
Tile:7 5 4 0
Destroy 4 5 1
Tile:10 6 4 0
Tile:2_flip 4 6 1
Tile:9 6 3 0
Map 12 3 1
Tile:6 6 7 0
Tile:8 4 5 1
Tile:6 7 3 0
Drop 5 0 1
Map 12 5 0
Tile:4 7 4 1
Tile:7 7 7 0
Tile:14_flip 4 4 1
Drop 6 0 0
Tile:10 6 2 1
Tile:6 7 6 0
Tile:0 8 6 1
Tile:0 9 6 0
Tile:6 5 8 1
Malus 0 0 0
Drop 3 0 1
Malus 0 0 0
Destroy 6 5 1
Tile:8 10 6 0
Map 12 7 1
Tile:0 11 6 0
Drop 4 0 1
Tile:8 10 7 0
Bonus 0 0 1
Drop 6 0 0
Map 12 5 1
Destroy 7 4 0
Drop 2 0 1
Tile:9 10 8 0
Drop 0 0 1
Tile:5 9 7 0
Drop 4 0 1
Tile:10 9 8 0
Drop 2 0 1
Tile:7 11 7 0
Drop 0 0 1
Tile:5_flip 11 8 0
Drop 0 0 1
Drop 1 0 0
Drop 1 0 1
Drop 0 0 0
Drop 0 0 1
GAMEOVER DRAW
# Game ended: Mon Apr 13 16:37:35 EDT 2020
