# Server version 0.08 running on localhost:8123
# Game ID: 400
# Board class: Saboteur.SaboteurBoard
# Timeout: 20000
# First Move Timeout: 30000
# Date: Sun Apr 12 20:40:18 EDT 2020
# Player 1: Player-0, '260776911', running on localhost
# Player 2: Player-1, 'RandomPlayer', running on localhost
START Player-0 260776911
START Player-1 RandomPlayer
BoardInit:Destroy,Tile:6,Tile:11,Tile:9,Tile:14,Tile:9,Tile:7,Tile:6,Tile:8,Map,Tile:13,Tile:9,Tile:5,Bonus,Destroy,Tile:15,Tile:9,Tile:5,Tile:0,Bonus,Tile:12,Tile:10,Tile:9,Malus,Tile:0,Tile:6,Map,Tile:6,Tile:7,Map,Bonus,Malus,Tile:3,Bonus,Tile:7,Tile:0,Tile:7,Tile:10,Tile:10,Map,Tile:8-Tile:8,Tile:7,Tile:6,Tile:2,Tile:4,Tile:5,Map-Tile:1,Destroy,Tile:0,Tile:8,Tile:8,Tile:5,Map-Tile:hidden2,Tile:hidden1,Tile:nugget
Tile:2 4 5 1
Drop 6 0 0
Tile:4_flip 4 6 1
Drop 0 0 0
Destroy 4 5 1
Destroy 4 6 0
Drop 4 0 1
Tile:6_flip 4 5 0
Tile:5_flip 6 5 1
Tile:9_flip 5 6 0
Drop 1 0 1
Drop 6 0 0
Tile:11 4 6 1
Tile:9_flip 5 7 0
Drop 5 0 1
Tile:6 4 7 0
Tile:7 5 4 1
Drop 6 0 0
Tile:5 3 5 1
Tile:9 6 4 0
Tile:8 6 3 1
Tile:5_flip 3 6 0
Destroy 6 3 1
Tile:5 3 7 0
Tile:8 6 3 1
Malus 0 0 0
Drop 0 0 1
Tile:10 6 2 0
Drop 4 0 1
Tile:6 5 3 0
Map 12 3 1
Drop 6 0 0
Drop 4 0 1
Malus 0 0 0
Drop 0 0 1
Tile:6 2 6 0
Drop 4 0 1
Tile:8 5 8 0
Drop 6 0 1
Tile:0 6 8 0
Drop 2 0 1
Drop 6 0 0
Drop 0 0 1
Tile:0 7 8 0
Drop 4 0 1
Tile:10 3 8 0
Drop 2 0 1
Tile:8 7 4 0
Drop 0 0 1
Drop 1 0 0
Drop 0 0 1
Drop 1 0 0
Drop 1 0 1
Drop 0 0 0
Drop 0 0 1
GAMEOVER DRAW
# Game ended: Sun Apr 12 20:40:18 EDT 2020
