# Server version 0.08 running on localhost:8123
# Game ID: 99
# Board class: Saboteur.SaboteurBoard
# Timeout: 20000
# First Move Timeout: 30000
# Date: Sun Apr 12 11:04:07 EDT 2020
# Player 1: Player-0, '260776911', running on localhost
# Player 2: Player-1, 'RandomPlayer', running on localhost
START Player-0 260776911
START Player-1 RandomPlayer
BoardInit:Tile:0,Tile:11,Tile:6,Tile:10,Tile:7,Tile:7,Tile:9,Tile:8,Tile:8,Tile:8,Tile:0,Map,Tile:10,Map,Tile:1,Tile:2,Tile:8,Tile:9,Map,Map,Tile:10,Tile:8,Bonus,Destroy,Tile:4,Destroy,Tile:15,Tile:7,Tile:6,Tile:12,Malus,Tile:7,Tile:5,Map,Tile:0,Tile:6,Tile:5,Tile:13,Map,Bonus,Tile:9-Bonus,Tile:5,Tile:6,Malus,Tile:7,Tile:9,Tile:5-Tile:0,Destroy,Bonus,Tile:9,Tile:6,Tile:3,Tile:14-Tile:hidden2,Tile:hidden1,Tile:nugget
Tile:9_flip 5 6 1
Tile:0 6 5 0
Tile:7_flip 4 6 1
Destroy 4 6 0
Tile:6_flip 7 5 1
Tile:9 5 4 0
Drop 6 0 1
Tile:6 6 4 0
Drop 0 0 1
Tile:3 5 3 0
Tile:0 8 5 1
Tile:14 5 7 0
Tile:5 4 6 1
Tile:11 4 7 0
Tile:6 9 5 1
Tile:10 4 8 0
Drop 5 0 1
Tile:7 9 4 0
Drop 5 0 1
Tile:8 4 9 0
Tile:9_flip 7 6 1
Tile:8 4 10 0
Tile:0 8 4 1
Map 12 3 0
Tile:5_flip 5 9 1
Map 12 3 0
Tile:4 5 8 1
Tile:2 3 9 0
Tile:8 4 11 1
Tile:9 3 10 0
Tile:6 7 7 1
Map 12 3 0
Tile:8 3 11 1
Tile:8 2 9 0
Tile:10 4 12 1
Destroy 2 9 0
Tile:0 4 3 1
Destroy 3 9 0
Malus 0 0 1
Bonus 0 0 0
Tile:15 3 12 1
Tile:7 5 10 0
Tile:9 6 7 1
Tile:12 8 7 0
Map 12 7 1
Tile:7 10 5 0
Tile:5 3 9 1
Map 12 3 0
Tile:5 3 3 1
Tile:6 3 4 0
Drop 1 0 1
Tile:13 2 4 0
Map 12 3 1
Drop 0 0 0
Drop 0 0 1
GAMEOVER DRAW
# Game ended: Sun Apr 12 11:04:07 EDT 2020
