# Server version 0.08 running on localhost:8123
# Game ID: 264
# Board class: Saboteur.SaboteurBoard
# Timeout: 20000
# First Move Timeout: 30000
# Date: Sun Apr 12 19:19:46 EDT 2020
# Player 1: Player-0, '260776911', running on localhost
# Player 2: Player-1, 'RandomPlayer', running on localhost
START Player-0 260776911
START Player-1 RandomPlayer
BoardInit:Tile:11,Tile:8,Tile:8,Map,Tile:14,Tile:0,Destroy,Tile:0,Tile:0,Tile:5,Tile:10,Tile:8,Destroy,Tile:12,Tile:2,Bonus,Tile:9,Tile:5,Malus,Map,Tile:7,Tile:5,Map,Tile:0,Bonus,Tile:6,Map,Bonus,Tile:10,Tile:7,Tile:7,Tile:9,Destroy,Tile:8,Tile:1,Tile:6,Tile:6,Tile:13,Tile:8,Tile:7,Tile:3-Tile:6,Tile:4,Tile:7,Tile:9,Bonus,Tile:5,Tile:6-Map,Map,Tile:10,Malus,Tile:9,Tile:15,Tile:9-Tile:hidden1,Tile:nugget,Tile:hidden2
Tile:7_flip 5 6 1
Map 12 3 0
Tile:6 4 5 1
Map 12 5 0
Drop 1 0 1
Drop 6 0 0
Tile:6 3 5 1
Drop 3 0 0
Tile:11 4 4 1
Tile:9_flip 6 5 0
Drop 1 0 1
Tile:10 6 4 0
Tile:8 2 5 1
Tile:9_flip 6 6 0
Tile:5_flip 6 7 1
Drop 6 0 0
Destroy 6 5 1
Tile:5 5 7 0
Tile:2 1 5 1
Tile:8 6 5 0
Destroy 3 5 1
Drop 6 0 0
Tile:10 5 8 1
Tile:0 7 5 0
Tile:9_flip 5 4 1
Tile:0 8 5 0
Tile:0 0 5 1
Tile:5_flip 9 5 0
Tile:4 4 3 1
Malus 0 0 0
Malus 0 0 1
Bonus 0 0 0
Map 12 7 1
Tile:8 9 4 0
Destroy 4 3 1
Tile:0 10 4 0
Map 12 7 1
Tile:6 11 4 0
Drop 0 0 1
Drop 6 0 0
Drop 4 0 1
Tile:8 4 3 0
Drop 5 0 1
Tile:9_flip 12 4 0
GAMEOVER WINNER 0
# Game ended: Sun Apr 12 19:19:46 EDT 2020
