# Server version 0.08 running on localhost:8123
# Game ID: 48
# Board class: Saboteur.SaboteurBoard
# Timeout: 20000
# First Move Timeout: 30000
# Date: Sun Apr 12 02:43:01 EDT 2020
# Player 1: Player-0, '260776911', running on localhost
# Player 2: Player-1, 'RandomPlayer', running on localhost
START Player-0 260776911
START Player-1 RandomPlayer
BoardInit:Tile:0,Tile:5,Map,Tile:0,Malus,Tile:7,Tile:7,Map,Tile:8,Tile:10,Tile:5,Tile:10,Tile:10,Tile:6,Tile:4,Destroy,Tile:6,Tile:6,Tile:7,Tile:14,Bonus,Bonus,Map,Tile:8,Tile:5,Tile:5,Tile:11,Tile:13,Map,Tile:9,Tile:0,Tile:15,Tile:9,Tile:12,Bonus,Tile:9,Bonus,Map,Tile:7,Tile:6,Map-Tile:8,Tile:8,Tile:3,Tile:2,Tile:6,Destroy,Tile:0-Tile:9,Tile:8,Tile:7,Tile:1,Destroy,Malus,Tile:9-Tile:hidden1,Tile:nugget,Tile:hidden2
Tile:6 6 5 1
Tile:9 5 4 0
Tile:2 6 4 1
Tile:8 5 3 0
Map 12 5 1
Tile:7 5 2 0
Tile:3_flip 5 6 1
Tile:1 4 2 0
Tile:0 7 4 1
Destroy 4 2 0
Tile:0 8 4 1
Malus 0 0 0
Destroy 5 2 1
Tile:9 5 2 0
Drop 5 0 1
Tile:5 5 1 0
Drop 1 0 1
Tile:0 6 1 0
Drop 3 0 1
Tile:7 6 2 0
Drop 2 0 1
Map 12 3 0
Drop 5 0 1
Tile:6 6 3 0
Drop 0 0 1
Destroy 5 1 0
Map 12 7 1
Tile:6 4 3 0
Drop 2 0 1
Tile:10 4 2 0
Malus 0 0 1
Bonus 0 0 0
Map 12 7 1
Tile:10 4 1 0
Drop 0 0 1
Tile:14 7 1 0
Drop 3 0 1
Tile:8 4 0 0
Bonus 0 0 1
Tile:5 3 0 0
Tile:9_flip 3 1 1
Tile:13 2 1 0
Tile:5_flip 2 2 1
Tile:9 1 1 0
Map 12 5 1
Tile:15 1 0 0
Tile:7_flip 4 5 1
Tile:12 5 0 0
Tile:0 3 3 1
Tile:9 1 2 0
Drop 0 0 1
Map 12 3 0
Drop 1 0 1
Tile:6 1 3 0
Drop 0 0 1
GAMEOVER DRAW
# Game ended: Sun Apr 12 02:43:01 EDT 2020
