# Server version 0.08 running on localhost:8123
# Game ID: 274
# Board class: Saboteur.SaboteurBoard
# Timeout: 20000
# First Move Timeout: 30000
# Date: Sun Apr 12 19:22:30 EDT 2020
# Player 1: Player-0, '260776911', running on localhost
# Player 2: Player-1, 'RandomPlayer', running on localhost
START Player-0 260776911
START Player-1 RandomPlayer
BoardInit:Tile:7,Tile:9,Tile:7,Tile:9,Map,Tile:5,Tile:1,Malus,Tile:6,Tile:6,Tile:7,Tile:9,Tile:4,Tile:8,Tile:0,Tile:0,Bonus,Tile:8,Tile:6,Tile:7,Tile:12,Tile:2,Tile:9,Tile:15,Destroy,Tile:11,Tile:13,Tile:3,Tile:0,Bonus,Tile:5,Tile:5,Map,Tile:10,Tile:0,Tile:8,Tile:5,Tile:7,Tile:8,Destroy,Bonus-Bonus,Tile:6,Map,Tile:8,Destroy,Map,Tile:10-Tile:6,Map,Tile:9,Tile:10,Tile:14,Map,Malus-Tile:hidden1,Tile:hidden2,Tile:nugget
Drop 2 0 1
Map 12 3 0
Tile:8 6 5 1
Map 12 5 0
Tile:7_flip 5 6 1
Drop 3 0 0
Tile:7 6 4 1
Tile:6 6 6 0
Map 12 3 1
Tile:9_flip 7 6 0
Drop 2 0 1
Tile:10 7 7 0
Tile:6_flip 7 5 1
Tile:9 7 8 0
Tile:10 7 9 1
Tile:9_flip 8 8 0
Map 12 3 1
Tile:5 8 7 0
Tile:6_flip 5 4 1
Tile:6 9 7 0
Tile:4_flip 8 9 1
Malus 0 0 0
Drop 5 0 1
Drop 6 0 0
Drop 0 0 1
Drop 6 0 0
Destroy 5 6 1
Drop 6 0 0
Drop 6 0 1
Drop 6 0 0
Drop 1 0 1
Malus 0 0 0
Drop 4 0 1
Tile:8 9 6 0
Drop 4 0 1
Tile:0 10 6 0
Map 12 7 1
Tile:8 11 6 0
Drop 0 0 1
Tile:8 11 7 0
GAMEOVER WINNER 0
# Game ended: Sun Apr 12 19:22:31 EDT 2020
