# Server version 0.08 running on localhost:8123
# Game ID: 25
# Board class: Saboteur.SaboteurBoard
# Timeout: 20000
# First Move Timeout: 30000
# Date: Sat Apr 11 22:27:27 EDT 2020
# Player 1: Player-0, 'Human', running on localhost
# Player 2: Player-1, 'RandomPlayer', running on localhost
START Player-0 Human
START Player-1 RandomPlayer
BoardInit:Tile:6,Destroy,Destroy,Malus,Map,Tile:14,Tile:0,Tile:9,Tile:2,Tile:0,Tile:8,Tile:7,Tile:7,Tile:9,Tile:0,Map,Tile:10,Tile:5,Tile:6,Bonus,Tile:10,Map,Tile:3,Tile:6,Tile:12,Malus,Map,Tile:0,Tile:7,Map,Tile:5,Tile:15,Bonus,Tile:5,Tile:8,Tile:9,Tile:6,Tile:8,Tile:13,Tile:5,Tile:6-Tile:10,Destroy,Tile:9,Tile:11,Map,Tile:1,Bonus-Tile:9,Tile:7,Bonus,Tile:7,Tile:4,Tile:8,Tile:8-Tile:nugget,Tile:hidden1,Tile:hidden2
Tile:9 5 4 1
Tile:8 6 5 0
Tile:1 4 5 1
Tile:8 7 5 0
Tile:6_flip 7 4 1
Tile:9 7 6 0
Tile:11_flip 8 5 1
Tile:7 8 4 0
Tile:10 5 6 1
Tile:9_flip 8 6 0
Destroy 5 4 1
Tile:7_flip 8 7 0
Destroy 8 6 1
Malus 0 0 0
Map 12 3 1
Tile:7 9 7 0
Drop 0 0 1
Map 12 5 0
Drop 3 0 1
Tile:5_flip 9 8 0
Map 12 7 1
Destroy 8 5 0
Drop 0 0 1
Map 12 7 0
Drop 2 0 1
Tile:0 3 5 0
Drop 0 0 1
Tile:6 2 5 0
Drop 4 0 1
Tile:0 1 5 0
Map 12 3 1
Map 12 3 0
Drop 6 0 1
Tile:15 2 4 0
Drop 0 0 1
Tile:5 2 3 0
Drop 4 0 1
Tile:9_flip 8 5 0
Drop 0 0 1
Tile:8 8 6 0
Drop 4 0 1
Tile:9 6 4 0
Drop 5 0 1
Tile:5 6 3 0
Drop 4 0 1
Tile:14 7 3 0
Drop 3 0 1
Malus 0 0 0
Drop 0 0 1
Drop 1 0 0
Drop 0 0 1
Drop 1 0 0
Drop 1 0 1
Drop 0 0 0
Drop 0 0 1
GAMEOVER DRAW
# Game ended: Sat Apr 11 22:30:40 EDT 2020
