# Server version 0.08 running on localhost:8123
# Game ID: 459
# Board class: Saboteur.SaboteurBoard
# Timeout: 20000
# First Move Timeout: 30000
# Date: Mon Apr 13 16:48:19 EDT 2020
# Player 1: Player-0, '260776911', running on localhost
# Player 2: Player-1, 'RandomPlayer', running on localhost
START Player-0 260776911
START Player-1 RandomPlayer
BoardInit:Tile:6,Tile:7,Tile:7,Tile:9,Tile:2,Map,Map,Tile:9,Map,Destroy,Tile:8,Tile:5,Bonus,Malus,Tile:5,Tile:0,Tile:9,Tile:13,Tile:12,Bonus,Tile:5,Tile:6,Tile:7,Destroy,Map,Tile:4,Tile:9,Tile:8,Tile:10,Map,Tile:3,Tile:0,Tile:1,Bonus,Tile:8,Tile:0,Tile:6,Tile:6,Tile:8,Tile:7,Tile:8-Tile:7,Tile:0,Tile:9,Tile:10,Tile:14,Malus,Bonus-Map,Tile:11,Tile:15,Destroy,Tile:5,Tile:10,Tile:6-Tile:hidden1,Tile:hidden2,Tile:nugget
Tile:7_flip 5 6 1
Map 12 3 0
Drop 1 0 1
Drop 0 0 0
Tile:0 6 6 1
Drop 0 0 0
Tile:14 6 5 1
Map 12 5 0
Map 12 7 1
Destroy 6 5 0
Map 12 7 1
Tile:5_flip 7 6 0
Drop 0 0 1
Destroy 6 6 0
Drop 3 0 1
Tile:6 6 6 0
Tile:2_flip 4 5 1
Tile:9 5 4 0
Tile:9_flip 4 4 1
Drop 6 0 0
Tile:6_flip 3 5 1
Tile:9_flip 6 4 0
Tile:12_flip 3 4 1
Tile:5_flip 3 6 0
Tile:8 2 6 1
Destroy 6 6 0
Tile:5 6 3 1
Drop 6 0 0
Tile:9_flip 2 7 1
Tile:0 6 6 0
Malus 0 0 1
Bonus 0 0 0
Map 12 5 1
Drop 5 0 0
Tile:3 4 3 1
Tile:6_flip 1 6 0
Tile:7 7 3 1
Tile:8 0 6 0
Tile:8 7 5 1
Tile:0 8 5 0
Tile:6 6 5 1
Tile:6 2 8 0
Tile:8 9 5 1
Tile:10 9 6 0
Tile:10 9 4 1
Malus 0 0 0
Drop 4 0 1
Tile:0 10 5 0
Drop 0 0 1
Tile:7_flip 9 7 0
Drop 0 0 1
Tile:7 10 7 0
Drop 1 0 1
Drop 0 0 0
Drop 0 0 1
GAMEOVER DRAW
# Game ended: Mon Apr 13 16:48:19 EDT 2020
