# Server version 0.08 running on localhost:8123
# Game ID: 266
# Board class: Saboteur.SaboteurBoard
# Timeout: 20000
# First Move Timeout: 30000
# Date: Sun Apr 12 19:20:17 EDT 2020
# Player 1: Player-0, '260776911', running on localhost
# Player 2: Player-1, 'RandomPlayer', running on localhost
START Player-0 260776911
START Player-1 RandomPlayer
BoardInit:Map,Tile:8,Bonus,Tile:0,Tile:1,Tile:10,Tile:9,Tile:14,Tile:9,Bonus,Map,Tile:6,Tile:5,Tile:7,Tile:8,Tile:5,Map,Tile:6,Map,Tile:0,Bonus,Tile:8,Map,Tile:6,Tile:3,Tile:9,Malus,Tile:12,Tile:5,Tile:7,Bonus,Destroy,Tile:7,Tile:7,Tile:13,Tile:9,Destroy,Malus,Destroy,Tile:9,Tile:8-Tile:15,Tile:10,Tile:11,Tile:5,Tile:4,Tile:6,Tile:7-Tile:2,Tile:8,Tile:0,Tile:10,Tile:0,Tile:6,Map-Tile:nugget,Tile:hidden2,Tile:hidden1
Tile:6_flip 5 4 1
Map 12 3 0
Tile:10 5 6 1
Drop 0 0 0
Tile:5_flip 5 7 1
Tile:0 6 4 0
Tile:7_flip 4 4 1
Tile:0 7 4 0
Map 12 5 1
Drop 6 0 0
Drop 4 0 1
Tile:6 8 4 0
Tile:15 8 3 1
Tile:10 8 2 0
Tile:11_flip 8 1 1
Tile:0 9 4 0
Drop 1 0 1
Tile:8 10 4 0
Tile:5_flip 10 5 1
Tile:8 10 3 0
Tile:9_flip 11 4 1
Tile:6_flip 10 2 0
Map 12 3 1
Tile:6 11 2 0
Tile:9 7 1 1
Tile:6_flip 11 3 0
GAMEOVER WINNER 0
# Game ended: Sun Apr 12 19:20:18 EDT 2020
