# Server version 0.08 running on localhost:8123
# Game ID: 129
# Board class: Saboteur.SaboteurBoard
# Timeout: 20000
# First Move Timeout: 30000
# Date: Sun Apr 12 12:05:12 EDT 2020
# Player 1: Player-0, '260776911', running on localhost
# Player 2: Player-1, 'RandomPlayer', running on localhost
START Player-0 260776911
START Player-1 RandomPlayer
BoardInit:Tile:9,Bonus,Tile:8,Tile:5,Malus,Tile:14,Map,Tile:10,Destroy,Tile:6,Tile:3,Tile:0,Tile:8,Bonus,Tile:6,Tile:7,Bonus,Tile:5,Tile:7,Map,Tile:10,Tile:13,Tile:5,Tile:9,Map,Tile:0,Tile:7,Destroy,Tile:12,Tile:9,Tile:4,Tile:7,Tile:6,Tile:8,Tile:6,Tile:6,Tile:0,Tile:8,Bonus,Tile:8,Tile:11-Map,Tile:2,Tile:5,Tile:7,Map,Tile:9,Tile:15-Destroy,Map,Tile:1,Malus,Tile:10,Tile:0,Tile:9-Tile:hidden1,Tile:nugget,Tile:hidden2
Tile:5 4 5 1
Malus 0 0 0
Drop 2 0 1
Map 12 3 0
Drop 1 0 1
Destroy 4 5 0
Map 12 7 1
Tile:1 6 5 0
Map 12 5 1
Tile:10 5 4 0
Drop 3 0 1
Tile:0 4 5 0
Drop 0 0 1
Tile:9 3 5 0
Destroy 6 5 1
Tile:5 3 4 0
Drop 0 0 1
Tile:14 4 4 0
Drop 5 0 1
Tile:10 3 6 0
Drop 1 0 1
Map 12 5 0
Map 12 5 1
Tile:6 3 7 0
Drop 5 0 1
Tile:0 4 7 0
Map 12 5 1
Tile:7 4 3 0
Drop 6 0 1
Tile:5 2 7 0
Drop 1 0 1
Tile:13 2 8 0
Drop 4 0 1
Tile:9 2 9 0
Drop 0 0 1
Tile:0 3 8 0
Drop 4 0 1
Destroy 2 7 0
Drop 0 0 1
Tile:9 2 7 0
Drop 4 0 1
Tile:7 2 6 0
Bonus 0 0 1
Tile:8 1 6 0
Drop 4 0 1
Tile:6 0 6 0
Tile:6_flip 1 5 1
Tile:8 0 5 0
Tile:11 5 6 1
Tile:8 0 4 0
Tile:7 0 3 1
Drop 0 0 0
Tile:12 3 9 1
Drop 0 0 0
Tile:0 1 8 1
GAMEOVER DRAW
# Game ended: Sun Apr 12 12:05:12 EDT 2020
