# Server version 0.08 running on localhost:8123
# Game ID: 258
# Board class: Saboteur.SaboteurBoard
# Timeout: 20000
# First Move Timeout: 30000
# Date: Sun Apr 12 19:11:29 EDT 2020
# Player 1: Player-0, '260776911', running on localhost
# Player 2: Player-1, 'RandomPlayer', running on localhost
START Player-0 260776911
START Player-1 RandomPlayer
BoardInit:Tile:12,Tile:6,Tile:0,Map,Map,Tile:5,Tile:9,Tile:0,Tile:13,Tile:8,Map,Tile:10,Tile:0,Tile:3,Tile:7,Malus,Tile:0,Tile:1,Tile:6,Destroy,Tile:4,Tile:5,Tile:8,Tile:6,Tile:6,Tile:14,Map,Bonus,Tile:2,Bonus,Tile:8,Tile:5,Tile:5,Map,Tile:7,Tile:8,Tile:10,Destroy,Tile:6,Destroy,Tile:10-Tile:7,Bonus,Tile:9,Tile:9,Tile:11,Tile:7,Map-Bonus,Tile:15,Tile:9,Malus,Tile:7,Tile:9,Tile:8-Tile:hidden1,Tile:nugget,Tile:hidden2
Tile:11 5 4 1
Drop 1 0 0
Tile:9_flip 5 6 1
Tile:9 5 3 0
Tile:7_flip 4 5 1
Map 12 3 0
Tile:9_flip 6 5 1
Tile:7 6 3 0
Tile:0 4 6 1
Tile:9 5 7 0
Map 12 5 1
Tile:8 6 4 0
Drop 2 0 1
Tile:6 6 7 0
Tile:0 7 7 1
Drop 6 0 0
Tile:7 8 7 1
Tile:5_flip 7 4 0
Tile:13 8 8 1
Drop 6 0 0
Tile:0 9 8 1
Destroy 8 8 0
Tile:6 10 8 1
Tile:8 10 7 0
Tile:9 6 6 1
Tile:0 7 6 0
Drop 3 0 1
Drop 6 0 0
Drop 6 0 1
Tile:10 7 3 0
Tile:2_flip 11 7 1
Tile:5 10 6 0
Tile:8 11 6 1
Tile:6 8 6 0
Tile:6_flip 8 5 1
Map 12 5 0
Tile:7 12 6 1
Tile:5 11 5 0
Tile:4 7 2 1
Destroy 7 2 0
Tile:10 5 8 1
Destroy 11 7 0
Tile:5 7 2 1
Malus 0 0 0
Bonus 0 0 1
Malus 0 0 0
Map 12 3 1
Tile:8 9 5 0
Map 12 7 1
Drop 1 0 0
Drop 0 0 1
Drop 1 0 0
Drop 1 0 1
Drop 0 0 0
Drop 0 0 1
GAMEOVER DRAW
# Game ended: Sun Apr 12 19:11:29 EDT 2020
