# Server version 0.08 running on localhost:8123
# Game ID: 179
# Board class: Saboteur.SaboteurBoard
# Timeout: 20000
# First Move Timeout: 30000
# Date: Sun Apr 12 14:38:24 EDT 2020
# Player 1: Player-0, '260776911', running on localhost
# Player 2: Player-1, 'RandomPlayer', running on localhost
START Player-0 260776911
START Player-1 RandomPlayer
BoardInit:Tile:7,Bonus,Tile:15,Map,Map,Tile:11,Tile:0,Tile:8,Tile:5,Tile:9,Tile:12,Bonus,Tile:8,Tile:7,Tile:8,Tile:13,Bonus,Malus,Tile:8,Malus,Tile:6,Tile:10,Tile:10,Tile:7,Bonus,Tile:7,Tile:6,Destroy,Tile:0,Tile:10,Map,Tile:5,Tile:0,Tile:5,Tile:1,Tile:3,Map,Tile:2,Destroy,Tile:4,Tile:5-Tile:9,Tile:14,Tile:6,Tile:9,Tile:6,Tile:8,Destroy-Tile:9,Tile:9,Tile:7,Map,Tile:6,Tile:0,Map-Tile:nugget,Tile:hidden1,Tile:hidden2
Tile:8 5 4 1
Map 12 3 0
Drop 1 0 1
Drop 5 0 0
Tile:9_flip 6 5 1
Drop 6 0 0
Tile:6 4 5 1
Drop 6 0 0
Tile:6_flip 6 4 1
Tile:9 5 3 0
Tile:5_flip 6 6 1
Tile:9 5 2 0
Tile:7 7 4 1
Tile:7 6 2 0
Drop 2 0 1
Tile:6 6 3 0
Tile:9 7 5 1
Drop 6 0 0
Tile:12 7 3 1
Malus 0 0 0
Destroy 6 6 1
Malus 0 0 0
Map 12 5 1
Tile:0 3 5 0
Drop 5 0 1
Tile:8 2 5 0
Drop 5 0 1
Tile:9 2 4 0
Drop 2 0 1
Destroy 7 3 0
Drop 4 0 1
Tile:7 2 3 0
Map 12 7 1
Tile:5_flip 7 3 0
Drop 0 0 1
Tile:10 7 2 0
Drop 4 0 1
Drop 6 0 0
Map 12 5 1
Drop 6 0 0
Destroy 2 5 1
Drop 6 0 0
Drop 5 0 1
Tile:7 5 1 0
Drop 4 0 1
Tile:7 7 1 0
Drop 3 0 1
Tile:10 5 6 0
Drop 2 0 1
Tile:5 1 3 0
Drop 0 0 1
Drop 0 0 0
Bonus 0 0 1
Drop 0 0 0
Drop 0 0 1
GAMEOVER DRAW
# Game ended: Sun Apr 12 14:38:24 EDT 2020
