# Server version 0.08 running on localhost:8123
# Game ID: 236
# Board class: Saboteur.SaboteurBoard
# Timeout: 20000
# First Move Timeout: 30000
# Date: Sun Apr 12 18:44:07 EDT 2020
# Player 1: Player-0, '260776911', running on localhost
# Player 2: Player-1, 'RandomPlayer', running on localhost
START Player-0 260776911
START Player-1 RandomPlayer
BoardInit:Map,Tile:7,Tile:6,Malus,Tile:8,Tile:14,Tile:0,Destroy,Bonus,Map,Tile:9,Map,Tile:7,Tile:4,Tile:5,Tile:0,Tile:5,Tile:6,Tile:10,Tile:9,Tile:6,Bonus,Tile:8,Tile:0,Tile:15,Map,Tile:7,Tile:8,Tile:5,Tile:8,Tile:6,Tile:9,Tile:0,Tile:10,Bonus,Tile:1,Tile:3,Tile:6,Tile:5,Destroy,Tile:9-Tile:8,Destroy,Malus,Tile:10,Map,Tile:7,Tile:9-Bonus,Tile:13,Tile:7,Tile:2,Tile:12,Map,Tile:11-Tile:nugget,Tile:hidden2,Tile:hidden1
Map 12 3 1
Map 12 3 0
Map 12 5 1
Drop 1 0 0
Tile:10 5 4 1
Drop 2 0 0
Drop 2 0 1
Drop 2 0 0
Tile:9 4 5 1
Drop 2 0 0
Tile:0 6 5 1
Drop 6 0 0
Tile:6 4 6 1
Drop 6 0 0
Drop 2 0 1
Drop 4 0 0
Drop 0 0 1
Drop 5 0 0
Tile:8 5 6 1
Destroy 5 6 0
Tile:7 4 4 1
Tile:6_flip 3 4 0
Tile:10 3 5 1
Tile:9 3 6 0
Drop 2 0 1
Tile:0 7 5 0
Tile:6 5 6 1
Drop 6 0 0
Destroy 3 6 1
Tile:0 2 4 0
Drop 0 0 1
Tile:8 3 6 0
Tile:5 5 3 1
Tile:7 6 3 0
Tile:8 3 7 1
Tile:7_flip 6 4 0
Tile:0 7 4 1
Drop 6 0 0
Tile:3_flip 3 8 1
Tile:9_flip 8 4 0
Tile:5 8 3 1
Tile:6 9 3 0
Tile:5 2 6 1
Tile:10 9 2 0
Tile:6 10 3 1
Destroy 6 3 0
Tile:7_flip 2 7 1
Tile:8 9 1 0
Tile:15 9 0 1
Drop 1 0 0
Tile:9 10 2 1
Drop 1 0 0
Tile:5_flip 11 2 1
Drop 0 0 0
Drop 0 0 1
GAMEOVER DRAW
# Game ended: Sun Apr 12 18:44:08 EDT 2020
