# Server version 0.08 running on localhost:8123
# Game ID: 74
# Board class: Saboteur.SaboteurBoard
# Timeout: 20000
# First Move Timeout: 30000
# Date: Sun Apr 12 04:39:27 EDT 2020
# Player 1: Player-0, '260776911', running on localhost
# Player 2: Player-1, 'RandomPlayer', running on localhost
START Player-0 260776911
START Player-1 RandomPlayer
BoardInit:Tile:1,Tile:14,Tile:0,Map,Tile:7,Tile:6,Tile:8,Bonus,Tile:2,Bonus,Destroy,Tile:8,Tile:6,Map,Map,Tile:9,Tile:9,Tile:10,Tile:7,Bonus,Tile:8,Tile:8,Tile:3,Tile:9,Tile:15,Tile:10,Tile:13,Tile:9,Tile:7,Tile:9,Tile:10,Malus,Map,Map,Tile:5,Malus,Tile:4,Destroy,Tile:0,Tile:5,Tile:7-Tile:0,Tile:0,Tile:6,Tile:5,Destroy,Tile:6,Tile:12-Tile:6,Tile:7,Map,Tile:5,Bonus,Tile:8,Tile:11-Tile:hidden1,Tile:nugget,Tile:hidden2
Tile:0 4 5 1
Tile:6 3 5 0
Tile:6 6 5 1
Tile:7 3 4 0
Tile:6 5 6 1
Map 12 3 0
Tile:7 6 6 1
Tile:5 2 4 0
Tile:1 4 6 1
Tile:8 2 5 0
Drop 3 0 1
Tile:11 2 6 0
Destroy 4 6 1
Tile:14 2 7 0
Tile:0 4 6 1
Map 12 3 0
Tile:2_flip 1 5 1
Tile:6 0 5 0
Tile:6 7 5 1
Tile:8 0 4 0
Tile:7 1 4 1
Map 12 3 0
Destroy 6 5 1
Tile:9 0 3 0
Tile:8 0 2 1
Tile:10 0 1 0
Tile:15 0 0 1
Tile:8 1 2 0
Drop 4 0 1
Tile:9 1 1 0
Tile:0 1 7 1
Tile:10 1 0 0
Tile:10 5 4 1
Tile:9 0 7 0
Tile:3 5 3 1
Tile:9 0 8 0
Tile:5_flip 1 3 1
Malus 0 0 0
Map 12 7 1
Map 12 3 0
Drop 6 0 1
Malus 0 0 0
Drop 4 0 1
Destroy 0 0 0
Drop 1 0 1
Tile:5 0 6 0
Map 12 5 1
Drop 0 0 0
Drop 0 0 1
Drop 0 0 0
Drop 0 0 1
Drop 0 0 0
Drop 1 0 1
Drop 0 0 0
Drop 0 0 1
GAMEOVER DRAW
# Game ended: Sun Apr 12 04:39:27 EDT 2020
