# Server version 0.08 running on localhost:8123
# Game ID: 202
# Board class: Saboteur.SaboteurBoard
# Timeout: 20000
# First Move Timeout: 30000
# Date: Sun Apr 12 15:03:13 EDT 2020
# Player 1: Player-0, '260776911', running on localhost
# Player 2: Player-1, 'RandomPlayer', running on localhost
START Player-0 260776911
START Player-1 RandomPlayer
BoardInit:Bonus,Tile:6,Tile:3,Malus,Tile:6,Tile:0,Bonus,Tile:6,Tile:0,Tile:8,Tile:6,Tile:0,Tile:4,Tile:8,Tile:6,Tile:7,Tile:5,Tile:7,Tile:9,Tile:7,Tile:9,Map,Destroy,Destroy,Tile:15,Bonus,Tile:2,Tile:8,Tile:1,Tile:8,Tile:0,Tile:7,Tile:11,Tile:8,Tile:5,Tile:13,Tile:14,Malus,Tile:10,Destroy,Tile:10-Tile:5,Bonus,Tile:9,Tile:12,Tile:7,Tile:9,Tile:10-Map,Map,Map,Tile:5,Map,Tile:9,Map-Tile:nugget,Tile:hidden2,Tile:hidden1
Tile:9_flip 5 6 1
Drop 6 0 0
Tile:5 4 5 1
Drop 4 0 0
Tile:7 6 5 1
Drop 2 0 0
Tile:3_flip 4 6 1
Drop 1 0 0
Tile:9 5 4 1
Drop 0 0 0
Tile:12 6 4 1
Tile:9 6 6 0
Drop 0 0 1
Tile:5_flip 6 7 0
Tile:4 5 3 1
Tile:6 7 6 0
Tile:6 8 6 1
Tile:0 9 6 0
Tile:10 7 5 1
Tile:6 10 6 0
Tile:9 8 5 1
Tile:8 8 4 0
Tile:6_flip 8 3 1
Drop 6 0 0
Destroy 7 6 1
Destroy 4 6 0
Tile:9_flip 11 6 1
Tile:0 9 3 0
Tile:2 10 5 1
Tile:8 7 6 0
Tile:0 7 3 1
Tile:7 9 4 0
Tile:5_flip 11 7 1
Tile:7 10 3 0
Drop 3 0 1
Tile:7 11 5 0
Tile:11 4 6 1
Drop 6 0 0
Tile:1 10 7 1
Tile:7_flip 6 3 0
Tile:6 9 5 1
Destroy 4 6 0
Tile:5 7 4 1
Tile:8 6 2 0
Drop 1 0 1
Tile:8 6 1 0
Tile:0 5 2 1
Tile:8 6 0 0
Tile:14 7 0 1
Malus 0 0 0
Drop 0 0 1
Malus 0 0 0
Drop 1 0 1
Drop 0 0 0
Drop 0 0 1
GAMEOVER DRAW
# Game ended: Sun Apr 12 15:03:13 EDT 2020
