# Server version 0.08 running on localhost:8123
# Game ID: 51
# Board class: Saboteur.SaboteurBoard
# Timeout: 20000
# First Move Timeout: 30000
# Date: Sun Apr 12 03:04:21 EDT 2020
# Player 1: Player-0, '260776911', running on localhost
# Player 2: Player-1, 'RandomPlayer', running on localhost
START Player-0 260776911
START Player-1 RandomPlayer
BoardInit:Malus,Tile:6,Tile:8,Tile:0,Tile:7,Tile:5,Tile:7,Tile:9,Bonus,Destroy,Tile:0,Tile:9,Bonus,Map,Bonus,Tile:8,Tile:9,Tile:8,Tile:5,Tile:13,Tile:9,Tile:6,Tile:8,Tile:0,Tile:0,Tile:6,Map,Map,Map,Destroy,Tile:6,Malus,Bonus,Tile:3,Tile:7,Tile:5,Tile:15,Tile:9,Tile:1,Tile:5,Tile:12-Tile:7,Tile:7,Destroy,Tile:2,Tile:14,Map,Map-Tile:10,Tile:4,Tile:6,Tile:11,Tile:10,Tile:8,Tile:10-Tile:hidden1,Tile:nugget,Tile:hidden2
Map 12 7 1
Tile:10 5 4 0
Tile:7 5 3 1
Tile:4_flip 5 6 0
Tile:2 4 5 1
Tile:6 3 5 0
Drop 2 0 1
Tile:11 3 4 0
Tile:7_flip 2 5 1
Tile:10 2 4 0
Drop 2 0 1
Tile:8 2 3 0
Drop 4 0 1
Tile:10 2 2 0
Destroy 5 3 1
Tile:6 1 3 0
Tile:8 3 3 1
Tile:0 0 3 0
Tile:9_flip 2 1 1
Tile:5 2 0 0
Tile:5_flip 4 4 1
Tile:9 1 1 0
Tile:0 3 0 1
Destroy 0 3 0
Drop 4 0 1
Tile:9 0 3 0
Tile:7 4 0 1
Map 12 3 0
Tile:8 4 1 1
Tile:8 0 2 0
Map 12 3 1
Tile:8 0 4 0
Map 12 7 1
Tile:13 0 5 0
Tile:9_flip 1 2 1
Tile:6 0 6 0
Tile:6_flip 4 3 1
Tile:0 1 6 0
Tile:7 1 0 1
Tile:6 0 0 0
Drop 2 0 1
Map 12 3 0
Tile:12 1 4 1
Destroy 0 0 0
Drop 4 0 1
Malus 0 0 0
Map 12 5 1
Tile:3 0 1 0
Bonus 0 0 1
Tile:5 3 1 0
Tile:1 0 0 1
Tile:9 3 2 0
Drop 1 0 1
Tile:5_flip 4 2 0
Drop 0 0 1
GAMEOVER DRAW
# Game ended: Sun Apr 12 03:04:21 EDT 2020
