# Server version 0.08 running on 192.168.1.106:8123
# Game ID: 12
# Board class: Saboteur.SaboteurBoard
# Timeout: 20000
# First Move Timeout: 30000
# Date: Sat Apr 11 21:54:03 EDT 2020
# Player 1: Player-0, 'RandomPlayer', running on 192.168.1.106
# Player 2: Player-1, 'Human', running on 192.168.1.106
START Player-0 RandomPlayer
START Player-1 Human
BoardInit:Tile:13,Map,Tile:6,Tile:1,Tile:2,Tile:0,Bonus,Tile:8,Tile:5,Map,Tile:6,Tile:15,Tile:5,Tile:7,Malus,Tile:7,Map,Tile:6,Tile:9,Tile:12,Tile:14,Map,Map,Bonus,Tile:7,Bonus,Destroy,Tile:7,Tile:6,Tile:8,Malus,Tile:10,Map,Tile:4,Tile:0,Tile:11,Tile:3,Tile:0,Tile:8,Tile:8,Tile:9-Tile:5,Tile:7,Tile:9,Tile:8,Tile:6,Tile:9,Destroy-Destroy,Tile:5,Tile:9,Tile:10,Bonus,Tile:0,Tile:10-Tile:hidden1,Tile:nugget,Tile:hidden2
Tile:6 6 5 1
Tile:5 5 4 0
Tile:8 7 5 1
Tile:0 8 5 0
Tile:6 9 5 1
Tile:1 10 5 0
Destroy 10 5 1
Tile:0 10 5 0
Tile:9 9 4 1
Tile:10 7 4 0
Tile:13 11 5 1
Drop 1 0 0
Tile:6 10 4 1
Tile:8 7 3 0
Tile:5 10 3 1
Tile:7 6 4 0
Tile:2 11 3 1
Drop 5 0 0
Map 12 5 1
Destroy 6 5 0
Tile:9 7 6 1
Tile:12_flip 4 5 0
Tile:14 8 3 1
Tile:10 11 6 0
Tile:9_flip 11 4 1
Map 12 7 0
Map 12 7 1
Tile:6 6 5 0
Destroy 11 5 1
Tile:7_flip 7 7 0
Malus 0 0 1
Map 12 5 0
Malus 0 0 1
Map 12 5 0
Map 12 3 1
Drop 3 0 0
Tile:0 8 6 1
Drop 2 0 0
Tile:7 9 6 1
Bonus 0 0 0
Tile:8 11 5 1
GAMEOVER WINNER 1
# Game ended: Sat Apr 11 21:57:59 EDT 2020
