# Server version 0.08 running on localhost:8123
# Game ID: 344
# Board class: Saboteur.SaboteurBoard
# Timeout: 20000
# First Move Timeout: 30000
# Date: Sun Apr 12 20:29:10 EDT 2020
# Player 1: Player-0, '260776911', running on localhost
# Player 2: Player-1, 'RandomPlayer', running on localhost
START Player-0 260776911
START Player-1 RandomPlayer
BoardInit:Map,Bonus,Tile:5,Tile:13,Tile:4,Tile:9,Bonus,Tile:6,Tile:8,Tile:5,Tile:10,Map,Map,Map,Tile:5,Tile:1,Tile:14,Tile:8,Tile:0,Tile:8,Bonus,Malus,Tile:7,Tile:7,Tile:6,Tile:7,Tile:15,Tile:10,Bonus,Tile:7,Tile:12,Tile:6,Tile:6,Destroy,Map,Tile:6,Tile:2,Destroy,Malus,Tile:9,Destroy-Tile:0,Tile:9,Tile:10,Tile:0,Tile:3,Tile:11,Tile:9-Tile:9,Tile:0,Tile:8,Tile:7,Tile:5,Map,Tile:8-Tile:hidden2,Tile:hidden1,Tile:nugget
Tile:0 6 5 1
Drop 5 0 0
Tile:11_flip 5 6 1
Tile:7_flip 5 7 0
Tile:5_flip 7 5 1
Drop 6 0 0
Map 12 5 1
Tile:5_flip 6 7 0
Drop 0 0 1
Tile:9 4 5 0
Drop 1 0 1
Tile:6 4 6 0
Tile:4 6 6 1
Drop 6 0 0
Tile:3 7 4 1
Drop 6 0 0
Map 12 3 1
Drop 6 0 0
Tile:10 5 4 1
Tile:5 3 6 0
Tile:10 3 7 1
Tile:8 3 8 0
Tile:9_flip 4 4 1
Malus 0 0 0
Drop 0 0 1
Tile:8 5 3 0
Drop 0 0 1
Tile:8 5 2 0
Drop 6 0 1
Tile:7 5 1 0
Drop 4 0 1
Tile:7 6 2 0
Drop 6 0 1
Tile:7_flip 2 8 0
Drop 4 0 1
Destroy 6 6 0
Drop 0 0 1
Tile:6 3 4 0
Map 12 5 1
Destroy 7 4 0
Drop 6 0 1
Tile:6 3 9 0
Drop 0 0 1
Tile:8 6 3 0
Drop 4 0 1
Tile:10 2 7 0
Destroy 3 7 1
Tile:9_flip 7 3 0
Drop 0 0 1
Tile:9 4 3 0
Drop 0 0 1
Tile:0 2 9 0
Bonus 0 0 1
Drop 0 0 0
Tile:6 4 9 1
GAMEOVER DRAW
# Game ended: Sun Apr 12 20:29:10 EDT 2020
