# Server version 0.08 running on localhost:8123
# Game ID: 306
# Board class: Saboteur.SaboteurBoard
# Timeout: 20000
# First Move Timeout: 30000
# Date: Sun Apr 12 20:16:22 EDT 2020
# Player 1: Player-0, '260776911', running on localhost
# Player 2: Player-1, 'RandomPlayer', running on localhost
START Player-0 260776911
START Player-1 RandomPlayer
BoardInit:Tile:4,Tile:15,Tile:0,Tile:10,Tile:14,Tile:6,Tile:2,Tile:9,Tile:10,Tile:6,Tile:8,Map,Tile:8,Tile:3,Tile:6,Map,Tile:6,Bonus,Bonus,Tile:5,Tile:13,Destroy,Tile:8,Tile:6,Map,Tile:9,Malus,Map,Map,Tile:9,Tile:8,Tile:1,Tile:0,Tile:9,Tile:11,Destroy,Malus,Tile:0,Bonus,Tile:10,Map-Tile:9,Tile:7,Destroy,Tile:8,Tile:5,Bonus,Tile:7-Tile:7,Tile:5,Tile:7,Tile:12,Tile:5,Tile:7,Tile:0-Tile:nugget,Tile:hidden1,Tile:hidden2
Tile:9 5 6 1
Drop 3 0 0
Tile:7 5 4 1
Drop 6 0 0
Tile:5 4 5 1
Tile:5_flip 4 6 0
Destroy 4 6 1
Tile:0 4 4 0
Tile:0 3 4 1
Tile:6 2 4 0
Tile:2 6 6 1
Tile:10 4 6 0
Drop 2 0 1
Drop 6 0 0
Tile:14 6 5 1
Drop 6 0 0
Tile:10 6 7 1
Drop 6 0 0
Tile:8 1 4 1
Tile:9 1 3 0
Tile:8 1 5 1
Tile:7 7 6 0
Tile:8 1 2 1
Destroy 6 5 0
Drop 3 0 1
Tile:6 6 5 0
Drop 3 0 1
Tile:5_flip 4 7 0
Tile:4_flip 7 7 1
Drop 6 0 0
Drop 2 0 1
Tile:6_flip 2 2 0
Tile:8 3 2 1
Drop 6 0 0
Tile:0 2 5 1
Tile:9 6 8 0
Tile:11 6 4 1
Destroy 6 4 0
Tile:8 1 6 1
Tile:9 0 2 0
Drop 2 0 1
Tile:5_flip 6 9 0
Map 12 3 1
Tile:9 3 1 0
Tile:6 1 7 1
Tile:7_flip 0 6 0
Map 12 3 1
Tile:0 2 6 0
Drop 0 0 1
Tile:7_flip 3 3 0
Drop 0 0 1
Tile:10 6 4 0
Malus 0 0 1
Bonus 0 0 0
Drop 0 0 1
GAMEOVER DRAW
# Game ended: Sun Apr 12 20:16:22 EDT 2020
