# Server version 0.08 running on localhost:8123
# Game ID: 244
# Board class: Saboteur.SaboteurBoard
# Timeout: 20000
# First Move Timeout: 30000
# Date: Sun Apr 12 18:50:24 EDT 2020
# Player 1: Player-0, '260776911', running on localhost
# Player 2: Player-1, 'RandomPlayer', running on localhost
START Player-0 260776911
START Player-1 RandomPlayer
BoardInit:Tile:8,Tile:9,Tile:8,Map,Map,Map,Tile:13,Tile:10,Destroy,Tile:9,Tile:0,Tile:5,Tile:15,Destroy,Tile:5,Tile:1,Destroy,Bonus,Tile:2,Tile:10,Map,Tile:0,Tile:3,Tile:6,Tile:11,Tile:7,Tile:5,Malus,Tile:7,Tile:0,Tile:0,Map,Tile:10,Tile:7,Tile:7,Tile:8,Tile:8,Tile:8,Tile:5,Map,Malus-Tile:6,Tile:9,Bonus,Tile:7,Tile:6,Tile:12,Tile:14-Tile:4,Tile:9,Tile:9,Bonus,Tile:6,Bonus,Tile:6-Tile:hidden2,Tile:nugget,Tile:hidden1
Tile:9_flip 5 6 1
Drop 0 0 0
Tile:8 5 4 1
Tile:9 5 3 0
Tile:7_flip 5 7 1
Map 12 3 0
Drop 5 0 1
Map 12 5 0
Tile:6_flip 6 7 1
Tile:9_flip 6 4 0
Drop 3 0 1
Tile:6 6 5 0
Tile:13 6 3 1
Tile:6 7 5 0
Tile:6_flip 7 7 1
Destroy 6 3 0
Tile:12_flip 4 6 1
Drop 6 0 0
Drop 5 0 1
Tile:9 7 4 0
Tile:2 8 7 1
Tile:9_flip 8 4 0
Destroy 5 4 1
Tile:5_flip 8 5 0
Drop 2 0 1
Tile:6 6 8 0
Map 12 3 1
Tile:7 6 3 0
Destroy 5 6 1
Tile:0 4 5 0
Tile:7 5 2 1
Tile:0 4 2 0
Tile:11_flip 9 7 1
Drop 6 0 0
Map 12 7 1
Tile:10 9 6 0
Tile:10 7 3 1
Malus 0 0 0
Drop 0 0 1
Tile:10 9 5 0
Drop 2 0 1
Drop 6 0 0
Drop 5 0 1
Tile:8 3 2 0
Drop 4 0 1
Tile:8 5 4 0
Drop 3 0 1
Tile:7_flip 4 4 0
Drop 2 0 1
Drop 1 0 0
Drop 0 0 1
Drop 1 0 0
Malus 0 0 1
Bonus 0 0 0
Drop 0 0 1
GAMEOVER DRAW
# Game ended: Sun Apr 12 18:50:24 EDT 2020
