# Server version 0.08 running on localhost:8123
# Game ID: 88
# Board class: Saboteur.SaboteurBoard
# Timeout: 20000
# First Move Timeout: 30000
# Date: Sun Apr 12 05:19:24 EDT 2020
# Player 1: Player-0, '260776911', running on localhost
# Player 2: Player-1, 'RandomPlayer', running on localhost
START Player-0 260776911
START Player-1 RandomPlayer
BoardInit:Tile:7,Bonus,Map,Malus,Tile:6,Tile:8,Tile:6,Tile:8,Map,Bonus,Tile:10,Tile:11,Tile:7,Destroy,Destroy,Tile:7,Malus,Tile:15,Tile:7,Tile:0,Tile:9,Tile:6,Tile:4,Tile:0,Tile:1,Tile:3,Map,Tile:5,Tile:8,Tile:8,Tile:0,Map,Map,Tile:9,Tile:10,Tile:10,Tile:13,Tile:7,Tile:12,Tile:6,Map-Tile:9,Bonus,Tile:5,Tile:5,Tile:0,Tile:6,Destroy-Tile:8,Tile:5,Tile:14,Tile:9,Bonus,Tile:9,Tile:2-Tile:hidden2,Tile:nugget,Tile:hidden1
Tile:9 5 6 1
Tile:5_flip 5 7 0
Tile:0 6 5 1
Tile:2 5 4 0
Map 12 5 1
Malus 0 0 0
Destroy 5 4 1
Tile:9 5 4 0
Drop 5 0 1
Tile:8 4 5 0
Drop 1 0 1
Drop 0 0 0
Drop 6 0 1
Drop 1 0 0
Map 12 5 1
Tile:11_flip 4 6 0
Drop 5 0 1
Tile:8 4 7 0
Malus 0 0 1
Bonus 0 0 0
Drop 4 0 1
Tile:15 4 4 0
Destroy 6 5 1
Tile:8 3 6 0
Drop 5 0 1
Tile:6 6 6 0
Drop 0 0 1
Tile:3 6 5 0
Drop 4 0 1
Destroy 5 7 0
Map 12 3 1
Tile:5_flip 6 4 0
Drop 6 0 1
Tile:7_flip 2 6 0
Drop 3 0 1
Drop 3 0 0
Drop 2 0 1
Tile:10 4 8 0
Map 12 5 1
Tile:9 6 3 0
Drop 2 0 1
Tile:6 3 7 0
Drop 4 0 1
Tile:0 2 7 0
Drop 1 0 1
Drop 0 0 0
Map 12 5 1
Tile:7 5 3 0
Drop 0 0 1
Tile:8 3 5 0
Drop 0 0 1
Map 12 7 0
Drop 1 0 1
Drop 0 0 0
Drop 0 0 1
GAMEOVER DRAW
# Game ended: Sun Apr 12 05:19:25 EDT 2020
