# Server version 0.08 running on localhost:8123
# Game ID: 185
# Board class: Saboteur.SaboteurBoard
# Timeout: 20000
# First Move Timeout: 30000
# Date: Sun Apr 12 14:39:40 EDT 2020
# Player 1: Player-0, '260776911', running on localhost
# Player 2: Player-1, 'RandomPlayer', running on localhost
START Player-0 260776911
START Player-1 RandomPlayer
BoardInit:Tile:9,Map,Tile:0,Destroy,Tile:6,Tile:6,Tile:3,Tile:9,Bonus,Tile:8,Tile:8,Bonus,Tile:9,Map,Tile:0,Tile:7,Tile:10,Tile:5,Malus,Tile:6,Tile:8,Tile:8,Tile:5,Tile:8,Tile:7,Tile:4,Map,Tile:7,Tile:5,Tile:13,Tile:12,Destroy,Tile:0,Tile:14,Map,Tile:5,Tile:9,Map,Tile:2,Bonus,Tile:10-Tile:7,Malus,Tile:0,Tile:6,Tile:9,Tile:11,Tile:6-Tile:1,Tile:7,Destroy,Tile:10,Map,Tile:15,Bonus-Tile:hidden2,Tile:nugget,Tile:hidden1
Tile:6 6 5 1
Map 12 3 0
Tile:7_flip 4 5 1
Map 12 5 0
Tile:6 5 6 1
Drop 0 0 0
Tile:11 4 4 1
Drop 3 0 0
Tile:0 4 6 1
Destroy 4 4 0
Tile:9_flip 7 5 1
Tile:7 5 4 0
Tile:6 3 6 1
Tile:10 6 4 0
Tile:8 2 6 1
Drop 6 0 0
Tile:0 6 6 1
Destroy 5 4 0
Tile:9_flip 6 3 1
Tile:6 7 6 0
Tile:3 3 5 1
Tile:9 7 4 0
Tile:9 7 3 1
Tile:8 8 4 0
Tile:10 5 4 1
Tile:7 8 6 0
Malus 0 0 1
Bonus 0 0 0
Tile:8 5 3 1
Drop 5 0 0
Tile:7_flip 8 7 1
Drop 6 0 0
Tile:0 9 4 1
Destroy 3 5 0
Tile:12_flip 4 3 1
Drop 6 0 0
Tile:5 5 2 1
Tile:5_flip 10 4 0
Drop 2 0 1
Drop 6 0 0
Tile:0 9 7 1
Tile:7_flip 8 5 0
Tile:9 2 7 1
Tile:6_flip 9 5 0
Tile:2 10 5 1
Tile:8 10 6 0
Tile:5_flip 11 5 1
Tile:5 11 4 0
Map 12 5 1
Tile:8 12 4 0
Tile:10 2 8 1
Drop 0 0 0
Malus 0 0 1
Bonus 0 0 0
Drop 0 0 1
GAMEOVER DRAW
# Game ended: Sun Apr 12 14:39:40 EDT 2020
