# Server version 0.08 running on localhost:8123
# Game ID: 338
# Board class: Saboteur.SaboteurBoard
# Timeout: 20000
# First Move Timeout: 30000
# Date: Sun Apr 12 20:27:42 EDT 2020
# Player 1: Player-0, '260776911', running on localhost
# Player 2: Player-1, 'RandomPlayer', running on localhost
START Player-0 260776911
START Player-1 RandomPlayer
BoardInit:Tile:5,Bonus,Tile:6,Tile:0,Map,Tile:3,Tile:10,Tile:1,Tile:12,Tile:8,Tile:13,Tile:8,Tile:9,Malus,Tile:2,Tile:7,Destroy,Tile:9,Tile:6,Tile:0,Tile:8,Map,Tile:5,Tile:6,Tile:15,Tile:5,Map,Tile:6,Malus,Tile:11,Bonus,Tile:10,Tile:4,Tile:9,Tile:8,Tile:9,Tile:9,Bonus,Tile:14,Tile:6,Map-Tile:5,Destroy,Destroy,Tile:8,Tile:0,Map,Map-Tile:0,Tile:7,Tile:10,Tile:7,Bonus,Tile:7,Tile:7-Tile:nugget,Tile:hidden1,Tile:hidden2
Map 12 5 1
Tile:7 6 5 0
Destroy 6 5 1
Tile:7_flip 4 5 0
Tile:8 6 5 1
Tile:7 5 4 0
Map 12 7 1
Drop 6 0 0
Tile:6 6 6 1
Drop 6 0 0
Tile:5 6 4 1
Tile:8 4 4 0
Tile:0 7 6 1
Tile:0 7 5 0
Tile:9 5 6 1
Malus 0 0 0
Drop 1 0 1
Tile:8 5 7 0
Destroy 5 6 1
Tile:7 8 6 0
Map 12 7 1
Tile:9 5 8 0
Drop 5 0 1
Drop 6 0 0
Drop 0 0 1
Tile:0 6 7 0
Destroy 7 6 1
Tile:6 8 5 0
Drop 4 0 1
Tile:5_flip 7 4 0
Drop 3 0 1
Drop 6 0 0
Drop 3 0 1
Tile:6 5 9 0
Map 12 3 1
Tile:10 7 3 0
Drop 3 0 1
Tile:9 7 2 0
Drop 0 0 1
Tile:10 8 4 0
Drop 4 0 1
Tile:9_flip 4 3 0
Map 12 7 1
Tile:6 4 7 0
Drop 4 0 1
Tile:0 3 4 0
Drop 3 0 1
Tile:7_flip 3 3 0
Drop 2 0 1
Drop 1 0 0
Drop 0 0 1
Drop 1 0 0
Drop 1 0 1
Drop 0 0 0
Drop 0 0 1
GAMEOVER DRAW
# Game ended: Sun Apr 12 20:27:42 EDT 2020
