# Server version 0.08 running on localhost:8123
# Game ID: 98
# Board class: Saboteur.SaboteurBoard
# Timeout: 20000
# First Move Timeout: 30000
# Date: Sun Apr 12 11:02:14 EDT 2020
# Player 1: Player-0, '260776911', running on localhost
# Player 2: Player-1, 'RandomPlayer', running on localhost
START Player-0 260776911
START Player-1 RandomPlayer
BoardInit:Tile:8,Tile:1,Tile:6,Tile:8,Tile:8,Tile:9,Tile:6,Tile:15,Map,Bonus,Tile:9,Tile:6,Tile:6,Tile:14,Map,Tile:2,Tile:9,Malus,Map,Tile:4,Tile:7,Tile:5,Destroy,Tile:0,Tile:8,Tile:9,Tile:5,Tile:10,Tile:8,Tile:7,Tile:10,Tile:11,Tile:5,Bonus,Tile:3,Tile:10,Tile:6,Bonus,Malus,Map,Tile:9-Tile:0,Destroy,Tile:13,Tile:12,Map,Tile:0,Destroy-Tile:7,Tile:0,Tile:7,Tile:5,Tile:7,Map,Bonus-Tile:hidden1,Tile:nugget,Tile:hidden2
Tile:0 6 5 1
Tile:7 5 4 0
Drop 1 0 1
Tile:0 4 4 0
Tile:8 7 5 1
Tile:7 7 4 0
Tile:6 5 6 1
Tile:5 4 5 0
Destroy 4 5 1
Tile:7 6 6 0
Map 12 7 1
Map 12 3 0
Tile:6 8 5 1
Tile:1 4 5 0
Tile:8 3 4 1
Tile:8 3 3 0
Map 12 7 1
Tile:9 3 2 0
Tile:9 6 7 1
Malus 0 0 0
Map 12 3 1
Tile:15 3 1 0
Drop 5 0 1
Tile:6 4 2 0
Destroy 3 2 1
Tile:14 5 2 0
Destroy 3 4 1
Tile:2 3 0 0
Drop 5 0 1
Tile:4 4 1 0
Drop 0 0 1
Tile:5 2 0 0
Drop 6 0 1
Tile:0 4 0 0
Drop 3 0 1
Tile:9 3 2 0
Drop 3 0 1
Tile:10 2 1 0
Drop 6 0 1
Tile:7 5 0 0
Drop 4 0 1
Tile:11 3 4 0
Drop 5 0 1
Tile:10 2 2 0
Drop 4 0 1
Map 12 3 0
Drop 2 0 1
Drop 0 0 0
Drop 0 0 1
Drop 0 0 0
Drop 0 0 1
Drop 0 0 0
Drop 1 0 1
Drop 0 0 0
Drop 0 0 1
GAMEOVER DRAW
# Game ended: Sun Apr 12 11:02:14 EDT 2020
