# Server version 0.08 running on localhost:8123
# Game ID: 173
# Board class: Saboteur.SaboteurBoard
# Timeout: 20000
# First Move Timeout: 30000
# Date: Sun Apr 12 14:32:25 EDT 2020
# Player 1: Player-0, '260776911', running on localhost
# Player 2: Player-1, 'RandomPlayer', running on localhost
START Player-0 260776911
START Player-1 RandomPlayer
BoardInit:Destroy,Tile:9,Map,Tile:0,Tile:7,Tile:14,Bonus,Malus,Tile:6,Tile:15,Tile:9,Tile:12,Tile:3,Tile:5,Bonus,Tile:8,Tile:6,Bonus,Tile:5,Tile:8,Tile:9,Tile:10,Tile:5,Map,Tile:0,Tile:5,Tile:10,Tile:1,Tile:6,Tile:8,Tile:11,Tile:7,Tile:10,Map,Map,Map,Tile:4,Tile:13,Tile:7,Tile:0,Malus-Tile:6,Bonus,Tile:9,Tile:7,Tile:6,Destroy,Tile:8-Map,Tile:8,Tile:2,Tile:0,Tile:9,Destroy,Tile:7-Tile:nugget,Tile:hidden2,Tile:hidden1
Tile:6_flip 5 4 1
Map 12 3 0
Tile:6_flip 6 5 1
Drop 1 0 0
Drop 4 0 1
Tile:8 5 6 0
Drop 2 0 1
Drop 6 0 0
Tile:7_flip 4 6 1
Malus 0 0 0
Destroy 6 5 1
Drop 6 0 0
Destroy 5 4 1
Drop 6 0 0
Bonus 0 0 1
Tile:0 6 5 0
Tile:9_flip 5 7 1
Tile:9 5 4 0
Map 12 3 1
Destroy 5 4 0
Tile:6_flip 6 6 1
Tile:7 5 4 0
Tile:5_flip 7 5 1
Tile:9 6 7 0
Tile:9_flip 6 8 1
Drop 6 0 0
Tile:9 5 8 1
Tile:0 7 6 0
Tile:5 4 4 1
Drop 6 0 0
Tile:0 4 7 1
Tile:5 7 4 0
Tile:6_flip 8 4 1
Tile:8 8 6 0
Drop 5 0 1
Drop 6 0 0
Tile:10 6 9 1
Drop 6 0 0
Drop 2 0 1
Drop 6 0 0
Map 12 3 1
Tile:8 9 4 0
Tile:6 8 7 1
Tile:10 8 5 0
Drop 4 0 1
Tile:5 9 3 0
Drop 3 0 1
Tile:8 9 6 0
Tile:3 10 3 1
Tile:7 10 6 0
Tile:10 6 10 1
Tile:0 7 7 0
Malus 0 0 1
Bonus 0 0 0
Drop 0 0 1
GAMEOVER DRAW
# Game ended: Sun Apr 12 14:32:25 EDT 2020
