# Server version 0.08 running on localhost:8123
# Game ID: 95
# Board class: Saboteur.SaboteurBoard
# Timeout: 20000
# First Move Timeout: 30000
# Date: Sun Apr 12 10:59:09 EDT 2020
# Player 1: Player-0, '260776911', running on localhost
# Player 2: Player-1, 'RandomPlayer', running on localhost
START Player-0 260776911
START Player-1 RandomPlayer
BoardInit:Tile:9,Tile:9,Tile:0,Tile:0,Malus,Map,Tile:7,Destroy,Tile:2,Tile:0,Tile:8,Tile:7,Tile:1,Destroy,Tile:10,Tile:8,Tile:8,Tile:7,Tile:6,Tile:10,Tile:15,Tile:13,Bonus,Bonus,Tile:0,Destroy,Bonus,Tile:7,Tile:9,Bonus,Map,Map,Map,Tile:4,Map,Tile:5,Tile:5,Tile:12,Malus,Tile:14,Tile:6-Tile:5,Map,Tile:9,Tile:8,Tile:10,Tile:5,Tile:6-Tile:6,Tile:7,Tile:6,Tile:3,Tile:11,Tile:9,Tile:8-Tile:hidden2,Tile:nugget,Tile:hidden1
Tile:8 4 5 1
Tile:6 4 6 0
Tile:9_flip 6 5 1
Tile:7 4 4 0
Map 12 7 1
Tile:6 3 4 0
Tile:5 3 5 1
Tile:3 3 3 0
Tile:9_flip 5 6 1
Tile:11 2 3 0
Tile:6 3 6 1
Tile:9 2 2 0
Tile:2_flip 5 7 1
Tile:8 2 1 0
Tile:1 4 7 1
Tile:9 2 0 0
Tile:7_flip 2 4 1
Tile:0 3 0 0
Tile:5 5 4 1
Map 12 3 0
Tile:0 3 1 1
Destroy 2 0 0
Tile:8 6 4 1
Tile:0 1 1 0
Tile:8 0 1 1
Tile:7 0 0 0
Tile:10 0 2 1
Destroy 0 0 0
Tile:6_flip 7 4 1
Tile:8 0 0 0
Tile:0 3 2 1
Tile:7 4 0 0
Tile:10 6 6 1
Tile:10 0 3 0
Drop 4 0 1
Tile:13 0 4 0
Drop 3 0 1
Destroy 0 0 0
Drop 2 0 1
Tile:7 0 0 0
Map 12 3 1
Map 12 3 0
Map 12 7 1
Tile:4 6 3 0
Tile:15 7 5 1
Tile:5 2 0 0
Tile:6_flip 2 6 1
Tile:12 1 4 0
Tile:5_flip 2 7 1
Tile:14 0 5 0
Map 12 7 1
Drop 0 0 0
Drop 0 0 1
Drop 0 0 0
Malus 0 0 1
GAMEOVER DRAW
# Game ended: Sun Apr 12 10:59:09 EDT 2020
