# Server version 0.08 running on 192.168.1.106:8123
# Game ID: 235
# Board class: Saboteur.SaboteurBoard
# Timeout: 20000
# First Move Timeout: 30000
# Date: Sun Apr 12 18:41:46 EDT 2020
# Player 1: Player-0, '260776911', running on 192.168.1.106
# Player 2: Player-1, 'RandomPlayer', running on 192.168.1.106
START Player-0 260776911
START Player-1 RandomPlayer
BoardInit:Map,Tile:7,Tile:7,Destroy,Tile:8,Tile:0,Tile:15,Tile:5,Tile:10,Tile:4,Malus,Bonus,Tile:6,Tile:9,Tile:10,Tile:10,Bonus,Tile:7,Tile:11,Tile:0,Tile:0,Bonus,Tile:7,Map,Tile:8,Map,Map,Tile:8,Destroy,Tile:13,Tile:12,Tile:14,Tile:9,Map,Tile:5,Tile:0,Tile:6,Tile:5,Tile:1,Malus,Tile:8-Tile:9,Destroy,Tile:2,Tile:6,Tile:3,Tile:9,Tile:8-Bonus,Tile:5,Map,Tile:9,Tile:6,Tile:6,Tile:7-Tile:nugget,Tile:hidden1,Tile:hidden2
Tile:8 5 4 1
Map 12 3 0
Tile:9 4 4 1
Tile:5_flip 6 4 0
Tile:9_flip 5 6 1
Tile:9 6 3 0
Drop 2 0 1
Tile:6 7 3 0
Tile:7 6 5 1
Tile:6 8 3 0
Tile:2_flip 4 5 1
Drop 6 0 0
Map 12 5 1
Tile:7 6 2 0
Tile:6_flip 4 3 1
Tile:7 8 2 0
Destroy 5 6 1
Destroy 6 2 0
Tile:3 6 2 1
Tile:0 9 3 0
Tile:11 6 6 1
Tile:5 7 2 0
Tile:10 6 7 1
Tile:9_flip 10 3 0
Tile:8 5 2 1
Drop 6 0 0
Tile:15 5 1 1
Drop 6 0 0
Tile:10 5 0 1
Tile:10 10 2 0
Malus 0 0 1
Bonus 0 0 0
Tile:12_flip 3 3 1
Drop 5 0 0
Destroy 6 5 1
Drop 6 0 0
Tile:8 7 6 1
Drop 5 0 0
Tile:6_flip 8 6 1
Tile:7_flip 10 4 0
Tile:7 9 6 1
Tile:0 11 4 0
Tile:8 7 5 1
Tile:8 12 4 0
GAMEOVER WINNER 0
# Game ended: Sun Apr 12 18:41:46 EDT 2020
