# Server version 0.08 running on localhost:8123
# Game ID: 272
# Board class: Saboteur.SaboteurBoard
# Timeout: 20000
# First Move Timeout: 30000
# Date: Sun Apr 12 19:21:53 EDT 2020
# Player 1: Player-0, '260776911', running on localhost
# Player 2: Player-1, 'RandomPlayer', running on localhost
START Player-0 260776911
START Player-1 RandomPlayer
BoardInit:Bonus,Tile:7,Tile:10,Map,Tile:14,Tile:8,Tile:8,Tile:0,Malus,Tile:8,Tile:12,Tile:5,Tile:10,Tile:2,Tile:4,Bonus,Map,Map,Tile:6,Tile:9,Tile:8,Map,Destroy,Bonus,Tile:3,Tile:0,Tile:10,Tile:6,Tile:0,Tile:6,Tile:15,Tile:5,Tile:7,Destroy,Tile:9,Tile:9,Destroy,Tile:9,Map,Tile:7,Tile:5-Tile:1,Tile:11,Tile:13,Tile:5,Malus,Tile:0,Tile:6-Tile:8,Tile:7,Tile:9,Tile:7,Bonus,Map,Tile:6-Tile:hidden1,Tile:nugget,Tile:hidden2
Tile:6 5 6 1
Map 12 3 0
Tile:13 5 4 1
Tile:8 5 3 0
Tile:0 4 6 1
Map 12 5 0
Tile:5_flip 6 6 1
Tile:7 6 4 0
Drop 2 0 1
Tile:9_flip 6 5 0
Drop 2 0 1
Tile:7_flip 4 5 0
Tile:11 4 3 1
Tile:8 4 2 0
Tile:14 6 3 1
Drop 6 0 0
Drop 6 0 1
Tile:8 3 2 0
Drop 3 0 1
Drop 6 0 0
Tile:10 3 3 1
Tile:5 6 2 0
Tile:8 4 4 1
Drop 6 0 0
Tile:6_flip 2 2 1
Tile:0 7 2 0
Tile:8 4 1 1
Tile:9 3 1 0
Tile:10 2 3 1
Tile:7_flip 3 6 0
Destroy 5 4 1
Tile:6_flip 3 0 0
Tile:3_flip 1 2 1
Tile:6 3 4 0
Drop 3 0 1
Destroy 6 3 0
Tile:9_flip 1 1 1
Tile:5_flip 6 3 0
Tile:1 2 0 1
Tile:9_flip 5 2 0
Tile:7_flip 0 1 1
Tile:9_flip 5 1 0
Destroy 0 1 1
Tile:7 3 5 0
Tile:5_flip 8 2 1
Tile:6_flip 4 0 0
Map 12 5 1
Drop 1 0 0
Drop 0 0 1
Drop 0 0 0
Tile:0 0 1 1
Drop 0 0 0
Map 12 7 1
Drop 0 0 0
Tile:15 8 1 1
GAMEOVER DRAW
# Game ended: Sun Apr 12 19:21:53 EDT 2020
