# Server version 0.08 running on localhost:8123
# Game ID: 320
# Board class: Saboteur.SaboteurBoard
# Timeout: 20000
# First Move Timeout: 30000
# Date: Sun Apr 12 20:19:24 EDT 2020
# Player 1: Player-0, '260776911', running on localhost
# Player 2: Player-1, '260776911', running on localhost
START Player-0 260776911
START Player-1 260776911
BoardInit:Tile:9,Tile:1,Map,Tile:8,Tile:8,Map,Bonus,Tile:8,Tile:7,Tile:15,Malus,Tile:5,Malus,Tile:0,Tile:6,Tile:10,Tile:5,Tile:5,Tile:8,Map,Tile:13,Tile:0,Tile:7,Tile:9,Tile:5,Map,Tile:6,Tile:10,Tile:11,Tile:6,Tile:2,Tile:4,Tile:8,Tile:6,Bonus,Destroy,Tile:12,Tile:0,Destroy,Tile:7,Tile:9-Tile:7,Tile:10,Bonus,Map,Map,Tile:14,Tile:9-Tile:9,Tile:3,Tile:0,Bonus,Tile:7,Tile:6,Destroy-Tile:hidden1,Tile:nugget,Tile:hidden2
Drop 4 0 1
Drop 1 0 0
Drop 3 0 1
Drop 6 0 0
Drop 6 0 1
Tile:6 4 5 0
Drop 3 0 1
Drop 6 0 0
Tile:9 5 4 1
Destroy 4 5 0
Tile:8 6 4 1
Drop 6 0 0
Malus 0 0 1
Bonus 0 0 0
Malus 0 0 1
Drop 3 0 0
Tile:7 6 3 1
Drop 3 0 0
Tile:6_flip 5 3 1
Drop 3 0 0
Tile:5_flip 6 5 1
Drop 2 0 0
Drop 6 0 1
Drop 2 0 0
Tile:8 4 5 1
Drop 2 0 0
Tile:7_flip 5 6 1
Drop 0 0 0
Tile:5 4 3 1
Drop 0 0 0
Drop 6 0 1
Drop 0 0 0
Drop 6 0 1
Drop 0 0 0
Tile:7_flip 3 5 1
Drop 2 0 0
Tile:6 7 4 1
Destroy 6 5 0
Drop 6 0 1
Drop 3 0 0
Destroy 3 5 1
Drop 3 0 0
Tile:8 6 6 1
Drop 3 0 0
Tile:9_flip 8 4 1
Drop 2 0 0
Tile:9_flip 4 4 1
Drop 2 0 0
Tile:10 8 3 1
Drop 1 0 0
Drop 1 0 1
Drop 1 0 0
Drop 1 0 1
Drop 0 0 0
Drop 0 0 1
GAMEOVER DRAW
# Game ended: Sun Apr 12 20:19:24 EDT 2020
