# Server version 0.08 running on localhost:8123
# Game ID: 239
# Board class: Saboteur.SaboteurBoard
# Timeout: 20000
# First Move Timeout: 30000
# Date: Sun Apr 12 18:45:32 EDT 2020
# Player 1: Player-0, '260776911', running on localhost
# Player 2: Player-1, 'RandomPlayer', running on localhost
START Player-0 260776911
START Player-1 RandomPlayer
BoardInit:Tile:0,Map,Tile:0,Tile:7,Tile:9,Tile:2,Map,Tile:10,Tile:6,Malus,Destroy,Tile:6,Tile:7,Tile:15,Tile:7,Destroy,Tile:3,Map,Tile:6,Tile:1,Tile:10,Map,Tile:8,Malus,Tile:5,Tile:7,Bonus,Tile:9,Destroy,Tile:8,Tile:9,Tile:9,Tile:8,Tile:8,Tile:10,Map,Tile:5,Tile:12,Bonus,Tile:0,Tile:9-Tile:6,Tile:13,Tile:11,Tile:8,Map,Tile:0,Tile:6-Tile:7,Bonus,Tile:5,Tile:14,Tile:5,Tile:4,Bonus-Tile:nugget,Tile:hidden2,Tile:hidden1
Tile:6 6 5 1
Drop 3 0 0
Tile:0 4 5 1
Map 12 3 0
Map 12 7 1
Drop 4 0 0
Tile:8 7 5 1
Drop 6 0 0
Drop 0 0 1
Tile:7 6 4 0
Map 12 7 1
Tile:5 7 4 0
Tile:0 8 5 1
Tile:5_flip 8 4 0
Tile:9 5 6 1
Drop 6 0 0
Tile:6_flip 5 4 1
Tile:7 8 3 0
Tile:7_flip 4 4 1
Drop 6 0 0
Tile:11_flip 7 6 1
Drop 6 0 0
Tile:0 7 3 1
Drop 6 0 0
Tile:10 7 7 1
Destroy 7 6 0
Destroy 6 5 1
Tile:6 6 3 0
Tile:6 6 5 1
Tile:10 6 2 0
Tile:6 7 8 1
Tile:9_flip 5 7 0
Destroy 5 4 1
Tile:8 6 8 0
Tile:9 3 5 1
Tile:9_flip 3 4 0
Tile:8 4 3 1
Drop 6 0 0
Tile:5_flip 3 6 1
Drop 6 0 0
Tile:8 5 4 1
Tile:8 4 7 0
Tile:7 6 6 1
Tile:0 2 4 0
Tile:9 7 6 1
Tile:7_flip 2 6 0
Tile:3_flip 6 9 1
Drop 1 0 0
Tile:10 6 7 1
Drop 0 0 0
Tile:5 1 4 1
Drop 0 0 0
Drop 1 0 1
Drop 0 0 0
Drop 0 0 1
GAMEOVER DRAW
# Game ended: Sun Apr 12 18:45:32 EDT 2020
