# Server version 0.08 running on localhost:8123
# Game ID: 319
# Board class: Saboteur.SaboteurBoard
# Timeout: 20000
# First Move Timeout: 30000
# Date: Sun Apr 12 20:19:07 EDT 2020
# Player 1: Player-0, '260776911', running on localhost
# Player 2: Player-1, 'RandomPlayer', running on localhost
START Player-0 260776911
START Player-1 RandomPlayer
BoardInit:Tile:6,Malus,Tile:7,Tile:11,Map,Tile:7,Tile:4,Map,Bonus,Tile:8,Tile:5,Tile:10,Tile:14,Map,Map,Tile:7,Tile:5,Tile:7,Tile:6,Tile:0,Tile:6,Tile:10,Destroy,Tile:8,Tile:2,Tile:9,Tile:6,Destroy,Tile:1,Tile:9,Map,Tile:13,Malus,Tile:12,Tile:6,Tile:7,Tile:15,Tile:8,Bonus,Map,Bonus-Destroy,Tile:5,Tile:0,Tile:8,Tile:0,Tile:9,Tile:0-Tile:8,Tile:9,Tile:9,Tile:5,Tile:10,Tile:3,Bonus-Tile:nugget,Tile:hidden1,Tile:hidden2
Tile:8 5 6 1
Drop 5 0 0
Drop 5 0 1
Malus 0 0 0
Drop 4 0 1
Drop 6 0 0
Drop 2 0 1
Tile:9_flip 6 6 0
Drop 6 0 1
Drop 6 0 0
Drop 3 0 1
Tile:10 5 7 0
Drop 0 0 1
Tile:7 6 5 0
Map 12 7 1
Drop 6 0 0
Drop 0 0 1
Tile:8 4 6 0
Map 12 7 1
Tile:10 4 7 0
Drop 2 0 1
Tile:8 4 5 0
Drop 0 0 1
Tile:7_flip 6 7 0
Destroy 4 7 1
Tile:7_flip 3 6 0
Drop 0 0 1
Tile:10 4 7 0
Drop 5 0 1
Destroy 3 6 0
Drop 0 0 1
Tile:9 4 4 0
Map 12 3 1
Drop 6 0 0
Drop 0 0 1
Drop 6 0 0
Drop 4 0 1
Tile:9_flip 7 7 0
Drop 0 0 1
Tile:9_flip 5 4 0
Drop 4 0 1
Drop 6 0 0
Drop 4 0 1
Tile:7 5 3 0
Drop 1 0 1
Tile:8 4 3 0
Bonus 0 0 1
Tile:0 3 6 0
Tile:6 3 5 1
Tile:8 2 5 0
Drop 0 0 1
Tile:5 7 6 0
Malus 0 0 1
Bonus 0 0 0
Drop 0 0 1
GAMEOVER DRAW
# Game ended: Sun Apr 12 20:19:08 EDT 2020
