# Server version 0.08 running on localhost:8123
# Game ID: 170
# Board class: Saboteur.SaboteurBoard
# Timeout: 20000
# First Move Timeout: 30000
# Date: Sun Apr 12 14:29:42 EDT 2020
# Player 1: Player-0, '260776911', running on localhost
# Player 2: Player-1, 'RandomPlayer', running on localhost
START Player-0 260776911
START Player-1 RandomPlayer
BoardInit:Tile:7,Tile:9,Malus,Tile:5,Tile:7,Map,Tile:6,Map,Tile:7,Destroy,Tile:9,Bonus,Tile:8,Malus,Tile:3,Tile:7,Tile:8,Destroy,Tile:0,Tile:10,Tile:9,Tile:12,Destroy,Map,Tile:1,Tile:6,Tile:6,Tile:5,Map,Tile:5,Tile:4,Tile:8,Tile:0,Tile:5,Tile:0,Tile:6,Tile:11,Tile:6,Tile:0,Tile:8,Tile:8-Tile:15,Tile:10,Tile:2,Tile:10,Tile:13,Map,Bonus-Tile:14,Bonus,Bonus,Map,Tile:9,Tile:7,Tile:9-Tile:hidden2,Tile:hidden1,Tile:nugget
Tile:10 5 4 1
Map 12 3 0
Drop 1 0 1
Tile:14 5 6 0
Tile:7_flip 4 5 1
Tile:9 5 3 0
Drop 3 0 1
Map 12 5 0
Tile:6_flip 4 6 1
Drop 6 0 0
Tile:10 4 4 1
Destroy 5 6 0
Tile:7 6 3 1
Tile:7 6 5 0
Tile:9 3 6 1
Malus 0 0 0
Drop 6 0 1
Tile:9 3 7 0
Drop 2 0 1
Tile:9 3 8 0
Drop 2 0 1
Tile:5_flip 4 7 0
Drop 0 0 1
Drop 6 0 0
Drop 0 0 1
Drop 6 0 0
Drop 5 0 1
Tile:7 3 5 0
Drop 5 0 1
Destroy 3 5 0
Map 12 3 1
Tile:10 3 5 0
Drop 6 0 1
Tile:6 3 9 0
Drop 3 0 1
Tile:5 2 9 0
Drop 3 0 1
Tile:5_flip 2 10 0
Drop 6 0 1
Tile:8 1 10 0
Drop 2 0 1
Tile:5 0 10 0
Drop 0 0 1
Tile:6 0 11 0
Drop 4 0 1
Tile:6 1 11 0
Drop 2 0 1
Tile:8 4 9 0
Drop 0 0 1
Drop 0 0 0
Drop 0 0 1
Drop 0 0 0
Drop 1 0 1
Drop 0 0 0
Drop 0 0 1
GAMEOVER DRAW
# Game ended: Sun Apr 12 14:29:42 EDT 2020
