# Server version 0.08 running on localhost:8123
# Game ID: 449
# Board class: Saboteur.SaboteurBoard
# Timeout: 20000
# First Move Timeout: 30000
# Date: Mon Apr 13 16:44:40 EDT 2020
# Player 1: Player-0, '260776911', running on localhost
# Player 2: Player-1, '260776911', running on localhost
START Player-0 260776911
START Player-1 260776911
BoardInit:Destroy,Tile:1,Tile:6,Tile:8,Tile:8,Tile:3,Tile:2,Tile:12,Tile:5,Tile:10,Tile:7,Tile:6,Bonus,Tile:5,Map,Tile:0,Tile:6,Map,Tile:9,Tile:10,Tile:7,Destroy,Map,Tile:5,Tile:9,Tile:0,Tile:9,Tile:0,Tile:7,Tile:6,Malus,Destroy,Tile:11,Tile:13,Tile:14,Tile:15,Malus,Map,Tile:7,Tile:9,Tile:9-Tile:5,Tile:8,Map,Tile:0,Bonus,Tile:6,Tile:10-Tile:8,Map,Bonus,Tile:7,Bonus,Tile:4,Tile:8-Tile:hidden1,Tile:nugget,Tile:hidden2
Map 12 3 1
Map 12 3 0
Tile:6 4 5 1
Drop 4 0 0
Destroy 4 5 1
Drop 5 0 0
Tile:6 4 5 1
Drop 6 0 0
Drop 6 0 1
Drop 6 0 0
Tile:8 3 5 1
Tile:8 6 5 0
Tile:5_flip 6 6 1
Tile:8 7 5 0
Tile:10 7 6 1
Tile:7_flip 7 7 0
Drop 6 0 1
Tile:8 8 7 0
Tile:0 9 7 1
Drop 6 0 0
Tile:8 10 7 1
Tile:6 10 8 0
Tile:6 11 7 1
Destroy 3 5 0
Drop 6 0 1
Tile:0 9 8 0
Tile:5 10 6 1
Tile:0 11 8 0
Tile:7 11 6 1
Tile:10 8 6 0
Tile:9 12 6 1
GAMEOVER WINNER 1
# Game ended: Mon Apr 13 16:44:40 EDT 2020
