# Server version 0.08 running on 192.168.1.106:8123
# Game ID: 68
# Board class: Saboteur.SaboteurBoard
# Timeout: 20000
# First Move Timeout: 30000
# Date: Sun Apr 12 04:23:28 EDT 2020
# Player 1: Player-0, '260776911', running on 192.168.1.106
# Player 2: Player-1, 'RandomPlayer', running on 192.168.1.106
START Player-0 260776911
START Player-1 RandomPlayer
BoardInit:Tile:7,Tile:4,Tile:7,Destroy,Tile:0,Tile:9,Tile:8,Tile:8,Tile:5,Tile:6,Tile:7,Map,Tile:9,Tile:1,Destroy,Tile:15,Tile:9,Tile:13,Bonus,Bonus,Tile:8,Tile:6,Tile:2,Tile:10,Tile:8,Tile:0,Map,Tile:14,Tile:9,Tile:10,Tile:3,Tile:5,Tile:7,Tile:5,Bonus,Tile:6,Tile:9,Tile:8,Tile:6,Destroy,Tile:0-Map,Tile:7,Map,Map,Tile:11,Tile:0,Bonus-Malus,Tile:10,Tile:5,Tile:6,Tile:12,Malus,Map-Tile:hidden2,Tile:hidden1,Tile:nugget
Drop 3 0 1
Malus 0 0 0
Drop 1 0 1
Tile:10 5 4 0
Drop 4 0 1
Tile:5 5 3 0
Drop 1 0 1
Tile:6 6 3 0
Map 12 5 1
Tile:12 6 5 0
Drop 4 0 1
Malus 0 0 0
Drop 0 0 1
Map 12 3 0
Drop 0 0 1
Tile:4 6 2 0
Drop 3 0 1
Destroy 5 3 0
Destroy 6 5 1
Tile:9 5 3 0
Drop 2 0 1
Tile:8 5 6 0
Drop 3 0 1
Tile:6 6 5 0
Drop 5 0 1
Map 12 3 0
Drop 0 0 1
Tile:1 4 5 0
Drop 6 0 1
Tile:15 5 2 0
Drop 1 0 1
Tile:13 3 5 0
Drop 4 0 1
Tile:6 3 6 0
Drop 0 0 1
Tile:10 3 4 0
Drop 3 0 1
Tile:0 2 5 0
Bonus 0 0 1
Tile:14 5 7 0
Drop 4 0 1
Tile:10 3 3 0
Drop 0 0 1
Tile:5 2 6 0
Drop 4 0 1
Tile:5 1 5 0
Drop 2 0 1
Tile:6 2 7 0
Drop 0 0 1
Tile:8 1 7 0
Drop 0 0 1
Destroy 1 5 0
Drop 1 0 1
Drop 0 0 0
Drop 0 0 1
GAMEOVER DRAW
# Game ended: Sun Apr 12 04:23:28 EDT 2020
