# Server version 0.08 running on localhost:8123
# Game ID: 153
# Board class: Saboteur.SaboteurBoard
# Timeout: 20000
# First Move Timeout: 30000
# Date: Sun Apr 12 14:23:37 EDT 2020
# Player 1: Player-0, '260776911', running on localhost
# Player 2: Player-1, 'RandomPlayer', running on localhost
START Player-0 260776911
START Player-1 RandomPlayer
BoardInit:Tile:8,Destroy,Tile:6,Tile:8,Map,Tile:9,Tile:8,Tile:2,Tile:6,Tile:14,Tile:6,Map,Tile:3,Tile:9,Tile:0,Tile:0,Destroy,Tile:6,Tile:7,Tile:7,Tile:9,Tile:15,Tile:11,Tile:5,Tile:10,Tile:5,Bonus,Tile:8,Tile:9,Tile:6,Map,Tile:10,Tile:10,Map,Map,Tile:12,Tile:7,Tile:4,Tile:13,Tile:9,Tile:8-Destroy,Map,Tile:5,Bonus,Tile:1,Bonus,Malus-Tile:7,Tile:7,Malus,Tile:5,Tile:0,Tile:0,Bonus-Tile:hidden2,Tile:nugget,Tile:hidden1
Tile:5_flip 5 6 1
Malus 0 0 0
Drop 1 0 1
Tile:7 5 4 0
Drop 6 0 1
Tile:7 6 5 0
Drop 0 0 1
Tile:5 4 4 0
Drop 1 0 1
Tile:0 4 6 0
Drop 3 0 1
Tile:0 3 6 0
Drop 5 0 1
Map 12 3 0
Drop 2 0 1
Destroy 3 6 0
Drop 3 0 1
Tile:8 3 6 0
Map 12 7 1
Tile:9 3 5 0
Destroy 5 6 1
Tile:2 2 6 0
Drop 5 0 1
Tile:14 2 7 0
Drop 0 0 1
Tile:9 1 6 0
Drop 0 0 1
Tile:6 1 7 0
Drop 6 0 1
Tile:0 0 7 0
Drop 0 0 1
Tile:7 1 5 0
Map 12 3 1
Tile:15 3 7 0
Drop 3 0 1
Map 12 5 0
Drop 2 0 1
Drop 6 0 0
Map 12 5 1
Drop 6 0 0
Drop 2 0 1
Tile:5_flip 3 8 0
Drop 0 0 1
Tile:5 2 8 0
Drop 4 0 1
Tile:8 2 9 0
Drop 2 0 1
Tile:6 2 10 0
Drop 0 0 1
Tile:10 6 6 0
Drop 0 0 1
Tile:9 1 9 0
Drop 1 0 1
Drop 0 0 0
Drop 0 0 1
GAMEOVER DRAW
# Game ended: Sun Apr 12 14:23:37 EDT 2020
