# Server version 0.08 running on localhost:8123
# Game ID: 330
# Board class: Saboteur.SaboteurBoard
# Timeout: 20000
# First Move Timeout: 30000
# Date: Sun Apr 12 20:24:32 EDT 2020
# Player 1: Player-0, '260776911', running on localhost
# Player 2: Player-1, 'RandomPlayer', running on localhost
START Player-0 260776911
START Player-1 RandomPlayer
BoardInit:Tile:0,Map,Destroy,Tile:1,Tile:7,Tile:0,Tile:6,Tile:9,Map,Tile:9,Tile:5,Tile:5,Tile:10,Tile:10,Destroy,Tile:0,Tile:10,Map,Tile:4,Destroy,Tile:3,Tile:0,Tile:5,Malus,Tile:9,Tile:6,Tile:5,Tile:6,Tile:14,Map,Tile:7,Tile:6,Tile:8,Tile:8,Map,Tile:15,Bonus,Tile:9,Tile:6,Map,Malus-Tile:8,Tile:12,Tile:7,Bonus,Tile:11,Tile:9,Tile:13-Tile:8,Tile:8,Tile:2,Tile:7,Bonus,Bonus,Tile:7-Tile:hidden2,Tile:nugget,Tile:hidden1
Tile:9_flip 5 4 1
Drop 2 0 0
Tile:11 5 6 1
Drop 6 0 0
Tile:0 6 6 1
Drop 6 0 0
Tile:7_flip 4 5 1
Tile:7 5 3 0
Tile:7 7 6 1
Tile:0 6 5 0
Tile:8 4 4 1
Tile:9 7 7 0
Tile:5_flip 7 5 1
Tile:9 4 3 0
Destroy 5 6 1
Tile:7_flip 5 6 0
Drop 1 0 1
Tile:5_flip 7 8 0
Tile:6 6 8 1
Drop 6 0 0
Destroy 7 5 1
Destroy 4 3 0
Tile:13 4 3 1
Tile:0 7 5 0
Drop 0 0 1
Malus 0 0 0
Drop 3 0 1
Tile:6 3 3 0
Drop 4 0 1
Tile:0 8 7 0
Map 12 3 1
Drop 6 0 0
Drop 6 0 1
Tile:6_flip 3 4 0
Drop 3 0 1
Tile:6 9 7 0
Drop 2 0 1
Drop 6 0 0
Map 12 7 1
Tile:8 4 2 0
Drop 4 0 1
Drop 6 0 0
Malus 0 0 1
Bonus 0 0 0
Drop 4 0 1
Tile:8 9 6 0
Drop 2 0 1
Tile:9 2 4 0
Drop 0 0 1
Tile:8 4 1 0
Drop 0 0 1
Tile:10 3 5 0
Drop 1 0 1
Drop 0 0 0
Drop 0 0 1
GAMEOVER DRAW
# Game ended: Sun Apr 12 20:24:32 EDT 2020
