# Server version 0.08 running on localhost:8123
# Game ID: 399
# Board class: Saboteur.SaboteurBoard
# Timeout: 20000
# First Move Timeout: 30000
# Date: Sun Apr 12 20:40:13 EDT 2020
# Player 1: Player-0, '260776911', running on localhost
# Player 2: Player-1, '260776911', running on localhost
START Player-0 260776911
START Player-1 260776911
BoardInit:Tile:6,Tile:0,Tile:14,Bonus,Tile:2,Bonus,Tile:12,Map,Tile:0,Destroy,Bonus,Tile:10,Tile:4,Tile:6,Tile:10,Destroy,Map,Malus,Tile:9,Bonus,Tile:7,Destroy,Tile:1,Tile:6,Tile:5,Tile:8,Tile:9,Tile:15,Tile:0,Tile:10,Tile:7,Map,Tile:9,Map,Tile:7,Map,Tile:5,Tile:5,Tile:8,Tile:11,Tile:6-Tile:0,Tile:7,Tile:7,Tile:13,Tile:9,Tile:8,Map-Malus,Tile:8,Tile:6,Tile:5,Tile:9,Tile:3,Tile:8-Tile:hidden2,Tile:nugget,Tile:hidden1
Drop 6 0 1
Drop 5 0 0
Drop 3 0 1
Malus 0 0 0
Drop 3 0 1
Tile:9 4 5 0
Drop 3 0 1
Tile:5_flip 5 6 0
Drop 3 0 1
Drop 6 0 0
Drop 3 0 1
Destroy 4 5 0
Bonus 0 0 1
Tile:8 4 5 0
Drop 3 0 1
Tile:10 4 4 0
Drop 3 0 1
Destroy 4 4 0
Drop 6 0 1
Malus 0 0 0
Drop 3 0 1
Tile:0 6 5 0
Drop 3 0 1
Destroy 4 5 0
Drop 3 0 1
Tile:6_flip 4 6 0
Drop 3 0 1
Tile:6 4 5 0
Drop 3 0 1
Drop 6 0 0
Drop 3 0 1
Tile:8 4 4 0
Drop 3 0 1
Drop 6 0 0
Drop 3 0 1
Drop 6 0 0
Drop 3 0 1
Drop 6 0 0
Drop 3 0 1
Tile:8 3 6 0
Drop 3 0 1
Drop 6 0 0
Drop 3 0 1
Tile:10 4 7 0
Drop 3 0 1
Tile:5 2 6 0
Drop 2 0 1
Tile:6_flip 3 4 0
Drop 2 0 1
Drop 1 0 0
Drop 1 0 1
Drop 1 0 0
Drop 1 0 1
Drop 0 0 0
Drop 0 0 1
GAMEOVER DRAW
# Game ended: Sun Apr 12 20:40:13 EDT 2020
