# Server version 0.08 running on localhost:8123
# Game ID: 79
# Board class: Saboteur.SaboteurBoard
# Timeout: 20000
# First Move Timeout: 30000
# Date: Sun Apr 12 04:45:27 EDT 2020
# Player 1: Player-0, '260776911', running on localhost
# Player 2: Player-1, 'RandomPlayer', running on localhost
START Player-0 260776911
START Player-1 RandomPlayer
BoardInit:Tile:7,Tile:10,Tile:10,Tile:12,Tile:8,Map,Destroy,Bonus,Tile:7,Tile:8,Tile:8,Map,Tile:0,Tile:6,Map,Tile:3,Tile:11,Tile:10,Tile:15,Malus,Tile:6,Tile:2,Destroy,Tile:9,Tile:14,Malus,Tile:9,Tile:9,Destroy,Tile:13,Tile:7,Tile:1,Tile:7,Tile:8,Tile:8,Tile:9,Tile:5,Tile:7,Tile:9,Bonus,Tile:6-Tile:5,Tile:5,Tile:0,Tile:6,Map,Tile:4,Map-Tile:0,Tile:0,Bonus,Tile:6,Map,Bonus,Tile:5-Tile:nugget,Tile:hidden1,Tile:hidden2
Tile:4_flip 5 6 1
Tile:0 6 5 0
Tile:5 4 5 1
Tile:0 7 5 0
Tile:6_flip 8 5 1
Tile:6 8 6 0
Drop 2 0 1
Map 12 3 0
Map 12 3 1
Tile:5 5 4 0
Destroy 7 5 1
Tile:10 4 6 0
Drop 2 0 1
Tile:12 6 4 0
Drop 3 0 1
Map 12 3 0
Tile:7_flip 4 7 1
Tile:8 7 5 0
Tile:5_flip 9 5 1
Map 12 3 0
Tile:11 9 4 1
Tile:6 7 6 0
Tile:10 9 3 1
Tile:3 5 7 0
Map 12 3 1
Tile:10 5 8 0
Tile:6_flip 9 2 1
Malus 0 0 0
Destroy 6 4 1
Tile:2 7 4 0
Destroy 4 5 1
Tile:9 4 5 0
Drop 6 0 1
Malus 0 0 0
Drop 3 0 1
Tile:9 5 9 0
Drop 3 0 1
Tile:13 5 10 0
Drop 6 0 1
Tile:1 6 4 0
Drop 2 0 1
Tile:8 6 9 0
Drop 0 0 1
Tile:9 6 8 0
Drop 4 0 1
Tile:7 4 4 0
Drop 2 0 1
Drop 0 0 0
Drop 0 0 1
Drop 0 0 0
Drop 0 0 1
Drop 0 0 0
Drop 1 0 1
Drop 0 0 0
Drop 0 0 1
GAMEOVER DRAW
# Game ended: Sun Apr 12 04:45:27 EDT 2020
