# Server version 0.08 running on localhost:8123
# Game ID: 267
# Board class: Saboteur.SaboteurBoard
# Timeout: 20000
# First Move Timeout: 30000
# Date: Sun Apr 12 19:20:33 EDT 2020
# Player 1: Player-0, '260776911', running on localhost
# Player 2: Player-1, 'RandomPlayer', running on localhost
START Player-0 260776911
START Player-1 RandomPlayer
BoardInit:Tile:8,Tile:2,Tile:3,Map,Tile:5,Destroy,Bonus,Map,Tile:11,Malus,Tile:7,Tile:14,Tile:8,Tile:9,Tile:9,Tile:5,Tile:5,Tile:1,Malus,Tile:6,Map,Tile:5,Tile:4,Map,Tile:8,Tile:6,Tile:0,Tile:13,Tile:6,Tile:10,Tile:15,Tile:9,Map,Tile:9,Tile:7,Bonus,Tile:8,Tile:6,Bonus,Tile:9,Destroy-Tile:8,Tile:7,Map,Tile:12,Tile:7,Tile:0,Tile:0-Bonus,Tile:7,Tile:6,Destroy,Tile:10,Tile:0,Tile:10-Tile:hidden1,Tile:nugget,Tile:hidden2
Drop 3 0 1
Tile:7 5 4 0
Map 12 7 1
Drop 6 0 0
Tile:8 6 5 1
Map 12 3 0
Tile:3 7 5 1
Destroy 7 5 0
Tile:7_flip 4 4 1
Map 12 5 0
Tile:7 4 3 1
Tile:6 6 6 0
Drop 2 0 1
Drop 6 0 0
Tile:5 4 5 1
Tile:10 6 4 0
Tile:7 7 6 1
Tile:0 7 5 0
Tile:8 5 6 1
Drop 6 0 0
Tile:9 3 3 1
Destroy 6 4 0
Tile:11_flip 3 4 1
Tile:10 6 4 0
Tile:4_flip 7 7 1
Drop 6 0 0
Drop 3 0 1
Tile:9_flip 8 5 0
Drop 5 0 1
Drop 6 0 0
Drop 3 0 1
Tile:5 8 4 0
Tile:15 6 3 1
Tile:6 9 4 0
Tile:0 2 4 1
Malus 0 0 0
Map 12 7 1
Tile:6 10 4 0
Map 12 5 1
Tile:6 11 4 0
Drop 4 0 1
Tile:5_flip 12 4 0
Destroy 4 5 1
Tile:9 10 3 0
Drop 3 0 1
Tile:9_flip 9 3 0
Drop 4 0 1
Tile:9 8 6 0
Drop 2 0 1
Tile:10 9 2 0
Drop 0 0 1
Drop 1 0 0
Bonus 0 0 1
Drop 0 0 0
Tile:8 9 6 1
GAMEOVER DRAW
# Game ended: Sun Apr 12 19:20:33 EDT 2020
