# Server version 0.08 running on localhost:8123
# Game ID: 124
# Board class: Saboteur.SaboteurBoard
# Timeout: 20000
# First Move Timeout: 30000
# Date: Sun Apr 12 11:56:59 EDT 2020
# Player 1: Player-0, '260776911', running on localhost
# Player 2: Player-1, 'RandomPlayer', running on localhost
START Player-0 260776911
START Player-1 RandomPlayer
BoardInit:Tile:7,Tile:8,Tile:9,Tile:6,Tile:0,Tile:6,Bonus,Tile:5,Tile:8,Tile:8,Map,Tile:9,Tile:8,Destroy,Tile:9,Bonus,Map,Bonus,Tile:5,Tile:15,Tile:14,Tile:0,Tile:13,Bonus,Tile:5,Tile:4,Tile:7,Tile:6,Tile:3,Tile:1,Tile:9,Destroy,Map,Destroy,Tile:0,Tile:9,Malus,Map,Tile:12,Tile:6,Tile:11-Map,Tile:2,Malus,Tile:10,Tile:6,Tile:8,Tile:10-Tile:5,Tile:10,Tile:7,Tile:7,Tile:7,Tile:0,Map-Tile:hidden1,Tile:hidden2,Tile:nugget
Tile:8 6 5 1
Tile:5 5 4 0
Tile:2_flip 7 5 1
Tile:10 5 6 0
Tile:7 6 4 1
Tile:7 8 5 0
Tile:0 4 5 1
Tile:7_flip 3 5 0
Tile:10 7 4 1
Tile:7 3 4 0
Drop 1 0 1
Tile:0 2 4 0
Tile:6 8 6 1
Map 12 3 0
Tile:9_flip 7 3 1
Tile:8 1 4 0
Map 12 3 1
Tile:6 1 5 0
Drop 1 0 1
Tile:6 0 4 0
Tile:9 6 6 1
Tile:5 0 3 0
Tile:5 0 5 1
Tile:8 1 3 0
Tile:8 7 2 1
Tile:9 0 6 0
Map 12 3 1
Destroy 0 3 0
Tile:13 9 6 1
Tile:15 0 7 0
Tile:14 9 7 1
Tile:0 1 6 0
Tile:7 2 5 1
Tile:4 1 2 0
Drop 0 0 1
Tile:6 0 8 0
Tile:9_flip 1 8 1
Tile:1 2 3 0
Tile:0 8 7 1
Destroy 0 4 0
Drop 0 0 1
Destroy 0 5 0
Tile:5 9 5 1
Tile:9 0 5 0
Tile:11_flip 8 2 1
Map 12 3 0
Tile:12_flip 6 2 1
Tile:6 0 3 0
Tile:3_flip 8 3 1
Drop 0 0 0
Map 12 7 1
Drop 0 0 0
Malus 0 0 1
Bonus 0 0 0
Map 12 5 1
GAMEOVER DRAW
# Game ended: Sun Apr 12 11:56:59 EDT 2020
