# Server version 0.08 running on 192.168.1.106:8123
# Game ID: 42
# Board class: Saboteur.SaboteurBoard
# Timeout: 20000
# First Move Timeout: 30000
# Date: Sun Apr 12 00:43:12 EDT 2020
# Player 1: Player-0, 'RandomPlayer', running on 192.168.1.106
# Player 2: Player-1, '260776911', running on 192.168.1.106
START Player-0 RandomPlayer
START Player-1 260776911
BoardInit:Tile:7,Map,Map,Tile:12,Tile:7,Tile:0,Tile:10,Bonus,Destroy,Tile:9,Map,Malus,Tile:9,Tile:8,Tile:9,Malus,Tile:1,Tile:15,Tile:10,Tile:8,Tile:5,Tile:5,Tile:6,Tile:14,Tile:2,Bonus,Tile:5,Tile:8,Tile:4,Tile:13,Destroy,Bonus,Tile:8,Tile:0,Tile:6,Tile:9,Tile:6,Tile:7,Map,Tile:7,Tile:3-Map,Destroy,Tile:11,Tile:10,Tile:6,Tile:8,Tile:0-Tile:5,Tile:9,Tile:7,Tile:0,Tile:6,Bonus,Map-Tile:hidden1,Tile:hidden2,Tile:nugget
Map 12 3 1
Tile:6_flip 5 4 0
Destroy 5 4 1
Tile:5 4 5 0
Tile:11 4 6 1
Map 12 5 0
Tile:10 4 7 1
Drop 6 0 0
Tile:6 5 6 1
Tile:0 6 6 0
Tile:8 4 8 1
Drop 1 0 0
Tile:0 5 8 1
Tile:9 5 4 0
Tile:7 5 3 1
Tile:12 6 8 0
Map 12 3 1
Tile:8 3 8 0
Tile:7 3 7 1
Map 12 3 0
Tile:10 3 9 1
Drop 4 0 0
Destroy 3 7 1
Tile:9_flip 3 7 0
Map 12 3 1
Tile:15 3 10 0
Tile:9 2 7 1
Drop 3 0 0
Tile:9 2 6 1
Tile:8 2 8 0
Tile:1 1 8 1
Tile:13 4 3 0
Tile:10 2 5 1
Tile:5_flip 4 4 0
Tile:5 0 8 1
Tile:14_flip 4 2 0
Tile:6 0 9 1
Tile:9 3 3 0
Tile:2 1 9 1
Drop 6 0 0
Tile:5 2 4 1
Drop 1 0 0
Tile:4 3 2 1
Tile:0 6 4 0
Destroy 0 8 1
Drop 3 0 0
Tile:8 0 8 1
Tile:7_flip 1 10 0
Tile:6 3 4 1
Malus 0 0 0
Map 12 3 1
Drop 0 0 0
Drop 0 0 1
Drop 0 0 0
Drop 0 0 1
GAMEOVER DRAW
# Game ended: Sun Apr 12 00:43:12 EDT 2020
