# Server version 0.08 running on localhost:8123
# Game ID: 433
# Board class: Saboteur.SaboteurBoard
# Timeout: 20000
# First Move Timeout: 30000
# Date: Mon Apr 13 16:38:42 EDT 2020
# Player 1: Player-0, '260776911', running on localhost
# Player 2: Player-1, 'RandomPlayer', running on localhost
START Player-0 260776911
START Player-1 RandomPlayer
BoardInit:Malus,Tile:7,Tile:9,Bonus,Tile:13,Tile:2,Tile:10,Map,Tile:6,Map,Map,Tile:8,Tile:7,Malus,Map,Tile:5,Tile:9,Tile:9,Tile:8,Tile:5,Tile:0,Tile:9,Destroy,Tile:5,Tile:6,Tile:6,Tile:6,Bonus,Tile:9,Bonus,Tile:15,Destroy,Tile:6,Tile:7,Tile:10,Tile:0,Tile:10,Tile:1,Tile:7,Tile:0,Tile:4-Tile:0,Bonus,Tile:11,Destroy,Map,Tile:3,Tile:8-Tile:8,Tile:12,Tile:5,Tile:7,Tile:14,Map,Tile:8-Tile:nugget,Tile:hidden1,Tile:hidden2
Tile:11 5 4 1
Map 12 3 0
Map 12 5 1
Drop 1 0 0
Tile:3_flip 4 5 1
Drop 3 0 0
Tile:8 6 4 1
Drop 6 0 0
Tile:9_flip 5 6 1
Drop 6 0 0
Destroy 5 4 1
Drop 6 0 0
Tile:13 5 4 1
Tile:5 6 3 0
Drop 3 0 1
Tile:7 7 3 0
Map 12 3 1
Tile:5_flip 7 4 0
Tile:6_flip 4 6 1
Tile:8 4 4 0
Tile:7 4 3 1
Tile:9 3 4 0
Drop 5 0 1
Tile:5_flip 3 5 0
Destroy 7 3 1
Tile:7 7 3 0
Tile:0 3 6 1
Tile:9_flip 6 5 0
Drop 5 0 1
Tile:5_flip 4 7 0
Tile:0 3 7 1
Tile:6 2 7 0
Tile:9 2 6 1
Destroy 6 3 0
Tile:9 6 3 1
Tile:7 6 2 0
Tile:6_flip 2 5 1
Malus 0 0 0
Map 12 5 1
Drop 6 0 0
Drop 4 0 1
Tile:0 1 7 0
Malus 0 0 1
Bonus 0 0 0
Drop 4 0 1
Tile:8 5 2 0
Drop 3 0 1
Tile:0 1 5 0
Drop 2 0 1
Tile:8 5 1 0
Drop 0 0 1
Drop 1 0 0
Drop 1 0 1
Drop 0 0 0
Drop 0 0 1
GAMEOVER DRAW
# Game ended: Mon Apr 13 16:38:42 EDT 2020
