# Server version 0.08 running on localhost:8123
# Game ID: 9
# Board class: Saboteur.SaboteurBoard
# Timeout: 20000
# First Move Timeout: 30000
# Date: Sat Apr 11 21:37:22 EDT 2020
# Player 1: Player-0, 'Human', running on localhost
# Player 2: Player-1, 'RandomPlayer', running on localhost
START Player-0 Human
START Player-1 RandomPlayer
BoardInit:Tile:6,Destroy,Tile:7,Tile:10,Destroy,Tile:8,Bonus,Tile:6,Map,Tile:6,Map,Tile:2,Tile:7,Tile:0,Tile:0,Tile:15,Malus,Tile:9,Tile:7,Bonus,Map,Tile:8,Tile:9,Malus,Bonus,Tile:9,Tile:4,Tile:5,Tile:7,Tile:10,Tile:5,Tile:3,Tile:8,Tile:7,Tile:9,Destroy,Map,Tile:13,Tile:8,Tile:6,Map-Tile:1,Tile:14,Tile:9,Tile:6,Tile:12,Tile:5,Tile:11-Tile:10,Tile:0,Tile:0,Tile:8,Map,Tile:5,Bonus-Tile:hidden2,Tile:hidden1,Tile:nugget
Tile:9_flip 5 4 1
Tile:0 6 5 0
Tile:14 7 5 1
Destroy 7 5 0
Tile:6_flip 5 3 1
Tile:8 7 5 0
Tile:1 8 5 1
Map 12 5 0
Tile:7 7 4 1
Tile:6 9 5 0
Tile:12 6 3 1
Tile:6 10 5 0
Tile:11 10 4 1
Tile:2 10 3 0
Drop 3 0 1
Tile:0 11 5 0
Tile:6 4 4 1
Tile:0 4 5 0
Tile:7_flip 3 5 1
Tile:9_flip 11 3 0
Map 12 3 1
Tile:8 9 3 0
Destroy 11 5 1
Tile:8 8 3 0
Tile:5 3 4 1
Malus 0 0 0
Map 12 5 1
Tile:9 5 6 0
Drop 2 0 1
Tile:10 5 7 0
Malus 0 0 1
Bonus 0 0 0
Bonus 0 0 1
Tile:10 5 8 0
Tile:7 8 2 1
Tile:7 6 6 0
Tile:9_flip 5 9 1
Destroy 8 5 0
Drop 2 0 1
Tile:13 4 9 0
Tile:5 9 2 1
Tile:6 8 5 0
Map 12 5 1
Drop 5 0 0
Drop 4 0 1
Drop 1 0 0
Tile:9_flip 11 2 1
Drop 2 0 0
Tile:8 11 4 1
Tile:10 5 10 0
Tile:0 3 9 1
GAMEOVER USER CANCEL UNDECIDED
# Game ended: Sat Apr 11 21:43:16 EDT 2020
