# Server version 0.08 running on localhost:8123
# Game ID: 428
# Board class: Saboteur.SaboteurBoard
# Timeout: 20000
# First Move Timeout: 30000
# Date: Mon Apr 13 16:36:45 EDT 2020
# Player 1: Player-0, '260776911', running on localhost
# Player 2: Player-1, 'RandomPlayer', running on localhost
START Player-0 260776911
START Player-1 RandomPlayer
BoardInit:Bonus,Tile:9,Tile:7,Tile:8,Tile:8,Destroy,Tile:2,Tile:6,Tile:8,Tile:7,Tile:14,Tile:0,Tile:10,Bonus,Tile:4,Tile:8,Tile:0,Malus,Tile:6,Tile:8,Map,Tile:9,Tile:15,Tile:5,Tile:5,Tile:6,Tile:9,Tile:9,Tile:5,Destroy,Tile:6,Tile:1,Map,Destroy,Bonus,Map,Bonus,Tile:0,Tile:13,Tile:3,Tile:6-Tile:5,Malus,Map,Map,Tile:0,Tile:11,Tile:12-Tile:7,Tile:10,Tile:10,Map,Tile:7,Tile:7,Tile:9-Tile:nugget,Tile:hidden2,Tile:hidden1
Drop 3 0 1
Map 12 3 0
Map 12 3 1
Tile:9 5 6 0
Drop 4 0 1
Tile:9 5 4 0
Drop 4 0 1
Tile:7 6 4 0
Tile:2 6 6 1
Destroy 6 6 0
Tile:8 5 7 1
Tile:6 6 5 0
Tile:5_flip 7 5 1
Tile:10 7 4 0
Tile:7_flip 4 7 1
Tile:10 7 3 0
Tile:10 5 3 1
Tile:7 7 2 0
Drop 1 0 1
Tile:7_flip 6 2 0
Tile:11_flip 5 2 1
Tile:0 6 6 0
Tile:14_flip 4 5 1
Tile:8 5 8 0
Drop 2 0 1
Tile:9 5 9 0
Tile:5_flip 5 10 1
Tile:5 4 10 0
Drop 4 0 1
Tile:6_flip 5 1 0
Tile:6 6 8 1
Destroy 6 2 0
Tile:0 7 6 1
Drop 6 0 0
Tile:5_flip 6 1 1
Destroy 6 4 0
Tile:6_flip 4 2 1
Drop 6 0 0
Drop 2 0 1
Tile:7 6 4 0
Tile:9 3 2 1
Drop 6 0 0
Tile:6 4 1 1
Tile:9_flip 3 3 0
Drop 4 0 1
Tile:8 4 11 0
Tile:13 4 12 1
Tile:0 4 8 0
Tile:8 3 4 1
Tile:8 4 13 0
Drop 1 0 1
Drop 0 0 0
Malus 0 0 1
Drop 0 0 0
Drop 0 0 1
GAMEOVER DRAW
# Game ended: Mon Apr 13 16:36:45 EDT 2020
