# Server version 0.08 running on localhost:8123
# Game ID: 398
# Board class: Saboteur.SaboteurBoard
# Timeout: 20000
# First Move Timeout: 30000
# Date: Sun Apr 12 20:40:08 EDT 2020
# Player 1: Player-0, '260776911', running on localhost
# Player 2: Player-1, '260776911', running on localhost
START Player-0 260776911
START Player-1 260776911
BoardInit:Map,Tile:13,Tile:8,Tile:1,Tile:6,Tile:9,Tile:8,Tile:8,Tile:0,Tile:4,Tile:5,Tile:7,Tile:15,Bonus,Tile:10,Map,Tile:9,Map,Tile:6,Tile:10,Tile:7,Tile:9,Tile:2,Tile:14,Tile:12,Tile:9,Tile:6,Tile:0,Tile:9,Map,Destroy,Tile:5,Bonus,Tile:7,Malus,Destroy,Tile:0,Bonus,Tile:7,Tile:3,Tile:0-Bonus,Tile:5,Tile:8,Tile:11,Tile:5,Destroy,Tile:7-Map,Malus,Tile:6,Map,Tile:8,Tile:10,Tile:6-Tile:hidden1,Tile:nugget,Tile:hidden2
Drop 3 0 1
Drop 3 0 0
Drop 6 0 1
Drop 0 0 0
Tile:7 6 5 1
Drop 5 0 0
Destroy 6 5 1
Drop 5 0 0
Tile:6 5 6 1
Malus 0 0 0
Bonus 0 0 1
Drop 6 0 0
Tile:5_flip 6 6 1
Tile:9 4 5 0
Drop 6 0 1
Tile:6_flip 6 5 0
Tile:8 5 4 1
Drop 6 0 0
Tile:5 4 4 1
Drop 6 0 0
Tile:9 5 3 1
Tile:8 5 2 0
Tile:10 5 1 1
Tile:7 6 2 0
Drop 6 0 1
Drop 6 0 0
Drop 6 0 1
Tile:9 5 0 0
Tile:6 4 6 1
Tile:9 3 6 0
Tile:7_flip 3 7 1
Drop 6 0 0
Destroy 3 6 1
Tile:0 4 7 0
Tile:5_flip 7 5 1
Tile:10 7 4 0
Malus 0 0 1
Bonus 0 0 0
Tile:6_flip 5 7 1
Destroy 3 7 0
Tile:0 6 7 1
Drop 6 0 0
Tile:9_flip 7 7 1
Tile:6 7 8 0
Tile:0 6 8 1
Tile:5 7 6 0
Tile:7 8 6 1
Tile:10 8 7 0
Tile:8 6 3 1
Tile:7 6 0 0
Tile:8 8 8 1
Tile:8 5 8 0
Tile:0 9 8 1
Drop 0 0 0
Drop 0 0 1
GAMEOVER DRAW
# Game ended: Sun Apr 12 20:40:08 EDT 2020
