# Server version 0.08 running on localhost:8123
# Game ID: 172
# Board class: Saboteur.SaboteurBoard
# Timeout: 20000
# First Move Timeout: 30000
# Date: Sun Apr 12 14:31:30 EDT 2020
# Player 1: Player-0, '260776911', running on localhost
# Player 2: Player-1, 'RandomPlayer', running on localhost
START Player-0 260776911
START Player-1 RandomPlayer
BoardInit:Tile:5,Bonus,Tile:7,Tile:9,Tile:2,Map,Tile:11,Tile:5,Tile:0,Tile:9,Tile:8,Tile:1,Tile:0,Tile:8,Malus,Tile:10,Tile:3,Tile:8,Tile:10,Tile:6,Tile:8,Malus,Tile:15,Tile:6,Tile:5,Tile:8,Bonus,Bonus,Bonus,Destroy,Tile:7,Tile:5,Map,Tile:0,Map,Tile:0,Tile:7,Tile:9,Tile:12,Map,Tile:6-Tile:10,Tile:14,Tile:9,Tile:7,Tile:7,Destroy,Destroy-Tile:6,Map,Tile:13,Tile:9,Tile:4,Tile:6,Map-Tile:hidden1,Tile:nugget,Tile:hidden2
Tile:9 5 6 1
Map 12 3 0
Destroy 5 6 1
Map 12 5 0
Tile:7_flip 5 6 1
Drop 1 0 0
Tile:2 5 4 1
Drop 6 0 0
Destroy 5 6 1
Drop 2 0 0
Tile:10 5 6 1
Tile:6 6 4 0
Tile:7 6 5 1
Drop 6 0 0
Tile:11_flip 6 3 1
Tile:9 5 7 0
Tile:5 6 2 1
Tile:6 5 3 0
Tile:3 5 2 1
Tile:9 6 6 0
Tile:0 4 2 1
Tile:5_flip 5 8 0
Tile:0 7 2 1
Malus 0 0 0
Drop 5 0 1
Tile:9_flip 6 7 0
Drop 0 0 1
Tile:8 7 4 0
Drop 2 0 1
Tile:10 6 8 0
Drop 4 0 1
Destroy 5 2 0
Drop 6 0 1
Tile:8 7 6 0
Bonus 0 0 1
Tile:6 6 9 0
Tile:10 7 7 1
Tile:6 7 9 0
Tile:7_flip 4 8 1
Tile:8 8 2 0
Tile:7 8 1 1
Drop 6 0 0
Tile:6_flip 4 5 1
Tile:5 5 9 0
Drop 4 0 1
Tile:0 7 1 0
Map 12 7 1
Tile:0 6 1 0
Tile:8 9 2 1
Tile:9 5 10 0
Tile:12_flip 4 3 1
Drop 0 0 0
Tile:15 9 3 1
Drop 0 0 0
Drop 0 0 1
GAMEOVER DRAW
# Game ended: Sun Apr 12 14:31:30 EDT 2020
