# Server version 0.08 running on localhost:8123
# Game ID: 23
# Board class: Saboteur.SaboteurBoard
# Timeout: 20000
# First Move Timeout: 30000
# Date: Sat Apr 11 22:24:19 EDT 2020
# Player 1: Player-0, 'RandomPlayer', running on localhost
# Player 2: Player-1, 'Human', running on localhost
START Player-0 RandomPlayer
START Player-1 Human
BoardInit:Tile:7,Tile:2,Tile:7,Map,Map,Bonus,Map,Tile:6,Tile:9,Tile:0,Malus,Map,Tile:5,Tile:9,Tile:15,Tile:11,Tile:6,Map,Bonus,Tile:14,Malus,Tile:10,Bonus,Destroy,Destroy,Tile:13,Tile:6,Tile:3,Tile:7,Tile:9,Tile:10,Tile:10,Tile:0,Tile:7,Bonus,Tile:0,Tile:8,Tile:5,Tile:8,Tile:9,Destroy-Tile:5,Tile:5,Tile:6,Tile:6,Tile:8,Tile:9,Tile:8-Tile:7,Tile:0,Tile:1,Map,Tile:8,Tile:12,Tile:4-Tile:hidden1,Tile:nugget,Tile:hidden2
Tile:8 4 5 1
Tile:12 6 5 0
Tile:8 3 5 1
Map 12 5 0
Tile:6 2 5 1
Map 12 5 0
Map 12 5 1
Tile:8 4 4 0
Drop 6 0 1
Tile:6_flip 3 4 0
Drop 0 0 1
Drop 2 0 0
Malus 0 0 1
Drop 6 0 0
Drop 5 0 1
Drop 5 0 0
Tile:9_flip 5 4 1
Drop 1 0 0
Tile:6_flip 5 3 1
Map 12 7 0
Tile:6 6 3 1
Drop 2 0 0
Tile:7 7 3 1
Drop 3 0 0
Tile:7_flip 7 4 1
Destroy 7 3 0
Malus 0 0 1
Drop 0 0 0
Destroy 6 5 1
Drop 6 0 0
Tile:6 6 5 1
Drop 1 0 0
Tile:7 8 4 1
Drop 6 0 0
Tile:10 8 5 1
Drop 3 0 0
Tile:5_flip 8 6 1
Drop 3 0 0
Tile:8 7 3 1
Drop 6 0 0
Tile:0 8 3 1
Drop 2 0 0
Tile:8 9 3 1
Drop 1 0 0
Tile:5_flip 10 3 1
Drop 3 0 0
Tile:15 9 4 1
Drop 0 0 0
Destroy 10 3 1
Drop 2 0 0
Drop 2 0 1
Drop 0 0 0
Drop 1 0 1
Drop 0 0 0
Drop 0 0 1
GAMEOVER DRAW
# Game ended: Sat Apr 11 22:26:57 EDT 2020
