# Server version 0.08 running on localhost:8123
# Game ID: 390
# Board class: Saboteur.SaboteurBoard
# Timeout: 20000
# First Move Timeout: 30000
# Date: Sun Apr 12 20:39:07 EDT 2020
# Player 1: Player-0, '260776911', running on localhost
# Player 2: Player-1, 'RandomPlayer', running on localhost
START Player-0 260776911
START Player-1 RandomPlayer
BoardInit:Tile:10,Tile:1,Bonus,Tile:9,Tile:6,Tile:8,Tile:8,Tile:7,Destroy,Tile:10,Map,Tile:11,Tile:8,Tile:7,Map,Tile:6,Tile:3,Tile:0,Tile:6,Bonus,Map,Tile:6,Tile:9,Tile:0,Tile:0,Tile:5,Tile:5,Map,Tile:9,Tile:4,Bonus,Bonus,Destroy,Tile:14,Tile:5,Tile:7,Tile:10,Tile:0,Map,Tile:2,Tile:9-Tile:7,Tile:9,Tile:6,Map,Destroy,Tile:7,Tile:8-Tile:8,Tile:12,Malus,Tile:5,Tile:13,Tile:15,Malus-Tile:hidden2,Tile:nugget,Tile:hidden1
Tile:7_flip 4 5 1
Drop 1 0 0
Tile:7 6 5 1
Drop 3 0 0
Tile:10 4 4 1
Drop 3 0 0
Tile:9 5 4 1
Drop 4 0 0
Destroy 5 4 1
Malus 0 0 0
Destroy 4 4 1
Malus 0 0 0
Drop 0 0 1
Drop 6 0 0
Map 12 3 1
Tile:5_flip 6 6 0
Drop 5 0 1
Tile:7_flip 5 6 0
Drop 3 0 1
Tile:7 4 4 0
Map 12 5 1
Tile:6_flip 3 4 0
Bonus 0 0 1
Tile:10 5 4 0
Map 12 7 1
Tile:6 2 4 0
Drop 3 0 1
Tile:0 1 4 0
Drop 4 0 1
Drop 6 0 0
Map 12 3 1
Drop 6 0 0
Drop 4 0 1
Tile:0 0 4 0
Destroy 4 5 1
Drop 6 0 0
Drop 4 0 1
Tile:8 5 3 0
Drop 0 0 1
Tile:5_flip 6 3 0
Drop 2 0 1
Drop 6 0 0
Map 12 7 1
Tile:7 2 3 0
Drop 4 0 1
Tile:8 4 5 0
Drop 3 0 1
Tile:0 1 3 0
Drop 2 0 1
Tile:9_flip 5 2 0
Drop 0 0 1
Drop 1 0 0
Drop 1 0 1
Drop 0 0 0
Drop 0 0 1
GAMEOVER DRAW
# Game ended: Sun Apr 12 20:39:07 EDT 2020
