# Server version 0.08 running on localhost:8123
# Game ID: 83
# Board class: Saboteur.SaboteurBoard
# Timeout: 20000
# First Move Timeout: 30000
# Date: Sun Apr 12 05:09:52 EDT 2020
# Player 1: Player-0, '260776911', running on localhost
# Player 2: Player-1, 'RandomPlayer', running on localhost
START Player-0 260776911
START Player-1 RandomPlayer
BoardInit:Tile:9,Tile:3,Tile:6,Tile:15,Tile:6,Bonus,Destroy,Tile:9,Tile:7,Tile:6,Tile:8,Tile:8,Tile:7,Tile:13,Tile:4,Tile:5,Tile:7,Tile:1,Tile:5,Tile:0,Bonus,Tile:6,Destroy,Bonus,Map,Tile:9,Tile:6,Tile:0,Tile:5,Map,Tile:7,Map,Tile:0,Malus,Map,Tile:5,Tile:10,Tile:8,Bonus,Tile:8,Tile:2-Tile:9,Tile:11,Tile:12,Tile:10,Tile:9,Tile:8,Tile:10-Map,Tile:7,Malus,Map,Tile:0,Tile:14,Destroy-Tile:hidden2,Tile:hidden1,Tile:nugget
Tile:11_flip 5 6 1
Map 12 3 0
Tile:10 5 4 1
Tile:7 5 3 0
Tile:6_flip 4 5 1
Malus 0 0 0
Drop 5 0 1
Map 12 3 0
Destroy 5 4 1
Tile:0 3 5 0
Drop 4 0 1
Tile:14 6 5 0
Drop 0 0 1
Destroy 3 5 0
Drop 0 0 1
Tile:3 6 4 0
Drop 5 0 1
Tile:15 5 7 0
Drop 3 0 1
Tile:9 4 6 0
Drop 2 0 1
Tile:6 3 5 0
Drop 3 0 1
Tile:8 3 4 0
Drop 4 0 1
Tile:13 3 3 0
Destroy 5 6 1
Tile:5 3 2 0
Drop 6 0 1
Tile:1 4 2 0
Drop 3 0 1
Tile:0 4 3 0
Map 12 7 1
Tile:6 2 3 0
Drop 0 0 1
Tile:9 1 3 0
Map 12 7 1
Tile:0 2 4 0
Drop 0 0 1
Map 12 3 0
Drop 4 0 1
Map 12 3 0
Bonus 0 0 1
Malus 0 0 0
Drop 4 0 1
Tile:5 1 2 0
Drop 2 0 1
Tile:8 1 4 0
Drop 0 0 1
Tile:8 1 5 0
Drop 0 0 1
Drop 0 0 0
Drop 1 0 1
Drop 0 0 0
Drop 0 0 1
GAMEOVER DRAW
# Game ended: Sun Apr 12 05:09:52 EDT 2020
