# Server version 0.08 running on localhost:8123
# Game ID: 270
# Board class: Saboteur.SaboteurBoard
# Timeout: 20000
# First Move Timeout: 30000
# Date: Sun Apr 12 19:21:23 EDT 2020
# Player 1: Player-0, '260776911', running on localhost
# Player 2: Player-1, 'RandomPlayer', running on localhost
START Player-0 260776911
START Player-1 RandomPlayer
BoardInit:Tile:8,Tile:3,Tile:8,Tile:7,Destroy,Tile:11,Tile:10,Tile:8,Tile:6,Tile:5,Tile:7,Bonus,Bonus,Tile:9,Map,Tile:0,Tile:6,Malus,Map,Tile:15,Bonus,Tile:9,Tile:10,Map,Destroy,Tile:6,Tile:0,Tile:5,Tile:0,Tile:7,Tile:7,Tile:5,Tile:4,Map,Malus,Map,Tile:8,Tile:5,Tile:0,Tile:9,Tile:10-Tile:6,Bonus,Tile:2,Tile:7,Map,Tile:14,Tile:9-Tile:12,Tile:9,Tile:1,Destroy,Tile:6,Tile:13,Tile:8-Tile:nugget,Tile:hidden1,Tile:hidden2
Map 12 3 1
Drop 0 0 0
Tile:2_flip 6 5 1
Drop 1 0 0
Tile:7_flip 4 5 1
Drop 3 0 0
Tile:14 7 5 1
Drop 4 0 0
Tile:9_flip 5 4 1
Drop 5 0 0
Tile:6 5 6 1
Destroy 6 5 0
Drop 0 0 1
Tile:9 5 3 0
Destroy 4 5 1
Tile:6 6 3 0
Tile:6_flip 6 2 1
Tile:8 6 5 0
Drop 1 0 1
Tile:7 7 3 0
Tile:8 6 6 1
Drop 6 0 0
Tile:7_flip 4 6 1
Tile:8 6 7 0
Drop 4 0 1
Map 12 3 0
Destroy 6 2 1
Tile:5 6 4 0
Tile:6_flip 4 5 1
Tile:9 6 2 0
Tile:0 3 5 1
Tile:0 7 2 0
Tile:7 5 2 1
Tile:9_flip 7 4 0
Tile:0 4 4 1
Drop 6 0 0
Tile:10 6 1 1
Drop 6 0 0
Tile:4_flip 6 8 1
Tile:6 8 2 0
Map 12 3 1
Tile:5_flip 9 2 0
Malus 0 0 1
Bonus 0 0 0
Tile:8 4 2 1
Malus 0 0 0
Drop 4 0 1
Tile:5 3 2 0
Drop 0 0 1
Tile:5_flip 4 3 0
Drop 0 0 1
Tile:9 2 5 0
Drop 1 0 1
Tile:7 9 1 0
Drop 0 0 1
GAMEOVER DRAW
# Game ended: Sun Apr 12 19:21:23 EDT 2020
