# Server version 0.08 running on localhost:8123
# Game ID: 303
# Board class: Saboteur.SaboteurBoard
# Timeout: 20000
# First Move Timeout: 30000
# Date: Sun Apr 12 20:16:05 EDT 2020
# Player 1: Player-0, '260776911', running on localhost
# Player 2: Player-1, 'RandomPlayer', running on localhost
START Player-0 260776911
START Player-1 RandomPlayer
BoardInit:Tile:0,Bonus,Bonus,Map,Tile:5,Tile:14,Tile:5,Tile:11,Destroy,Tile:12,Tile:7,Tile:7,Tile:8,Tile:2,Tile:3,Tile:6,Tile:15,Tile:8,Malus,Tile:6,Tile:7,Tile:5,Tile:8,Destroy,Tile:10,Destroy,Tile:5,Tile:9,Map,Tile:13,Tile:8,Tile:6,Tile:0,Tile:8,Tile:4,Malus,Tile:0,Map,Tile:10,Bonus,Map-Tile:7,Tile:6,Tile:9,Tile:9,Map,Tile:6,Tile:10-Tile:9,Tile:1,Map,Tile:7,Tile:0,Bonus,Tile:9-Tile:hidden2,Tile:hidden1,Tile:nugget
Tile:9_flip 5 6 1
Drop 2 0 0
Tile:7 6 5 1
Drop 1 0 0
Tile:9 6 6 1
Drop 6 0 0
Tile:10 5 4 1
Drop 6 0 0
Tile:6_flip 4 6 1
Drop 6 0 0
Drop 0 0 1
Drop 6 0 0
Destroy 6 5 1
Tile:9 3 6 0
Tile:6 3 7 1
Drop 6 0 0
Tile:8 2 7 1
Tile:7 2 6 0
Tile:15 2 8 1
Tile:6 1 7 0
Tile:7 7 6 1
Tile:8 0 7 0
Tile:3_flip 4 5 1
Tile:7_flip 5 7 0
Tile:5_flip 7 7 1
Destroy 0 7 0
Tile:8 6 7 1
Destroy 1 7 0
Drop 6 0 1
Tile:5 5 3 0
Tile:7 6 3 1
Drop 6 0 0
Tile:8 6 8 1
Tile:9 1 6 0
Map 12 7 1
Tile:9_flip 4 4 0
Tile:5 1 5 1
Malus 0 0 0
Bonus 0 0 1
Drop 6 0 0
Tile:0 5 8 1
Tile:6 2 9 0
Tile:10 3 5 1
Tile:6_flip 7 8 0
Drop 4 0 1
Tile:8 6 5 0
Tile:4 4 3 1
Tile:0 8 8 0
Tile:0 1 9 1
Drop 1 0 0
Malus 0 0 1
Bonus 0 0 0
Tile:0 4 8 1
Drop 0 0 0
Map 12 5 1
GAMEOVER DRAW
# Game ended: Sun Apr 12 20:16:05 EDT 2020
