# Server version 0.08 running on localhost:8123
# Game ID: 313
# Board class: Saboteur.SaboteurBoard
# Timeout: 20000
# First Move Timeout: 30000
# Date: Sun Apr 12 20:17:48 EDT 2020
# Player 1: Player-0, '260776911', running on localhost
# Player 2: Player-1, 'RandomPlayer', running on localhost
START Player-0 260776911
START Player-1 RandomPlayer
BoardInit:Tile:9,Tile:8,Malus,Tile:0,Tile:15,Tile:4,Tile:7,Map,Tile:7,Tile:7,Tile:0,Tile:3,Tile:9,Tile:9,Tile:8,Tile:0,Tile:12,Tile:8,Tile:6,Tile:13,Map,Tile:0,Tile:2,Tile:10,Tile:6,Destroy,Bonus,Destroy,Tile:7,Tile:7,Tile:9,Tile:5,Tile:8,Tile:5,Destroy,Tile:6,Tile:5,Tile:11,Tile:8,Bonus,Tile:6-Map,Tile:10,Tile:5,Tile:14,Tile:9,Bonus,Malus-Tile:10,Tile:6,Map,Map,Map,Bonus,Tile:1-Tile:hidden1,Tile:nugget,Tile:hidden2
Tile:5_flip 5 6 1
Drop 4 0 0
Tile:9 5 4 1
Drop 3 0 0
Tile:9 4 5 1
Drop 2 0 0
Drop 5 0 1
Drop 3 0 0
Drop 0 0 1
Drop 6 0 0
Drop 2 0 1
Drop 5 0 0
Drop 6 0 1
Drop 6 0 0
Drop 2 0 1
Tile:7 6 4 0
Drop 0 0 1
Tile:9 5 3 0
Tile:15 5 2 1
Tile:0 6 3 0
Tile:7_flip 4 6 1
Drop 6 0 0
Tile:7 7 3 1
Tile:8 6 5 0
Map 12 3 1
Tile:10 4 4 0
Tile:6_flip 7 5 1
Destroy 4 4 0
Tile:12 8 5 1
Destroy 8 5 0
Tile:14 7 6 1
Tile:7 8 5 0
Tile:9 6 6 1
Tile:10 8 6 0
Drop 3 0 1
Tile:5 5 1 0
Destroy 6 4 1
Tile:5_flip 7 4 0
Tile:5_flip 6 7 1
Drop 6 0 0
Tile:6_flip 6 4 1
Tile:0 5 7 0
Drop 0 0 1
Tile:6 6 1 0
Tile:8 7 1 1
Tile:6 8 7 0
Tile:9_flip 6 0 1
Tile:0 8 1 0
Tile:7_flip 5 0 1
Drop 0 0 0
Tile:6 9 1 1
Tile:8 10 1 0
Tile:8 11 1 1
Drop 0 0 0
Tile:2 12 1 1
GAMEOVER DRAW
# Game ended: Sun Apr 12 20:17:48 EDT 2020
