# Server version 0.08 running on localhost:8123
# Game ID: 347
# Board class: Saboteur.SaboteurBoard
# Timeout: 20000
# First Move Timeout: 30000
# Date: Sun Apr 12 20:29:24 EDT 2020
# Player 1: Player-0, '260776911', running on localhost
# Player 2: Player-1, 'RandomPlayer', running on localhost
START Player-0 260776911
START Player-1 RandomPlayer
BoardInit:Tile:9,Tile:8,Tile:6,Map,Tile:9,Bonus,Tile:8,Tile:9,Destroy,Tile:0,Tile:7,Tile:10,Map,Tile:7,Tile:9,Tile:7,Tile:6,Tile:14,Malus,Tile:9,Bonus,Tile:0,Destroy,Tile:5,Tile:8,Tile:8,Tile:15,Tile:12,Tile:7,Tile:11,Tile:10,Tile:5,Tile:13,Bonus,Tile:6,Tile:3,Bonus,Destroy,Tile:0,Tile:1,Tile:6-Tile:7,Map,Tile:2,Tile:10,Map,Map,Tile:4-Tile:5,Tile:8,Tile:6,Map,Malus,Tile:5,Tile:0-Tile:nugget,Tile:hidden2,Tile:hidden1
Tile:2_flip 5 6 1
Drop 3 0 0
Tile:7 6 5 1
Malus 0 0 0
Drop 1 0 1
Drop 6 0 0
Drop 0 0 1
Tile:5 4 5 0
Drop 1 0 1
Tile:8 6 6 0
Destroy 5 6 1
Tile:8 5 6 0
Drop 4 0 1
Tile:9 6 7 0
Drop 2 0 1
Tile:0 7 7 0
Drop 0 0 1
Tile:10 5 7 0
Drop 3 0 1
Drop 6 0 0
Drop 6 0 1
Tile:7_flip 6 8 0
Map 12 5 1
Tile:7 7 8 0
Drop 4 0 1
Tile:9_flip 5 4 0
Drop 5 0 1
Tile:0 4 4 0
Drop 6 0 1
Drop 6 0 0
Drop 1 0 1
Drop 6 0 0
Drop 4 0 1
Tile:5_flip 7 6 0
Drop 0 0 1
Tile:8 4 6 0
Drop 4 0 1
Drop 6 0 0
Bonus 0 0 1
Destroy 4 4 0
Tile:13 8 7 1
Drop 6 0 0
Tile:6_flip 9 7 1
Tile:6 10 7 0
Drop 2 0 1
Tile:0 11 7 0
Tile:9_flip 9 8 1
Tile:5 7 5 0
Tile:0 4 4 1
Tile:5_flip 4 7 0
Drop 1 0 1
Drop 1 0 0
Tile:6 9 9 1
Drop 0 0 0
Tile:8 3 7 1
GAMEOVER DRAW
# Game ended: Sun Apr 12 20:29:24 EDT 2020
