# Server version 0.08 running on localhost:8123
# Game ID: 36
# Board class: Saboteur.SaboteurBoard
# Timeout: 20000
# First Move Timeout: 30000
# Date: Sat Apr 11 23:10:10 EDT 2020
# Player 1: Player-0, '260776911', running on localhost
# Player 2: Player-1, 'RandomPlayer', running on localhost
START Player-0 260776911
START Player-1 RandomPlayer
BoardInit:Tile:9,Tile:6,Map,Tile:13,Destroy,Tile:14,Tile:12,Tile:5,Map,Tile:5,Bonus,Tile:7,Tile:9,Tile:0,Tile:8,Tile:9,Tile:0,Tile:8,Bonus,Destroy,Tile:6,Bonus,Tile:5,Tile:2,Tile:8,Map,Map,Tile:3,Tile:10,Tile:7,Malus,Tile:7,Tile:9,Map,Tile:5,Tile:1,Tile:6,Tile:15,Tile:10,Tile:6,Tile:8-Tile:6,Tile:11,Tile:10,Tile:4,Tile:0,Malus,Tile:9-Tile:8,Tile:0,Bonus,Destroy,Tile:7,Tile:7,Map-Tile:hidden1,Tile:nugget,Tile:hidden2
Tile:9 5 4 1
Tile:8 5 3 0
Tile:6_flip 4 5 1
Tile:0 3 5 0
Map 12 5 1
Destroy 3 5 0
Tile:0 3 5 1
Tile:7 5 2 0
Tile:9 5 6 1
Tile:7 6 3 0
Destroy 6 3 1
Map 12 3 0
Tile:11_flip 6 5 1
Tile:6 2 5 0
Tile:9_flip 4 6 1
Tile:13 2 4 0
Drop 1 0 1
Tile:14 3 4 0
Tile:12_flip 4 2 1
Tile:5 2 3 0
Tile:8 6 4 1
Tile:5 1 4 0
Tile:0 7 4 1
Tile:7 3 3 0
Malus 0 0 1
Bonus 0 0 0
Tile:6_flip 3 6 1
Tile:0 2 6 0
Tile:10 5 7 1
Tile:9 1 5 0
Map 12 7 1
Tile:8 1 6 0
Map 12 5 1
Destroy 1 4 0
Tile:9_flip 5 8 1
Tile:2 1 4 0
Tile:5_flip 1 7 1
Map 12 3 0
Tile:6_flip 0 6 1
Tile:3 6 3 0
Tile:10 4 7 1
Tile:7 8 4 0
Tile:5_flip 5 9 1
Tile:7_flip 0 7 0
Tile:10 8 5 1
Map 12 3 0
Tile:8 6 6 1
Tile:1 0 4 0
Drop 2 0 1
Tile:15 3 7 0
Tile:8 3 8 1
Tile:6 3 9 0
Drop 1 0 1
Drop 0 0 0
Drop 0 0 1
GAMEOVER DRAW
# Game ended: Sat Apr 11 23:10:10 EDT 2020
