# Server version 0.08 running on 192.168.1.106:8123
# Game ID: 38
# Board class: Saboteur.SaboteurBoard
# Timeout: 20000
# First Move Timeout: 30000
# Date: Sat Apr 11 23:21:35 EDT 2020
# Player 1: Player-0, 'RandomPlayer', running on 192.168.1.106
# Player 2: Player-1, '260776911', running on 192.168.1.106
START Player-0 RandomPlayer
START Player-1 260776911
BoardInit:Tile:7,Tile:7,Tile:7,Tile:5,Tile:10,Tile:6,Tile:13,Malus,Tile:0,Tile:0,Tile:11,Destroy,Tile:9,Tile:8,Tile:5,Tile:14,Malus,Bonus,Tile:9,Tile:3,Tile:4,Tile:9,Map,Tile:5,Tile:6,Tile:2,Bonus,Map,Tile:10,Map,Bonus,Destroy,Tile:6,Tile:0,Tile:8,Tile:9,Map,Tile:9,Tile:7,Tile:10,Map-Tile:12,Tile:6,Tile:5,Tile:0,Tile:6,Map,Destroy-Bonus,Tile:1,Tile:8,Tile:8,Tile:7,Tile:8,Tile:15-Tile:hidden1,Tile:hidden2,Tile:nugget
Tile:12 6 5 1
Tile:7_flip 5 6 0
Tile:6 4 5 1
Tile:8 5 4 0
Tile:5 4 4 1
Tile:5 5 3 0
Tile:0 3 5 1
Tile:6 6 4 0
Tile:6 2 5 1
Tile:8 6 3 0
Map 12 3 1
Tile:1 7 4 0
Destroy 2 5 1
Drop 6 0 0
Tile:7 6 6 1
Tile:7_flip 2 5 0
Tile:7 2 4 1
Tile:8 6 2 0
Tile:10 6 1 1
Tile:14 7 2 0
Tile:13 1 4 1
Tile:8 6 7 0
Tile:0 0 4 1
Tile:0 5 7 0
Tile:11 1 3 1
Tile:15 6 8 0
Tile:9 1 2 1
Tile:2_flip 5 2 0
Tile:5 1 1 1
Tile:9_flip 6 0 0
Malus 0 0 1
Map 12 7 0
Tile:9 4 2 1
Bonus 0 0 0
Tile:4 4 1 1
Drop 0 0 0
Map 12 3 1
Tile:5_flip 4 3 0
Tile:6 2 1 1
Tile:9_flip 1 5 0
Tile:10 1 6 1
Tile:0 7 3 0
Tile:6 2 3 1
Tile:3_flip 1 7 0
Tile:8 2 7 1
Destroy 5 7 0
Map 12 3 1
Tile:10 7 1 0
Tile:7 2 2 1
Map 12 7 0
Map 12 3 1
Tile:9 2 0 0
Drop 0 0 1
Drop 0 0 0
Drop 0 0 1
GAMEOVER DRAW
# Game ended: Sat Apr 11 23:21:35 EDT 2020
