# Server version 0.08 running on localhost:8123
# Game ID: 268
# Board class: Saboteur.SaboteurBoard
# Timeout: 20000
# First Move Timeout: 30000
# Date: Sun Apr 12 19:20:55 EDT 2020
# Player 1: Player-0, '260776911', running on localhost
# Player 2: Player-1, 'RandomPlayer', running on localhost
START Player-0 260776911
START Player-1 RandomPlayer
BoardInit:Tile:6,Tile:8,Tile:6,Tile:7,Tile:1,Tile:8,Tile:0,Bonus,Tile:7,Tile:8,Map,Tile:10,Map,Map,Map,Map,Tile:0,Tile:5,Tile:9,Tile:3,Tile:11,Bonus,Tile:6,Tile:9,Tile:7,Tile:0,Tile:6,Tile:9,Tile:8,Malus,Bonus,Tile:5,Tile:12,Bonus,Tile:10,Tile:4,Tile:7,Tile:5,Tile:7,Malus,Destroy-Destroy,Tile:10,Tile:5,Tile:9,Tile:9,Tile:0,Map-Tile:14,Destroy,Tile:2,Tile:8,Tile:15,Tile:6,Tile:13-Tile:hidden2,Tile:hidden1,Tile:nugget
Tile:9_flip 5 6 1
Drop 0 0 0
Map 12 3 1
Drop 1 0 0
Drop 1 0 1
Drop 2 0 0
Tile:6 4 6 1
Drop 3 0 0
Drop 2 0 1
Destroy 5 6 0
Drop 1 0 1
Tile:8 5 6 0
Tile:6 3 6 1
Tile:6 6 5 0
Tile:7_flip 2 6 1
Map 12 3 0
Destroy 4 6 1
Map 12 5 0
Tile:1 4 6 1
Tile:7 6 6 0
Tile:0 4 5 1
Drop 6 0 0
Tile:11_flip 6 4 1
Tile:10 6 7 0
Drop 4 0 1
Tile:5_flip 6 8 0
Tile:6 5 8 1
Tile:8 7 5 0
Tile:9_flip 2 5 1
Tile:9 7 6 0
Tile:0 1 5 1
Tile:0 8 6 0
Tile:6 9 6 1
Tile:9 7 7 0
Drop 0 0 1
Tile:5_flip 10 6 0
Tile:12_flip 4 8 1
Drop 6 0 0
Tile:7_flip 7 8 1
Malus 0 0 0
Drop 2 0 1
Malus 0 0 0
Destroy 1 5 1
Tile:5 1 5 0
Map 12 3 1
Tile:8 6 3 0
Drop 0 0 1
Tile:8 8 8 0
Drop 2 0 1
Drop 1 0 0
Drop 0 0 1
Drop 1 0 0
Drop 1 0 1
Drop 0 0 0
Drop 0 0 1
GAMEOVER DRAW
# Game ended: Sun Apr 12 19:20:55 EDT 2020
