# Server version 0.08 running on localhost:8123
# Game ID: 86
# Board class: Saboteur.SaboteurBoard
# Timeout: 20000
# First Move Timeout: 30000
# Date: Sun Apr 12 05:17:05 EDT 2020
# Player 1: Player-0, '260776911', running on localhost
# Player 2: Player-1, '260776911', running on localhost
START Player-0 260776911
START Player-1 260776911
BoardInit:Tile:6,Tile:7,Tile:11,Tile:6,Tile:2,Tile:8,Map,Malus,Tile:6,Tile:13,Tile:0,Bonus,Tile:5,Tile:10,Tile:10,Map,Tile:0,Tile:0,Tile:5,Bonus,Tile:9,Tile:7,Tile:7,Tile:5,Tile:6,Tile:8,Tile:9,Destroy,Tile:6,Tile:4,Tile:5,Destroy,Tile:0,Tile:7,Tile:15,Tile:7,Malus,Tile:9,Map,Bonus,Tile:14-Tile:3,Tile:8,Tile:10,Tile:12,Map,Map,Tile:8-Tile:1,Tile:9,Bonus,Tile:8,Map,Tile:9,Destroy-Tile:nugget,Tile:hidden1,Tile:hidden2
Tile:3 6 5 1
Tile:8 4 5 0
Tile:8 4 4 1
Tile:9_flip 5 4 0
Tile:11 6 6 1
Tile:6 7 6 0
Drop 2 0 1
Tile:9 7 5 0
Tile:12_flip 3 5 1
Malus 0 0 0
Drop 3 0 1
Destroy 6 5 0
Drop 5 0 1
Tile:8 8 5 0
Drop 2 0 1
Drop 0 0 0
Drop 0 0 1
Tile:10 6 7 0
Drop 1 0 1
Tile:13 9 5 0
Map 12 3 1
Tile:7_flip 9 6 0
Map 12 7 1
Tile:7 6 5 0
Drop 2 0 1
Drop 5 0 0
Drop 0 0 1
Drop 4 0 0
Drop 5 0 1
Tile:5_flip 8 6 0
Drop 0 0 1
Drop 6 0 0
Drop 6 0 1
Map 12 3 0
Drop 3 0 1
Tile:7_flip 6 8 0
Drop 3 0 1
Destroy 8 5 0
Drop 0 0 1
Tile:8 5 3 0
Drop 2 0 1
Tile:7 9 4 0
Map 12 7 1
Destroy 5 3 0
Drop 4 0 1
Tile:9 4 3 0
Drop 2 0 1
Drop 2 0 0
Drop 0 0 1
Drop 1 0 0
Drop 0 0 1
Drop 0 0 0
Drop 1 0 1
Drop 0 0 0
Drop 0 0 1
GAMEOVER DRAW
# Game ended: Sun Apr 12 05:17:06 EDT 2020
