# Server version 0.08 running on localhost:8123
# Game ID: 155
# Board class: Saboteur.SaboteurBoard
# Timeout: 20000
# First Move Timeout: 30000
# Date: Sun Apr 12 14:24:14 EDT 2020
# Player 1: Player-0, '260776911', running on localhost
# Player 2: Player-1, 'RandomPlayer', running on localhost
START Player-0 260776911
START Player-1 RandomPlayer
BoardInit:Tile:9,Tile:2,Tile:7,Tile:15,Tile:12,Tile:4,Map,Tile:10,Malus,Destroy,Tile:1,Tile:6,Tile:10,Destroy,Tile:9,Tile:7,Tile:3,Map,Tile:0,Tile:10,Tile:6,Tile:7,Tile:5,Tile:6,Tile:8,Tile:13,Tile:14,Tile:11,Malus,Tile:9,Map,Tile:7,Tile:8,Tile:5,Tile:8,Tile:8,Tile:5,Tile:5,Map,Bonus,Tile:9-Bonus,Tile:0,Tile:7,Tile:6,Map,Bonus,Bonus-Tile:6,Tile:0,Tile:0,Tile:8,Destroy,Map,Tile:9-Tile:hidden1,Tile:nugget,Tile:hidden2
Tile:6 4 5 1
Map 12 3 0
Tile:7_flip 3 5 1
Tile:6 5 6 0
Tile:0 6 6 1
Tile:0 4 6 0
Tile:9_flip 4 4 1
Tile:0 3 6 0
Map 12 5 1
Tile:8 3 4 0
Drop 4 0 1
Destroy 3 4 0
Map 12 7 1
Tile:9 3 4 0
Tile:10 5 4 1
Tile:2 3 3 0
Malus 0 0 1
Destroy 3 3 0
Tile:9_flip 5 3 1
Destroy 3 4 0
Tile:3_flip 2 6 1
Map 12 3 0
Drop 1 0 1
Drop 0 0 0
Drop 4 0 1
Drop 0 0 0
Tile:5 3 4 1
Drop 0 0 0
Tile:8 5 2 1
Drop 0 0 0
Tile:6 4 2 1
Drop 0 0 0
Tile:14 6 5 1
Drop 0 0 0
Malus 0 0 1
Drop 0 0 0
Tile:7 7 6 1
Drop 0 0 0
Map 12 7 1
Drop 0 0 0
Tile:5_flip 7 7 1
Bonus 0 0 0
Drop 0 0 1
Drop 0 0 0
Drop 2 0 1
Drop 0 0 0
Tile:8 4 1 1
Drop 0 0 0
Tile:9_flip 2 5 1
Drop 0 0 0
Map 12 3 1
Drop 0 0 0
Tile:1 6 7 1
Drop 0 0 0
Drop 0 0 1
GAMEOVER DRAW
# Game ended: Sun Apr 12 14:24:14 EDT 2020
