# Server version 0.08 running on localhost:8123
# Game ID: 194
# Board class: Saboteur.SaboteurBoard
# Timeout: 20000
# First Move Timeout: 30000
# Date: Sun Apr 12 14:47:15 EDT 2020
# Player 1: Player-0, '260776911', running on localhost
# Player 2: Player-1, 'RandomPlayer', running on localhost
START Player-0 260776911
START Player-1 RandomPlayer
BoardInit:Tile:0,Bonus,Tile:5,Map,Map,Map,Tile:7,Map,Tile:9,Bonus,Tile:7,Tile:1,Tile:5,Tile:14,Tile:6,Tile:8,Tile:10,Tile:0,Tile:4,Tile:12,Tile:8,Destroy,Malus,Tile:7,Tile:10,Map,Map,Tile:6,Bonus,Tile:11,Tile:13,Tile:2,Tile:6,Tile:9,Tile:8,Tile:0,Tile:8,Tile:9,Tile:9,Tile:5,Tile:8-Tile:0,Tile:9,Tile:7,Tile:10,Tile:15,Bonus,Destroy-Malus,Tile:7,Tile:6,Tile:5,Destroy,Tile:6,Tile:3-Tile:hidden2,Tile:nugget,Tile:hidden1
Tile:7_flip 4 5 1
Malus 0 0 0
Bonus 0 0 1
Tile:7 4 4 0
Tile:9 5 6 1
Map 12 3 0
Tile:0 6 5 1
Map 12 5 0
Tile:0 6 6 1
Drop 6 0 0
Tile:10 5 4 1
Drop 4 0 0
Drop 4 0 1
Drop 6 0 0
Tile:5_flip 7 6 1
Drop 6 0 0
Tile:6_flip 7 5 1
Tile:6 8 5 0
Tile:9 8 4 1
Tile:5_flip 9 4 0
Drop 4 0 1
Drop 6 0 0
Destroy 5 6 1
Destroy 6 5 0
Drop 4 0 1
Tile:6 6 5 0
Tile:10 5 3 1
Drop 6 0 0
Tile:15 6 4 1
Destroy 6 4 0
Tile:10 5 2 1
Drop 6 0 0
Tile:13 9 3 1
Drop 6 0 0
Tile:6 5 6 1
Tile:0 9 5 0
Tile:8 10 5 1
Tile:8 10 6 0
Tile:8 8 3 1
Tile:7 11 5 0
Tile:7_flip 7 3 1
Tile:6 11 6 0
Tile:8 9 2 1
Tile:9 6 4 0
Map 12 7 1
Tile:0 9 6 0
Tile:9 3 4 1
Tile:9 10 4 0
Map 12 5 1
Tile:5 8 6 0
Malus 0 0 1
Bonus 0 0 0
Tile:8 10 7 1
Drop 0 0 0
Drop 0 0 1
GAMEOVER DRAW
# Game ended: Sun Apr 12 14:47:16 EDT 2020
