# Server version 0.08 running on localhost:8123
# Game ID: 85
# Board class: Saboteur.SaboteurBoard
# Timeout: 20000
# First Move Timeout: 30000
# Date: Sun Apr 12 05:13:26 EDT 2020
# Player 1: Player-0, '260776911', running on localhost
# Player 2: Player-1, 'RandomPlayer', running on localhost
START Player-0 260776911
START Player-1 RandomPlayer
BoardInit:Tile:3,Bonus,Tile:6,Tile:6,Tile:2,Map,Tile:7,Tile:8,Map,Tile:5,Tile:10,Tile:8,Tile:9,Tile:9,Tile:14,Bonus,Tile:8,Tile:5,Malus,Malus,Destroy,Tile:7,Tile:0,Map,Map,Tile:1,Tile:8,Tile:10,Tile:5,Tile:7,Tile:11,Tile:13,Tile:9,Tile:7,Tile:5,Tile:7,Tile:0,Tile:9,Destroy,Bonus,Tile:0-Tile:6,Tile:15,Tile:6,Map,Bonus,Tile:0,Tile:4-Tile:10,Tile:6,Tile:9,Tile:8,Destroy,Tile:12,Map-Tile:hidden1,Tile:nugget,Tile:hidden2
Drop 3 0 1
Tile:10 5 4 0
Tile:6 6 5 1
Tile:6 5 6 0
Tile:6_flip 7 5 1
Tile:9 5 3 0
Tile:4 6 4 1
Tile:8 5 2 0
Tile:3 5 1 1
Destroy 5 1 0
Tile:6_flip 8 5 1
Tile:12 6 2 0
Map 12 7 1
Map 12 3 0
Tile:2_flip 7 6 1
Tile:6 4 2 0
Tile:7_flip 4 6 1
Map 12 3 0
Tile:8 3 2 1
Tile:8 3 1 0
Tile:14 3 3 1
Tile:5 3 0 0
Destroy 4 6 1
Tile:8 4 0 0
Tile:9 2 3 1
Tile:9 2 2 0
Tile:0 6 3 1
Tile:5 2 1 0
Tile:0 9 5 1
Malus 0 0 0
Bonus 0 0 1
Tile:7 5 0 0
Tile:5_flip 8 6 1
Map 12 3 0
Drop 5 0 1
Tile:1 4 5 0
Tile:9_flip 4 1 1
Tile:10 2 4 0
Map 12 3 1
Tile:7 7 3 0
Destroy 3 1 1
Tile:13 3 1 0
Tile:0 4 6 1
Tile:7 10 5 0
Drop 4 0 1
Tile:7_flip 2 5 0
Drop 3 0 1
Tile:9 5 1 0
Tile:0 6 1 1
Drop 0 0 0
Tile:15 10 6 1
Drop 0 0 0
Drop 0 0 1
Drop 0 0 0
Malus 0 0 1
GAMEOVER DRAW
# Game ended: Sun Apr 12 05:13:26 EDT 2020
