# Server version 0.08 running on localhost:8123
# Game ID: 231
# Board class: Saboteur.SaboteurBoard
# Timeout: 20000
# First Move Timeout: 30000
# Date: Sun Apr 12 18:35:40 EDT 2020
# Player 1: Player-0, '260776911', running on localhost
# Player 2: Player-1, 'RandomPlayer', running on localhost
START Player-0 260776911
START Player-1 RandomPlayer
BoardInit:Tile:0,Tile:12,Tile:6,Tile:6,Malus,Tile:9,Tile:10,Tile:0,Tile:0,Bonus,Tile:6,Tile:8,Tile:6,Tile:4,Map,Tile:10,Map,Bonus,Tile:5,Tile:5,Tile:0,Tile:9,Tile:5,Tile:14,Map,Map,Tile:8,Tile:7,Tile:10,Tile:8,Tile:9,Tile:7,Bonus,Tile:7,Destroy,Tile:13,Tile:2,Map,Malus,Tile:8,Destroy-Tile:3,Tile:7,Tile:5,Tile:8,Tile:7,Bonus,Tile:9-Tile:9,Map,Destroy,Tile:15,Tile:11,Tile:6,Tile:1-Tile:hidden1,Tile:hidden2,Tile:nugget
Tile:7_flip 4 5 1
Map 12 3 0
Tile:9 5 4 1
Drop 2 0 0
Tile:6_flip 5 3 1
Drop 2 0 0
Tile:0 4 3 1
Drop 3 0 0
Tile:3 4 4 1
Drop 3 0 0
Tile:5_flip 6 4 1
Tile:9 5 6 0
Tile:7_flip 3 3 1
Destroy 5 3 0
Tile:6_flip 6 3 1
Drop 6 0 0
Drop 0 0 1
Tile:6 5 7 0
Tile:0 4 7 1
Tile:6 6 6 0
Malus 0 0 1
Bonus 0 0 0
Tile:0 7 3 1
Tile:9_flip 7 6 0
Tile:6_flip 6 5 1
Drop 6 0 0
Tile:5 3 4 1
Map 12 5 0
Tile:5_flip 3 5 1
Tile:0 6 7 0
Drop 0 0 1
Tile:5_flip 7 7 0
Tile:9_flip 7 5 1
Tile:8 3 2 0
Tile:8 3 1 1
Tile:8 5 3 0
Destroy 3 5 1
Drop 6 0 0
Drop 2 0 1
Drop 6 0 0
Tile:2 4 1 1
Tile:7 8 3 0
Destroy 3 2 1
Tile:7_flip 4 2 0
Tile:10 3 2 1
Tile:7 5 2 0
Map 12 3 1
Tile:9_flip 3 5 0
Map 12 3 1
Tile:8 2 5 0
Tile:10 3 0 1
Tile:10 3 6 0
Malus 0 0 1
Bonus 0 0 0
Drop 0 0 1
GAMEOVER DRAW
# Game ended: Sun Apr 12 18:35:40 EDT 2020
