# Server version 0.08 running on localhost:8123
# Game ID: 321
# Board class: Saboteur.SaboteurBoard
# Timeout: 20000
# First Move Timeout: 30000
# Date: Sun Apr 12 20:19:34 EDT 2020
# Player 1: Player-0, '260776911', running on localhost
# Player 2: Player-1, 'RandomPlayer', running on localhost
START Player-0 260776911
START Player-1 RandomPlayer
BoardInit:Tile:9,Tile:8,Tile:13,Tile:12,Tile:10,Malus,Tile:10,Map,Tile:6,Malus,Destroy,Bonus,Tile:6,Tile:5,Tile:0,Map,Tile:7,Tile:3,Tile:9,Tile:8,Tile:7,Tile:5,Tile:6,Tile:7,Tile:0,Tile:7,Tile:5,Tile:7,Tile:15,Tile:10,Bonus,Tile:9,Map,Map,Tile:6,Tile:14,Tile:8,Bonus,Tile:8,Tile:4,Tile:0-Tile:0,Tile:8,Bonus,Tile:1,Tile:11,Tile:6,Destroy-Destroy,Tile:5,Tile:9,Map,Tile:2,Tile:9,Map-Tile:hidden2,Tile:nugget,Tile:hidden1
Tile:1 4 5 1
Drop 6 0 0
Tile:11_flip 5 6 1
Drop 3 0 0
Tile:13 5 4 1
Drop 3 0 0
Destroy 5 4 1
Drop 5 0 0
Tile:0 6 5 1
Drop 6 0 0
Tile:9 5 7 1
Malus 0 0 0
Drop 0 0 1
Malus 0 0 0
Destroy 6 5 1
Destroy 4 5 0
Drop 1 0 1
Drop 6 0 0
Drop 3 0 1
Drop 6 0 0
Drop 2 0 1
Tile:8 6 5 0
Drop 3 0 1
Tile:9_flip 6 4 0
Drop 5 0 1
Tile:8 4 5 0
Drop 0 0 1
Tile:5 5 4 0
Drop 5 0 1
Tile:7_flip 4 6 0
Drop 0 0 1
Tile:7_flip 3 5 0
Drop 4 0 1
Tile:7_flip 6 6 0
Drop 4 0 1
Drop 6 0 0
Map 12 7 1
Drop 6 0 0
Drop 0 0 1
Tile:10 4 4 0
Drop 4 0 1
Drop 6 0 0
Drop 5 0 1
Tile:5_flip 7 5 0
Drop 4 0 1
Tile:9 4 3 0
Drop 3 0 1
Tile:9 7 4 0
Drop 0 0 1
Tile:5_flip 5 8 0
Drop 0 0 1
Drop 1 0 0
Drop 1 0 1
Drop 0 0 0
Drop 0 0 1
GAMEOVER DRAW
# Game ended: Sun Apr 12 20:19:34 EDT 2020
