# Server version 0.08 running on localhost:8123
# Game ID: 427
# Board class: Saboteur.SaboteurBoard
# Timeout: 20000
# First Move Timeout: 30000
# Date: Mon Apr 13 16:36:17 EDT 2020
# Player 1: Player-0, '260776911', running on localhost
# Player 2: Player-1, 'RandomPlayer', running on localhost
START Player-0 260776911
START Player-1 RandomPlayer
BoardInit:Tile:13,Tile:5,Tile:6,Tile:15,Tile:0,Tile:9,Tile:9,Bonus,Map,Destroy,Tile:5,Tile:6,Tile:2,Tile:6,Tile:7,Bonus,Tile:12,Map,Map,Tile:8,Tile:8,Destroy,Tile:10,Tile:10,Tile:7,Malus,Tile:8,Tile:6,Tile:7,Tile:7,Tile:9,Tile:4,Tile:3,Tile:1,Tile:0,Tile:0,Tile:9,Malus,Tile:5,Map,Tile:11-Tile:9,Destroy,Tile:8,Tile:0,Tile:10,Bonus,Tile:6-Bonus,Map,Tile:5,Map,Tile:14,Tile:7,Tile:8-Tile:hidden2,Tile:nugget,Tile:hidden1
Tile:8 5 6 1
Map 12 3 0
Tile:6 6 6 1
Map 12 5 0
Drop 2 0 1
Drop 2 0 0
Tile:6 5 7 1
Drop 5 0 0
Tile:10 5 4 1
Tile:5_flip 7 6 0
Tile:0 4 7 1
Tile:7 6 5 0
Destroy 5 7 1
Tile:5 7 5 0
Tile:13 3 7 1
Tile:9_flip 8 5 0
Tile:7_flip 8 6 1
Destroy 6 5 0
Drop 3 0 1
Drop 6 0 0
Tile:9 2 7 1
Tile:6 9 6 0
Tile:2_flip 4 6 1
Destroy 2 7 0
Tile:9_flip 8 4 1
Tile:8 10 6 0
Tile:10 10 5 1
Malus 0 0 0
Drop 6 0 1
Tile:6 11 6 0
Drop 3 0 1
Tile:8 10 4 0
Drop 4 0 1
Drop 6 0 0
Drop 0 0 1
Drop 6 0 0
Drop 3 0 1
Tile:6 11 4 0
Drop 6 0 1
Malus 0 0 0
Drop 2 0 1
Drop 6 0 0
Drop 0 0 1
Tile:7 12 6 0
Drop 4 0 1
Tile:0 7 4 0
Drop 2 0 1
Tile:10 9 5 0
Drop 0 0 1
Drop 1 0 0
Drop 0 0 1
Drop 1 0 0
Drop 1 0 1
Drop 0 0 0
Drop 0 0 1
GAMEOVER DRAW
# Game ended: Mon Apr 13 16:36:17 EDT 2020
