# Server version 0.08 running on localhost:8123
# Game ID: 138
# Board class: Saboteur.SaboteurBoard
# Timeout: 20000
# First Move Timeout: 30000
# Date: Sun Apr 12 13:33:28 EDT 2020
# Player 1: Player-0, '260776911', running on localhost
# Player 2: Player-1, 'RandomPlayer', running on localhost
START Player-0 260776911
START Player-1 RandomPlayer
BoardInit:Tile:13,Tile:1,Tile:11,Tile:15,Tile:9,Tile:8,Tile:9,Tile:7,Bonus,Bonus,Tile:0,Destroy,Tile:10,Tile:9,Tile:6,Map,Tile:7,Tile:3,Tile:5,Tile:6,Tile:2,Tile:8,Tile:12,Destroy,Tile:5,Tile:6,Tile:9,Bonus,Bonus,Destroy,Map,Tile:7,Tile:10,Map,Malus,Tile:0,Tile:6,Tile:8,Tile:6,Tile:10,Tile:7-Tile:5,Malus,Map,Tile:9,Tile:0,Map,Map-Tile:8,Tile:14,Tile:5,Tile:7,Tile:4,Tile:8,Tile:0-Tile:hidden2,Tile:hidden1,Tile:nugget
Tile:5 4 5 1
Tile:8 4 6 0
Tile:9_flip 5 4 1
Tile:14 4 7 0
Tile:11_flip 5 3 1
Tile:5 3 6 0
Tile:9_flip 5 6 1
Tile:7 5 2 0
Map 12 7 1
Tile:4_flip 5 7 0
Tile:9_flip 6 5 1
Tile:8 3 7 0
Drop 0 0 1
Tile:0 2 7 0
Drop 1 0 1
Tile:1 1 7 0
Drop 1 0 1
Map 12 3 0
Tile:10 6 6 1
Tile:15 3 8 0
Tile:0 4 4 1
Tile:8 0 7 0
Tile:5_flip 0 8 1
Tile:7 0 6 0
Tile:13 4 2 1
Destroy 0 6 0
Tile:7_flip 3 2 1
Tile:9 0 6 0
Tile:0 1 6 1
Tile:3 0 5 0
Tile:12 2 6 1
Tile:6 3 9 0
Tile:9 2 9 1
Tile:8 2 10 0
Drop 5 0 1
Map 12 5 0
Tile:2 3 10 1
Destroy 0 5 0
Tile:6_flip 4 1 1
Tile:6 2 11 0
Drop 0 0 1
Destroy 0 6 0
Tile:6 5 1 1
Tile:7 2 8 0
Tile:7 4 10 1
Tile:0 1 10 0
Tile:5 0 10 1
Tile:8 0 6 0
Tile:10 0 5 1
Tile:10 0 4 0
Drop 1 0 1
Drop 0 0 0
Tile:6 3 4 1
Drop 0 0 0
Drop 0 0 1
GAMEOVER DRAW
# Game ended: Sun Apr 12 13:33:28 EDT 2020
