# Server version 0.08 running on localhost:8123
# Game ID: 346
# Board class: Saboteur.SaboteurBoard
# Timeout: 20000
# First Move Timeout: 30000
# Date: Sun Apr 12 20:29:20 EDT 2020
# Player 1: Player-0, '260776911', running on localhost
# Player 2: Player-1, 'RandomPlayer', running on localhost
START Player-0 260776911
START Player-1 RandomPlayer
BoardInit:Tile:1,Tile:6,Tile:3,Tile:11,Map,Destroy,Tile:12,Map,Map,Map,Tile:7,Destroy,Tile:10,Tile:7,Tile:0,Tile:5,Tile:7,Tile:10,Tile:5,Tile:10,Map,Bonus,Bonus,Tile:9,Tile:9,Tile:8,Tile:14,Tile:8,Malus,Tile:9,Tile:15,Tile:6,Destroy,Tile:9,Tile:9,Map,Tile:0,Tile:7,Tile:4,Bonus,Tile:5-Tile:2,Tile:6,Tile:6,Malus,Tile:6,Tile:8,Tile:7-Tile:0,Tile:8,Tile:0,Tile:8,Tile:5,Bonus,Tile:13-Tile:hidden1,Tile:nugget,Tile:hidden2
Tile:6 6 5 1
Drop 6 0 0
Tile:7 7 5 1
Tile:5_flip 5 6 0
Drop 1 0 1
Drop 6 0 0
Map 12 7 1
Destroy 5 6 0
Drop 0 0 1
Drop 6 0 0
Map 12 7 1
Drop 6 0 0
Tile:12_flip 4 5 1
Destroy 4 5 0
Drop 3 0 1
Tile:6_flip 5 4 0
Drop 1 0 1
Tile:7 6 4 0
Tile:7_flip 5 6 1
Tile:8 4 5 0
Tile:0 6 6 1
Tile:5_flip 7 6 0
Tile:5_flip 4 6 1
Tile:8 4 4 0
Tile:3 4 3 1
Tile:9 3 4 0
Tile:9 3 6 1
Tile:8 3 5 0
Drop 6 0 1
Tile:8 3 3 0
Drop 3 0 1
Tile:9 2 5 0
Tile:15 2 4 1
Tile:6_flip 2 3 0
Destroy 6 4 1
Tile:9_flip 2 6 0
Tile:9_flip 6 4 1
Drop 6 0 0
Tile:8 1 6 1
Tile:10 6 3 0
Drop 2 0 1
Tile:7 3 2 0
Tile:0 2 2 1
Tile:10 2 7 0
Drop 2 0 1
Tile:0 1 3 0
Tile:5 0 6 1
Drop 0 0 0
Tile:10 3 7 1
Drop 1 0 0
Malus 0 0 1
Bonus 0 0 0
Tile:4 1 5 1
Drop 0 0 0
Malus 0 0 1
GAMEOVER DRAW
# Game ended: Sun Apr 12 20:29:20 EDT 2020
