# Server version 0.08 running on localhost:8123
# Game ID: 416
# Board class: Saboteur.SaboteurBoard
# Timeout: 20000
# First Move Timeout: 30000
# Date: Mon Apr 13 16:29:53 EDT 2020
# Player 1: Player-0, '260776911', running on localhost
# Player 2: Player-1, 'RandomPlayer', running on localhost
START Player-0 260776911
START Player-1 RandomPlayer
BoardInit:Tile:6,Tile:0,Tile:8,Tile:5,Tile:5,Malus,Tile:0,Map,Tile:9,Bonus,Destroy,Tile:6,Tile:7,Tile:9,Map,Tile:0,Tile:0,Destroy,Bonus,Tile:10,Tile:5,Tile:9,Tile:7,Map,Tile:1,Tile:6,Tile:6,Tile:9,Tile:8,Tile:15,Tile:4,Tile:10,Tile:6,Tile:8,Tile:13,Bonus,Destroy,Tile:9,Tile:3,Tile:14,Tile:7-Tile:12,Malus,Bonus,Map,Tile:8,Tile:11,Tile:8-Map,Tile:2,Tile:10,Map,Tile:5,Tile:7,Tile:7-Tile:hidden2,Tile:nugget,Tile:hidden1
Tile:8 5 6 1
Map 12 3 0
Tile:8 4 6 1
Map 12 5 0
Tile:8 5 7 1
Drop 0 0 0
Map 12 3 1
Tile:5_flip 6 5 0
Tile:5_flip 5 8 1
Drop 6 0 0
Tile:6_flip 5 4 1
Tile:7 6 4 0
Tile:0 6 7 1
Tile:0 6 6 0
Tile:11 3 6 1
Tile:7 7 6 0
Tile:7 3 5 1
Tile:9 4 5 0
Destroy 5 8 1
Destroy 6 4 0
Map 12 5 1
Tile:6_flip 6 4 0
Tile:0 7 4 1
Tile:5_flip 8 4 0
Drop 0 0 1
Drop 6 0 0
Tile:5 4 4 1
Tile:9_flip 7 7 0
Tile:7 8 3 1
Tile:6 7 3 0
Tile:6 2 5 1
Drop 6 0 0
Tile:8 4 7 1
Tile:9 5 8 0
Tile:9_flip 2 4 1
Tile:10 4 8 0
Drop 3 0 1
Tile:10 7 8 0
Drop 6 0 1
Tile:9 1 4 0
Drop 4 0 1
Drop 6 0 0
Tile:3 6 8 1
Tile:8 1 5 0
Tile:13 3 7 1
Tile:10 3 8 0
Tile:4_flip 4 9 1
Tile:0 6 3 0
Drop 1 0 1
Drop 1 0 0
Tile:7_flip 5 9 1
Drop 0 0 0
Malus 0 0 1
Bonus 0 0 0
Drop 0 0 1
GAMEOVER DRAW
# Game ended: Mon Apr 13 16:29:53 EDT 2020
