# Server version 0.08 running on localhost:8123
# Game ID: 104
# Board class: Saboteur.SaboteurBoard
# Timeout: 20000
# First Move Timeout: 30000
# Date: Sun Apr 12 11:21:19 EDT 2020
# Player 1: Player-0, '260776911', running on localhost
# Player 2: Player-1, 'RandomPlayer', running on localhost
START Player-0 260776911
START Player-1 RandomPlayer
BoardInit:Map,Tile:7,Tile:3,Tile:10,Tile:9,Tile:6,Tile:11,Destroy,Tile:4,Tile:9,Tile:9,Tile:5,Bonus,Map,Tile:8,Tile:14,Malus,Tile:8,Tile:1,Tile:6,Tile:13,Bonus,Tile:6,Tile:10,Tile:15,Tile:9,Tile:2,Tile:8,Tile:12,Tile:0,Tile:9,Tile:7,Map,Tile:7,Tile:7,Map,Tile:0,Map,Tile:0,Bonus,Destroy-Tile:5,Tile:6,Tile:5,Tile:5,Tile:10,Tile:6,Tile:7-Tile:8,Tile:8,Map,Destroy,Tile:0,Malus,Bonus-Tile:hidden1,Tile:hidden2,Tile:nugget
Tile:6_flip 4 5 1
Malus 0 0 0
Map 12 3 1
Map 12 3 0
Drop 4 0 1
Tile:8 4 6 0
Drop 5 0 1
Tile:8 3 5 0
Drop 1 0 1
Destroy 3 5 0
Drop 4 0 1
Tile:0 3 5 0
Drop 0 0 1
Tile:7 5 4 0
Drop 5 0 1
Map 12 5 0
Drop 1 0 1
Tile:10 4 7 0
Drop 2 0 1
Tile:6 2 5 0
Drop 4 0 1
Destroy 2 5 0
Drop 5 0 1
Tile:9 2 5 0
Drop 0 0 1
Tile:5 2 4 0
Drop 5 0 1
Tile:14 3 4 0
Drop 2 0 1
Tile:8 2 6 0
Drop 1 0 1
Tile:6 2 7 0
Drop 4 0 1
Tile:10 3 3 0
Drop 4 0 1
Tile:9 1 6 0
Map 12 7 1
Map 12 7 0
Drop 0 0 1
Tile:7 3 7 0
Drop 4 0 1
Tile:7_flip 1 7 0
Destroy 2 4 1
Map 12 3 0
Drop 4 0 1
Tile:8 6 5 0
Drop 3 0 1
Tile:0 3 6 0
Drop 2 0 1
Drop 0 0 0
Drop 0 0 1
Drop 0 0 0
Drop 1 0 1
Drop 0 0 0
Drop 0 0 1
GAMEOVER DRAW
# Game ended: Sun Apr 12 11:21:19 EDT 2020
