# Server version 0.08 running on localhost:8123
# Game ID: 31
# Board class: Saboteur.SaboteurBoard
# Timeout: 20000
# First Move Timeout: 30000
# Date: Sat Apr 11 22:42:32 EDT 2020
# Player 1: Player-0, 'Human', running on localhost
# Player 2: Player-1, 'RandomPlayer', running on localhost
START Player-0 Human
START Player-1 RandomPlayer
BoardInit:Tile:8,Tile:8,Map,Tile:8,Tile:5,Malus,Tile:8,Tile:5,Tile:3,Tile:6,Map,Tile:0,Tile:0,Map,Bonus,Tile:5,Bonus,Tile:15,Bonus,Tile:7,Tile:8,Tile:10,Tile:9,Tile:6,Destroy,Tile:9,Tile:7,Tile:13,Tile:2,Tile:1,Destroy,Tile:11,Tile:9,Tile:7,Tile:12,Map,Tile:10,Malus,Tile:9,Tile:6,Tile:10-Tile:5,Tile:7,Tile:4,Tile:0,Bonus,Tile:14,Destroy-Tile:7,Tile:0,Tile:9,Tile:6,Tile:6,Map,Map-Tile:nugget,Tile:hidden1,Tile:hidden2
Tile:0 4 5 1
Tile:0 6 5 0
Tile:8 5 6 1
Tile:6 7 5 0
Tile:4 7 4 1
Map 12 5 0
Tile:7 6 6 1
Map 12 7 0
Tile:5_flip 8 5 1
Tile:9 8 4 0
Tile:3_flip 6 7 1
Tile:8 8 3 0
Tile:8 7 7 1
Tile:8 9 3 0
Tile:0 4 6 1
Tile:0 10 3 0
Tile:5_flip 9 4 1
Tile:6 11 3 0
GAMEOVER WINNER 0
# Game ended: Sat Apr 11 22:43:27 EDT 2020
