# Server version 0.08 running on localhost:8123
# Game ID: 271
# Board class: Saboteur.SaboteurBoard
# Timeout: 20000
# First Move Timeout: 30000
# Date: Sun Apr 12 19:21:38 EDT 2020
# Player 1: Player-0, '260776911', running on localhost
# Player 2: Player-1, 'RandomPlayer', running on localhost
START Player-0 260776911
START Player-1 RandomPlayer
BoardInit:Tile:4,Map,Destroy,Tile:9,Tile:9,Map,Tile:5,Tile:10,Tile:0,Tile:8,Bonus,Tile:15,Malus,Tile:12,Destroy,Tile:8,Map,Tile:8,Tile:9,Tile:14,Tile:10,Tile:13,Tile:7,Tile:6,Map,Bonus,Tile:9,Tile:8,Tile:9,Destroy,Bonus,Tile:7,Map,Malus,Tile:6,Tile:6,Tile:7,Tile:0,Tile:11,Tile:3,Tile:5-Tile:6,Tile:5,Bonus,Tile:8,Tile:10,Map,Tile:7-Tile:6,Tile:0,Tile:2,Tile:7,Tile:1,Tile:5,Tile:0-Tile:hidden1,Tile:hidden2,Tile:nugget
Tile:8 5 4 1
Drop 2 0 0
Map 12 3 1
Map 12 3 0
Tile:7 6 4 1
Drop 3 0 0
Tile:9_flip 6 5 1
Map 12 5 0
Tile:6 4 5 1
Tile:6 6 6 0
Drop 3 0 1
Tile:0 7 6 0
Destroy 7 6 1
Drop 6 0 0
Tile:5 3 5 1
Drop 6 0 0
Tile:5 4 4 1
Tile:7 7 6 0
Map 12 7 1
Tile:5_flip 7 7 0
Drop 4 0 1
Drop 6 0 0
Tile:9 5 3 1
Drop 6 0 0
Tile:7_flip 5 6 1
Tile:0 6 7 0
Destroy 7 6 1
Tile:9_flip 7 6 0
Tile:9_flip 3 6 1
Tile:6 6 3 0
Tile:9_flip 5 2 1
Destroy 6 6 0
Map 12 3 1
Tile:8 4 2 0
Tile:0 2 6 1
Tile:8 1 6 0
Tile:10 6 2 1
Tile:6 6 6 0
Tile:6_flip 7 3 1
Tile:8 6 1 0
Tile:7_flip 3 7 1
Drop 6 0 0
Tile:5_flip 8 3 1
Tile:7 4 1 0
Tile:10 6 0 1
Tile:8 8 2 0
Tile:11 7 4 1
Tile:0 3 2 0
Map 12 7 1
Tile:10 8 1 0
Drop 0 0 1
Drop 0 0 0
Drop 1 0 1
Drop 0 0 0
Drop 0 0 1
GAMEOVER DRAW
# Game ended: Sun Apr 12 19:21:38 EDT 2020
