# Server version 0.08 running on localhost:8123
# Game ID: 248
# Board class: Saboteur.SaboteurBoard
# Timeout: 20000
# First Move Timeout: 30000
# Date: Sun Apr 12 19:04:47 EDT 2020
# Player 1: Player-0, '260776911', running on localhost
# Player 2: Player-1, 'RandomPlayer', running on localhost
START Player-0 260776911
START Player-1 RandomPlayer
BoardInit:Tile:7,Tile:0,Map,Bonus,Bonus,Tile:6,Tile:10,Map,Tile:1,Tile:2,Tile:8,Tile:9,Tile:9,Tile:7,Tile:10,Tile:7,Map,Bonus,Tile:14,Tile:9,Destroy,Tile:13,Tile:9,Tile:0,Map,Tile:7,Tile:15,Tile:5,Map,Tile:11,Tile:3,Map,Tile:5,Tile:9,Malus,Tile:7,Tile:8,Tile:8,Tile:0,Tile:6,Malus-Tile:8,Tile:5,Tile:6,Tile:10,Tile:4,Tile:6,Destroy-Tile:12,Tile:0,Tile:5,Destroy,Tile:8,Bonus,Tile:6-Tile:nugget,Tile:hidden2,Tile:hidden1
Tile:6 4 5 1
Drop 0 0 0
Tile:6 6 5 1
Tile:0 7 5 0
Destroy 4 5 1
Tile:5 5 4 0
Drop 3 0 1
Destroy 5 4 0
Tile:7 6 4 1
Map 12 3 0
Tile:8 5 4 1
Drop 6 0 0
Tile:10 5 3 1
Tile:6 8 5 0
Tile:9 4 4 1
Tile:6_flip 8 4 0
Tile:5_flip 9 4 1
Tile:9 9 3 0
Tile:8 10 3 1
Tile:8 9 2 0
Map 12 3 1
Tile:0 11 3 0
GAMEOVER WINNER 0
# Game ended: Sun Apr 12 19:04:48 EDT 2020
