# Server version 0.08 running on localhost:8123
# Game ID: 465
# Board class: Saboteur.SaboteurBoard
# Timeout: 20000
# First Move Timeout: 30000
# Date: Mon Apr 13 20:03:37 EDT 2020
# Player 1: Player-0, '260776911', running on localhost
# Player 2: Player-1, 'RandomPlayer', running on localhost
START Player-0 260776911
START Player-1 RandomPlayer
BoardInit:Tile:11,Tile:6,Tile:14,Tile:7,Map,Destroy,Tile:3,Tile:0,Tile:7,Tile:10,Tile:6,Tile:10,Tile:10,Tile:7,Tile:4,Tile:0,Map,Tile:7,Tile:0,Bonus,Tile:9,Map,Tile:8,Tile:6,Tile:12,Tile:13,Tile:9,Tile:6,Tile:15,Tile:9,Tile:5,Tile:8,Destroy,Tile:2,Tile:8,Malus,Tile:9,Tile:0,Tile:5,Destroy,Tile:5-Bonus,Malus,Map,Tile:8,Tile:9,Map,Tile:5-Tile:7,Map,Tile:6,Tile:1,Tile:8,Bonus,Bonus-Tile:hidden2,Tile:hidden1,Tile:nugget
Drop 3 0 1
Map 12 3 0
Malus 0 0 1
Bonus 0 0 0
Map 12 7 1
Drop 2 0 0
Drop 2 0 1
Tile:7 5 4 0
Drop 0 0 1
Tile:6 5 6 0
Tile:3 6 6 1
Destroy 6 6 0
Tile:6 4 6 1
Tile:8 6 5 0
Tile:5 4 5 1
Tile:6 6 6 0
Tile:4 6 4 1
Tile:7 7 5 0
Tile:9_flip 7 6 1
Tile:10 7 7 0
Tile:0 4 4 1
Tile:7_flip 3 6 0
Tile:10 7 8 1
Map 12 5 0
Map 12 7 1
Tile:6 3 4 0
Tile:7_flip 7 9 1
Drop 6 0 0
Map 12 3 1
Tile:6 2 4 0
Tile:11_flip 2 3 1
Tile:7_flip 1 4 0
Tile:14_flip 1 3 1
Tile:9_flip 8 9 0
Tile:5 2 2 1
Drop 6 0 0
Destroy 7 5 1
Tile:10 8 8 0
Tile:15 8 10 1
Tile:0 3 2 0
Drop 2 0 1
Destroy 6 4 0
Tile:5 3 3 1
Tile:0 4 2 0
Tile:9 8 11 1
Tile:0 5 2 0
Tile:5_flip 6 2 1
Malus 0 0 0
Drop 0 0 1
Tile:8 9 11 0
Drop 0 0 1
Drop 1 0 0
Drop 1 0 1
Drop 0 0 0
Drop 0 0 1
GAMEOVER DRAW
# Game ended: Mon Apr 13 20:03:37 EDT 2020
