# Server version 0.08 running on localhost:8123
# Game ID: 190
# Board class: Saboteur.SaboteurBoard
# Timeout: 20000
# First Move Timeout: 30000
# Date: Sun Apr 12 14:42:39 EDT 2020
# Player 1: Player-0, '260776911', running on localhost
# Player 2: Player-1, 'RandomPlayer', running on localhost
START Player-0 260776911
START Player-1 RandomPlayer
BoardInit:Bonus,Tile:6,Tile:0,Tile:7,Tile:13,Tile:9,Tile:0,Tile:7,Tile:5,Map,Map,Tile:6,Bonus,Map,Tile:8,Map,Destroy,Tile:10,Tile:9,Tile:5,Tile:11,Malus,Tile:8,Tile:2,Tile:10,Tile:6,Tile:7,Tile:7,Tile:4,Tile:8,Map,Tile:1,Tile:9,Destroy,Tile:7,Tile:10,Map,Tile:3,Tile:12,Bonus,Tile:9-Tile:0,Bonus,Tile:14,Tile:8,Tile:9,Destroy,Tile:6-Tile:15,Tile:5,Tile:8,Malus,Tile:6,Tile:5,Tile:0-Tile:hidden1,Tile:nugget,Tile:hidden2
Tile:0 4 5 1
Malus 0 0 0
Bonus 0 0 1
Tile:15 5 4 0
Drop 4 0 1
Tile:5 3 5 0
Tile:14 5 6 1
Tile:8 3 6 0
Destroy 3 6 1
Tile:6 3 6 0
Drop 1 0 1
Map 12 3 0
Tile:0 4 6 1
Tile:5 2 6 0
Map 12 7 1
Map 12 5 0
Tile:8 6 5 1
Drop 6 0 0
Destroy 3 5 1
Tile:0 7 5 0
Tile:5 3 5 1
Tile:6 8 5 0
Tile:9 5 3 1
Malus 0 0 0
Drop 0 0 1
Drop 6 0 0
Drop 0 0 1
Tile:7 8 4 0
Drop 6 0 1
Tile:9 6 4 0
Drop 1 0 1
Tile:7 9 5 0
Map 12 3 1
Drop 6 0 0
Drop 3 0 1
Destroy 5 4 0
Drop 3 0 1
Tile:6 7 4 0
Map 12 5 1
Drop 6 0 0
Drop 2 0 1
Tile:10 6 6 0
Drop 0 0 1
Tile:5_flip 9 6 0
Drop 4 0 1
Tile:6_flip 8 6 0
Drop 2 0 1
Tile:7 5 2 0
Drop 0 0 1
Tile:8 2 7 0
Drop 0 0 1
Tile:10 2 8 0
Drop 1 0 1
Drop 0 0 0
Drop 0 0 1
GAMEOVER DRAW
# Game ended: Sun Apr 12 14:42:39 EDT 2020
