# Server version 0.08 running on localhost:8123
# Game ID: 198
# Board class: Saboteur.SaboteurBoard
# Timeout: 20000
# First Move Timeout: 30000
# Date: Sun Apr 12 15:02:02 EDT 2020
# Player 1: Player-0, '260776911', running on localhost
# Player 2: Player-1, 'RandomPlayer', running on localhost
START Player-0 260776911
START Player-1 RandomPlayer
BoardInit:Bonus,Tile:8,Tile:5,Tile:0,Bonus,Tile:2,Tile:8,Malus,Tile:0,Tile:0,Map,Tile:9,Tile:0,Bonus,Map,Tile:9,Tile:8,Destroy,Tile:5,Tile:11,Malus,Map,Tile:1,Tile:5,Tile:15,Tile:6,Tile:8,Tile:7,Tile:13,Tile:5,Tile:6,Tile:10,Tile:7,Tile:6,Bonus,Tile:7,Tile:9,Tile:10,Tile:7,Tile:6,Tile:3-Tile:9,Tile:6,Destroy,Tile:7,Tile:14,Tile:10,Tile:9-Map,Map,Tile:8,Destroy,Tile:12,Tile:4,Map-Tile:nugget,Tile:hidden1,Tile:hidden2
Tile:6_flip 6 5 1
Map 12 3 0
Tile:7 7 5 1
Drop 5 0 0
Drop 1 0 1
Drop 0 0 0
Tile:9_flip 6 6 1
Drop 2 0 0
Tile:9_flip 5 4 1
Drop 2 0 0
Drop 4 0 1
Drop 4 0 0
Tile:8 5 6 1
Tile:8 6 7 0
Drop 3 0 1
Destroy 6 5 0
Tile:14 6 8 1
Tile:8 6 5 0
Tile:8 4 4 1
Destroy 6 8 0
Map 12 7 1
Drop 6 0 0
Tile:5 4 3 1
Drop 6 0 0
Tile:1 7 7 1
Tile:0 8 7 0
Tile:10 6 4 1
Tile:0 9 7 0
Map 12 5 1
Tile:9 6 3 0
Tile:8 3 4 1
Tile:9 6 2 0
Tile:6 3 5 1
Tile:5 6 1 0
Tile:13 4 6 1
Tile:6 7 1 0
Tile:0 10 7 1
Tile:7 7 2 0
Tile:9 2 4 1
Tile:5 7 0 0
Tile:7 5 3 1
Tile:10 6 8 0
Tile:15 4 7 1
Tile:6 7 3 0
Tile:7_flip 4 8 1
Tile:7 8 0 0
Tile:3 2 3 1
Tile:10 6 9 0
Tile:0 1 3 1
Tile:6 6 10 0
Drop 0 0 1
Malus 0 0 0
Drop 0 0 1
Drop 0 0 0
Bonus 0 0 1
GAMEOVER DRAW
# Game ended: Sun Apr 12 15:02:02 EDT 2020
