# Server version 0.08 running on localhost:8123
# Game ID: 240
# Board class: Saboteur.SaboteurBoard
# Timeout: 20000
# First Move Timeout: 30000
# Date: Sun Apr 12 18:45:37 EDT 2020
# Player 1: Player-0, '260776911', running on localhost
# Player 2: Player-1, 'RandomPlayer', running on localhost
START Player-0 260776911
START Player-1 RandomPlayer
BoardInit:Tile:5,Tile:9,Map,Tile:8,Tile:12,Malus,Tile:4,Tile:10,Tile:9,Tile:9,Map,Tile:5,Tile:10,Tile:6,Tile:8,Tile:5,Tile:8,Tile:6,Tile:7,Bonus,Tile:2,Map,Tile:3,Destroy,Tile:0,Tile:11,Tile:8,Destroy,Tile:6,Tile:0,Tile:15,Tile:7,Destroy,Tile:7,Tile:6,Map,Tile:8,Tile:10,Map,Tile:5,Tile:7-Tile:13,Bonus,Tile:0,Tile:0,Tile:7,Tile:14,Malus-Tile:1,Tile:9,Tile:9,Bonus,Map,Tile:6,Bonus-Tile:hidden2,Tile:nugget,Tile:hidden1
Tile:0 6 5 1
Drop 4 0 0
Tile:7_flip 5 6 1
Drop 0 0 0
Tile:5 5 4 1
Tile:6_flip 6 6 0
Tile:13 7 5 1
Tile:9 6 7 0
Drop 0 0 1
Tile:9 6 8 0
Tile:12 8 5 1
Tile:9_flip 7 6 0
Tile:14 6 4 1
Tile:9_flip 7 7 0
Drop 1 0 1
Tile:5_flip 7 8 0
Tile:9 4 5 1
Tile:5 6 3 0
Tile:10 4 4 1
Tile:6_flip 4 3 0
Tile:8 3 3 1
Tile:6 2 3 0
Tile:4 3 2 1
Drop 6 0 0
Tile:2_flip 6 9 1
Destroy 6 4 0
Tile:8 7 3 1
Drop 6 0 0
Tile:3 7 2 1
Destroy 6 9 0
Tile:6 6 4 1
Tile:10 4 6 0
Tile:0 6 2 1
Tile:7 2 2 0
Destroy 4 6 1
Tile:0 8 3 0
Tile:15 4 6 1
Drop 6 0 0
Tile:7_flip 4 7 1
Tile:7_flip 1 2 0
Tile:0 9 3 1
Tile:5 5 2 0
Tile:6_flip 10 3 1
Tile:10 3 4 0
Tile:8 11 3 1
Tile:8 12 4 0
GAMEOVER WINNER 0
# Game ended: Sun Apr 12 18:45:37 EDT 2020
