# Server version 0.08 running on localhost:8123
# Game ID: 353
# Board class: Saboteur.SaboteurBoard
# Timeout: 20000
# First Move Timeout: 30000
# Date: Sun Apr 12 20:31:23 EDT 2020
# Player 1: Player-0, '260776911', running on localhost
# Player 2: Player-1, '260776911', running on localhost
START Player-0 260776911
START Player-1 260776911
BoardInit:Bonus,Tile:9,Tile:9,Tile:10,Tile:8,Tile:5,Bonus,Tile:13,Tile:7,Tile:0,Map,Tile:6,Map,Tile:12,Tile:10,Bonus,Tile:5,Map,Tile:6,Malus,Tile:8,Tile:0,Map,Tile:7,Tile:2,Tile:8,Tile:1,Tile:6,Tile:10,Destroy,Tile:4,Tile:8,Tile:6,Tile:9,Tile:14,Tile:0,Malus,Tile:5,Map,Tile:15,Tile:3-Bonus,Tile:7,Destroy,Tile:7,Tile:0,Tile:9,Map-Tile:6,Tile:9,Tile:8,Tile:11,Destroy,Tile:7,Tile:5-Tile:nugget,Tile:hidden2,Tile:hidden1
Drop 6 0 1
Drop 3 0 0
Tile:9 5 6 1
Destroy 5 6 0
Tile:9 5 6 1
Tile:7_flip 4 5 0
Destroy 4 5 1
Tile:5_flip 5 7 0
Tile:0 4 7 1
Drop 6 0 0
Tile:8 4 5 1
Tile:9 5 4 0
Drop 6 0 1
Tile:5 3 7 0
Drop 6 0 1
Drop 6 0 0
Tile:7 5 3 1
Tile:10 3 8 0
Tile:10 4 4 1
Drop 6 0 0
Tile:5_flip 4 6 1
Malus 0 0 0
Bonus 0 0 1
Tile:0 3 6 0
Drop 6 0 1
Tile:6 3 9 0
Drop 6 0 1
Tile:6_flip 6 6 0
Drop 6 0 1
Tile:7_flip 6 7 0
Tile:6 7 6 1
Destroy 3 6 0
Drop 6 0 1
Tile:8 8 6 0
Tile:8 8 7 1
Tile:6 8 8 0
Drop 6 0 1
Tile:8 3 5 0
Malus 0 0 1
Bonus 0 0 0
Drop 6 0 1
Drop 6 0 0
Drop 6 0 1
Tile:9 7 5 0
Tile:10 7 4 1
Tile:9_flip 8 5 0
Tile:7_flip 7 8 1
Tile:0 9 8 0
Tile:6 9 6 1
Tile:5 4 3 0
Tile:7_flip 3 6 1
Tile:0 2 9 0
Drop 1 0 1
Tile:8 7 3 0
Drop 0 0 1
GAMEOVER DRAW
# Game ended: Sun Apr 12 20:31:23 EDT 2020
