# Server version 0.08 running on localhost:8123
# Game ID: 342
# Board class: Saboteur.SaboteurBoard
# Timeout: 20000
# First Move Timeout: 30000
# Date: Sun Apr 12 20:28:44 EDT 2020
# Player 1: Player-0, '260776911', running on localhost
# Player 2: Player-1, 'RandomPlayer', running on localhost
START Player-0 260776911
START Player-1 RandomPlayer
BoardInit:Tile:8,Tile:0,Malus,Tile:5,Tile:6,Tile:5,Destroy,Bonus,Tile:10,Map,Tile:3,Tile:1,Tile:9,Tile:9,Bonus,Tile:6,Tile:5,Tile:8,Map,Tile:13,Tile:15,Destroy,Tile:9,Tile:7,Tile:7,Tile:10,Tile:0,Tile:9,Tile:14,Tile:6,Tile:0,Tile:0,Map,Map,Tile:8,Tile:8,Map,Malus,Tile:6,Tile:8,Tile:4-Tile:12,Tile:9,Bonus,Destroy,Map,Tile:6,Tile:5-Tile:10,Tile:11,Tile:7,Bonus,Tile:2,Tile:7,Tile:7-Tile:nugget,Tile:hidden2,Tile:hidden1
Drop 3 0 1
Drop 1 0 0
Map 12 7 1
Drop 3 0 0
Tile:9_flip 5 4 1
Tile:7_flip 4 5 0
Tile:6 5 6 1
Tile:5_flip 6 5 0
Tile:12_flip 4 6 1
Tile:5 4 4 0
Tile:5 5 3 1
Drop 6 0 0
Tile:6 6 3 1
Drop 6 0 0
Destroy 5 6 1
Tile:9_flip 6 2 0
Malus 0 0 1
Bonus 0 0 0
Tile:9_flip 5 6 1
Tile:6 5 2 0
Tile:5 6 4 1
Drop 6 0 0
Tile:3_flip 5 7 1
Destroy 4 4 0
Drop 0 0 1
Tile:8 5 1 0
Tile:8 4 4 1
Tile:0 4 1 0
Drop 6 0 1
Tile:7 6 7 0
Tile:10 4 3 1
Tile:9_flip 6 1 0
Tile:0 7 4 1
Tile:6 7 3 0
Tile:7_flip 3 1 1
Drop 6 0 0
Tile:9_flip 5 0 1
Tile:10 6 0 0
Tile:15 7 2 1
Malus 0 0 0
Drop 4 0 1
Tile:0 4 0 0
Drop 0 0 1
Tile:8 6 8 0
Drop 4 0 1
Tile:10 7 1 0
Map 12 3 1
Tile:8 3 0 0
Drop 2 0 1
Tile:7 8 3 0
Map 12 3 1
Tile:7_flip 6 9 0
Drop 1 0 1
Drop 0 0 0
Drop 0 0 1
GAMEOVER DRAW
# Game ended: Sun Apr 12 20:28:44 EDT 2020
