# Server version 0.08 running on localhost:8123
# Game ID: 192
# Board class: Saboteur.SaboteurBoard
# Timeout: 20000
# First Move Timeout: 30000
# Date: Sun Apr 12 14:45:48 EDT 2020
# Player 1: Player-0, '260776911', running on localhost
# Player 2: Player-1, 'RandomPlayer', running on localhost
START Player-0 260776911
START Player-1 RandomPlayer
BoardInit:Tile:5,Tile:5,Tile:8,Tile:6,Tile:8,Destroy,Destroy,Tile:9,Tile:10,Tile:12,Tile:0,Tile:9,Bonus,Tile:8,Tile:9,Tile:13,Map,Tile:9,Destroy,Tile:2,Tile:8,Tile:0,Tile:3,Tile:10,Bonus,Tile:7,Malus,Tile:9,Tile:15,Tile:7,Tile:6,Tile:10,Map,Map,Map,Bonus,Tile:11,Map,Tile:0,Tile:6,Tile:7-Tile:7,Malus,Tile:7,Tile:8,Tile:5,Bonus,Tile:5-Map,Tile:0,Tile:14,Tile:6,Tile:1,Tile:4,Tile:6-Tile:hidden1,Tile:hidden2,Tile:nugget
Drop 3 0 1
Map 12 3 0
Drop 1 0 1
Tile:0 6 5 0
Drop 4 0 1
Tile:14 5 6 0
Tile:7 7 5 1
Tile:6 4 5 0
Tile:7 5 4 1
Tile:1 4 6 0
Drop 1 0 1
Tile:4_flip 7 6 0
Tile:5 3 5 1
Tile:6 3 6 0
Tile:8 4 4 1
Tile:5 2 6 0
Tile:8 2 7 1
Tile:6 2 8 0
Destroy 2 8 1
Destroy 2 6 0
Destroy 2 7 1
Tile:9 2 6 0
Drop 1 0 1
Tile:12_flip 3 4 0
Tile:9_flip 2 7 1
Tile:9 2 8 0
Map 12 3 1
Tile:8 1 7 0
Tile:3_flip 2 9 1
Tile:13 0 7 0
Drop 2 0 1
Tile:9 0 6 0
Tile:0 3 9 1
Tile:2 0 5 0
Tile:6_flip 4 9 1
Map 12 5 0
Tile:8 0 8 1
Tile:0 1 5 0
Map 12 7 1
Drop 6 0 0
Tile:5_flip 3 8 1
Tile:10 0 9 0
Tile:7 2 5 1
Tile:7 1 6 0
Tile:11_flip 1 8 1
Tile:9 0 10 0
Tile:15 0 11 1
Tile:7 1 10 0
Drop 3 0 1
Tile:10 0 12 0
Drop 1 0 1
Tile:6 0 13 0
Map 12 3 1
Drop 0 0 0
Drop 0 0 1
GAMEOVER DRAW
# Game ended: Sun Apr 12 14:45:48 EDT 2020
