# Server version 0.08 running on localhost:8123
# Game ID: 451
# Board class: Saboteur.SaboteurBoard
# Timeout: 20000
# First Move Timeout: 30000
# Date: Mon Apr 13 16:45:06 EDT 2020
# Player 1: Player-0, '260776911', running on localhost
# Player 2: Player-1, 'RandomPlayer', running on localhost
START Player-0 260776911
START Player-1 RandomPlayer
BoardInit:Bonus,Map,Tile:3,Tile:9,Tile:15,Map,Tile:7,Bonus,Tile:0,Tile:7,Destroy,Malus,Tile:7,Tile:8,Tile:6,Tile:5,Tile:8,Tile:4,Tile:10,Tile:0,Tile:0,Map,Tile:10,Map,Malus,Tile:7,Destroy,Tile:2,Tile:9,Tile:5,Tile:0,Tile:8,Tile:8,Tile:8,Tile:6,Tile:9,Destroy,Tile:1,Tile:13,Tile:9,Tile:11-Tile:9,Bonus,Tile:6,Tile:10,Tile:12,Tile:6,Tile:14-Tile:7,Tile:5,Tile:6,Map,Tile:5,Bonus,Map-Tile:hidden1,Tile:nugget,Tile:hidden2
Tile:6_flip 5 4 1
Map 12 3 0
Tile:12_flip 4 5 1
Map 12 5 0
Tile:9_flip 5 6 1
Drop 5 0 0
Tile:6 5 7 1
Drop 6 0 0
Tile:3 6 4 1
Tile:5_flip 6 5 0
Drop 4 0 1
Tile:5 4 7 0
Tile:7_flip 4 8 1
Tile:7 5 8 0
Destroy 5 6 1
Tile:7_flip 4 4 0
Tile:14 6 7 1
Tile:6_flip 6 6 0
Tile:10 4 3 1
Drop 6 0 0
Tile:8 4 2 1
Tile:9_flip 7 6 0
Tile:7_flip 5 9 1
Drop 6 0 0
Tile:0 6 9 1
Drop 6 0 0
Tile:6 5 2 1
Tile:5 7 5 0
Tile:10 5 1 1
Drop 6 0 0
Destroy 7 6 1
Tile:8 7 6 0
Tile:9_flip 7 9 1
Tile:0 8 5 0
Tile:8 7 8 1
Tile:7 8 6 0
Tile:10 7 10 1
Tile:5_flip 9 5 0
Destroy 9 5 1
Drop 6 0 0
Tile:6 8 8 1
Malus 0 0 0
Drop 4 0 1
Tile:8 9 5 0
Drop 1 0 1
Tile:8 9 4 0
Drop 4 0 1
Tile:9 9 6 0
Drop 0 0 1
Tile:9_flip 10 4 0
Drop 0 0 1
Drop 1 0 0
Malus 0 0 1
Bonus 0 0 0
Drop 0 0 1
GAMEOVER DRAW
# Game ended: Mon Apr 13 16:45:06 EDT 2020
