# Server version 0.08 running on localhost:8123
# Game ID: 121
# Board class: Saboteur.SaboteurBoard
# Timeout: 20000
# First Move Timeout: 30000
# Date: Sun Apr 12 11:56:12 EDT 2020
# Player 1: Player-0, '260776911', running on localhost
# Player 2: Player-1, 'RandomPlayer', running on localhost
START Player-0 260776911
START Player-1 RandomPlayer
BoardInit:Tile:7,Destroy,Tile:6,Tile:7,Tile:15,Tile:5,Bonus,Malus,Tile:5,Tile:13,Bonus,Tile:8,Bonus,Tile:9,Tile:11,Tile:6,Bonus,Tile:2,Tile:8,Tile:7,Tile:9,Map,Destroy,Tile:12,Tile:1,Tile:8,Tile:5,Malus,Tile:0,Tile:9,Tile:0,Tile:0,Destroy,Map,Tile:6,Tile:9,Tile:10,Tile:0,Map,Tile:6,Tile:6-Tile:7,Map,Tile:14,Tile:3,Tile:9,Tile:7,Tile:5-Tile:10,Map,Map,Tile:8,Tile:8,Tile:10,Tile:4-Tile:hidden2,Tile:nugget,Tile:hidden1
Tile:9 5 6 1
Tile:10 5 4 0
Tile:14 6 6 1
Map 12 3 0
Tile:5_flip 5 7 1
Map 12 3 0
Drop 4 0 1
Tile:8 5 3 0
Tile:7 6 5 1
Malus 0 0 0
Drop 1 0 1
Tile:8 5 2 0
Drop 0 0 1
Tile:10 5 1 0
Bonus 0 0 1
Tile:4 5 0 0
Tile:5_flip 6 3 1
Destroy 5 0 0
Tile:7 6 2 1
Tile:7 5 0 0
Drop 4 0 1
Tile:5 4 0 0
Tile:6_flip 4 7 1
Tile:13 4 8 0
Tile:15 4 1 1
Tile:8 4 2 0
Destroy 5 4 1
Tile:9 4 3 0
Drop 5 0 1
Malus 0 0 0
Bonus 0 0 1
Tile:6 3 2 0
Tile:9_flip 4 4 1
Tile:2 2 2 0
Destroy 5 1 1
Tile:7 3 1 0
Tile:6 2 1 1
Map 12 3 0
Tile:0 3 4 1
Tile:12 5 8 0
Tile:8 4 5 1
Tile:8 2 0 0
Tile:5 3 5 1
Tile:9 1 0 0
Drop 4 0 1
Tile:0 1 2 0
Tile:10 5 1 1
Map 12 3 0
Tile:0 0 2 1
Tile:9 2 3 0
Drop 1 0 1
Tile:0 3 7 0
Drop 1 0 1
Tile:6 1 1 0
Drop 0 0 1
GAMEOVER DRAW
# Game ended: Sun Apr 12 11:56:12 EDT 2020
