# Server version 0.08 running on 192.168.1.106:8123
# Game ID: 10
# Board class: Saboteur.SaboteurBoard
# Timeout: 20000
# First Move Timeout: 30000
# Date: Sat Apr 11 21:43:26 EDT 2020
# Player 1: Player-0, 'RandomPlayer', running on 192.168.1.106
# Player 2: Player-1, 'Human', running on 192.168.1.106
START Player-0 RandomPlayer
START Player-1 Human
BoardInit:Map,Destroy,Tile:11,Malus,Tile:10,Tile:4,Tile:6,Map,Map,Map,Tile:15,Tile:10,Malus,Tile:9,Tile:6,Tile:5,Tile:7,Tile:13,Tile:6,Tile:9,Tile:8,Tile:0,Tile:3,Destroy,Bonus,Tile:9,Tile:7,Tile:7,Tile:7,Tile:12,Tile:9,Tile:8,Tile:8,Bonus,Destroy,Tile:0,Bonus,Bonus,Tile:5,Tile:14,Tile:0-Tile:6,Map,Tile:1,Tile:0,Tile:2,Tile:5,Tile:10-Tile:8,Tile:9,Tile:6,Map,Tile:8,Tile:5,Tile:7-Tile:nugget,Tile:hidden1,Tile:hidden2
Tile:0 6 5 1
Tile:5_flip 7 5 0
Tile:10 7 4 1
Tile:9_flip 7 3 0
Tile:5 7 2 1
Tile:8 6 3 0
Map 12 5 1
Tile:7 6 2 0
Map 12 3 1
Tile:4_flip 6 4 0
Tile:6 8 2 1
Tile:8 9 2 0
Tile:6 10 2 1
Tile:6 11 2 0
Tile:2 12 2 1
Map 12 3 0
Malus 0 0 1
Drop 6 0 0
Tile:15 9 3 1
Destroy 9 3 0
Tile:6 9 3 1
Map 12 5 0
Tile:6 5 2 1
Map 12 3 0
Tile:3_flip 4 5 1
Destroy 6 4 0
Tile:1 5 3 1
Drop 0 0 0
Tile:11 4 2 1
Drop 5 0 0
Tile:10 5 6 1
Drop 0 0 0
Tile:9 5 7 1
Drop 6 0 0
Tile:7 6 7 1
Drop 0 0 0
Destroy 12 2 1
Drop 4 0 0
Tile:7 12 2 1
GAMEOVER WINNER 1
# Game ended: Sat Apr 11 21:45:53 EDT 2020
