# Server version 0.08 running on localhost:8123
# Game ID: 151
# Board class: Saboteur.SaboteurBoard
# Timeout: 20000
# First Move Timeout: 30000
# Date: Sun Apr 12 14:23:01 EDT 2020
# Player 1: Player-0, '260776911', running on localhost
# Player 2: Player-1, '260776911', running on localhost
START Player-0 260776911
START Player-1 260776911
BoardInit:Tile:7,Map,Tile:12,Tile:0,Map,Tile:0,Tile:10,Map,Tile:6,Tile:9,Tile:5,Tile:9,Map,Tile:4,Destroy,Bonus,Tile:9,Tile:8,Tile:9,Tile:5,Tile:5,Tile:7,Destroy,Tile:5,Malus,Tile:6,Tile:6,Tile:14,Tile:10,Bonus,Tile:15,Bonus,Tile:6,Tile:13,Tile:0,Tile:10,Destroy,Tile:2,Tile:0,Tile:8,Tile:3-Tile:9,Tile:11,Tile:8,Tile:6,Bonus,Tile:7,Tile:7-Tile:8,Tile:1,Tile:7,Tile:8,Malus,Map,Map-Tile:nugget,Tile:hidden1,Tile:hidden2
Tile:9 5 4 1
Malus 0 0 0
Bonus 0 0 1
Map 12 3 0
Tile:11 5 3 1
Drop 5 0 0
Drop 6 0 1
Drop 4 0 0
Drop 5 0 1
Drop 6 0 0
Tile:8 5 6 1
Drop 1 0 0
Tile:6 5 7 1
Tile:8 6 6 0
Drop 6 0 1
Drop 6 0 0
Destroy 5 3 1
Tile:7 7 6 0
Tile:7_flip 4 6 1
Tile:8 6 7 0
Tile:7_flip 6 8 1
Tile:0 4 7 0
Tile:7 7 8 1
Tile:0 3 7 0
Tile:10 7 9 1
Tile:9 2 7 0
Malus 0 0 1
Bonus 0 0 0
Tile:6 2 8 1
Drop 6 0 0
Tile:5 2 6 1
Tile:9 1 8 0
Drop 6 0 1
Tile:8 1 9 0
Tile:9 1 10 1
Drop 6 0 0
Tile:9 0 9 1
Tile:5_flip 0 10 0
Tile:5_flip 1 11 1
Drop 6 0 0
Destroy 0 9 1
Tile:7 1 7 0
Drop 6 0 1
Tile:5 0 9 0
Tile:6 0 7 1
Tile:6 2 10 0
Tile:10 0 6 1
Tile:10 7 10 0
Tile:6 3 10 1
Tile:8 3 9 0
Tile:0 0 11 1
Drop 0 0 0
Destroy 0 6 1
Drop 0 0 0
Tile:0 4 9 1
GAMEOVER DRAW
# Game ended: Sun Apr 12 14:23:01 EDT 2020
