# Server version 0.08 running on localhost:8123
# Game ID: 445
# Board class: Saboteur.SaboteurBoard
# Timeout: 20000
# First Move Timeout: 30000
# Date: Mon Apr 13 16:42:57 EDT 2020
# Player 1: Player-0, '260776911', running on localhost
# Player 2: Player-1, 'RandomPlayer', running on localhost
START Player-0 260776911
START Player-1 RandomPlayer
BoardInit:Destroy,Map,Tile:8,Tile:3,Tile:7,Tile:4,Destroy,Tile:10,Tile:7,Tile:0,Map,Map,Tile:6,Tile:6,Tile:5,Tile:8,Malus,Tile:5,Tile:9,Tile:1,Tile:13,Tile:15,Tile:8,Bonus,Tile:0,Tile:10,Tile:6,Tile:2,Tile:9,Map,Tile:10,Tile:0,Tile:7,Tile:5,Tile:9,Tile:7,Tile:9,Tile:14,Tile:11,Bonus,Tile:8-Tile:12,Malus,Tile:7,Tile:5,Map,Tile:0,Tile:8-Tile:6,Bonus,Tile:6,Destroy,Bonus,Map,Tile:9-Tile:hidden2,Tile:nugget,Tile:hidden1
Tile:5 5 4 1
Map 12 3 0
Map 12 3 1
Map 12 5 0
Tile:12_flip 4 5 1
Drop 6 0 0
Tile:8 6 5 1
Drop 6 0 0
Tile:8 5 6 1
Tile:6 6 6 0
Destroy 6 6 1
Tile:6 6 6 0
Tile:0 4 6 1
Drop 6 0 0
Tile:7_flip 5 7 1
Destroy 6 5 0
Tile:7 6 5 1
Tile:9_flip 7 6 0
Tile:6 3 6 1
Tile:10 7 5 0
Tile:7_flip 2 6 1
Drop 6 0 0
Destroy 5 7 1
Drop 6 0 0
Drop 0 0 1
Tile:0 6 4 0
Tile:8 2 5 1
Tile:6_flip 7 4 0
Tile:0 8 4 1
Drop 6 0 0
Map 12 3 1
Drop 6 0 0
Tile:9 1 5 1
Tile:8 9 4 0
Tile:6_flip 10 4 1
Tile:0 11 4 0
Tile:9_flip 3 5 1
Tile:5_flip 9 5 0
Tile:9_flip 12 4 1
GAMEOVER WINNER 1
# Game ended: Mon Apr 13 16:42:57 EDT 2020
