# Server version 0.08 running on localhost:8123
# Game ID: 377
# Board class: Saboteur.SaboteurBoard
# Timeout: 20000
# First Move Timeout: 30000
# Date: Sun Apr 12 20:36:20 EDT 2020
# Player 1: Player-0, '260776911', running on localhost
# Player 2: Player-1, 'RandomPlayer', running on localhost
START Player-0 260776911
START Player-1 RandomPlayer
BoardInit:Map,Map,Tile:5,Tile:0,Tile:6,Tile:0,Tile:3,Malus,Tile:15,Tile:7,Tile:8,Tile:8,Bonus,Tile:9,Tile:14,Tile:10,Tile:10,Tile:8,Destroy,Tile:7,Tile:8,Tile:9,Tile:0,Tile:6,Tile:5,Tile:13,Tile:11,Malus,Destroy,Tile:6,Tile:6,Tile:9,Tile:1,Tile:5,Tile:7,Destroy,Bonus,Tile:9,Tile:10,Map,Tile:9-Tile:12,Map,Map,Tile:6,Tile:0,Tile:2,Tile:7-Tile:8,Bonus,Map,Tile:5,Bonus,Tile:4,Tile:7-Tile:hidden1,Tile:hidden2,Tile:nugget
Tile:2_flip 5 6 1
Drop 2 0 0
Tile:6_flip 4 6 1
Drop 6 0 0
Tile:0 6 6 1
Drop 4 0 0
Tile:7_flip 4 5 1
Tile:7_flip 3 6 0
Tile:6 6 5 1
Malus 0 0 0
Map 12 5 1
Tile:0 7 6 0
Drop 5 0 1
Tile:7 3 5 0
Map 12 3 1
Tile:8 4 7 0
Drop 0 0 1
Tile:8 6 4 0
Bonus 0 0 1
Tile:9 6 3 0
Tile:3 5 7 1
Tile:10 6 2 0
Tile:5 5 4 1
Tile:7 4 4 0
Map 12 7 1
Tile:9 6 1 0
Destroy 6 4 1
Drop 6 0 0
Tile:0 3 4 1
Malus 0 0 0
Destroy 5 4 1
Tile:6 7 1 0
Drop 6 0 1
Tile:6 7 3 0
Drop 3 0 1
Tile:9 4 8 0
Drop 3 0 1
Destroy 3 4 0
Drop 0 0 1
Tile:5 5 4 0
Drop 4 0 1
Drop 6 0 0
Drop 5 0 1
Tile:5 7 2 0
Drop 4 0 1
Tile:8 8 3 0
Drop 2 0 1
Tile:9_flip 5 8 0
Drop 0 0 1
Tile:0 8 1 0
Drop 0 0 1
Drop 1 0 0
Drop 1 0 1
Drop 0 0 0
Drop 0 0 1
GAMEOVER DRAW
# Game ended: Sun Apr 12 20:36:20 EDT 2020
