# Server version 0.08 running on localhost:8123
# Game ID: 336
# Board class: Saboteur.SaboteurBoard
# Timeout: 20000
# First Move Timeout: 30000
# Date: Sun Apr 12 20:27:28 EDT 2020
# Player 1: Player-0, '260776911', running on localhost
# Player 2: Player-1, 'RandomPlayer', running on localhost
START Player-0 260776911
START Player-1 RandomPlayer
BoardInit:Tile:5,Tile:2,Map,Tile:0,Destroy,Tile:9,Tile:6,Destroy,Bonus,Tile:4,Tile:8,Map,Tile:5,Tile:7,Tile:11,Tile:7,Tile:0,Tile:14,Tile:10,Tile:3,Tile:9,Destroy,Tile:7,Tile:7,Tile:9,Tile:10,Tile:10,Malus,Tile:6,Map,Tile:12,Tile:8,Tile:15,Tile:6,Tile:5,Tile:7,Bonus,Tile:6,Tile:5,Bonus,Map-Tile:13,Map,Tile:1,Malus,Tile:9,Tile:8,Bonus-Tile:0,Tile:0,Tile:8,Tile:8,Map,Tile:6,Tile:9-Tile:nugget,Tile:hidden2,Tile:hidden1
Tile:1 6 5 1
Drop 4 0 0
Tile:13 5 6 1
Drop 6 0 0
Drop 4 0 1
Tile:6_flip 5 4 0
Destroy 5 6 1
Tile:9 4 5 0
Tile:6 5 6 1
Destroy 6 5 0
Drop 1 0 1
Drop 6 0 0
Tile:8 4 6 1
Drop 6 0 0
Tile:5 4 4 1
Tile:0 6 5 0
Map 12 3 1
Tile:9 3 6 0
Tile:5_flip 6 4 1
Drop 6 0 0
Tile:11_flip 4 7 1
Drop 6 0 0
Tile:10 4 8 1
Destroy 3 6 0
Map 12 3 1
Tile:7_flip 3 6 0
Tile:0 6 6 1
Tile:7 7 5 0
Tile:9_flip 7 6 1
Malus 0 0 0
Drop 1 0 1
Drop 6 0 0
Drop 4 0 1
Tile:10 3 5 0
Drop 0 0 1
Tile:8 4 9 0
Drop 3 0 1
Tile:8 7 7 0
Drop 0 0 1
Tile:6_flip 3 7 0
Drop 4 0 1
Tile:7 3 4 0
Map 12 7 1
Tile:7_flip 2 4 0
Drop 4 0 1
Tile:8 8 7 0
Drop 2 0 1
Tile:6 3 9 0
Drop 0 0 1
Tile:0 2 9 0
Drop 0 0 1
Tile:0 6 7 0
Drop 1 0 1
Drop 0 0 0
Drop 0 0 1
GAMEOVER DRAW
# Game ended: Sun Apr 12 20:27:28 EDT 2020
