# Server version 0.08 running on localhost:8123
# Game ID: 164
# Board class: Saboteur.SaboteurBoard
# Timeout: 20000
# First Move Timeout: 30000
# Date: Sun Apr 12 14:26:41 EDT 2020
# Player 1: Player-0, '260776911', running on localhost
# Player 2: Player-1, 'RandomPlayer', running on localhost
START Player-0 260776911
START Player-1 RandomPlayer
BoardInit:Tile:6,Map,Tile:6,Tile:5,Tile:13,Tile:8,Tile:10,Map,Tile:9,Tile:9,Malus,Tile:9,Tile:0,Tile:8,Tile:9,Map,Tile:7,Tile:3,Tile:10,Tile:14,Tile:7,Tile:4,Tile:10,Map,Destroy,Bonus,Tile:1,Map,Tile:7,Bonus,Tile:5,Tile:6,Tile:8,Tile:0,Tile:15,Map,Tile:6,Destroy,Tile:5,Tile:0,Destroy-Malus,Tile:2,Bonus,Tile:7,Bonus,Tile:7,Tile:8-Tile:5,Tile:8,Tile:12,Tile:9,Tile:0,Tile:11,Tile:6-Tile:hidden2,Tile:hidden1,Tile:nugget
Tile:2 6 5 1
Drop 2 0 0
Malus 0 0 1
Map 12 3 0
Tile:8 5 6 1
Drop 0 0 0
Tile:6_flip 4 5 1
Drop 0 0 0
Tile:6_flip 5 4 1
Map 12 3 0
Tile:13 4 6 1
Drop 0 0 0
Drop 6 0 1
Drop 0 0 0
Drop 2 0 1
Drop 0 0 0
Tile:7_flip 4 4 1
Map 12 3 0
Tile:9 3 5 1
Drop 0 0 0
Tile:9_flip 3 4 1
Drop 0 0 0
Tile:10 4 3 1
Drop 0 0 0
Tile:7_flip 3 6 1
Map 12 3 0
Tile:7 3 3 1
Bonus 0 0 0
Tile:10 5 7 1
Drop 6 0 0
Tile:1 7 5 1
Drop 3 0 0
Tile:7_flip 2 4 1
Drop 3 0 0
Tile:5 2 3 1
Drop 3 0 0
Destroy 3 3 1
Drop 6 0 0
Tile:7 4 2 1
Destroy 4 6 0
Tile:6 4 6 1
Tile:9 5 8 0
Destroy 3 6 1
Tile:9 3 6 0
Drop 2 0 1
Tile:8 3 7 0
Tile:15 3 8 1
Tile:6 2 7 0
Tile:5_flip 3 9 1
Tile:0 1 7 0
Tile:0 0 7 1
Tile:0 2 9 0
Tile:8 8 5 1
Drop 0 0 0
Drop 0 0 1
GAMEOVER DRAW
# Game ended: Sun Apr 12 14:26:41 EDT 2020
