# Server version 0.08 running on client.openvpn.net:8123
# Game ID: 328
# Board class: Saboteur.SaboteurBoard
# Timeout: 20000
# First Move Timeout: 30000
# Date: Sun Apr 12 20:23:05 EDT 2020
# Player 1: Player-0, '260776911', running on client.openvpn.net
# Player 2: Player-1, 'RandomPlayer', running on client.openvpn.net
START Player-0 260776911
START Player-1 RandomPlayer
BoardInit:Destroy,Tile:9,Tile:0,Bonus,Tile:10,Tile:7,Tile:7,Tile:5,Bonus,Tile:6,Tile:5,Destroy,Tile:0,Map,Tile:8,Tile:12,Tile:9,Tile:8,Tile:9,Tile:6,Bonus,Tile:7,Tile:6,Tile:1,Map,Tile:8,Tile:9,Map,Bonus,Tile:7,Tile:9,Tile:6,Tile:3,Tile:0,Tile:10,Tile:2,Tile:5,Map,Tile:13,Map,Tile:8-Malus,Destroy,Tile:15,Tile:0,Tile:10,Map,Tile:4-Tile:6,Tile:11,Tile:8,Tile:5,Tile:7,Malus,Tile:14-Tile:hidden2,Tile:nugget,Tile:hidden1
Map 12 3 1
Drop 1 0 0
Tile:10 5 4 1
Drop 5 0 0
Drop 0 0 1
Malus 0 0 0
Drop 5 0 1
Tile:7_flip 4 5 0
Destroy 4 5 1
Tile:9_flip 5 3 0
Drop 1 0 1
Tile:7_flip 5 6 0
Drop 6 0 1
Destroy 5 3 0
Bonus 0 0 1
Drop 6 0 0
Tile:0 6 6 1
Drop 6 0 0
Tile:15 5 3 1
Tile:5_flip 6 5 0
Destroy 6 5 1
Tile:6_flip 5 2 0
Tile:9_flip 7 6 1
Tile:8 4 5 0
Tile:6_flip 3 5 1
Drop 6 0 0
Tile:8 3 6 1
Tile:6 2 6 0
Tile:10 4 4 1
Drop 6 0 0
Tile:9_flip 4 6 1
Tile:7 4 3 0
Tile:9 3 3 1
Tile:8 1 6 0
Tile:9_flip 3 2 1
Tile:8 7 5 0
Map 12 5 1
Drop 6 0 0
Tile:10 7 4 1
Drop 6 0 0
Tile:7 3 1 1
Drop 6 0 0
Tile:4 7 3 1
Tile:7_flip 4 2 0
Tile:5_flip 3 4 1
Tile:6_flip 8 5 0
Tile:13 1 7 1
Tile:6 9 5 0
Tile:3_flip 0 7 1
Tile:5_flip 7 7 0
Tile:8 0 6 1
Tile:0 6 5 0
Drop 1 0 1
Drop 0 0 0
Drop 0 0 1
GAMEOVER DRAW
# Game ended: Sun Apr 12 20:23:06 EDT 2020
