# Server version 0.08 running on localhost:8123
# Game ID: 443
# Board class: Saboteur.SaboteurBoard
# Timeout: 20000
# First Move Timeout: 30000
# Date: Mon Apr 13 16:42:34 EDT 2020
# Player 1: Player-0, '260776911', running on localhost
# Player 2: Player-1, 'RandomPlayer', running on localhost
START Player-0 260776911
START Player-1 RandomPlayer
BoardInit:Tile:6,Tile:14,Tile:0,Tile:8,Map,Tile:5,Tile:7,Tile:8,Map,Tile:6,Bonus,Map,Tile:13,Destroy,Tile:9,Malus,Tile:9,Tile:1,Tile:0,Destroy,Tile:12,Tile:7,Destroy,Tile:9,Tile:11,Tile:6,Malus,Tile:0,Tile:7,Tile:0,Tile:3,Tile:6,Map,Tile:9,Tile:8,Tile:6,Tile:10,Bonus,Tile:8,Tile:5,Tile:8-Tile:7,Tile:7,Tile:10,Tile:4,Tile:5,Bonus,Map-Tile:10,Tile:15,Map,Bonus,Tile:5,Tile:2,Tile:9-Tile:hidden1,Tile:nugget,Tile:hidden2
Tile:7_flip 5 6 1
Map 12 3 0
Tile:6_flip 4 5 1
Drop 1 0 0
Tile:4_flip 4 6 1
Drop 3 0 0
Drop 3 0 1
Drop 4 0 0
Tile:7_flip 3 5 1
Tile:10 5 4 0
Tile:5_flip 6 5 1
Tile:5 5 3 0
Map 12 7 1
Map 12 5 0
Tile:7 6 6 1
Tile:9 6 4 0
Tile:13 7 4 1
Destroy 7 4 0
Tile:9 3 4 1
Drop 6 0 0
Map 12 3 1
Tile:8 7 4 0
Tile:9_flip 6 3 1
Tile:5_flip 8 4 0
Drop 4 0 1
Destroy 6 4 0
Destroy 3 4 1
Tile:7_flip 7 5 0
Tile:12 8 5 1
Tile:9 6 4 0
Drop 2 0 1
Tile:6_flip 3 4 0
Tile:3 8 3 1
Tile:6 2 4 0
Tile:11 7 3 1
Tile:9 1 4 0
Tile:8 6 2 1
Tile:6_flip 6 1 0
Tile:10 2 3 1
Tile:6 5 2 0
Tile:10 1 3 1
Tile:5 2 2 0
Tile:7_flip 1 5 1
Tile:0 4 2 0
Tile:8 3 2 1
Malus 0 0 0
Map 12 3 1
Tile:8 7 2 0
Drop 0 0 1
Drop 0 0 0
Drop 0 0 1
Drop 0 0 0
Malus 0 0 1
Bonus 0 0 0
Drop 0 0 1
GAMEOVER DRAW
# Game ended: Mon Apr 13 16:42:34 EDT 2020
