# Server version 0.08 running on localhost:8123
# Game ID: 362
# Board class: Saboteur.SaboteurBoard
# Timeout: 20000
# First Move Timeout: 30000
# Date: Sun Apr 12 20:34:00 EDT 2020
# Player 1: Player-0, '260776911', running on localhost
# Player 2: Player-1, 'RandomPlayer', running on localhost
START Player-0 260776911
START Player-1 RandomPlayer
BoardInit:Destroy,Tile:10,Destroy,Tile:0,Map,Tile:5,Malus,Tile:6,Tile:9,Tile:10,Bonus,Tile:6,Bonus,Tile:6,Tile:0,Tile:6,Tile:10,Tile:11,Tile:0,Tile:9,Tile:7,Map,Malus,Tile:9,Tile:15,Map,Map,Tile:14,Tile:3,Tile:5,Map,Destroy,Tile:7,Tile:8,Tile:5,Tile:7,Tile:13,Bonus,Tile:0,Tile:9,Tile:6-Tile:7,Tile:8,Tile:12,Tile:8,Tile:8,Map,Tile:1-Tile:5,Tile:8,Tile:9,Tile:7,Tile:4,Bonus,Tile:2-Tile:hidden1,Tile:nugget,Tile:hidden2
Tile:8 5 4 1
Drop 4 0 0
Tile:8 5 3 1
Drop 5 0 0
Tile:12_flip 4 3 1
Tile:9_flip 6 5 0
Tile:8 5 2 1
Tile:7_flip 6 6 0
Tile:1 7 6 1
Tile:5 4 4 0
Drop 1 0 1
Tile:6 4 2 0
Destroy 6 6 1
Tile:10 4 1 0
Destroy 5 2 1
Tile:6_flip 4 0 0
Malus 0 0 1
Bonus 0 0 0
Tile:9_flip 8 6 1
Drop 6 0 0
Tile:7 8 5 1
Tile:6_flip 6 4 0
Tile:0 6 3 1
Drop 6 0 0
Drop 4 0 1
Tile:6_flip 3 2 0
Tile:7_flip 7 5 1
Drop 6 0 0
Drop 6 0 1
Drop 6 0 0
Tile:3_flip 2 2 1
Tile:9_flip 5 2 0
Map 12 7 1
Destroy 7 6 0
Tile:7 7 4 1
Tile:9 5 1 0
Tile:15 5 6 1
Tile:5 7 6 0
Map 12 5 1
Tile:5_flip 7 3 0
Tile:5_flip 8 7 1
Tile:7 5 0 0
Tile:13 7 7 1
Tile:8 4 5 0
Tile:6_flip 7 2 1
Tile:8 7 8 0
Drop 3 0 1
Tile:9 3 0 0
Tile:10 3 3 1
Tile:10 4 6 0
Tile:0 8 2 1
Tile:0 6 8 0
Drop 1 0 1
Drop 0 0 0
Drop 0 0 1
GAMEOVER DRAW
# Game ended: Sun Apr 12 20:34:00 EDT 2020
