# Server version 0.08 running on client.openvpn.net:8123
# Game ID: 254
# Board class: Saboteur.SaboteurBoard
# Timeout: 20000
# First Move Timeout: 30000
# Date: Sun Apr 12 19:08:39 EDT 2020
# Player 1: Player-0, '260776911', running on client.openvpn.net
# Player 2: Player-1, 'RandomPlayer', running on client.openvpn.net
START Player-0 260776911
START Player-1 RandomPlayer
BoardInit:Tile:3,Tile:0,Tile:9,Tile:6,Tile:9,Tile:8,Map,Tile:5,Tile:5,Bonus,Malus,Tile:0,Destroy,Tile:7,Tile:8,Tile:8,Bonus,Tile:11,Tile:5,Destroy,Tile:9,Tile:7,Tile:4,Tile:9,Destroy,Tile:0,Map,Map,Tile:2,Tile:8,Tile:14,Bonus,Tile:10,Tile:6,Tile:12,Tile:5,Map,Tile:1,Tile:10,Map,Malus-Tile:10,Tile:8,Tile:0,Bonus,Tile:7,Tile:6,Tile:9-Tile:6,Tile:7,Tile:13,Tile:15,Map,Tile:7,Tile:6-Tile:nugget,Tile:hidden1,Tile:hidden2
Tile:9 4 5 1
Map 12 3 0
Tile:0 6 5 1
Drop 2 0 0
Drop 1 0 1
Drop 2 0 0
Tile:3 5 4 1
Tile:0 7 5 0
Tile:10 5 6 1
Tile:6_flip 8 5 0
Tile:9_flip 8 6 1
Tile:6_flip 7 6 0
Tile:9_flip 8 7 1
Tile:8 7 7 0
Tile:6 9 5 1
Tile:7 9 4 0
Drop 5 0 1
Tile:5_flip 7 8 0
Malus 0 0 1
Bonus 0 0 0
Map 12 3 1
Drop 5 0 0
Tile:5_flip 4 6 1
Destroy 4 5 0
Tile:8 10 5 1
Tile:7_flip 8 8 0
Destroy 8 7 1
Tile:8 8 7 0
Drop 4 0 1
Drop 6 0 0
Tile:5 4 5 1
Tile:7_flip 4 4 0
Tile:7_flip 6 8 1
Tile:9 5 7 0
Drop 5 0 1
Tile:0 8 4 0
Drop 3 0 1
Tile:8 10 6 0
Map 12 5 1
Drop 6 0 0
Tile:10 10 4 1
Drop 6 0 0
Tile:12 9 7 1
Tile:6_flip 10 3 0
Tile:2 11 5 1
Tile:0 9 3 0
Tile:4_flip 10 7 1
Tile:6 11 3 0
GAMEOVER WINNER 0
# Game ended: Sun Apr 12 19:08:39 EDT 2020
