# Server version 0.08 running on localhost:8123
# Game ID: 325
# Board class: Saboteur.SaboteurBoard
# Timeout: 20000
# First Move Timeout: 30000
# Date: Sun Apr 12 20:19:57 EDT 2020
# Player 1: Player-0, '260776911', running on localhost
# Player 2: Player-1, 'RandomPlayer', running on localhost
START Player-0 260776911
START Player-1 RandomPlayer
BoardInit:Tile:7,Tile:11,Tile:5,Tile:7,Tile:6,Map,Tile:7,Tile:6,Destroy,Tile:9,Tile:10,Bonus,Tile:6,Tile:9,Tile:6,Tile:9,Tile:14,Tile:12,Tile:7,Tile:0,Map,Malus,Destroy,Tile:8,Tile:13,Tile:7,Map,Malus,Tile:5,Map,Tile:15,Tile:9,Tile:1,Tile:8,Tile:6,Map,Tile:8,Bonus,Map,Destroy,Tile:0-Tile:0,Tile:5,Tile:8,Tile:4,Tile:3,Tile:8,Tile:9-Tile:0,Bonus,Tile:10,Bonus,Tile:5,Tile:10,Tile:2-Tile:hidden2,Tile:hidden1,Tile:nugget
Tile:8 4 5 1
Drop 6 0 0
Tile:4_flip 5 6 1
Drop 6 0 0
Drop 1 0 1
Tile:10 4 6 0
Tile:9_flip 4 7 1
Drop 6 0 0
Tile:5 3 5 1
Tile:7 6 5 0
Drop 0 0 1
Tile:6_flip 5 4 0
Drop 0 0 1
Tile:9 4 4 0
Drop 5 0 1
Tile:9 4 3 0
Tile:6_flip 3 7 1
Tile:10 4 8 0
Drop 1 0 1
Drop 6 0 0
Tile:8 4 9 1
Tile:9 4 10 0
Tile:7_flip 6 6 1
Malus 0 0 0
Destroy 6 5 1
Tile:0 5 3 0
Destroy 6 6 1
Tile:8 5 9 0
Drop 5 0 1
Malus 0 0 0
Map 12 7 1
Drop 6 0 0
Map 12 3 1
Tile:7 6 9 0
Drop 3 0 1
Tile:9 6 10 0
Drop 3 0 1
Drop 6 0 0
Drop 6 0 1
Tile:0 3 9 0
Drop 6 0 1
Destroy 3 5 0
Drop 0 0 1
Tile:5_flip 5 10 0
Drop 4 0 1
Tile:8 6 5 0
Drop 2 0 1
Drop 2 0 0
Drop 0 0 1
Drop 1 0 0
Drop 0 0 1
Drop 1 0 0
Drop 1 0 1
Drop 0 0 0
Drop 0 0 1
GAMEOVER DRAW
# Game ended: Sun Apr 12 20:19:57 EDT 2020
