# Server version 0.08 running on localhost:8123
# Game ID: 203
# Board class: Saboteur.SaboteurBoard
# Timeout: 20000
# First Move Timeout: 30000
# Date: Sun Apr 12 15:04:21 EDT 2020
# Player 1: Player-0, '260776911', running on localhost
# Player 2: Player-1, 'RandomPlayer', running on localhost
START Player-0 260776911
START Player-1 RandomPlayer
BoardInit:Tile:7,Map,Tile:12,Map,Bonus,Tile:13,Destroy,Tile:7,Tile:6,Map,Bonus,Tile:8,Bonus,Tile:8,Tile:6,Malus,Tile:0,Tile:1,Tile:0,Tile:8,Tile:15,Tile:6,Bonus,Tile:8,Tile:14,Tile:9,Tile:6,Tile:0,Tile:2,Tile:5,Tile:5,Malus,Destroy,Tile:0,Destroy,Tile:5,Tile:9,Tile:9,Tile:7,Tile:7,Tile:10-Tile:10,Tile:6,Tile:8,Map,Tile:4,Tile:10,Tile:11-Tile:7,Map,Tile:9,Map,Tile:3,Tile:9,Tile:5-Tile:nugget,Tile:hidden1,Tile:hidden2
Tile:11 5 4 1
Map 12 3 0
Tile:4 5 3 1
Drop 6 0 0
Tile:6_flip 6 4 1
Drop 6 0 0
Drop 2 0 1
Drop 2 0 0
Destroy 5 4 1
Drop 2 0 0
Tile:6_flip 7 4 1
Drop 6 0 0
Tile:10 5 6 1
Drop 4 0 0
Tile:12_flip 4 5 1
Tile:7 8 4 0
Tile:8 7 5 1
Tile:9 7 6 0
Tile:0 8 6 1
Drop 6 0 0
Tile:6 8 5 1
Tile:9 7 7 0
Tile:7_flip 7 8 1
Tile:5_flip 8 8 0
Drop 5 0 1
Tile:7 8 7 0
Drop 0 0 1
Tile:8 6 5 0
Tile:6 5 7 1
Tile:8 9 5 0
Tile:14_flip 4 7 1
Tile:8 9 6 0
Drop 6 0 1
Tile:6 10 5 0
Drop 4 0 1
Tile:8 10 4 0
Destroy 7 8 1
Tile:9 7 8 0
Destroy 7 8 1
Tile:0 10 6 0
Tile:7 11 4 1
Tile:5 9 4 0
Tile:9 4 8 1
Tile:0 11 6 0
Tile:10 9 7 1
Tile:5 10 3 0
Tile:2_flip 7 8 1
Tile:9 6 8 0
Drop 2 0 1
Tile:7 6 7 0
Tile:0 11 3 1
GAMEOVER WINNER 1
# Game ended: Sun Apr 12 15:04:22 EDT 2020
