# Server version 0.08 running on localhost:8123
# Game ID: 263
# Board class: Saboteur.SaboteurBoard
# Timeout: 20000
# First Move Timeout: 30000
# Date: Sun Apr 12 19:19:31 EDT 2020
# Player 1: Player-0, '260776911', running on localhost
# Player 2: Player-1, 'RandomPlayer', running on localhost
START Player-0 260776911
START Player-1 RandomPlayer
BoardInit:Tile:8,Tile:6,Destroy,Tile:6,Bonus,Tile:7,Bonus,Tile:9,Tile:9,Tile:0,Tile:12,Map,Map,Tile:0,Tile:8,Tile:5,Tile:15,Tile:6,Tile:13,Tile:7,Map,Bonus,Tile:8,Tile:7,Malus,Tile:7,Map,Tile:9,Destroy,Tile:5,Tile:11,Tile:10,Tile:7,Tile:5,Tile:6,Tile:9,Tile:10,Tile:5,Tile:9,Tile:3,Tile:1-Tile:0,Tile:6,Map,Map,Tile:0,Bonus,Tile:14-Tile:8,Tile:10,Tile:2,Tile:8,Destroy,Tile:4,Malus-Tile:hidden1,Tile:nugget,Tile:hidden2
Tile:6_flip 4 5 1
Drop 2 0 0
Tile:8 5 6 1
Drop 4 0 0
Map 12 5 1
Tile:8 5 4 0
Tile:0 3 5 1
Tile:10 5 3 0
Drop 0 0 1
Tile:8 6 4 0
Tile:9 5 7 1
Destroy 5 3 0
Destroy 5 4 1
Map 12 3 0
Tile:0 2 5 1
Tile:6 6 5 0
Tile:8 7 5 1
Tile:6 6 7 0
Drop 5 0 1
Tile:7 6 6 0
Tile:13 1 5 1
Tile:9 5 4 0
Tile:15 5 8 1
Tile:0 7 7 0
Tile:8 5 9 1
Tile:0 8 5 0
Tile:14_flip 0 5 1
Tile:5 5 3 0
Drop 2 0 1
Tile:6 8 7 0
Tile:12_flip 4 9 1
Tile:7 6 3 0
Tile:11 1 6 1
Tile:7 7 4 0
Tile:7 8 6 1
Tile:7 9 5 0
Destroy 5 4 1
Tile:9 5 4 0
Map 12 3 1
Tile:5_flip 9 7 0
Tile:6_flip 1 4 1
Drop 6 0 0
Tile:10 0 6 1
Tile:10 9 6 0
Malus 0 0 1
Bonus 0 0 0
Drop 3 0 1
Tile:9_flip 1 7 0
Map 12 7 1
Tile:5_flip 1 8 0
Tile:1 2 4 1
Tile:5_flip 5 10 0
Drop 1 0 1
Drop 0 0 0
Drop 0 0 1
GAMEOVER DRAW
# Game ended: Sun Apr 12 19:19:31 EDT 2020
