# Server version 0.08 running on 192.168.1.106:8123
# Game ID: 45
# Board class: Saboteur.SaboteurBoard
# Timeout: 20000
# First Move Timeout: 30000
# Date: Sun Apr 12 02:14:32 EDT 2020
# Player 1: Player-0, '260776911', running on 192.168.1.106
# Player 2: Player-1, 'RandomPlayer', running on 192.168.1.106
START Player-0 260776911
START Player-1 RandomPlayer
BoardInit:Tile:7,Tile:0,Tile:9,Tile:5,Bonus,Map,Map,Tile:13,Tile:4,Tile:1,Map,Tile:8,Destroy,Tile:8,Tile:5,Tile:2,Tile:10,Tile:8,Tile:10,Tile:9,Bonus,Tile:0,Tile:3,Tile:7,Tile:6,Destroy,Malus,Tile:0,Tile:8,Malus,Bonus,Tile:7,Tile:10,Tile:6,Tile:6,Tile:6,Tile:15,Tile:14,Tile:11,Tile:7,Tile:6-Tile:9,Tile:5,Tile:7,Tile:5,Map,Map,Tile:9-Map,Tile:9,Destroy,Bonus,Tile:8,Tile:0,Tile:12-Tile:nugget,Tile:hidden2,Tile:hidden1
Tile:5_flip 6 5 1
Map 12 3 0
Tile:9 5 4 1
Tile:9 5 3 0
Tile:9_flip 6 3 1
Destroy 5 3 0
Drop 2 0 1
Tile:8 5 3 0
Tile:9 5 6 1
Tile:0 4 3 0
Tile:7_flip 3 3 1
Tile:12 6 6 0
Tile:4 5 2 1
Tile:0 4 5 0
Drop 3 0 1
Tile:5 3 2 0
Tile:5 3 5 1
Map 12 3 0
Drop 1 0 1
Tile:13 3 6 0
Drop 4 0 1
Tile:1 2 6 0
Destroy 3 2 1
Tile:8 1 6 0
Map 12 7 1
Tile:8 1 5 0
Map 12 3 1
Tile:2 1 4 0
Tile:10 1 7 1
Tile:8 2 4 0
Tile:6 0 5 1
Tile:9 0 4 0
Tile:3_flip 3 7 1
Tile:0 0 6 0
Drop 3 0 1
Tile:7 0 3 0
Tile:10 3 2 1
Destroy 0 3 0
Tile:10 0 3 1
Tile:0 3 4 0
Tile:11 3 1 1
Malus 0 0 0
Map 12 5 1
Tile:7 0 2 0
Drop 3 0 1
Tile:6 1 8 0
Drop 4 0 1
Tile:6 2 8 0
Drop 0 0 1
Tile:14 2 5 0
Drop 0 0 1
Tile:7 2 3 0
Bonus 0 0 1
Drop 0 0 0
Tile:15 5 7 1
GAMEOVER DRAW
# Game ended: Sun Apr 12 02:14:32 EDT 2020
