# Server version 0.08 running on localhost:8123
# Game ID: 139
# Board class: Saboteur.SaboteurBoard
# Timeout: 20000
# First Move Timeout: 30000
# Date: Sun Apr 12 13:34:17 EDT 2020
# Player 1: Player-0, '260776911', running on localhost
# Player 2: Player-1, 'RandomPlayer', running on localhost
START Player-0 260776911
START Player-1 RandomPlayer
BoardInit:Tile:3,Map,Tile:7,Tile:8,Tile:7,Tile:7,Tile:5,Tile:9,Map,Tile:6,Tile:14,Tile:5,Tile:6,Destroy,Map,Tile:5,Tile:5,Destroy,Tile:9,Tile:1,Bonus,Bonus,Tile:10,Tile:8,Malus,Map,Map,Tile:13,Tile:12,Tile:10,Tile:7,Tile:6,Destroy,Tile:10,Tile:9,Bonus,Tile:2,Tile:6,Tile:6,Tile:7,Tile:11-Malus,Tile:0,Tile:0,Map,Tile:0,Tile:15,Tile:8-Tile:0,Tile:8,Tile:8,Bonus,Tile:9,Tile:9,Tile:4-Tile:hidden1,Tile:hidden2,Tile:nugget
Tile:15 5 6 1
Tile:0 6 5 0
Map 12 3 1
Drop 6 0 0
Tile:8 5 4 1
Tile:8 5 3 0
Tile:0 7 5 1
Tile:8 5 2 0
Tile:5_flip 6 2 1
Tile:9 5 1 0
Tile:3_flip 4 3 1
Tile:9 4 2 0
Tile:7 6 1 1
Tile:4 4 1 0
Tile:6 6 4 1
Tile:8 5 0 0
Tile:7_flip 4 0 1
Tile:7 6 3 0
Drop 5 0 1
Tile:9 4 5 0
Tile:5_flip 5 7 1
Tile:6 6 0 0
Drop 5 0 1
Tile:5 4 4 0
Tile:14 7 4 1
Destroy 4 0 0
Tile:0 4 0 1
Drop 6 0 0
Tile:0 7 0 1
Tile:5 3 0 0
Malus 0 0 1
Bonus 0 0 0
Map 12 7 1
Destroy 3 0 0
Map 12 5 1
Tile:1 3 0 0
Destroy 4 3 1
Tile:8 2 0 0
Tile:2 8 5 1
Tile:13 2 1 0
Tile:6_flip 1 0 1
Tile:10 2 2 0
Tile:9 1 1 1
Tile:6 0 0 0
Tile:12 9 5 1
Tile:10 1 2 0
Tile:11 7 3 1
Tile:6 1 3 0
Tile:10 7 2 1
Tile:7 3 1 0
Tile:7_flip 4 3 1
Drop 0 0 0
Malus 0 0 1
Bonus 0 0 0
Drop 0 0 1
GAMEOVER DRAW
# Game ended: Sun Apr 12 13:34:18 EDT 2020
