# Server version 0.08 running on localhost:8123
# Game ID: 125
# Board class: Saboteur.SaboteurBoard
# Timeout: 20000
# First Move Timeout: 30000
# Date: Sun Apr 12 11:59:41 EDT 2020
# Player 1: Player-0, '260776911', running on localhost
# Player 2: Player-1, 'RandomPlayer', running on localhost
START Player-0 260776911
START Player-1 RandomPlayer
BoardInit:Tile:0,Tile:6,Tile:8,Tile:9,Tile:0,Tile:5,Tile:6,Tile:2,Map,Destroy,Tile:14,Tile:9,Tile:10,Destroy,Tile:6,Bonus,Map,Tile:8,Tile:0,Tile:8,Malus,Tile:9,Tile:7,Tile:1,Map,Tile:10,Tile:5,Bonus,Tile:11,Destroy,Tile:10,Map,Tile:9,Tile:0,Tile:13,Tile:8,Tile:3,Tile:15,Tile:9,Map,Tile:7-Tile:7,Malus,Tile:8,Tile:5,Tile:7,Tile:12,Bonus-Tile:6,Bonus,Tile:5,Tile:7,Tile:6,Tile:4,Map-Tile:hidden2,Tile:nugget,Tile:hidden1
Tile:7_flip 5 6 1
Map 12 3 0
Tile:5_flip 6 6 1
Tile:6 4 5 0
Tile:8 5 4 1
Tile:5 4 4 0
Tile:8 6 5 1
Tile:7 5 3 0
Tile:0 4 3 1
Tile:6 3 3 0
Tile:7 6 4 1
Tile:4 3 2 0
Tile:6_flip 3 5 1
Tile:6 2 3 0
Tile:10 3 6 1
Tile:9 1 3 0
Drop 6 0 1
Tile:5 1 2 0
Map 12 7 1
Tile:2 2 5 0
Tile:14 2 6 1
Destroy 1 2 0
Map 12 3 1
Tile:9 1 2 0
Tile:7 1 1 1
Destroy 1 1 0
Tile:0 1 5 1
Tile:8 1 1 0
Tile:12_flip 0 5 1
Tile:8 1 0 0
Tile:5 1 6 1
Tile:9 0 0 0
Malus 0 0 1
Bonus 0 0 0
Tile:11_flip 2 2 1
Map 12 5 0
Tile:9_flip 1 7 1
Tile:1 2 0 0
Map 12 7 1
Tile:10 1 8 0
Tile:0 3 0 1
Destroy 0 0 0
Tile:13 4 0 1
Tile:0 0 0 0
Tile:9 3 7 1
Tile:8 0 7 0
Tile:10 3 8 1
Tile:15 0 8 0
Tile:7 5 0 1
Map 12 3 0
Tile:3 4 7 1
Drop 0 0 0
Malus 0 0 1
Bonus 0 0 0
Drop 0 0 1
GAMEOVER DRAW
# Game ended: Sun Apr 12 11:59:41 EDT 2020
