# Server version 0.08 running on localhost:8123
# Game ID: 37
# Board class: Saboteur.SaboteurBoard
# Timeout: 20000
# First Move Timeout: 30000
# Date: Sat Apr 11 23:10:40 EDT 2020
# Player 1: Player-0, 'RandomPlayer', running on localhost
# Player 2: Player-1, '260776911', running on localhost
START Player-0 RandomPlayer
START Player-1 260776911
BoardInit:Tile:0,Tile:7,Malus,Tile:4,Tile:0,Tile:9,Tile:7,Map,Tile:10,Tile:6,Tile:9,Tile:1,Destroy,Tile:0,Tile:7,Destroy,Tile:3,Bonus,Tile:8,Malus,Tile:8,Tile:0,Tile:6,Map,Tile:2,Destroy,Tile:14,Tile:6,Tile:7,Tile:5,Tile:7,Bonus,Tile:8,Map,Tile:13,Tile:15,Tile:9,Bonus,Map,Map,Tile:5-Tile:10,Tile:9,Bonus,Tile:8,Tile:5,Tile:10,Tile:11-Tile:6,Tile:6,Tile:5,Tile:12,Tile:8,Map,Tile:9-Tile:hidden2,Tile:hidden1,Tile:nugget
Tile:10 5 4 1
Tile:9 5 6 0
Tile:9 5 3 1
Tile:8 5 7 0
Tile:8 5 2 1
Tile:6_flip 6 6 0
Tile:5 5 1 1
Tile:9_flip 6 7 0
Tile:10 5 8 1
Tile:7_flip 4 7 0
Tile:11 4 2 1
Tile:6_flip 6 2 0
Tile:0 6 1 1
Tile:12 7 6 0
Malus 0 0 1
Drop 2 0 0
Tile:0 6 5 1
Destroy 5 6 0
Tile:7 4 1 1
Drop 3 0 0
Tile:10 4 3 1
Drop 4 0 0
Tile:9 3 1 1
Malus 0 0 0
Bonus 0 0 1
Drop 4 0 0
Destroy 3 1 1
Map 12 5 0
Tile:7 4 6 1
Destroy 4 2 0
Tile:3 7 1 1
Map 12 7 0
Tile:8 4 2 1
Bonus 0 0 0
Tile:8 3 1 1
Tile:6 7 2 0
Tile:6 3 2 1
Tile:5_flip 6 3 0
Tile:2 3 0 1
Tile:5_flip 4 4 0
Tile:14 4 0 1
Tile:1 2 1 0
Tile:7 8 2 1
Tile:0 7 5 0
Tile:7 8 5 1
Drop 3 0 0
Tile:8 1 1 1
Tile:15 8 6 0
Tile:13 1 0 1
Map 12 7 0
Tile:9 0 0 1
Map 12 3 0
Map 12 3 1
Map 12 7 0
Tile:5 2 2 1
GAMEOVER DRAW
# Game ended: Sat Apr 11 23:10:40 EDT 2020
