# Server version 0.08 running on localhost:8123
# Game ID: 260
# Board class: Saboteur.SaboteurBoard
# Timeout: 20000
# First Move Timeout: 30000
# Date: Sun Apr 12 19:18:45 EDT 2020
# Player 1: Player-0, '260776911', running on localhost
# Player 2: Player-1, 'RandomPlayer', running on localhost
START Player-0 260776911
START Player-1 RandomPlayer
BoardInit:Tile:6,Tile:5,Destroy,Tile:10,Map,Tile:11,Tile:3,Malus,Bonus,Tile:5,Destroy,Map,Tile:8,Tile:0,Tile:8,Tile:9,Tile:8,Tile:6,Tile:6,Map,Map,Tile:8,Tile:6,Tile:9,Tile:5,Tile:10,Bonus,Tile:5,Tile:0,Tile:14,Tile:7,Bonus,Tile:9,Tile:12,Tile:0,Destroy,Malus,Map,Tile:7,Tile:2,Tile:9-Tile:6,Tile:7,Tile:0,Tile:8,Tile:7,Tile:7,Tile:10-Tile:1,Tile:13,Tile:4,Map,Bonus,Tile:15,Tile:9-Tile:nugget,Tile:hidden1,Tile:hidden2
Tile:7_flip 4 5 1
Map 12 3 0
Tile:8 6 5 1
Drop 0 0 0
Drop 1 0 1
Drop 0 0 0
Tile:6 6 6 1
Drop 0 0 0
Tile:6 7 6 1
Drop 1 0 0
Drop 0 0 1
Drop 4 0 0
Tile:10 5 4 1
Drop 6 0 0
Destroy 7 6 1
Tile:9 6 4 0
Tile:7 7 5 1
Tile:5 6 3 0
Tile:3 5 3 1
Tile:5_flip 7 3 0
Destroy 7 3 1
Drop 6 0 0
Tile:8 7 6 1
Tile:0 7 3 0
Tile:8 7 7 1
Tile:9_flip 8 3 0
Tile:5_flip 8 7 1
Tile:10 8 2 0
Tile:8 8 6 1
Tile:6 8 4 0
Tile:0 4 3 1
Drop 6 0 0
Tile:6 3 3 1
Tile:9_flip 9 4 0
Tile:6_flip 8 1 1
Drop 6 0 0
Drop 3 0 1
Malus 0 0 0
Map 12 7 1
Drop 6 0 0
Map 12 7 1
Drop 6 0 0
Malus 0 0 1
Bonus 0 0 0
Drop 4 0 1
Destroy 3 3 0
Drop 3 0 1
Tile:5 8 5 0
Drop 2 0 1
Tile:8 9 6 0
Drop 0 0 1
Tile:10 9 3 0
Drop 1 0 1
Drop 0 0 0
Drop 0 0 1
GAMEOVER DRAW
# Game ended: Sun Apr 12 19:18:45 EDT 2020
