# Server version 0.08 running on 192.168.1.106:8123
# Game ID: 46
# Board class: Saboteur.SaboteurBoard
# Timeout: 20000
# First Move Timeout: 30000
# Date: Sun Apr 12 02:20:33 EDT 2020
# Player 1: Player-0, '260776911', running on 192.168.1.106
# Player 2: Player-1, 'RandomPlayer', running on 192.168.1.106
START Player-0 260776911
START Player-1 RandomPlayer
BoardInit:Tile:7,Map,Tile:8,Tile:9,Tile:8,Tile:11,Tile:8,Tile:5,Tile:5,Tile:10,Malus,Tile:12,Tile:14,Map,Tile:1,Tile:13,Destroy,Tile:6,Malus,Tile:7,Tile:2,Tile:7,Bonus,Destroy,Tile:0,Map,Map,Tile:10,Bonus,Tile:5,Tile:0,Tile:8,Tile:6,Tile:9,Map,Tile:10,Tile:7,Tile:6,Bonus,Tile:15,Tile:5-Tile:9,Tile:9,Tile:4,Tile:3,Tile:0,Tile:7,Map-Tile:8,Bonus,Tile:0,Destroy,Tile:9,Tile:6,Tile:6-Tile:hidden1,Tile:hidden2,Tile:nugget
Tile:7_flip 5 6 1
Drop 6 0 0
Tile:4 5 4 1
Drop 6 0 0
Tile:0 6 6 1
Drop 6 0 0
Drop 2 0 1
Drop 6 0 0
Tile:8 4 5 1
Drop 6 0 0
Tile:5_flip 4 6 1
Drop 6 0 0
Tile:9 3 6 1
Drop 6 0 0
Tile:9_flip 4 4 1
Drop 6 0 0
Drop 0 0 1
Drop 6 0 0
Tile:14 6 5 1
Drop 6 0 0
Tile:7_flip 3 7 1
Drop 6 0 0
Tile:8 4 3 1
Drop 6 0 0
Tile:8 3 3 1
Drop 6 0 0
Malus 0 0 1
Drop 6 0 0
Destroy 3 6 1
Drop 6 0 0
Drop 3 0 1
Drop 6 0 0
Map 12 5 1
Drop 6 0 0
Tile:0 7 6 1
Drop 6 0 0
Drop 6 0 1
Drop 6 0 0
Tile:0 3 5 1
Drop 6 0 0
Tile:6_flip 4 7 1
Drop 6 0 0
Tile:1 5 7 1
Drop 5 0 0
Tile:2_flip 5 3 1
Drop 4 0 0
Tile:7 6 7 1
Drop 3 0 0
Drop 3 0 1
Drop 2 0 0
Drop 0 0 1
Drop 1 0 0
Drop 1 0 1
Drop 0 0 0
Drop 0 0 1
GAMEOVER DRAW
# Game ended: Sun Apr 12 02:20:34 EDT 2020
