# Server version 0.08 running on localhost:8123
# Game ID: 186
# Board class: Saboteur.SaboteurBoard
# Timeout: 20000
# First Move Timeout: 30000
# Date: Sun Apr 12 14:40:19 EDT 2020
# Player 1: Player-0, '260776911', running on localhost
# Player 2: Player-1, 'RandomPlayer', running on localhost
START Player-0 260776911
START Player-1 RandomPlayer
BoardInit:Tile:12,Tile:8,Tile:7,Tile:0,Tile:0,Map,Tile:7,Tile:0,Tile:7,Tile:6,Tile:10,Map,Tile:8,Tile:5,Map,Destroy,Tile:11,Bonus,Tile:10,Tile:14,Tile:13,Tile:10,Tile:1,Tile:8,Tile:4,Tile:6,Tile:6,Tile:8,Tile:6,Malus,Tile:9,Tile:7,Map,Map,Tile:7,Bonus,Tile:3,Tile:15,Tile:2,Tile:9,Destroy-Tile:8,Malus,Tile:9,Tile:9,Tile:5,Tile:5,Tile:0-Tile:9,Bonus,Map,Bonus,Tile:5,Destroy,Tile:6-Tile:hidden2,Tile:nugget,Tile:hidden1
Tile:5 4 5 1
Map 12 3 0
Tile:9_flip 5 6 1
Tile:9 4 6 0
Tile:9_flip 4 7 1
Tile:5 3 7 0
Drop 3 0 1
Map 12 5 0
Tile:7 6 5 1
Destroy 5 6 0
Tile:8 5 6 1
Tile:6 6 6 0
Tile:7_flip 5 7 1
Drop 6 0 0
Tile:12 6 7 1
Tile:8 5 4 0
Tile:7 5 3 1
Destroy 6 7 0
Tile:10 4 8 1
Tile:0 6 4 0
Malus 0 0 1
Bonus 0 0 0
Tile:0 4 4 1
Drop 5 0 0
Tile:8 4 9 1
Tile:0 7 4 0
Tile:11_flip 4 10 1
Tile:6 7 6 0
Tile:4 7 5 1
Tile:5_flip 8 4 0
Drop 1 0 1
Malus 0 0 0
Drop 6 0 1
Tile:8 8 6 0
Drop 3 0 1
Drop 6 0 0
Drop 2 0 1
Tile:6 9 6 0
Map 12 5 1
Drop 6 0 0
Drop 2 0 1
Tile:10 9 5 0
Destroy 4 6 1
Tile:8 10 6 0
Drop 4 0 1
Tile:7 11 6 0
Drop 2 0 1
Tile:9 9 4 0
Drop 0 0 1
Drop 0 0 0
Drop 0 0 1
Drop 0 0 0
Drop 1 0 1
Drop 0 0 0
Drop 0 0 1
GAMEOVER DRAW
# Game ended: Sun Apr 12 14:40:19 EDT 2020
