# Server version 0.08 running on localhost:8123
# Game ID: 196
# Board class: Saboteur.SaboteurBoard
# Timeout: 20000
# First Move Timeout: 30000
# Date: Sun Apr 12 15:01:17 EDT 2020
# Player 1: Player-0, '260776911', running on localhost
# Player 2: Player-1, 'RandomPlayer', running on localhost
START Player-0 260776911
START Player-1 RandomPlayer
BoardInit:Tile:10,Tile:6,Destroy,Tile:8,Tile:9,Tile:13,Tile:1,Tile:4,Tile:7,Bonus,Tile:7,Tile:0,Map,Tile:8,Tile:7,Malus,Tile:0,Tile:9,Tile:12,Tile:8,Tile:0,Tile:8,Tile:5,Tile:7,Map,Destroy,Map,Bonus,Tile:10,Tile:6,Map,Tile:6,Tile:9,Tile:6,Tile:11,Tile:8,Tile:5,Tile:7,Tile:9,Destroy,Bonus-Tile:15,Tile:9,Tile:14,Bonus,Tile:5,Tile:5,Tile:10-Map,Tile:3,Tile:6,Map,Tile:0,Malus,Tile:2-Tile:hidden2,Tile:hidden1,Tile:nugget
Tile:15 5 6 1
Map 12 3 0
Tile:9 4 5 1
Map 12 5 0
Destroy 5 6 1
Drop 0 0 0
Tile:5_flip 4 6 1
Drop 3 0 0
Tile:14_flip 3 6 1
Drop 5 0 0
Tile:9 3 7 1
Drop 5 0 0
Drop 4 0 1
Tile:6 6 5 0
Tile:7 7 5 1
Tile:6 7 6 0
Tile:5_flip 3 8 1
Tile:0 6 6 0
Tile:7 4 7 1
Tile:8 6 4 0
Tile:10 4 8 1
Tile:0 7 4 0
Drop 5 0 1
Tile:8 6 3 0
Drop 2 0 1
Tile:9 6 2 0
Tile:0 7 3 1
Destroy 3 6 0
Tile:7 8 6 1
Tile:8 6 1 0
Tile:5 3 6 1
Tile:8 6 0 0
Map 12 3 1
Tile:7 7 0 0
Tile:9 5 4 1
Tile:6 7 1 0
Drop 6 0 1
Tile:6 8 1 0
Tile:5 8 0 1
Tile:6 8 3 0
Tile:9 5 0 1
Tile:8 9 0 0
Tile:10 8 7 1
Tile:7 8 4 0
Drop 4 0 1
Destroy 6 0 0
Tile:0 9 3 1
Malus 0 0 0
Drop 3 0 1
Malus 0 0 0
Drop 1 0 1
Drop 0 0 0
Bonus 0 0 1
Drop 0 0 0
Drop 0 0 1
GAMEOVER DRAW
# Game ended: Sun Apr 12 15:01:17 EDT 2020
