# Server version 0.08 running on localhost:8123
# Game ID: 352
# Board class: Saboteur.SaboteurBoard
# Timeout: 20000
# First Move Timeout: 30000
# Date: Sun Apr 12 20:31:03 EDT 2020
# Player 1: Player-0, '260776911', running on localhost
# Player 2: Player-1, 'RandomPlayer', running on localhost
START Player-0 260776911
START Player-1 RandomPlayer
BoardInit:Bonus,Tile:3,Destroy,Tile:0,Tile:11,Tile:10,Malus,Tile:10,Tile:9,Tile:6,Tile:8,Tile:6,Tile:6,Tile:5,Tile:7,Tile:9,Tile:0,Tile:7,Destroy,Map,Tile:9,Tile:0,Tile:6,Tile:7,Tile:9,Tile:5,Tile:15,Tile:12,Tile:8,Tile:13,Map,Bonus,Tile:5,Map,Tile:8,Tile:7,Tile:14,Map,Tile:10,Tile:7,Tile:8-Destroy,Tile:4,Bonus,Malus,Map,Tile:0,Map-Tile:6,Tile:9,Tile:5,Tile:1,Tile:2,Tile:8,Bonus-Tile:hidden1,Tile:nugget,Tile:hidden2
Drop 5 0 1
Drop 3 0 0
Map 12 7 1
Drop 3 0 0
Drop 1 0 1
Drop 5 0 0
Drop 2 0 1
Tile:5_flip 6 5 0
Tile:11_flip 6 4 1
Tile:8 4 5 0
Map 12 5 1
Tile:10 4 6 0
Drop 6 0 1
Tile:10 5 6 0
Tile:6 3 5 1
Tile:6_flip 4 4 0
Destroy 6 4 1
Tile:6_flip 3 4 0
Destroy 4 4 1
Tile:5_flip 4 7 0
Malus 0 0 1
Bonus 0 0 0
Tile:0 3 7 1
Drop 5 0 0
Tile:9_flip 5 4 1
Tile:9 5 3 0
Tile:7 5 2 1
Tile:7_flip 2 7 0
Tile:15 5 7 1
Drop 6 0 0
Tile:6 6 3 1
Drop 6 0 0
Tile:9 2 6 1
Tile:0 2 4 0
Tile:5 2 5 1
Drop 6 0 0
Tile:8 5 8 1
Tile:7 6 8 0
Tile:8 1 4 1
Drop 6 0 0
Destroy 6 8 1
Tile:5 1 3 0
Drop 0 0 1
Tile:9_flip 7 3 0
Drop 4 0 1
Tile:0 4 2 0
Tile:8 3 2 1
Tile:7 6 8 0
Tile:14 2 3 1
Tile:6_flip 7 2 0
Drop 1 0 1
Tile:7_flip 3 3 0
Map 12 3 1
Drop 0 0 0
Drop 0 0 1
GAMEOVER DRAW
# Game ended: Sun Apr 12 20:31:03 EDT 2020
