# Server version 0.08 running on localhost:8123
# Game ID: 14
# Board class: Saboteur.SaboteurBoard
# Timeout: 20000
# First Move Timeout: 30000
# Date: Sat Apr 11 22:04:16 EDT 2020
# Player 1: Player-0, 'RandomPlayer', running on localhost
# Player 2: Player-1, 'Human', running on localhost
START Player-0 RandomPlayer
START Player-1 Human
BoardInit:Tile:9,Map,Destroy,Tile:6,Tile:8,Tile:6,Bonus,Tile:12,Tile:11,Tile:3,Tile:7,Destroy,Tile:5,Map,Map,Tile:14,Tile:8,Malus,Tile:9,Tile:8,Tile:1,Tile:6,Tile:10,Map,Tile:10,Tile:5,Tile:2,Tile:10,Bonus,Map,Tile:7,Malus,Map,Tile:0,Tile:7,Bonus,Tile:5,Tile:9,Tile:6,Tile:0,Tile:8-Tile:5,Tile:6,Tile:0,Tile:9,Tile:15,Bonus,Tile:7-Tile:4,Destroy,Tile:8,Tile:7,Tile:13,Tile:9,Tile:0-Tile:hidden1,Tile:hidden2,Tile:nugget
Tile:0 6 5 1
Tile:7_flip 4 5 0
Tile:6 7 5 1
Tile:8 7 4 0
Tile:9_flip 8 5 1
Tile:13 8 4 0
Destroy 8 4 1
Tile:6_flip 7 3 0
Tile:8 8 4 1
Tile:6_flip 8 3 0
Tile:9_flip 9 4 1
Drop 1 0 0
Tile:7_flip 9 5 1
Tile:9 5 4 0
Tile:7 10 5 1
Tile:3_flip 10 6 0
Map 12 5 1
Tile:4 4 4 0
Tile:8 9 3 1
Tile:14 8 6 0
Tile:9_flip 10 3 1
Destroy 10 6 0
Tile:11 5 6 1
Tile:6_flip 6 6 0
Tile:5 10 2 1
Tile:8 6 3 0
Drop 0 0 1
Drop 3 0 0
Drop 6 0 1
Drop 3 0 0
Drop 6 0 1
Map 12 3 0
Drop 3 0 1
Map 12 5 0
Map 12 7 1
Drop 4 0 0
Tile:10 10 6 1
Tile:5 5 3 0
Tile:7_flip 10 7 1
Tile:0 11 2 0
Tile:6 11 7 1
GAMEOVER WINNER 1
# Game ended: Sat Apr 11 22:07:04 EDT 2020
