# Server version 0.08 running on localhost:8123
# Game ID: 123
# Board class: Saboteur.SaboteurBoard
# Timeout: 20000
# First Move Timeout: 30000
# Date: Sun Apr 12 11:56:54 EDT 2020
# Player 1: Player-0, '260776911', running on localhost
# Player 2: Player-1, 'RandomPlayer', running on localhost
START Player-0 260776911
START Player-1 RandomPlayer
BoardInit:Map,Tile:3,Tile:7,Tile:5,Tile:11,Tile:7,Tile:10,Tile:5,Tile:6,Destroy,Tile:15,Tile:6,Destroy,Tile:7,Map,Tile:0,Tile:0,Tile:4,Tile:14,Destroy,Tile:5,Tile:8,Tile:8,Tile:7,Tile:0,Tile:6,Map,Tile:7,Tile:6,Bonus,Tile:8,Tile:9,Tile:1,Tile:5,Tile:9,Malus,Malus,Tile:9,Tile:9,Tile:8,Map-Tile:13,Map,Tile:2,Tile:8,Tile:10,Map,Tile:9-Tile:10,Bonus,Bonus,Tile:6,Tile:0,Bonus,Tile:12-Tile:nugget,Tile:hidden1,Tile:hidden2
Tile:2_flip 5 6 1
Tile:10 5 4 0
Tile:8 6 5 1
Tile:6 4 5 0
Drop 1 0 1
Tile:0 4 6 0
Tile:7_flip 3 6 1
Tile:12 7 5 0
Tile:11_flip 6 6 1
Tile:3 4 4 0
Drop 0 0 1
Tile:5 3 5 0
Tile:9 5 3 1
Tile:7 5 2 0
Tile:6 3 4 1
Tile:5 3 3 0
Drop 0 0 1
Destroy 3 3 0
Tile:10 3 3 1
Tile:6 2 4 0
Map 12 3 1
Tile:7 2 3 0
Tile:14_flip 1 4 1
Tile:0 1 3 0
Tile:8 6 3 1
Tile:4 3 2 0
Map 12 7 1
Destroy 1 3 0
Destroy 3 3 1
Tile:8 1 5 0
Tile:5 0 5 1
Tile:7 2 5 0
Drop 1 0 1
Tile:6 0 6 0
Drop 0 0 1
Tile:7 7 3 0
Tile:1 1 3 1
Malus 0 0 0
Map 12 7 1
Tile:9 0 3 0
Drop 4 0 1
Tile:5 0 2 0
Map 12 7 1
Tile:9 3 3 0
Drop 4 0 1
Tile:8 1 6 0
Drop 2 0 1
Drop 0 0 0
Drop 0 0 1
Drop 0 0 0
Drop 0 0 1
Drop 0 0 0
Drop 1 0 1
Drop 0 0 0
Drop 0 0 1
GAMEOVER DRAW
# Game ended: Sun Apr 12 11:56:54 EDT 2020
