# Server version 0.08 running on client.openvpn.net:8123
# Game ID: 286
# Board class: Saboteur.SaboteurBoard
# Timeout: 20000
# First Move Timeout: 30000
# Date: Sun Apr 12 19:31:38 EDT 2020
# Player 1: Player-0, '260776911', running on client.openvpn.net
# Player 2: Player-1, 'RandomPlayer', running on client.openvpn.net
START Player-0 260776911
START Player-1 RandomPlayer
BoardInit:Tile:7,Tile:5,Tile:0,Tile:7,Destroy,Map,Destroy,Tile:2,Bonus,Tile:6,Tile:8,Tile:9,Malus,Bonus,Map,Map,Bonus,Tile:11,Destroy,Tile:8,Tile:12,Tile:7,Tile:0,Tile:0,Bonus,Tile:1,Tile:8,Tile:13,Tile:9,Map,Tile:6,Malus,Tile:5,Tile:5,Tile:0,Tile:7,Tile:15,Tile:8,Tile:5,Tile:9,Tile:10-Tile:3,Tile:9,Tile:7,Tile:6,Tile:6,Tile:4,Map-Tile:9,Tile:14,Tile:8,Tile:10,Tile:10,Map,Tile:6-Tile:nugget,Tile:hidden1,Tile:hidden2
Tile:4 5 4 1
Map 12 3 0
Tile:7_flip 4 5 1
Drop 1 0 0
Tile:9_flip 4 4 1
Tile:6_flip 4 3 0
Tile:6 5 3 1
Drop 6 0 0
Tile:7 5 2 1
Drop 6 0 0
Destroy 5 4 1
Tile:9_flip 6 3 0
Map 12 5 1
Tile:10 6 2 0
Tile:0 4 2 1
Tile:10 6 4 0
Tile:8 3 4 1
Drop 6 0 0
Drop 3 0 1
Drop 6 0 0
Drop 4 0 1
Tile:6_flip 3 2 0
Destroy 6 4 1
Tile:5_flip 6 4 0
Tile:6 2 4 1
Tile:9_flip 6 1 0
Tile:12_flip 5 1 1
Drop 6 0 0
Tile:8 2 3 1
Drop 6 0 0
Tile:9 5 6 1
Drop 6 0 0
Tile:6 6 6 1
Tile:8 2 2 0
Drop 5 0 1
Tile:7_flip 1 3 0
Destroy 6 2 1
Tile:5 1 2 0
Tile:0 1 4 1
Tile:7 6 0 0
Tile:15 6 2 1
Tile:8 0 4 0
Drop 0 0 1
Tile:8 3 3 0
Tile:5 5 4 1
Tile:9 0 5 0
Drop 3 0 1
Tile:7 6 5 0
Drop 1 0 1
Tile:0 7 6 0
Tile:10 0 6 1
Drop 0 0 0
Tile:0 8 6 1
Drop 0 0 0
Malus 0 0 1
GAMEOVER DRAW
# Game ended: Sun Apr 12 19:31:39 EDT 2020
