# Server version 0.08 running on localhost:8123
# Game ID: 435
# Board class: Saboteur.SaboteurBoard
# Timeout: 20000
# First Move Timeout: 30000
# Date: Mon Apr 13 16:39:14 EDT 2020
# Player 1: Player-0, '260776911', running on localhost
# Player 2: Player-1, 'RandomPlayer', running on localhost
START Player-0 260776911
START Player-1 RandomPlayer
BoardInit:Tile:7,Malus,Bonus,Tile:3,Tile:0,Tile:6,Tile:7,Tile:0,Destroy,Tile:6,Bonus,Map,Tile:6,Map,Bonus,Tile:5,Tile:9,Bonus,Destroy,Tile:8,Tile:15,Tile:5,Map,Tile:9,Tile:10,Tile:12,Tile:10,Tile:9,Tile:4,Tile:1,Tile:8,Destroy,Tile:7,Map,Map,Tile:2,Tile:8,Tile:5,Tile:0,Tile:14,Tile:8-Malus,Tile:5,Map,Tile:7,Tile:0,Tile:11,Tile:10-Tile:7,Tile:9,Tile:6,Tile:6,Tile:9,Tile:13,Tile:8-Tile:nugget,Tile:hidden2,Tile:hidden1
Tile:5 5 4 1
Drop 5 0 0
Drop 1 0 1
Tile:7 6 4 0
Drop 3 0 1
Drop 6 0 0
Tile:7_flip 5 6 1
Tile:9_flip 6 5 0
Drop 6 0 1
Tile:6 6 6 0
Malus 0 0 1
Drop 3 0 0
Tile:0 7 6 1
Drop 2 0 0
Destroy 6 5 1
Drop 0 0 0
Tile:0 4 5 1
Drop 0 0 0
Tile:6_flip 3 5 1
Bonus 0 0 0
Tile:7_flip 3 6 1
Map 12 3 0
Tile:9_flip 6 5 1
Drop 3 0 0
Map 12 5 1
Tile:8 2 5 0
Destroy 4 5 1
Drop 6 0 0
Tile:10 2 6 1
Tile:5_flip 8 6 0
Drop 0 0 1
Drop 6 0 0
Tile:10 8 5 1
Tile:6_flip 8 4 0
Tile:7 9 4 1
Drop 6 0 0
Drop 3 0 1
Drop 6 0 0
Drop 6 0 1
Tile:5 7 4 0
Tile:4_flip 9 5 1
Drop 6 0 0
Map 12 3 1
Destroy 9 5 0
Drop 1 0 1
Tile:9_flip 4 6 0
Tile:8 2 7 1
Tile:9 1 5 0
Tile:8 2 8 1
Tile:6_flip 4 5 0
Tile:15 9 5 1
Tile:5 1 8 0
Drop 1 0 1
Tile:0 3 8 0
Drop 0 0 1
GAMEOVER DRAW
# Game ended: Mon Apr 13 16:39:14 EDT 2020
