# Server version 0.08 running on localhost:8123
# Game ID: 221
# Board class: Saboteur.SaboteurBoard
# Timeout: 20000
# First Move Timeout: 30000
# Date: Sun Apr 12 18:03:48 EDT 2020
# Player 1: Player-0, '260776911', running on localhost
# Player 2: Player-1, 'RandomPlayer', running on localhost
START Player-0 260776911
START Player-1 RandomPlayer
BoardInit:Tile:15,Tile:14,Tile:8,Tile:6,Bonus,Malus,Tile:9,Tile:7,Tile:8,Bonus,Destroy,Tile:0,Tile:5,Destroy,Tile:12,Tile:7,Tile:6,Tile:0,Tile:10,Destroy,Map,Tile:5,Tile:0,Tile:10,Tile:9,Tile:7,Tile:6,Map,Tile:2,Tile:10,Map,Tile:5,Bonus,Map,Map,Tile:4,Tile:8,Tile:7,Tile:8,Tile:13,Tile:5-Tile:9,Malus,Tile:3,Tile:7,Bonus,Tile:8,Tile:6-Tile:9,Tile:0,Map,Tile:1,Tile:9,Tile:11,Tile:6-Tile:nugget,Tile:hidden2,Tile:hidden1
Tile:6 5 6 1
Map 12 3 0
Tile:9 5 4 1
Drop 2 0 0
Tile:3 6 4 1
Drop 3 0 0
Drop 3 0 1
Drop 4 0 0
Tile:8 6 5 1
Tile:9 5 3 0
Drop 3 0 1
Tile:0 6 3 0
Tile:8 4 6 1
Tile:9_flip 7 3 0
Drop 5 0 1
Destroy 6 4 0
Malus 0 0 1
Bonus 0 0 0
Tile:7 6 4 1
Tile:6_flip 7 2 0
Tile:10 5 2 1
Tile:6 8 2 0
Tile:6 6 6 1
Tile:7 9 2 0
Tile:9 8 1 1
Tile:7_flip 6 2 0
Tile:12 9 1 1
Destroy 9 1 0
Drop 4 0 1
Drop 6 0 0
Tile:9_flip 8 0 1
Tile:5_flip 9 3 0
Tile:6 7 6 1
Tile:10 7 4 0
Drop 4 0 1
Drop 6 0 0
Map 12 3 1
Drop 6 0 0
Tile:5_flip 4 7 1
Tile:5 8 3 0
Tile:8 5 1 1
Drop 6 0 0
Map 12 5 1
Tile:7_flip 8 4 0
Tile:5_flip 8 6 1
Tile:0 9 4 0
Tile:8 7 5 1
Tile:0 10 4 0
Map 12 7 1
Tile:7 11 4 0
Drop 0 0 1
Malus 0 0 0
Drop 0 0 1
Tile:10 5 0 0
Bonus 0 0 1
GAMEOVER DRAW
# Game ended: Sun Apr 12 18:03:48 EDT 2020
