# Server version 0.08 running on localhost:8123
# Game ID: 213
# Board class: Saboteur.SaboteurBoard
# Timeout: 20000
# First Move Timeout: 30000
# Date: Sun Apr 12 17:59:08 EDT 2020
# Player 1: Player-0, '260776911', running on localhost
# Player 2: Player-1, 'RandomPlayer', running on localhost
START Player-0 260776911
START Player-1 RandomPlayer
BoardInit:Tile:2,Tile:9,Tile:6,Destroy,Map,Tile:0,Tile:10,Tile:7,Tile:9,Map,Malus,Map,Tile:8,Tile:8,Tile:6,Bonus,Tile:12,Destroy,Bonus,Tile:5,Tile:15,Tile:7,Tile:9,Tile:0,Tile:7,Tile:8,Tile:3,Map,Tile:10,Tile:7,Tile:10,Map,Tile:4,Tile:11,Tile:0,Tile:7,Tile:5,Tile:5,Tile:8,Tile:13,Tile:8-Tile:5,Tile:6,Tile:9,Bonus,Tile:9,Tile:14,Tile:1-Tile:6,Bonus,Malus,Tile:0,Map,Tile:6,Destroy-Tile:hidden1,Tile:nugget,Tile:hidden2
Tile:9 5 4 1
Map 12 3 0
Tile:5 4 5 1
Tile:6 6 4 0
Tile:6 7 4 1
Tile:0 6 5 0
Tile:14 8 4 1
Destroy 8 4 0
Tile:2_flip 5 6 1
Destroy 5 6 0
Map 12 7 1
Map 12 5 0
Tile:9_flip 6 3 1
Drop 6 0 0
Malus 0 0 1
Bonus 0 0 0
Tile:10 4 6 1
Tile:6 8 4 0
Tile:8 5 3 1
Tile:9_flip 9 4 0
Tile:1 7 5 1
Destroy 7 5 0
Tile:9 4 7 1
Tile:0 7 5 0
Tile:6 4 3 1
Tile:7 8 5 0
Tile:7_flip 4 8 1
Tile:8 8 6 0
Tile:9_flip 9 6 1
Drop 6 0 0
Drop 3 0 1
Tile:5 7 6 0
Tile:3_flip 7 7 1
Drop 6 0 0
Drop 0 0 1
Drop 6 0 0
Tile:10 8 3 1
Malus 0 0 0
Drop 6 0 1
Tile:7 4 2 0
Drop 2 0 1
Drop 6 0 0
Drop 0 0 1
Tile:0 3 2 0
Drop 4 0 1
Tile:8 2 2 0
Drop 2 0 1
Tile:7 2 1 0
Drop 0 0 1
Tile:7 5 7 0
Drop 0 0 1
Tile:5 1 1 0
Drop 1 0 1
Drop 0 0 0
Drop 0 0 1
GAMEOVER DRAW
# Game ended: Sun Apr 12 17:59:08 EDT 2020
