# Server version 0.08 running on client.openvpn.net:8123
# Game ID: 285
# Board class: Saboteur.SaboteurBoard
# Timeout: 20000
# First Move Timeout: 30000
# Date: Sun Apr 12 19:31:25 EDT 2020
# Player 1: Player-0, '260776911', running on client.openvpn.net
# Player 2: Player-1, 'RandomPlayer', running on client.openvpn.net
START Player-0 260776911
START Player-1 RandomPlayer
BoardInit:Tile:8,Tile:7,Tile:3,Tile:10,Tile:5,Tile:9,Tile:5,Tile:0,Tile:0,Tile:0,Bonus,Bonus,Tile:9,Tile:11,Tile:9,Tile:8,Tile:8,Tile:6,Tile:13,Tile:12,Tile:9,Map,Tile:6,Tile:0,Map,Tile:8,Tile:7,Tile:7,Tile:6,Bonus,Destroy,Tile:1,Tile:10,Map,Destroy,Destroy,Map,Map,Tile:9,Tile:6,Map-Tile:7,Tile:15,Malus,Tile:10,Tile:4,Tile:6,Malus-Tile:5,Bonus,Tile:2,Tile:5,Tile:8,Tile:7,Tile:14-Tile:nugget,Tile:hidden2,Tile:hidden1
Drop 2 0 1
Drop 2 0 0
Drop 1 0 1
Drop 5 0 0
Tile:10 5 6 1
Tile:5 5 4 0
Tile:3 6 5 1
Tile:5_flip 6 4 0
Tile:6_flip 4 5 1
Tile:8 5 7 0
Tile:8 3 5 1
Tile:7 6 7 0
Tile:7_flip 5 8 1
Tile:7 6 3 0
Tile:5_flip 6 8 1
Drop 6 0 0
Tile:0 5 3 1
Tile:0 4 7 0
Tile:9 3 6 1
Tile:6 2 5 0
Tile:9 3 4 1
Drop 6 0 0
Tile:9 3 3 1
Map 12 3 0
Tile:5_flip 4 4 1
Tile:8 4 3 0
Tile:6_flip 3 2 1
Tile:0 2 2 0
Drop 5 0 1
Tile:7 2 4 0
Tile:13 3 7 1
Tile:8 1 2 0
Tile:8 1 3 1
Drop 6 0 0
Tile:6 1 4 1
Drop 6 0 0
Tile:7_flip 0 4 1
Destroy 6 5 0
Destroy 4 4 1
Drop 6 0 0
Destroy 4 5 1
Tile:6 4 5 0
Drop 0 0 1
Tile:9_flip 4 4 0
Map 12 7 1
Tile:0 6 5 0
Map 12 3 1
Drop 1 0 0
Tile:9 2 7 1
Drop 1 0 0
Drop 1 0 1
Drop 1 0 0
Tile:10 3 8 1
Drop 0 0 0
Malus 0 0 1
GAMEOVER DRAW
# Game ended: Sun Apr 12 19:31:25 EDT 2020
