# Server version 0.08 running on localhost:8123
# Game ID: 84
# Board class: Saboteur.SaboteurBoard
# Timeout: 20000
# First Move Timeout: 30000
# Date: Sun Apr 12 05:11:43 EDT 2020
# Player 1: Player-0, '260776911', running on localhost
# Player 2: Player-1, 'RandomPlayer', running on localhost
START Player-0 260776911
START Player-1 RandomPlayer
BoardInit:Bonus,Bonus,Tile:6,Tile:6,Map,Tile:6,Tile:1,Tile:9,Map,Map,Tile:0,Tile:5,Bonus,Tile:5,Map,Tile:3,Tile:9,Tile:10,Tile:9,Destroy,Tile:12,Tile:0,Tile:8,Tile:8,Tile:7,Tile:5,Tile:9,Tile:8,Tile:0,Tile:6,Tile:7,Tile:8,Tile:7,Tile:14,Tile:10,Tile:7,Tile:2,Malus,Tile:10,Tile:8,Tile:0-Tile:13,Destroy,Tile:9,Map,Destroy,Tile:5,Tile:4-Bonus,Tile:15,Tile:11,Malus,Tile:6,Map,Tile:7-Tile:hidden2,Tile:hidden1,Tile:nugget
Tile:13 6 5 1
Tile:15 5 4 0
Tile:5 6 4 1
Tile:11 5 3 0
Drop 1 0 1
Malus 0 0 0
Drop 2 0 1
Tile:6 6 3 0
Destroy 5 3 1
Map 12 3 0
Drop 1 0 1
Tile:7 6 2 0
Map 12 3 1
Tile:6 5 6 0
Bonus 0 0 1
Tile:6 4 5 0
Tile:0 7 4 1
Tile:9 3 5 0
Drop 1 0 1
Map 12 3 0
Tile:6_flip 3 4 1
Tile:5 2 4 0
Map 12 5 1
Tile:5 4 6 0
Tile:9 4 7 1
Tile:3 4 4 0
Tile:8 5 3 1
Tile:10 2 5 0
Drop 4 0 1
Destroy 2 4 0
Tile:9_flip 3 6 1
Tile:0 4 3 0
Tile:1 8 4 1
Tile:8 2 4 0
Drop 3 0 1
Tile:5 2 3 0
Tile:0 5 7 1
Tile:8 1 4 0
Tile:2 7 5 1
Tile:6 0 4 0
Tile:10 3 7 1
Tile:8 0 3 0
Tile:0 3 3 1
Tile:14 1 5 0
Tile:7_flip 3 8 1
Tile:7 0 2 0
Tile:7 9 4 1
Malus 0 0 0
Bonus 0 0 1
Tile:8 2 6 0
Map 12 3 1
Drop 0 0 0
Drop 1 0 1
Drop 0 0 0
Tile:7 8 5 1
GAMEOVER DRAW
# Game ended: Sun Apr 12 05:11:43 EDT 2020
