# Server version 0.08 running on 192.168.1.106:8123
# Game ID: 295
# Board class: Saboteur.SaboteurBoard
# Timeout: 20000
# First Move Timeout: 30000
# Date: Sun Apr 12 20:13:51 EDT 2020
# Player 1: Player-0, '260776911', running on 192.168.1.106
# Player 2: Player-1, 'RandomPlayer', running on 192.168.1.106
START Player-0 260776911
START Player-1 RandomPlayer
BoardInit:Tile:9,Map,Destroy,Tile:6,Tile:9,Tile:6,Destroy,Tile:8,Malus,Bonus,Tile:14,Tile:7,Tile:12,Tile:2,Tile:6,Tile:11,Tile:6,Tile:5,Tile:0,Map,Tile:5,Tile:9,Map,Tile:4,Map,Tile:8,Bonus,Tile:9,Tile:0,Tile:5,Map,Tile:10,Tile:7,Tile:7,Tile:1,Map,Tile:7,Tile:8,Tile:0,Tile:10,Bonus-Tile:6,Tile:3,Tile:8,Tile:8,Tile:9,Tile:10,Malus-Destroy,Tile:15,Tile:0,Bonus,Tile:13,Tile:5,Tile:7-Tile:hidden1,Tile:nugget,Tile:hidden2
Tile:9_flip 5 6 1
Drop 1 0 0
Tile:3_flip 4 5 1
Map 12 3 0
Tile:9_flip 5 7 1
Drop 3 0 0
Tile:8 4 4 1
Destroy 5 6 0
Tile:9 5 8 1
Tile:0 6 5 0
Tile:10 5 6 1
Tile:5_flip 7 5 0
Tile:6_flip 5 4 1
Tile:7 7 4 0
Tile:12_flip 4 7 1
Drop 6 0 0
Tile:6 6 4 1
Drop 6 0 0
Drop 5 0 1
Tile:6_flip 6 3 0
Destroy 4 7 1
Map 12 5 0
Destroy 5 7 1
Tile:5 4 3 0
Tile:8 5 7 1
Drop 6 0 0
Tile:0 5 3 1
Tile:7_flip 4 7 0
Tile:6 7 3 1
Tile:9_flip 7 2 0
Tile:0 6 7 1
Tile:8 7 1 0
Tile:5_flip 5 9 1
Tile:8 8 3 0
Tile:7_flip 6 2 1
Tile:9 8 4 0
Tile:1 3 4 1
Drop 6 0 0
Map 12 7 1
Tile:6 9 4 0
Tile:7 6 8 1
Tile:8 10 4 0
Drop 4 0 1
Tile:5_flip 10 5 0
Map 12 7 1
Tile:7_flip 2 4 0
Tile:0 8 1 1
Tile:10 6 9 0
Drop 0 0 1
Tile:10 8 5 0
Drop 0 0 1
Drop 1 0 0
Drop 1 0 1
Drop 0 0 0
Drop 0 0 1
GAMEOVER DRAW
# Game ended: Sun Apr 12 20:13:51 EDT 2020
