# Server version 0.08 running on localhost:8123
# Game ID: 27
# Board class: Saboteur.SaboteurBoard
# Timeout: 20000
# First Move Timeout: 30000
# Date: Sat Apr 11 22:30:55 EDT 2020
# Player 1: Player-0, 'RandomPlayer', running on localhost
# Player 2: Player-1, 'RandomPlayer', running on localhost
START Player-0 RandomPlayer
START Player-1 RandomPlayer
BoardInit:Tile:2,Tile:8,Tile:0,Tile:10,Tile:5,Tile:5,Destroy,Bonus,Tile:8,Bonus,Bonus,Tile:15,Bonus,Map,Tile:8,Tile:14,Tile:1,Tile:11,Tile:7,Tile:9,Tile:10,Tile:0,Tile:9,Tile:9,Tile:9,Tile:7,Destroy,Tile:3,Tile:6,Map,Malus,Tile:13,Tile:8,Tile:6,Tile:6,Tile:6,Tile:5,Tile:0,Tile:7,Tile:4,Tile:7-Tile:12,Tile:10,Map,Tile:5,Map,Tile:8,Tile:7-Destroy,Map,Tile:9,Map,Malus,Tile:0,Tile:6-Tile:hidden2,Tile:nugget,Tile:hidden1
Tile:12_flip 4 5 1
Drop 2 0 0
Drop 1 0 1
Map 12 3 0
Map 12 7 1
Tile:10 5 4 0
Tile:8 6 5 1
Destroy 5 4 0
Tile:10 5 6 1
Tile:6 7 5 0
Destroy 4 5 1
Tile:8 6 4 0
Tile:8 7 4 1
Tile:0 8 4 0
Tile:2 8 5 1
Tile:15 5 7 0
Tile:8 5 4 1
Tile:5 7 3 0
Drop 5 0 1
Tile:11 5 3 0
Tile:5_flip 8 6 1
Tile:14_flip 4 5 0
Tile:7 6 3 1
Tile:9_flip 9 5 0
Tile:7_flip 9 6 1
Drop 0 0 0
Drop 3 0 1
Tile:0 10 6 0
Tile:9_flip 4 6 1
Tile:9 6 6 0
Tile:5_flip 5 8 1
Map 12 3 0
Tile:9_flip 4 7 1
Drop 1 0 0
Destroy 6 6 1
Tile:6 4 4 0
Tile:6 11 6 1
Tile:13 12 6 0
Tile:10 4 3 1
Tile:6_flip 7 6 0
Tile:7 11 5 1
Tile:7_flip 10 5 0
Tile:6 7 7 1
Tile:0 8 3 0
Drop 4 0 1
Drop 1 0 0
Tile:8 4 8 1
Tile:3_flip 3 8 0
Tile:7_flip 3 4 1
Map 12 3 0
Tile:0 3 6 1
Malus 0 0 0
Drop 0 0 1
Drop 0 0 0
Malus 0 0 1
GAMEOVER DRAW
# Game ended: Sat Apr 11 22:30:56 EDT 2020
