# Server version 0.08 running on localhost:8123
# Game ID: 132
# Board class: Saboteur.SaboteurBoard
# Timeout: 20000
# First Move Timeout: 30000
# Date: Sun Apr 12 12:18:49 EDT 2020
# Player 1: Player-0, '260776911', running on localhost
# Player 2: Player-1, 'RandomPlayer', running on localhost
START Player-0 260776911
START Player-1 RandomPlayer
BoardInit:Tile:6,Tile:9,Tile:0,Tile:9,Map,Tile:9,Tile:9,Tile:10,Tile:0,Tile:15,Tile:8,Destroy,Bonus,Destroy,Tile:3,Tile:7,Tile:5,Tile:14,Bonus,Tile:11,Tile:7,Map,Bonus,Tile:8,Tile:10,Tile:5,Map,Bonus,Tile:6,Tile:9,Tile:8,Tile:8,Tile:8,Map,Map,Tile:7,Tile:12,Tile:7,Tile:6,Tile:5,Tile:1-Tile:10,Tile:0,Tile:13,Malus,Tile:6,Malus,Tile:6-Tile:0,Tile:7,Tile:5,Destroy,Tile:2,Map,Tile:4-Tile:hidden1,Tile:hidden2,Tile:nugget
Tile:10 5 6 1
Map 12 3 0
Tile:6 5 7 1
Tile:2_flip 6 5 0
Tile:6_flip 6 4 1
Destroy 6 4 0
Tile:0 7 5 1
Tile:9_flip 8 5 0
Tile:0 4 5 1
Tile:9 5 4 0
Tile:9 3 5 1
Tile:10 8 4 0
Tile:6_flip 6 7 1
Tile:7 8 3 0
Tile:13 7 7 1
Destroy 5 6 0
Tile:8 7 8 1
Tile:7_flip 6 8 0
Tile:0 8 7 1
Tile:14_flip 7 3 0
Map 12 5 1
Tile:9_flip 3 4 0
Tile:7 6 4 1
Map 12 5 0
Tile:5 7 6 1
Tile:15 5 3 0
Tile:10 7 9 1
Destroy 7 5 0
Drop 5 0 1
Tile:5_flip 3 6 0
Malus 0 0 1
Bonus 0 0 0
Tile:8 3 3 1
Tile:11_flip 9 7 0
Tile:6 7 10 1
Drop 6 0 0
Tile:3 8 8 1
Tile:0 2 6 0
Tile:12_flip 4 7 1
Drop 0 0 0
Tile:6 8 10 1
Tile:5_flip 4 3 0
Tile:1 9 10 1
Tile:7 3 2 0
Drop 1 0 1
Tile:9 2 3 0
Drop 1 0 1
Tile:8 2 2 0
Malus 0 0 1
Drop 0 0 0
Map 12 7 1
Drop 1 0 0
Tile:8 10 10 1
Drop 0 0 0
Map 12 5 1
GAMEOVER DRAW
# Game ended: Sun Apr 12 12:18:49 EDT 2020
