# Server version 0.08 running on 192.168.1.106:8123
# Game ID: 148
# Board class: Saboteur.SaboteurBoard
# Timeout: 20000
# First Move Timeout: 30000
# Date: Sun Apr 12 14:14:50 EDT 2020
# Player 1: Player-0, '260776911', running on 192.168.1.106
# Player 2: Player-1, 'RandomPlayer', running on 192.168.1.106
START Player-0 260776911
START Player-1 RandomPlayer
BoardInit:Bonus,Map,Tile:7,Tile:0,Bonus,Bonus,Tile:5,Map,Tile:0,Tile:6,Map,Tile:9,Tile:6,Map,Destroy,Tile:3,Tile:6,Tile:9,Destroy,Map,Malus,Tile:10,Tile:10,Tile:8,Tile:5,Tile:13,Tile:8,Tile:0,Tile:14,Tile:11,Tile:1,Tile:7,Tile:5,Tile:8,Tile:7,Tile:10,Tile:15,Tile:8,Tile:6,Bonus,Tile:7-Tile:6,Malus,Tile:4,Tile:5,Tile:12,Destroy,Tile:8-Tile:7,Map,Tile:9,Tile:2,Tile:9,Tile:9,Tile:0-Tile:hidden1,Tile:nugget,Tile:hidden2
Tile:6 4 5 1
Map 12 3 0
Drop 1 0 1
Map 12 5 0
Tile:12_flip 3 5 1
Drop 2 0 0
Drop 2 0 1
Tile:7 4 4 0
Tile:5_flip 5 6 1
Drop 6 0 0
Drop 1 0 1
Tile:9 5 4 0
Tile:7_flip 3 4 1
Tile:9 3 3 0
Tile:5_flip 6 4 1
Drop 6 0 0
Destroy 6 4 1
Drop 6 0 0
Tile:6_flip 5 3 1
Tile:9 3 2 0
Tile:0 4 3 1
Drop 6 0 0
Map 12 3 1
Tile:0 4 2 0
Drop 0 0 1
Tile:0 5 2 0
Destroy 5 2 1
Drop 6 0 0
Drop 3 0 1
Tile:6 5 2 0
Tile:14 6 4 1
Drop 6 0 0
Tile:1 6 5 1
Tile:9 3 1 0
Tile:6_flip 4 6 1
Tile:9 3 0 0
Tile:5_flip 6 2 1
Tile:10 4 7 0
Tile:8 6 1 1
Tile:8 4 0 0
Tile:6 7 5 1
Tile:0 3 6 0
Tile:7_flip 4 8 1
Tile:7 5 0 0
Tile:7 6 3 1
Tile:8 2 6 0
Tile:5_flip 4 1 1
Tile:10 2 5 0
Tile:15 2 7 1
Tile:8 1 6 0
Drop 1 0 1
Drop 0 0 0
Tile:10 1 5 1
Drop 0 0 0
Drop 0 0 1
GAMEOVER DRAW
# Game ended: Sun Apr 12 14:14:50 EDT 2020
