# Server version 0.08 running on localhost:8123
# Game ID: 391
# Board class: Saboteur.SaboteurBoard
# Timeout: 20000
# First Move Timeout: 30000
# Date: Sun Apr 12 20:39:12 EDT 2020
# Player 1: Player-0, '260776911', running on localhost
# Player 2: Player-1, 'RandomPlayer', running on localhost
START Player-0 260776911
START Player-1 RandomPlayer
BoardInit:Map,Tile:1,Malus,Tile:12,Tile:7,Tile:9,Tile:13,Tile:8,Tile:9,Tile:8,Bonus,Tile:6,Tile:2,Tile:9,Map,Tile:8,Tile:4,Tile:9,Destroy,Tile:8,Tile:6,Tile:7,Malus,Bonus,Tile:7,Map,Tile:0,Tile:15,Tile:0,Tile:0,Tile:14,Tile:6,Tile:10,Tile:11,Bonus,Tile:6,Tile:5,Map,Map,Tile:10,Tile:5-Bonus,Map,Destroy,Tile:7,Tile:9,Destroy,Tile:5-Tile:10,Tile:7,Tile:5,Tile:0,Tile:8,Tile:3,Tile:6-Tile:nugget,Tile:hidden2,Tile:hidden1
Tile:7 6 5 1
Drop 5 0 0
Tile:9_flip 5 4 1
Drop 6 0 0
Tile:5 5 3 1
Drop 6 0 0
Drop 3 0 1
Tile:10 6 6 0
Map 12 3 1
Tile:7_flip 6 7 0
Drop 1 0 1
Tile:5_flip 7 7 0
Tile:7_flip 4 4 1
Tile:9 7 6 0
Drop 2 0 1
Tile:0 8 6 0
Tile:9_flip 4 3 1
Tile:6 9 6 0
Map 12 7 1
Tile:6 10 6 0
Tile:2 4 5 1
Tile:9_flip 11 6 0
Destroy 10 6 1
Tile:9 11 7 0
Tile:13 9 5 1
Tile:7_flip 11 8 0
Map 12 3 1
Drop 6 0 0
Tile:7 12 8 1
Drop 6 0 0
Tile:0 8 5 1
Tile:0 10 6 0
Tile:4_flip 5 6 1
Tile:6 13 7 0
Tile:14 10 5 1
Drop 6 0 0
Tile:6_flip 13 6 1
Tile:8 10 4 0
Tile:5 11 5 1
Drop 6 0 0
Drop 6 0 1
Tile:8 10 3 0
Tile:5 4 2 1
Tile:6 5 2 0
Tile:10 12 9 1
Tile:8 12 10 0
Tile:0 11 10 1
Tile:8 9 4 0
Drop 2 0 1
Tile:8 12 4 0
GAMEOVER WINNER 0
# Game ended: Sun Apr 12 20:39:12 EDT 2020
