# Server version 0.08 running on localhost:8123
# Game ID: 386
# Board class: Saboteur.SaboteurBoard
# Timeout: 20000
# First Move Timeout: 30000
# Date: Sun Apr 12 20:38:37 EDT 2020
# Player 1: Player-0, '260776911', running on localhost
# Player 2: Player-1, 'RandomPlayer', running on localhost
START Player-0 260776911
START Player-1 RandomPlayer
BoardInit:Tile:10,Bonus,Malus,Map,Tile:12,Tile:15,Destroy,Tile:6,Tile:6,Tile:9,Tile:7,Tile:0,Tile:0,Tile:7,Tile:5,Map,Tile:1,Tile:13,Tile:9,Tile:0,Bonus,Tile:2,Map,Tile:5,Tile:10,Tile:7,Tile:7,Tile:3,Malus,Tile:6,Tile:0,Tile:9,Map,Tile:6,Bonus,Tile:5,Tile:6,Tile:8,Tile:9,Tile:14,Tile:8-Tile:8,Destroy,Tile:10,Map,Tile:9,Tile:8,Tile:8-Tile:4,Bonus,Tile:7,Destroy,Tile:11,Tile:5,Map-Tile:nugget,Tile:hidden2,Tile:hidden1
Tile:9 5 6 1
Drop 6 0 0
Tile:8 5 4 1
Drop 0 0 0
Drop 4 0 1
Drop 6 0 0
Malus 0 0 1
Bonus 0 0 0
Tile:8 4 5 1
Drop 2 0 0
Tile:6 5 7 1
Drop 4 0 0
Map 12 7 1
Destroy 4 5 0
Tile:7_flip 4 7 1
Tile:7 6 6 0
Destroy 5 4 1
Drop 6 0 0
Tile:5 5 4 1
Drop 6 0 0
Tile:1 6 5 1
Tile:5_flip 6 7 0
Tile:9_flip 7 5 1
Drop 6 0 0
Drop 4 0 1
Tile:9 7 6 0
Tile:12 6 4 1
Tile:6 8 6 0
Destroy 6 6 1
Drop 6 0 0
Tile:10 8 5 1
Tile:0 9 6 0
Tile:7 6 6 1
Tile:7 10 6 0
Drop 2 0 1
Tile:5_flip 10 7 0
Tile:0 9 7 1
Tile:0 8 7 0
Tile:10 7 4 1
Tile:7_flip 7 7 0
Drop 0 0 1
Drop 6 0 0
Drop 0 0 1
Tile:6_flip 7 3 0
Tile:9 4 5 1
Tile:6 6 3 0
Map 12 7 1
Tile:5 6 2 0
Drop 0 0 1
Tile:9_flip 4 6 0
Tile:6 3 6 1
Drop 0 0 0
Drop 0 0 1
Tile:8 8 3 0
Tile:8 8 2 1
GAMEOVER DRAW
# Game ended: Sun Apr 12 20:38:37 EDT 2020
