# Server version 0.08 running on localhost:8123
# Game ID: 363
# Board class: Saboteur.SaboteurBoard
# Timeout: 20000
# First Move Timeout: 30000
# Date: Sun Apr 12 20:34:05 EDT 2020
# Player 1: Player-0, '260776911', running on localhost
# Player 2: Player-1, 'RandomPlayer', running on localhost
START Player-0 260776911
START Player-1 RandomPlayer
BoardInit:Tile:8,Tile:0,Tile:6,Tile:7,Tile:8,Map,Bonus,Tile:1,Tile:12,Tile:5,Tile:7,Tile:4,Tile:8,Tile:5,Bonus,Tile:9,Tile:3,Tile:6,Tile:9,Tile:9,Destroy,Map,Tile:7,Tile:11,Destroy,Tile:6,Tile:13,Bonus,Tile:14,Tile:8,Malus,Tile:7,Tile:2,Tile:6,Tile:10,Tile:0,Map,Tile:10,Tile:8,Tile:6,Tile:9-Tile:5,Tile:10,Tile:5,Tile:0,Malus,Tile:15,Map-Map,Tile:9,Bonus,Destroy,Map,Tile:0,Tile:7-Tile:nugget,Tile:hidden2,Tile:hidden1
Drop 2 0 1
Drop 4 0 0
Tile:10 5 6 1
Drop 0 0 0
Tile:15 5 7 1
Destroy 5 6 0
Tile:8 5 6 1
Drop 6 0 0
Drop 2 0 1
Drop 6 0 0
Tile:8 6 5 1
Tile:0 7 5 0
Drop 2 0 1
Drop 6 0 0
Drop 5 0 1
Tile:7_flip 4 6 0
Tile:8 8 5 1
Tile:5 4 5 0
Tile:6_flip 8 4 1
Tile:5_flip 9 5 0
Tile:3_flip 5 8 1
Tile:9_flip 8 6 0
Destroy 6 5 1
Drop 6 0 0
Tile:0 6 6 1
Drop 6 0 0
Tile:9_flip 9 4 1
Tile:6_flip 7 6 0
Tile:12_flip 7 4 1
Tile:9 9 3 0
Tile:13 8 7 1
Tile:0 9 7 0
Tile:14_flip 5 4 1
Tile:6 10 7 0
Destroy 5 7 1
Tile:8 10 6 0
Tile:2_flip 7 7 1
Tile:6 11 6 0
Tile:7 11 7 1
Tile:7 6 8 0
Tile:5_flip 8 8 1
Tile:6 11 8 0
Map 12 7 1
Tile:0 10 8 0
Tile:9_flip 6 4 1
Tile:9_flip 12 6 0
Tile:10 10 5 1
Tile:7 12 8 0
Drop 0 0 1
Tile:10 11 5 0
Tile:8 10 3 1
Drop 1 0 0
Malus 0 0 1
Bonus 0 0 0
Drop 0 0 1
GAMEOVER DRAW
# Game ended: Sun Apr 12 20:34:05 EDT 2020
