# Server version 0.08 running on localhost:8123
# Game ID: 426
# Board class: Saboteur.SaboteurBoard
# Timeout: 20000
# First Move Timeout: 30000
# Date: Mon Apr 13 16:36:04 EDT 2020
# Player 1: Player-0, '260776911', running on localhost
# Player 2: Player-1, 'RandomPlayer', running on localhost
START Player-0 260776911
START Player-1 RandomPlayer
BoardInit:Tile:5,Tile:8,Tile:7,Tile:7,Tile:2,Tile:9,Tile:5,Tile:6,Tile:9,Tile:3,Tile:7,Tile:0,Bonus,Tile:7,Tile:6,Bonus,Bonus,Tile:7,Tile:8,Tile:0,Tile:11,Tile:9,Tile:8,Map,Tile:10,Tile:5,Tile:0,Tile:8,Tile:12,Map,Tile:6,Tile:9,Destroy,Map,Destroy,Tile:10,Map,Tile:0,Tile:8,Tile:9,Tile:5-Malus,Malus,Tile:4,Tile:13,Destroy,Bonus,Map-Tile:10,Tile:1,Tile:6,Tile:15,Map,Tile:6,Tile:14-Tile:hidden1,Tile:hidden2,Tile:nugget
Drop 5 0 1
Map 12 3 0
Drop 5 0 1
Drop 1 0 0
Tile:13 4 5 1
Drop 2 0 0
Drop 2 0 1
Drop 3 0 0
Tile:7 6 5 1
Tile:10 5 4 0
Tile:5_flip 6 6 1
Drop 6 0 0
Tile:5 5 3 1
Tile:6 6 3 0
Tile:2_flip 5 6 1
Tile:6 7 3 0
Malus 0 0 1
Bonus 0 0 0
Tile:9 3 5 1
Tile:8 8 3 0
Tile:6_flip 8 2 1
Tile:7 9 3 0
Tile:11 4 6 1
Tile:9 8 4 0
Destroy 6 6 1
Map 12 5 0
Tile:10 3 6 1
Tile:6 6 6 0
Drop 5 0 1
Tile:0 7 6 0
Tile:8 3 7 1
Drop 6 0 0
Malus 0 0 1
Drop 3 0 0
Tile:6 9 2 1
Drop 2 0 0
Tile:7 9 1 1
Drop 2 0 0
Destroy 3 7 1
Drop 2 0 0
Destroy 3 5 1
Drop 2 0 0
Tile:12_flip 8 1 1
Drop 1 0 0
Drop 4 0 1
Drop 1 0 0
Tile:5_flip 9 4 1
Drop 2 0 0
Drop 3 0 1
Drop 1 0 0
Drop 0 0 1
Drop 1 0 0
Drop 0 0 1
Drop 0 0 0
Drop 0 0 1
GAMEOVER DRAW
# Game ended: Mon Apr 13 16:36:04 EDT 2020
