# Server version 0.08 running on localhost:8123
# Game ID: 174
# Board class: Saboteur.SaboteurBoard
# Timeout: 20000
# First Move Timeout: 30000
# Date: Sun Apr 12 14:32:55 EDT 2020
# Player 1: Player-0, '260776911', running on localhost
# Player 2: Player-1, 'RandomPlayer', running on localhost
START Player-0 260776911
START Player-1 RandomPlayer
BoardInit:Tile:6,Tile:7,Tile:6,Tile:9,Tile:5,Map,Tile:6,Malus,Tile:8,Tile:8,Map,Tile:5,Tile:11,Tile:9,Tile:0,Tile:9,Tile:7,Tile:12,Malus,Bonus,Tile:4,Tile:1,Destroy,Bonus,Destroy,Bonus,Tile:10,Map,Tile:6,Tile:3,Bonus,Tile:10,Tile:6,Tile:0,Tile:2,Map,Tile:5,Tile:5,Tile:7,Tile:10,Tile:15-Map,Tile:0,Destroy,Tile:8,Tile:13,Tile:7,Tile:8-Tile:8,Tile:9,Tile:7,Map,Tile:9,Tile:0,Tile:14-Tile:nugget,Tile:hidden2,Tile:hidden1
Drop 3 0 1
Drop 3 0 0
Map 12 3 1
Drop 5 0 0
Tile:13 5 4 1
Tile:8 5 3 0
Tile:6_flip 4 3 1
Drop 6 0 0
Tile:7 6 5 1
Malus 0 0 0
Drop 1 0 1
Tile:9 5 6 0
Drop 4 0 1
Tile:7 6 3 0
Map 12 7 1
Tile:9 5 7 0
Drop 5 0 1
Tile:0 6 7 0
Drop 3 0 1
Drop 6 0 0
Drop 2 0 1
Tile:7 7 7 0
Drop 3 0 1
Drop 6 0 0
Drop 4 0 1
Tile:5_flip 6 4 0
Destroy 6 4 1
Tile:9 4 4 0
Destroy 5 7 1
Drop 6 0 0
Drop 0 0 1
Drop 6 0 0
Drop 4 0 1
Tile:8 5 7 0
Drop 0 0 1
Tile:9 3 3 0
Drop 4 0 1
Drop 6 0 0
Drop 6 0 1
Tile:5_flip 6 4 0
Drop 2 0 1
Tile:9 3 2 0
Drop 0 0 1
Tile:10 3 1 0
Drop 4 0 1
Tile:0 4 2 0
Drop 2 0 1
Tile:10 3 0 0
Drop 0 0 1
Drop 0 0 0
Drop 0 0 1
Drop 0 0 0
Drop 1 0 1
Drop 0 0 0
Drop 0 0 1
GAMEOVER DRAW
# Game ended: Sun Apr 12 14:32:55 EDT 2020
