# Server version 0.08 running on client.openvpn.net:8123
# Game ID: 327
# Board class: Saboteur.SaboteurBoard
# Timeout: 20000
# First Move Timeout: 30000
# Date: Sun Apr 12 20:22:38 EDT 2020
# Player 1: Player-0, '260776911', running on client.openvpn.net
# Player 2: Player-1, 'RandomPlayer', running on client.openvpn.net
START Player-0 260776911
START Player-1 RandomPlayer
BoardInit:Map,Tile:3,Tile:5,Tile:7,Tile:0,Tile:15,Tile:9,Tile:5,Tile:5,Bonus,Tile:1,Tile:8,Tile:8,Tile:8,Tile:8,Tile:12,Tile:10,Tile:7,Map,Destroy,Malus,Map,Tile:0,Tile:7,Tile:9,Bonus,Destroy,Tile:5,Tile:0,Tile:4,Tile:6,Tile:9,Tile:13,Map,Tile:7,Tile:10,Map,Tile:6,Bonus,Tile:14,Malus-Destroy,Tile:9,Tile:7,Tile:6,Bonus,Tile:6,Tile:6-Map,Tile:10,Tile:0,Tile:2,Tile:11,Tile:8,Tile:9-Tile:hidden1,Tile:hidden2,Tile:nugget
Tile:6 5 6 1
Drop 0 0 0
Tile:7_flip 4 5 1
Drop 2 0 0
Drop 2 0 1
Drop 2 0 0
Tile:6 6 6 1
Drop 4 0 0
Map 12 5 1
Drop 5 0 0
Tile:0 4 6 1
Tile:9_flip 7 6 0
Tile:6 7 7 1
Tile:5 4 4 0
Tile:9_flip 7 5 1
Tile:8 5 4 0
Tile:8 5 3 1
Drop 6 0 0
Tile:8 6 5 1
Tile:8 8 7 0
Drop 3 0 1
Destroy 4 4 0
Drop 5 0 1
Drop 6 0 0
Destroy 5 3 1
Tile:8 8 8 0
Tile:0 6 7 1
Tile:7 6 4 0
Tile:10 7 4 1
Tile:7_flip 3 6 0
Tile:5_flip 9 8 1
Drop 6 0 0
Tile:9 4 4 1
Tile:5 8 6 0
Destroy 5 6 1
Drop 6 0 0
Tile:13 8 9 1
Tile:9 5 3 0
Tile:7 5 2 1
Tile:10 3 5 0
Tile:6 6 3 1
Drop 6 0 0
Tile:0 4 2 1
Tile:10 6 2 0
Drop 4 0 1
Tile:6 3 2 0
Tile:1 7 8 1
Tile:7 6 1 0
Malus 0 0 1
Bonus 0 0 0
Tile:9 5 7 1
Tile:0 9 6 0
Malus 0 0 1
Bonus 0 0 0
Map 12 5 1
GAMEOVER DRAW
# Game ended: Sun Apr 12 20:22:38 EDT 2020
