# Server version 0.08 running on localhost:8123
# Game ID: 422
# Board class: Saboteur.SaboteurBoard
# Timeout: 20000
# First Move Timeout: 30000
# Date: Mon Apr 13 16:33:50 EDT 2020
# Player 1: Player-0, '260776911', running on localhost
# Player 2: Player-1, 'RandomPlayer', running on localhost
START Player-0 260776911
START Player-1 RandomPlayer
BoardInit:Tile:6,Bonus,Map,Tile:6,Tile:15,Map,Tile:4,Tile:10,Tile:12,Tile:11,Tile:9,Tile:9,Tile:5,Tile:6,Map,Map,Bonus,Tile:7,Tile:14,Tile:0,Tile:9,Tile:7,Destroy,Tile:2,Tile:7,Map,Malus,Bonus,Tile:8,Tile:8,Destroy,Tile:7,Tile:10,Tile:0,Tile:8,Tile:0,Tile:5,Tile:6,Tile:9,Tile:0,Tile:13-Tile:7,Map,Tile:8,Tile:9,Tile:1,Destroy,Tile:3-Malus,Tile:8,Bonus,Tile:5,Tile:6,Tile:5,Tile:10-Tile:hidden2,Tile:hidden1,Tile:nugget
Tile:8 4 5 1
Tile:8 5 4 0
Tile:9_flip 4 6 1
Tile:5 5 3 0
Tile:7 6 5 1
Tile:6 6 3 0
Tile:1 6 4 1
Map 12 3 0
Destroy 6 3 1
Tile:5_flip 6 3 0
Map 12 7 1
Drop 6 0 0
Tile:12 7 4 1
Tile:10 5 6 0
Tile:3_flip 4 7 1
Tile:6 5 7 0
Tile:6 3 5 1
Map 12 5 0
Tile:4 3 4 1
Tile:10 6 6 0
Map 12 5 1
Tile:9_flip 6 7 0
Tile:9 6 8 1
Tile:6 7 8 0
Destroy 6 4 1
Drop 6 0 0
Tile:14_flip 2 5 1
Drop 6 0 0
Tile:5 3 6 1
Tile:7 8 8 0
Drop 3 0 1
Tile:8 6 9 0
Destroy 5 3 1
Tile:7_flip 8 9 0
Tile:7_flip 6 10 1
Tile:7_flip 5 9 0
Malus 0 0 1
Bonus 0 0 0
Tile:5 4 4 1
Tile:0 7 10 0
Tile:8 5 3 1
Tile:6 9 9 0
Drop 0 0 1
Tile:0 8 10 0
Tile:9_flip 2 6 1
Tile:0 4 3 0
Tile:8 1 6 1
Tile:0 6 4 0
Tile:10 9 8 1
Drop 1 0 0
Map 12 3 1
Drop 0 0 0
Tile:13 10 9 1
Drop 0 0 0
Drop 0 0 1
GAMEOVER DRAW
# Game ended: Mon Apr 13 16:33:50 EDT 2020
