# Server version 0.08 running on localhost:8123
# Game ID: 279
# Board class: Saboteur.SaboteurBoard
# Timeout: 20000
# First Move Timeout: 30000
# Date: Sun Apr 12 19:24:19 EDT 2020
# Player 1: Player-0, '260776911', running on localhost
# Player 2: Player-1, 'RandomPlayer', running on localhost
START Player-0 260776911
START Player-1 RandomPlayer
BoardInit:Tile:4,Tile:3,Tile:15,Map,Malus,Map,Tile:0,Bonus,Tile:13,Tile:9,Tile:8,Tile:8,Tile:0,Tile:5,Bonus,Map,Tile:7,Tile:9,Map,Tile:0,Tile:7,Tile:8,Tile:5,Malus,Tile:10,Tile:12,Tile:11,Tile:10,Destroy,Tile:6,Tile:8,Tile:7,Destroy,Tile:9,Tile:1,Tile:5,Map,Map,Tile:9,Tile:10,Tile:7-Tile:0,Tile:7,Tile:14,Bonus,Destroy,Tile:6,Tile:8-Tile:6,Tile:9,Bonus,Tile:5,Tile:6,Tile:6,Tile:2-Tile:nugget,Tile:hidden2,Tile:hidden1
Tile:14 6 5 1
Drop 6 0 0
Destroy 6 5 1
Drop 6 0 0
Tile:7 5 4 1
Map 12 3 0
Tile:8 4 5 1
Drop 6 0 0
Tile:4_flip 5 6 1
Tile:6 3 5 0
Drop 4 0 1
Tile:6 2 5 0
Tile:6_flip 4 4 1
Tile:6_flip 6 5 0
Tile:0 1 5 1
Tile:9_flip 2 4 0
Tile:0 0 5 1
Drop 6 0 0
Tile:15 4 6 1
Tile:5 3 4 0
Map 12 3 1
Tile:9 6 6 0
Tile:8 7 5 1
Tile:5 7 4 0
Tile:13 6 7 1
Tile:9_flip 8 4 0
Tile:0 1 4 1
Drop 6 0 0
Tile:7_flip 4 7 1
Tile:10 8 3 0
Destroy 5 6 1
Tile:6_flip 8 2 0
Tile:11_flip 9 2 1
Tile:0 7 2 0
Tile:8 7 7 1
Tile:7_flip 6 2 0
Destroy 7 7 1
Tile:9 9 3 0
Map 12 5 1
Drop 6 0 0
Tile:1 0 4 1
Malus 0 0 0
Bonus 0 0 1
Tile:8 10 3 0
Tile:5 2 3 1
Tile:8 10 4 0
Tile:9_flip 6 8 1
Tile:5 10 2 0
Tile:10 5 6 1
Tile:10 10 5 0
Drop 1 0 1
Drop 1 0 0
Tile:7 6 1 1
Drop 0 0 0
Drop 0 0 1
GAMEOVER DRAW
# Game ended: Sun Apr 12 19:24:19 EDT 2020
