# Server version 0.08 running on localhost:8123
# Game ID: 371
# Board class: Saboteur.SaboteurBoard
# Timeout: 20000
# First Move Timeout: 30000
# Date: Sun Apr 12 20:34:51 EDT 2020
# Player 1: Player-0, '260776911', running on localhost
# Player 2: Player-1, 'RandomPlayer', running on localhost
START Player-0 260776911
START Player-1 RandomPlayer
BoardInit:Tile:9,Tile:7,Tile:8,Destroy,Map,Tile:9,Tile:11,Tile:12,Tile:0,Tile:14,Tile:2,Tile:9,Tile:5,Tile:9,Tile:1,Tile:10,Tile:3,Bonus,Tile:9,Tile:7,Tile:10,Map,Map,Tile:6,Tile:7,Malus,Tile:8,Destroy,Tile:10,Tile:6,Tile:15,Map,Tile:6,Tile:5,Bonus,Map,Tile:7,Tile:6,Tile:4,Tile:8,Map-Destroy,Tile:5,Tile:8,Tile:0,Tile:7,Malus,Tile:0-Tile:0,Tile:8,Tile:6,Bonus,Tile:5,Tile:13,Bonus-Tile:nugget,Tile:hidden2,Tile:hidden1
Tile:8 5 4 1
Drop 5 0 0
Tile:0 4 5 1
Tile:6_flip 6 5 0
Tile:8 6 6 1
Destroy 4 5 0
Drop 6 0 1
Tile:7 7 5 0
Tile:9_flip 7 6 1
Drop 6 0 0
Tile:11 5 3 1
Drop 6 0 0
Tile:7_flip 5 6 1
Tile:9 6 7 0
Destroy 5 3 1
Tile:9 4 5 0
Tile:5_flip 4 6 1
Tile:5_flip 7 7 0
Drop 3 0 1
Tile:9 6 8 0
Tile:9 5 3 1
Tile:10 6 9 0
Tile:3 6 3 1
Drop 6 0 0
Tile:1 7 8 1
Tile:6 6 4 0
Tile:5_flip 7 4 1
Malus 0 0 0
Drop 6 0 1
Destroy 6 3 0
Drop 3 0 1
Tile:6 3 6 0
Map 12 7 1
Drop 6 0 0
Drop 0 0 1
Tile:7 8 8 0
Drop 4 0 1
Drop 6 0 0
Drop 0 0 1
Tile:6 2 6 0
Drop 4 0 1
Tile:5_flip 8 9 0
Drop 4 0 1
Tile:8 4 4 0
Drop 1 0 1
Tile:8 6 3 0
Map 12 5 1
Drop 1 0 0
Drop 0 0 1
Drop 0 0 0
Drop 0 0 1
Drop 1 0 0
Drop 1 0 1
Drop 0 0 0
Drop 0 0 1
GAMEOVER DRAW
# Game ended: Sun Apr 12 20:34:51 EDT 2020
