# Server version 0.08 running on localhost:8123
# Game ID: 280
# Board class: Saboteur.SaboteurBoard
# Timeout: 20000
# First Move Timeout: 30000
# Date: Sun Apr 12 19:25:40 EDT 2020
# Player 1: Player-0, '260776911', running on localhost
# Player 2: Player-1, 'RandomPlayer', running on localhost
START Player-0 260776911
START Player-1 RandomPlayer
BoardInit:Tile:12,Tile:0,Tile:10,Map,Tile:11,Tile:9,Destroy,Tile:7,Bonus,Destroy,Tile:7,Map,Bonus,Malus,Tile:5,Tile:9,Tile:8,Destroy,Tile:0,Tile:8,Tile:9,Tile:10,Tile:6,Map,Tile:13,Bonus,Tile:6,Tile:8,Tile:10,Tile:4,Tile:9,Bonus,Tile:7,Tile:8,Tile:6,Map,Tile:2,Tile:9,Tile:5,Tile:8,Tile:15-Map,Tile:0,Tile:7,Tile:7,Tile:0,Malus,Tile:6-Tile:5,Tile:6,Tile:1,Tile:14,Map,Tile:3,Tile:5-Tile:hidden1,Tile:nugget,Tile:hidden2
Map 12 5 1
Map 12 3 0
Drop 1 0 1
Drop 2 0 0
Tile:0 4 5 1
Map 12 5 0
Tile:7 6 5 1
Drop 2 0 0
Drop 0 0 1
Drop 2 0 0
Drop 3 0 1
Tile:5_flip 6 6 0
Tile:11_flip 5 4 1
Drop 6 0 0
Malus 0 0 1
Drop 1 0 0
Tile:12_flip 4 4 1
Drop 0 0 0
Tile:7_flip 5 6 1
Destroy 5 6 0
Destroy 4 5 1
Drop 1 0 0
Drop 5 0 1
Drop 1 0 0
Tile:9 5 3 1
Map 12 7 0
Tile:8 5 6 1
Bonus 0 0 0
Tile:6 6 3 1
Destroy 6 5 0
Tile:6_flip 6 5 1
Drop 6 0 0
Tile:9_flip 7 5 1
Tile:9 7 6 0
Tile:6_flip 5 2 1
Tile:0 8 6 0
Tile:6_flip 6 2 1
Drop 6 0 0
Tile:5_flip 9 6 1
Tile:10 7 4 0
Tile:10 5 7 1
Tile:9 9 5 0
Tile:2 9 4 1
Malus 0 0 0
Drop 3 0 1
Tile:8 10 4 0
Drop 4 0 1
Tile:8 10 5 0
Drop 0 0 1
Tile:8 11 4 0
Drop 0 0 1
Tile:8 11 5 0
GAMEOVER WINNER 0
# Game ended: Sun Apr 12 19:25:40 EDT 2020
