# Server version 0.08 running on localhost:8123
# Game ID: 107
# Board class: Saboteur.SaboteurBoard
# Timeout: 20000
# First Move Timeout: 30000
# Date: Sun Apr 12 11:33:37 EDT 2020
# Player 1: Player-0, '260776911', running on localhost
# Player 2: Player-1, 'RandomPlayer', running on localhost
START Player-0 260776911
START Player-1 RandomPlayer
BoardInit:Tile:7,Tile:8,Tile:14,Tile:0,Tile:15,Map,Tile:8,Tile:2,Tile:8,Tile:9,Malus,Tile:0,Tile:6,Tile:7,Tile:8,Bonus,Map,Map,Tile:5,Map,Tile:9,Tile:7,Map,Tile:6,Tile:11,Bonus,Destroy,Tile:5,Tile:13,Tile:0,Tile:10,Tile:5,Tile:10,Tile:12,Tile:8,Bonus,Tile:5,Tile:7,Tile:6,Destroy,Tile:4-Map,Tile:3,Malus,Tile:1,Tile:9,Destroy,Bonus-Tile:7,Tile:9,Tile:6,Tile:10,Tile:9,Tile:6,Tile:0-Tile:nugget,Tile:hidden1,Tile:hidden2
Tile:9 5 6 1
Tile:7 5 4 0
Tile:7_flip 4 5 1
Tile:9 4 4 0
Tile:14 5 7 1
Tile:6 6 5 0
Destroy 5 6 1
Tile:10 4 3 0
Tile:1 4 7 1
Tile:9 4 2 0
Tile:3 4 1 1
Tile:6 3 1 0
Tile:8 5 2 1
Tile:0 2 1 0
Tile:15 6 4 1
Tile:8 1 1 0
Tile:8 1 0 1
Tile:0 2 0 0
Tile:6 1 2 1
Map 12 3 0
Map 12 7 1
Tile:2 0 0 0
Tile:9_flip 6 2 1
Tile:9 0 1 0
Tile:8 6 1 1
Tile:0 2 2 0
Tile:11_flip 5 6 1
Tile:7 3 0 0
Map 12 5 1
Map 12 3 0
Destroy 4 3 1
Map 12 3 0
Tile:5_flip 5 3 1
Tile:7 3 2 0
Tile:13 0 2 1
Tile:6 0 3 0
Tile:10 3 3 1
Tile:5 5 1 0
Drop 6 0 1
Tile:0 1 3 0
Malus 0 0 1
Bonus 0 0 0
Tile:8 6 0 1
Tile:5 3 7 0
Drop 4 0 1
Tile:12 2 3 0
Tile:10 3 4 1
Tile:7 7 0 0
Malus 0 0 1
Bonus 0 0 0
Map 12 3 1
Destroy 0 0 0
Tile:4_flip 3 5 1
Drop 0 0 0
Drop 0 0 1
GAMEOVER DRAW
# Game ended: Sun Apr 12 11:33:37 EDT 2020
