# Server version 0.08 running on localhost:8123
# Game ID: 384
# Board class: Saboteur.SaboteurBoard
# Timeout: 20000
# First Move Timeout: 30000
# Date: Sun Apr 12 20:36:59 EDT 2020
# Player 1: Player-0, '260776911', running on localhost
# Player 2: Player-1, 'RandomPlayer', running on localhost
START Player-0 260776911
START Player-1 RandomPlayer
BoardInit:Tile:5,Tile:0,Bonus,Tile:8,Tile:5,Destroy,Tile:0,Tile:9,Tile:7,Tile:2,Tile:5,Bonus,Tile:0,Tile:7,Tile:7,Tile:8,Tile:7,Malus,Tile:8,Tile:7,Tile:9,Bonus,Tile:9,Tile:8,Tile:9,Tile:1,Tile:6,Map,Tile:0,Tile:6,Tile:3,Malus,Tile:12,Bonus,Tile:11,Tile:13,Map,Tile:10,Destroy,Tile:10,Tile:6-Map,Tile:4,Map,Map,Tile:10,Tile:8,Destroy-Tile:15,Tile:9,Tile:5,Tile:6,Tile:6,Map,Tile:14-Tile:nugget,Tile:hidden2,Tile:hidden1
Tile:4_flip 5 6 1
Drop 5 0 0
Drop 1 0 1
Drop 0 0 0
Tile:5 5 4 1
Drop 4 0 0
Drop 5 0 1
Destroy 5 4 0
Drop 3 0 1
Tile:6_flip 4 5 0
Map 12 5 1
Drop 6 0 0
Tile:7_flip 3 5 1
Tile:8 3 4 0
Tile:5_flip 4 6 1
Tile:6_flip 6 5 0
Tile:7 5 4 1
Tile:9 2 4 0
Drop 5 0 1
Malus 0 0 0
Destroy 4 5 1
Tile:7 7 5 0
Map 12 7 1
Tile:9_flip 7 6 0
Drop 2 0 1
Tile:7 3 3 0
Drop 0 0 1
Drop 6 0 0
Drop 5 0 1
Drop 6 0 0
Drop 0 0 1
Tile:8 4 5 0
Drop 6 0 1
Malus 0 0 0
Drop 3 0 1
Tile:6 7 7 0
Drop 3 0 1
Drop 6 0 0
Map 12 5 1
Tile:8 4 4 0
Drop 6 0 1
Tile:10 2 5 0
Drop 0 0 1
Tile:0 8 7 0
Drop 4 0 1
Tile:5_flip 9 7 0
Drop 2 0 1
Tile:10 9 6 0
Drop 0 0 1
Drop 1 0 0
Drop 0 0 1
Drop 1 0 0
Drop 1 0 1
Drop 0 0 0
Drop 0 0 1
GAMEOVER DRAW
# Game ended: Sun Apr 12 20:36:59 EDT 2020
