# Server version 0.08 running on localhost:8123
# Game ID: 128
# Board class: Saboteur.SaboteurBoard
# Timeout: 20000
# First Move Timeout: 30000
# Date: Sun Apr 12 12:03:59 EDT 2020
# Player 1: Player-0, '260776911', running on localhost
# Player 2: Player-1, 'RandomPlayer', running on localhost
START Player-0 260776911
START Player-1 RandomPlayer
BoardInit:Tile:10,Tile:9,Tile:9,Map,Tile:7,Tile:3,Bonus,Tile:7,Tile:5,Tile:11,Tile:5,Tile:0,Tile:8,Tile:6,Tile:0,Map,Destroy,Destroy,Tile:14,Tile:0,Tile:2,Map,Malus,Tile:9,Tile:6,Tile:7,Tile:0,Tile:8,Tile:9,Tile:8,Tile:10,Map,Tile:10,Tile:1,Map,Tile:12,Tile:9,Map,Malus,Tile:5,Tile:5-Tile:8,Bonus,Tile:7,Tile:6,Tile:6,Tile:7,Tile:13-Tile:4,Tile:15,Tile:8,Tile:6,Bonus,Destroy,Bonus-Tile:hidden2,Tile:hidden1,Tile:nugget
Tile:6 4 5 1
Tile:4 4 4 0
Tile:10 5 4 1
Tile:15 5 3 0
Tile:9_flip 5 2 1
Tile:8 3 5 0
Tile:13 5 1 1
Tile:6 3 6 0
Tile:8 6 5 1
Destroy 3 5 0
Drop 1 0 1
Tile:9 3 5 0
Drop 6 0 1
Map 12 3 0
Tile:8 4 1 1
Tile:3 3 4 0
Tile:6_flip 2 6 1
Tile:7 4 6 0
Destroy 3 4 1
Tile:11 2 7 0
Tile:14 6 6 1
Tile:0 1 6 0
Tile:2 3 7 1
Tile:6 0 6 0
Tile:0 7 5 1
Map 12 3 0
Tile:7 8 5 1
Destroy 0 6 0
Tile:6_flip 3 1 1
Tile:0 0 6 0
Tile:5_flip 8 6 1
Map 12 3 0
Tile:10 6 4 1
Tile:9 2 8 0
Tile:10 4 0 1
Tile:7 3 4 0
Tile:9 6 3 1
Tile:8 2 9 0
Tile:9_flip 3 2 1
Tile:8 3 8 0
Tile:7_flip 3 3 1
Map 12 3 0
Map 12 7 1
Tile:1 1 9 0
Tile:0 2 1 1
Tile:12 4 3 0
Tile:5 7 6 1
Map 12 3 0
Drop 0 0 1
Tile:5 0 9 0
Drop 0 0 1
Drop 0 0 0
Drop 0 0 1
Drop 0 0 0
Malus 0 0 1
GAMEOVER DRAW
# Game ended: Sun Apr 12 12:03:59 EDT 2020
