# Server version 0.08 running on localhost:8123
# Game ID: 432
# Board class: Saboteur.SaboteurBoard
# Timeout: 20000
# First Move Timeout: 30000
# Date: Mon Apr 13 16:38:23 EDT 2020
# Player 1: Player-0, '260776911', running on localhost
# Player 2: Player-1, 'RandomPlayer', running on localhost
START Player-0 260776911
START Player-1 RandomPlayer
BoardInit:Bonus,Tile:15,Tile:3,Tile:5,Tile:8,Malus,Destroy,Malus,Tile:6,Tile:7,Bonus,Tile:9,Tile:2,Tile:1,Map,Destroy,Tile:8,Map,Map,Tile:6,Bonus,Tile:4,Tile:6,Tile:5,Tile:11,Tile:5,Tile:9,Tile:7,Tile:9,Tile:14,Tile:10,Tile:9,Bonus,Tile:9,Destroy,Tile:6,Tile:0,Tile:8,Tile:0,Map,Tile:6-Map,Tile:13,Tile:8,Tile:7,Map,Tile:10,Tile:0-Tile:8,Tile:10,Tile:0,Tile:7,Tile:5,Tile:12,Tile:7-Tile:nugget,Tile:hidden1,Tile:hidden2
Map 12 5 1
Drop 5 0 0
Tile:7 5 4 1
Drop 6 0 0
Tile:8 4 5 1
Tile:8 5 6 0
Tile:8 6 5 1
Tile:10 6 4 0
Tile:13 4 6 1
Tile:0 7 5 0
Destroy 5 6 1
Tile:7 6 3 0
Tile:3_flip 3 6 1
Tile:5_flip 5 6 0
Drop 3 0 1
Drop 6 0 0
Tile:2_flip 4 7 1
Tile:7 5 7 0
Tile:6_flip 4 4 1
Map 12 3 0
Map 12 3 1
Destroy 6 3 0
Tile:0 8 5 1
Drop 6 0 0
Tile:6_flip 3 7 1
Tile:5 6 3 0
Map 12 5 1
Tile:7 7 3 0
Tile:8 2 7 1
Tile:7_flip 7 4 0
Tile:9 1 7 1
Drop 6 0 0
Tile:9_flip 2 6 1
Tile:6 8 4 0
Tile:11 8 3 1
Tile:9 8 2 0
Destroy 5 6 1
Tile:5_flip 9 2 0
Tile:10 2 5 1
Malus 0 0 0
Drop 0 0 1
Drop 6 0 0
Map 12 5 1
Malus 0 0 0
Drop 3 0 1
Tile:6 9 4 0
Drop 4 0 1
Tile:8 10 4 0
Drop 0 0 1
Tile:5 10 3 0
Drop 0 0 1
Tile:9_flip 11 3 0
Bonus 0 0 1
Tile:9 11 2 0
Drop 0 0 1
GAMEOVER DRAW
# Game ended: Mon Apr 13 16:38:23 EDT 2020
