# Server version 0.08 running on localhost:8123
# Game ID: 102
# Board class: Saboteur.SaboteurBoard
# Timeout: 20000
# First Move Timeout: 30000
# Date: Sun Apr 12 11:15:20 EDT 2020
# Player 1: Player-0, '260776911', running on localhost
# Player 2: Player-1, 'RandomPlayer', running on localhost
START Player-0 260776911
START Player-1 RandomPlayer
BoardInit:Tile:1,Tile:8,Tile:6,Bonus,Tile:12,Tile:3,Map,Destroy,Bonus,Tile:6,Tile:6,Map,Tile:8,Tile:6,Tile:9,Tile:14,Malus,Tile:5,Tile:0,Tile:10,Tile:7,Tile:8,Tile:9,Tile:13,Tile:0,Map,Bonus,Tile:15,Tile:11,Map,Tile:7,Tile:9,Tile:8,Tile:5,Tile:10,Tile:5,Destroy,Bonus,Tile:9,Tile:0,Tile:10-Tile:5,Tile:7,Tile:2,Tile:4,Tile:7,Destroy,Tile:0-Tile:8,Tile:7,Map,Tile:9,Tile:6,Malus,Map-Tile:hidden2,Tile:hidden1,Tile:nugget
Tile:5 4 5 1
Malus 0 0 0
Drop 1 0 1
Tile:8 4 6 0
Drop 0 0 1
Tile:7 5 4 0
Destroy 4 6 1
Map 12 3 0
Map 12 5 1
Tile:9 4 6 0
Bonus 0 0 1
Tile:6 4 4 0
Tile:0 6 5 1
Map 12 3 0
Drop 2 0 1
Tile:8 4 3 0
Tile:9 3 4 1
Tile:3 4 2 0
Tile:8 5 6 1
Destroy 3 4 0
Malus 0 0 1
Bonus 0 0 0
Tile:6 3 3 1
Tile:6 2 3 0
Tile:4_flip 5 7 1
Map 12 3 0
Tile:6_flip 6 6 1
Tile:6 1 3 0
Tile:9 3 2 1
Tile:14 5 3 0
Tile:11_flip 1 2 1
Tile:5 1 1 0
Tile:7_flip 6 7 1
Tile:10 2 2 0
Tile:7_flip 0 3 1
Tile:8 0 2 0
Drop 3 0 1
Tile:13 2 1 0
Tile:10 2 0 1
Map 12 3 0
Destroy 1 3 1
Tile:15 0 1 0
Tile:0 3 4 1
Map 12 3 0
Tile:8 1 3 1
Tile:9 0 0 0
Tile:9_flip 1 4 1
Tile:5 0 4 0
Tile:12 1 0 1
Tile:5 2 4 0
Tile:10 1 5 1
Tile:0 7 5 0
Tile:0 7 6 1
Drop 0 0 0
Tile:7 7 7 1
GAMEOVER DRAW
# Game ended: Sun Apr 12 11:15:21 EDT 2020
