# Server version 0.08 running on localhost:8123
# Game ID: 333
# Board class: Saboteur.SaboteurBoard
# Timeout: 20000
# First Move Timeout: 30000
# Date: Sun Apr 12 20:27:01 EDT 2020
# Player 1: Player-0, '260776911', running on localhost
# Player 2: Player-1, 'RandomPlayer', running on localhost
START Player-0 260776911
START Player-1 RandomPlayer
BoardInit:Tile:0,Tile:5,Tile:13,Tile:2,Tile:6,Tile:6,Tile:5,Tile:6,Tile:7,Destroy,Tile:8,Malus,Map,Map,Bonus,Tile:12,Tile:0,Tile:7,Tile:9,Destroy,Tile:8,Tile:5,Map,Tile:10,Map,Tile:8,Tile:7,Tile:8,Bonus,Tile:15,Tile:9,Tile:6,Tile:11,Tile:9,Tile:5,Tile:4,Tile:0,Tile:10,Tile:8,Tile:10,Map-Bonus,Tile:1,Map,Bonus,Tile:7,Malus,Tile:7-Tile:9,Tile:0,Destroy,Tile:3,Tile:6,Tile:14,Tile:9-Tile:hidden1,Tile:nugget,Tile:hidden2
Tile:7 5 4 1
Drop 3 0 0
Drop 1 0 1
Drop 4 0 0
Tile:13 6 5 1
Drop 6 0 0
Tile:6 7 5 1
Destroy 6 5 0
Tile:7_flip 5 6 1
Tile:9_flip 8 5 0
Tile:0 4 4 1
Tile:6 8 6 0
Map 12 5 1
Tile:0 9 6 0
Drop 1 0 1
Drop 6 0 0
Tile:5_flip 6 6 1
Drop 6 0 0
Drop 1 0 1
Tile:9_flip 10 6 0
Tile:7 10 5 1
Malus 0 0 0
Drop 5 0 1
Destroy 4 4 0
Map 12 5 1
Destroy 5 4 0
Bonus 0 0 1
Tile:6 10 7 0
Tile:8 11 7 1
Tile:6 11 8 0
Tile:8 6 5 1
Drop 6 0 0
Tile:9 11 6 1
Tile:6_flip 10 8 0
Tile:11 4 5 1
Tile:10 11 5 0
Tile:5 8 4 1
Drop 6 0 0
Tile:7 4 4 1
Tile:8 11 4 0
Tile:8 9 8 1
Tile:8 9 4 0
Map 12 3 1
Tile:5_flip 13 7 0
Tile:0 3 4 1
Tile:9 11 3 0
Tile:0 10 4 1
Tile:5_flip 10 9 0
Drop 0 0 1
Tile:10 4 6 0
Drop 0 0 1
Tile:7_flip 9 9 0
Map 12 5 1
Tile:10 7 4 0
Drop 0 0 1
GAMEOVER DRAW
# Game ended: Sun Apr 12 20:27:01 EDT 2020
