# Server version 0.08 running on 192.168.1.106:8123
# Game ID: 59
# Board class: Saboteur.SaboteurBoard
# Timeout: 20000
# First Move Timeout: 30000
# Date: Sun Apr 12 03:33:57 EDT 2020
# Player 1: Player-0, '260776911', running on 192.168.1.106
# Player 2: Player-1, 'RandomPlayer', running on 192.168.1.106
START Player-0 260776911
START Player-1 RandomPlayer
BoardInit:Map,Tile:7,Map,Map,Tile:6,Tile:10,Tile:7,Tile:9,Tile:15,Map,Tile:7,Tile:8,Tile:3,Destroy,Tile:8,Tile:8,Tile:4,Tile:6,Tile:5,Tile:8,Map,Tile:1,Tile:9,Bonus,Tile:6,Tile:5,Tile:9,Tile:7,Destroy,Tile:10,Tile:0,Tile:12,Malus,Tile:5,Map,Tile:0,Tile:8,Bonus,Tile:11,Tile:0,Tile:6-Tile:10,Tile:7,Malus,Tile:0,Bonus,Tile:14,Tile:2-Tile:13,Tile:6,Tile:9,Tile:9,Tile:5,Bonus,Destroy-Tile:hidden2,Tile:hidden1,Tile:nugget
Tile:7 5 4 1
Tile:13 4 4 0
Map 12 5 1
Tile:6 4 5 0
Tile:14_flip 4 3 1
Tile:9 3 4 0
Tile:10 3 3 1
Tile:9 3 2 0
Tile:6_flip 6 5 1
Tile:5 3 1 0
Tile:2_flip 3 5 1
Destroy 3 1 0
Tile:15 6 6 1
Tile:7 3 1 0
Tile:3_flip 6 7 1
Map 12 3 0
Malus 0 0 1
Bonus 0 0 0
Tile:7 7 7 1
Tile:10 5 6 0
Tile:0 2 1 1
Tile:9 1 1 0
Tile:7_flip 7 8 1
Map 12 3 0
Map 12 3 1
Tile:8 1 0 0
Tile:5_flip 5 3 1
Destroy 1 0 0
Drop 2 0 1
Tile:8 1 0 0
Tile:6_flip 5 2 1
Tile:6 2 0 0
Tile:9_flip 7 5 1
Tile:8 0 0 0
Destroy 6 5 1
Tile:1 3 0 0
Tile:9_flip 0 1 1
Tile:5 2 5 0
Map 12 5 1
Tile:7 4 0 0
Tile:11 0 2 1
Tile:10 0 3 0
Tile:0 4 2 1
Tile:12 6 2 0
Tile:6 1 2 1
Tile:5 7 4 0
Drop 1 0 1
Tile:0 8 4 0
Tile:8 6 5 1
Tile:0 8 8 0
Drop 1 0 1
Drop 0 0 0
Map 12 3 1
Drop 0 0 0
Drop 0 0 1
GAMEOVER DRAW
# Game ended: Sun Apr 12 03:33:58 EDT 2020
