# Server version 0.08 running on localhost:8123
# Game ID: 461
# Board class: Saboteur.SaboteurBoard
# Timeout: 20000
# First Move Timeout: 30000
# Date: Mon Apr 13 16:48:48 EDT 2020
# Player 1: Player-0, '260776911', running on localhost
# Player 2: Player-1, 'RandomPlayer', running on localhost
START Player-0 260776911
START Player-1 RandomPlayer
BoardInit:Tile:10,Map,Tile:6,Tile:7,Tile:9,Tile:8,Tile:9,Tile:2,Tile:9,Tile:5,Malus,Tile:8,Map,Tile:6,Tile:11,Tile:9,Tile:0,Tile:0,Tile:15,Tile:14,Tile:1,Tile:4,Tile:7,Tile:0,Map,Destroy,Map,Tile:7,Bonus,Tile:9,Tile:6,Tile:7,Bonus,Tile:10,Tile:8,Tile:0,Tile:13,Tile:7,Tile:6,Map,Tile:5-Tile:10,Destroy,Destroy,Map,Tile:6,Malus,Tile:5-Tile:5,Tile:8,Tile:12,Tile:8,Tile:3,Bonus,Bonus-Tile:hidden1,Tile:nugget,Tile:hidden2
Malus 0 0 1
Bonus 0 0 0
Drop 1 0 1
Map 12 3 0
Tile:6 5 6 1
Drop 2 0 0
Drop 2 0 1
Drop 3 0 0
Tile:6 4 6 1
Drop 6 0 0
Tile:10 5 4 1
Tile:5 5 3 0
Tile:5 3 6 1
Tile:8 6 3 0
Tile:9 4 5 1
Tile:8 6 5 0
Tile:9 6 4 1
Tile:7 7 3 0
Drop 5 0 1
Tile:8 6 6 0
Destroy 6 5 1
Drop 6 0 0
Tile:9_flip 4 4 1
Drop 6 0 0
Drop 0 0 1
Tile:5_flip 7 4 0
Tile:7 7 6 1
Tile:8 6 5 0
Tile:1 7 5 1
Destroy 7 5 0
Map 12 5 1
Tile:6 6 7 0
Tile:6_flip 5 7 1
Tile:9_flip 7 7 0
Tile:15 5 8 1
Tile:0 7 5 0
Map 12 3 1
Tile:0 8 5 0
Malus 0 0 1
Bonus 0 0 0
Tile:13 5 9 1
Map 12 5 0
Tile:0 4 7 1
Tile:7 9 5 0
Map 12 7 1
Tile:7_flip 9 6 0
Tile:8 3 7 1
Tile:0 10 6 0
Tile:5 6 2 1
Tile:9_flip 11 6 0
Tile:6 3 4 1
Tile:10 11 5 0
Drop 1 0 1
Tile:7 11 4 0
Drop 0 0 1
GAMEOVER DRAW
# Game ended: Mon Apr 13 16:48:48 EDT 2020
