# Server version 0.08 running on localhost:8123
# Game ID: 348
# Board class: Saboteur.SaboteurBoard
# Timeout: 20000
# First Move Timeout: 30000
# Date: Sun Apr 12 20:29:43 EDT 2020
# Player 1: Player-0, '260776911', running on localhost
# Player 2: Player-1, 'RandomPlayer', running on localhost
START Player-0 260776911
START Player-1 RandomPlayer
BoardInit:Bonus,Map,Destroy,Malus,Tile:10,Bonus,Tile:8,Destroy,Tile:7,Tile:2,Tile:6,Tile:0,Tile:6,Tile:8,Tile:6,Bonus,Tile:3,Tile:10,Tile:6,Tile:5,Tile:8,Tile:4,Tile:0,Tile:5,Tile:8,Tile:11,Tile:1,Tile:10,Destroy,Map,Tile:9,Tile:9,Bonus,Tile:14,Tile:5,Tile:9,Tile:8,Tile:13,Map,Tile:9,Tile:0-Malus,Tile:5,Map,Tile:12,Tile:15,Tile:6,Map-Tile:7,Tile:9,Tile:7,Tile:7,Tile:7,Tile:0,Map-Tile:nugget,Tile:hidden2,Tile:hidden1
Drop 3 0 1
Drop 6 0 0
Tile:15 5 4 1
Drop 6 0 0
Map 12 5 1
Malus 0 0 0
Drop 1 0 1
Tile:7 6 5 0
Map 12 3 1
Destroy 5 4 0
Drop 1 0 1
Drop 6 0 0
Drop 4 0 1
Tile:7_flip 6 6 0
Destroy 6 5 1
Tile:7_flip 4 5 0
Drop 6 0 1
Tile:0 7 6 0
Drop 2 0 1
Tile:8 4 4 0
Drop 4 0 1
Tile:0 3 4 0
Drop 5 0 1
Drop 6 0 0
Drop 0 0 1
Tile:10 5 6 0
Drop 0 0 1
Drop 6 0 0
Drop 5 0 1
Tile:7_flip 5 7 0
Destroy 3 4 1
Drop 6 0 0
Drop 6 0 1
Tile:9 4 3 0
Drop 0 0 1
Drop 6 0 0
Drop 4 0 1
Tile:9_flip 8 6 0
Drop 0 0 1
Drop 6 0 0
Drop 2 0 1
Tile:9_flip 6 5 0
Map 12 7 1
Tile:9 3 4 0
Drop 4 0 1
Tile:5_flip 8 7 0
Drop 3 0 1
Tile:10 3 5 0
Drop 2 0 1
Tile:5_flip 3 6 0
Drop 0 0 1
Drop 1 0 0
Drop 1 0 1
Drop 0 0 0
Drop 0 0 1
GAMEOVER DRAW
# Game ended: Sun Apr 12 20:29:43 EDT 2020
