# Server version 0.08 running on localhost:8123
# Game ID: 103
# Board class: Saboteur.SaboteurBoard
# Timeout: 20000
# First Move Timeout: 30000
# Date: Sun Apr 12 11:17:31 EDT 2020
# Player 1: Player-0, '260776911', running on localhost
# Player 2: Player-1, 'RandomPlayer', running on localhost
START Player-0 260776911
START Player-1 RandomPlayer
BoardInit:Tile:6,Tile:3,Tile:0,Bonus,Tile:6,Tile:6,Map,Tile:6,Bonus,Destroy,Tile:2,Tile:8,Bonus,Tile:12,Destroy,Map,Tile:4,Tile:8,Tile:5,Tile:8,Tile:8,Tile:11,Map,Tile:9,Tile:14,Tile:7,Map,Tile:9,Bonus,Tile:7,Tile:10,Tile:13,Tile:9,Map,Tile:9,Tile:5,Tile:10,Tile:1,Tile:7,Tile:6,Malus-Tile:5,Tile:0,Tile:7,Tile:0,Tile:5,Tile:7,Tile:15-Tile:8,Tile:0,Malus,Map,Destroy,Tile:9,Tile:10-Tile:hidden1,Tile:nugget,Tile:hidden2
Tile:5 4 5 1
Malus 0 0 0
Drop 1 0 1
Map 12 3 0
Drop 4 0 1
Tile:8 4 6 0
Drop 5 0 1
Tile:0 3 6 0
Map 12 5 1
Destroy 3 6 0
Bonus 0 0 1
Tile:9 4 7 0
Tile:6 5 6 1
Tile:10 4 8 0
Tile:2 6 5 1
Tile:3 5 7 0
Drop 1 0 1
Tile:6 3 6 0
Destroy 6 5 1
Tile:6 2 6 0
Tile:4 3 5 1
Destroy 2 6 0
Tile:6_flip 6 6 1
Tile:8 2 6 0
Tile:5_flip 6 5 1
Tile:12 7 6 0
Tile:5_flip 4 9 1
Map 12 3 0
Drop 2 0 1
Tile:8 2 7 0
Tile:14_flip 3 9 1
Tile:8 1 6 0
Map 12 5 1
Tile:11 1 5 0
Tile:10 1 4 1
Tile:9 1 3 0
Tile:7 3 7 1
Tile:7 1 2 0
Tile:9 5 8 1
Tile:9 0 2 0
Drop 1 0 1
Tile:7 0 1 0
Tile:9 5 9 1
Tile:13 2 3 0
Tile:10 2 8 1
Map 12 3 0
Tile:7_flip 5 10 1
Tile:5 2 2 0
Tile:0 3 3 1
Tile:1 0 6 0
Drop 1 0 1
Tile:6 1 7 0
Malus 0 0 1
Bonus 0 0 0
Map 12 5 1
GAMEOVER DRAW
# Game ended: Sun Apr 12 11:17:32 EDT 2020
