# Server version 0.08 running on localhost:8123
# Game ID: 200
# Board class: Saboteur.SaboteurBoard
# Timeout: 20000
# First Move Timeout: 30000
# Date: Sun Apr 12 15:02:54 EDT 2020
# Player 1: Player-0, '260776911', running on localhost
# Player 2: Player-1, 'RandomPlayer', running on localhost
START Player-0 260776911
START Player-1 RandomPlayer
BoardInit:Tile:13,Tile:0,Tile:6,Malus,Tile:10,Bonus,Tile:0,Tile:12,Tile:8,Destroy,Tile:7,Tile:6,Tile:7,Map,Tile:3,Map,Tile:5,Bonus,Map,Tile:1,Tile:0,Tile:11,Tile:6,Tile:8,Tile:8,Destroy,Tile:9,Tile:10,Tile:2,Tile:6,Tile:0,Map,Tile:9,Bonus,Tile:5,Tile:7,Tile:9,Tile:7,Tile:8,Bonus,Tile:14-Map,Tile:7,Tile:5,Tile:15,Tile:4,Tile:9,Map-Tile:6,Destroy,Malus,Tile:9,Tile:8,Tile:10,Tile:5-Tile:nugget,Tile:hidden2,Tile:hidden1
Tile:9_flip 6 5 1
Tile:6 6 6 0
Tile:5 5 4 1
Destroy 6 5 0
Tile:6_flip 7 6 1
Tile:9 7 7 0
Drop 2 0 1
Tile:8 6 4 0
Tile:4 6 3 1
Drop 6 0 0
Tile:0 4 5 1
Destroy 6 3 0
Tile:13 6 3 1
Tile:10 6 2 0
Tile:7_flip 7 8 1
Drop 6 0 0
Tile:3 8 7 1
Drop 6 0 0
Tile:8 6 1 1
Tile:5 6 0 0
Tile:7 7 3 1
Drop 6 0 0
Tile:0 5 3 1
Drop 6 0 0
Tile:6_flip 4 3 1
Tile:0 7 0 0
Tile:5 5 1 1
Destroy 6 3 0
Tile:8 6 3 1
Tile:6 7 4 0
Tile:9_flip 8 0 1
Tile:8 6 5 0
Tile:2_flip 8 1 1
Drop 6 0 0
Tile:0 9 1 1
Tile:6 8 4 0
Map 12 5 1
Tile:10 8 3 0
Tile:9 5 6 1
Tile:7 8 2 0
Tile:5_flip 5 2 1
Tile:7 9 4 0
Tile:7_flip 7 2 1
Malus 0 0 0
Drop 4 0 1
Malus 0 0 0
Map 12 3 1
Drop 0 0 0
Map 12 7 1
Drop 0 0 0
Drop 0 0 1
Drop 0 0 0
Drop 1 0 1
Drop 0 0 0
Drop 0 0 1
GAMEOVER DRAW
# Game ended: Sun Apr 12 15:02:54 EDT 2020
