# Server version 0.08 running on localhost:8123
# Game ID: 69
# Board class: Saboteur.SaboteurBoard
# Timeout: 20000
# First Move Timeout: 30000
# Date: Sun Apr 12 04:25:08 EDT 2020
# Player 1: Player-0, '260776911', running on localhost
# Player 2: Player-1, 'RandomPlayer', running on localhost
START Player-0 260776911
START Player-1 RandomPlayer
BoardInit:Tile:11,Tile:6,Tile:10,Malus,Tile:3,Tile:0,Tile:6,Tile:15,Map,Bonus,Tile:8,Map,Tile:8,Map,Tile:7,Tile:1,Tile:7,Tile:7,Tile:0,Tile:9,Tile:10,Tile:5,Tile:6,Tile:4,Tile:7,Tile:9,Tile:10,Tile:0,Tile:14,Tile:6,Bonus,Destroy,Map,Tile:8,Map,Tile:5,Tile:0,Map,Tile:5,Tile:9,Bonus-Tile:9,Tile:5,Destroy,Tile:6,Tile:2,Tile:12,Tile:7-Tile:9,Destroy,Malus,Bonus,Tile:8,Tile:13,Tile:8-Tile:nugget,Tile:hidden2,Tile:hidden1
Tile:6 5 6 1
Tile:9 5 4 0
Tile:2 4 5 1
Destroy 4 5 0
Drop 1 0 1
Malus 0 0 0
Drop 5 0 1
Tile:8 5 3 0
Destroy 5 4 1
Tile:13 5 2 0
Drop 1 0 1
Tile:8 5 1 0
Drop 4 0 1
Tile:6 6 1 0
Map 12 7 1
Malus 0 0 0
Drop 5 0 1
Tile:0 4 1 0
Drop 3 0 1
Tile:15 5 0 0
Drop 2 0 1
Map 12 3 0
Drop 0 0 1
Map 12 3 0
Drop 2 0 1
Tile:1 4 2 0
Drop 0 0 1
Tile:7 6 2 0
Drop 5 0 1
Tile:9 3 1 0
Drop 0 0 1
Tile:5 3 0 0
Drop 4 0 1
Tile:4 6 0 0
Drop 4 0 1
Tile:9 3 2 0
Map 12 7 1
Tile:0 4 3 0
Map 12 5 1
Tile:6 3 3 0
Drop 4 0 1
Destroy 3 0 0
Drop 5 0 1
Tile:8 3 0 0
Drop 4 0 1
Tile:5 2 0 0
Drop 3 0 1
Map 12 3 0
Drop 2 0 1
Tile:9 2 3 0
Drop 0 0 1
Drop 0 0 0
Bonus 0 0 1
Drop 0 0 0
Drop 0 0 1
GAMEOVER DRAW
# Game ended: Sun Apr 12 04:25:08 EDT 2020
