# Server version 0.08 running on localhost:8123
# Game ID: 413
# Board class: Saboteur.SaboteurBoard
# Timeout: 20000
# First Move Timeout: 30000
# Date: Sun Apr 12 20:48:55 EDT 2020
# Player 1: Player-0, '260776911', running on localhost
# Player 2: Player-1, 'RandomPlayer', running on localhost
START Player-0 260776911
START Player-1 RandomPlayer
BoardInit:Tile:10,Tile:9,Map,Tile:3,Bonus,Tile:7,Tile:13,Destroy,Tile:6,Bonus,Tile:5,Map,Tile:6,Destroy,Tile:14,Tile:9,Tile:7,Malus,Tile:5,Malus,Tile:12,Tile:8,Tile:7,Tile:7,Tile:11,Tile:4,Tile:0,Tile:5,Destroy,Bonus,Tile:6,Tile:5,Tile:8,Map,Tile:15,Tile:9,Bonus,Tile:8,Map,Tile:6,Tile:0-Tile:10,Tile:0,Tile:9,Tile:2,Tile:9,Tile:6,Tile:10-Map,Tile:0,Tile:1,Map,Tile:8,Tile:8,Tile:7-Tile:hidden1,Tile:hidden2,Tile:nugget
Tile:9_flip 6 5 1
Drop 3 0 0
Tile:10 6 6 1
Drop 0 0 0
Drop 2 0 1
Drop 1 0 0
Tile:2 5 4 1
Drop 5 0 0
Tile:10 5 6 1
Destroy 5 4 0
Tile:6 6 7 1
Tile:9 5 4 0
Tile:0 7 7 1
Drop 6 0 0
Drop 2 0 1
Destroy 5 4 0
Tile:6 8 7 1
Tile:0 9 7 0
Tile:10 5 4 1
Malus 0 0 0
Map 12 7 1
Malus 0 0 0
Drop 0 0 1
Tile:8 10 7 0
Drop 2 0 1
Tile:8 10 6 0
Drop 0 0 1
Drop 6 0 0
Drop 5 0 1
Tile:8 11 6 0
Destroy 8 7 1
Tile:7 12 6 0
Drop 6 0 1
Tile:7_flip 9 6 0
Drop 3 0 1
Drop 6 0 0
Drop 3 0 1
Tile:9 10 8 0
Drop 0 0 1
Tile:8 11 7 0
Drop 2 0 1
Tile:6 11 8 0
Map 12 7 1
Tile:7 12 8 0
Drop 4 0 1
Tile:9 4 5 0
Drop 2 0 1
Tile:5 6 4 0
Drop 0 0 1
Tile:5_flip 4 6 0
Drop 0 0 1
Drop 1 0 0
Drop 1 0 1
Drop 0 0 0
Drop 0 0 1
GAMEOVER DRAW
# Game ended: Sun Apr 12 20:48:55 EDT 2020
