# Server version 0.08 running on 192.168.1.106:8123
# Game ID: 8
# Board class: Saboteur.SaboteurBoard
# Timeout: 20000
# First Move Timeout: 30000
# Date: Sat Apr 11 21:36:10 EDT 2020
# Player 1: Player-0, 'Human', running on 192.168.1.106
# Player 2: Player-1, 'RandomPlayer', running on 192.168.1.106
START Player-0 Human
START Player-1 RandomPlayer
BoardInit:Tile:2,Tile:8,Tile:8,Tile:6,Tile:7,Tile:0,Tile:11,Tile:14,Tile:10,Tile:9,Tile:0,Tile:10,Map,Map,Tile:8,Malus,Tile:7,Tile:7,Tile:7,Map,Tile:5,Tile:12,Destroy,Tile:1,Tile:9,Tile:5,Tile:4,Bonus,Tile:6,Map,Tile:0,Bonus,Tile:13,Map,Destroy,Malus,Tile:6,Tile:5,Tile:7,Tile:9,Tile:8-Tile:15,Tile:10,Tile:3,Tile:6,Map,Tile:9,Tile:5-Tile:0,Bonus,Tile:6,Tile:9,Tile:8,Bonus,Destroy-Tile:hidden2,Tile:hidden1,Tile:nugget
Tile:9_flip 6 5 1
Tile:6 6 6 0
Tile:6 5 6 1
Tile:8 7 6 0
Tile:5_flip 7 7 1
Tile:8 8 6 0
Tile:3 8 5 1
Tile:0 9 6 0
Tile:10 8 7 1
Tile:0 10 6 0
Drop 1 0 1
Tile:6 11 6 0
Tile:11 7 5 1
Tile:9_flip 12 6 0
GAMEOVER WINNER 0
# Game ended: Sat Apr 11 21:36:55 EDT 2020
