# Server version 0.08 running on localhost:8123
# Game ID: 429
# Board class: Saboteur.SaboteurBoard
# Timeout: 20000
# First Move Timeout: 30000
# Date: Mon Apr 13 16:37:05 EDT 2020
# Player 1: Player-0, 'RandomPlayer', running on localhost
# Player 2: Player-1, '260776911', running on localhost
START Player-0 RandomPlayer
START Player-1 260776911
BoardInit:Tile:6,Bonus,Tile:5,Tile:14,Map,Tile:6,Bonus,Malus,Tile:1,Malus,Tile:8,Tile:5,Tile:7,Tile:10,Destroy,Tile:0,Tile:9,Tile:12,Destroy,Tile:9,Destroy,Tile:7,Tile:10,Tile:15,Tile:4,Tile:7,Tile:8,Tile:0,Tile:6,Map,Tile:11,Tile:3,Map,Bonus,Map,Tile:7,Tile:9,Tile:10,Tile:8,Tile:9,Tile:9-Tile:5,Map,Tile:0,Tile:2,Tile:5,Tile:7,Map-Tile:13,Tile:6,Tile:6,Bonus,Tile:8,Tile:8,Tile:0-Tile:hidden2,Tile:nugget,Tile:hidden1
Map 12 3 1
Tile:8 4 5 0
Map 12 5 1
Tile:6_flip 4 4 0
Drop 2 0 1
Tile:8 3 5 0
Drop 6 0 1
Tile:6 6 5 0
Tile:5 6 4 1
Tile:6 3 6 0
Drop 6 0 1
Drop 2 0 0
Tile:0 7 4 1
Drop 6 0 0
Tile:5_flip 8 4 1
Drop 2 0 0
Tile:7 7 5 1
Tile:13 8 3 0
Destroy 8 3 1
Tile:14 4 6 0
Tile:6 7 6 1
Tile:9 3 4 0
Tile:5 6 6 1
Tile:7_flip 6 7 0
Tile:7 8 6 1
Tile:15 8 7 0
Drop 6 0 1
Tile:12_flip 2 5 0
Destroy 8 7 1
Tile:7 5 4 0
Destroy 6 4 1
Tile:10 3 3 0
Drop 6 0 1
Tile:0 7 7 0
Drop 6 0 1
Tile:0 2 6 0
Drop 6 0 1
Tile:3 3 2 0
Tile:9 6 4 1
Tile:7 8 3 0
Tile:6_flip 1 6 1
Drop 1 0 0
Tile:9_flip 8 7 1
Map 12 3 0
Tile:8 0 6 1
Tile:9_flip 6 3 0
Tile:8 6 2 1
Tile:10 5 6 0
Tile:9 1 7 1
Malus 0 0 0
Bonus 0 0 1
Drop 0 0 0
Tile:8 0 5 1
Drop 0 0 0
Tile:10 5 7 1
GAMEOVER DRAW
# Game ended: Mon Apr 13 16:37:05 EDT 2020
