# Server version 0.08 running on localhost:8123
# Game ID: 415
# Board class: Saboteur.SaboteurBoard
# Timeout: 20000
# First Move Timeout: 30000
# Date: Mon Apr 13 16:25:39 EDT 2020
# Player 1: Player-0, '260776911', running on localhost
# Player 2: Player-1, 'RandomPlayer', running on localhost
START Player-0 260776911
START Player-1 RandomPlayer
BoardInit:Tile:12,Tile:9,Destroy,Tile:8,Tile:10,Tile:8,Bonus,Tile:8,Tile:7,Tile:6,Tile:1,Map,Tile:8,Tile:5,Tile:6,Map,Destroy,Tile:10,Tile:4,Map,Tile:0,Tile:5,Tile:5,Malus,Map,Destroy,Tile:6,Tile:7,Bonus,Map,Malus,Bonus,Tile:7,Map,Tile:9,Tile:11,Tile:13,Tile:2,Tile:6,Tile:14,Tile:5-Tile:0,Tile:8,Tile:6,Tile:7,Bonus,Tile:0,Tile:15-Tile:7,Tile:10,Tile:9,Tile:9,Tile:9,Tile:0,Tile:3-Tile:nugget,Tile:hidden1,Tile:hidden2
Tile:6 6 5 1
Drop 6 0 0
Tile:7 6 4 1
Tile:7 7 5 0
Drop 2 0 1
Tile:10 5 6 0
Drop 6 0 1
Tile:9 5 4 0
Destroy 6 5 1
Tile:9 5 3 0
Drop 1 0 1
Tile:9 5 7 0
Tile:7_flip 5 8 1
Map 12 3 0
Tile:8 5 2 1
Tile:0 6 2 0
Tile:6 6 5 1
Drop 6 0 0
Tile:12 6 7 1
Tile:9_flip 7 2 0
Destroy 5 8 1
Drop 6 0 0
Tile:15 5 1 1
Tile:6 7 3 0
Drop 2 0 1
Tile:5_flip 8 3 0
Tile:1 6 3 1
Destroy 6 3 0
Tile:6 5 8 1
Tile:10 8 2 0
Tile:0 4 2 1
Drop 6 0 0
Tile:0 3 2 1
Tile:5 5 0 0
Tile:5 7 1 1
Drop 6 0 0
Map 12 3 1
Drop 6 0 0
Tile:0 6 3 1
Drop 6 0 0
Drop 6 0 1
Drop 6 0 0
Tile:9_flip 7 6 1
Tile:8 8 1 0
Tile:5 8 0 1
Tile:7 6 8 0
Tile:7_flip 2 2 1
Tile:8 4 5 0
Malus 0 0 1
Bonus 0 0 0
Tile:4 2 1 1
Tile:8 9 0 0
Tile:13 10 0 1
Drop 0 0 0
Drop 0 0 1
GAMEOVER DRAW
# Game ended: Mon Apr 13 16:25:39 EDT 2020
