# Server version 0.08 running on localhost:8123
# Game ID: 209
# Board class: Saboteur.SaboteurBoard
# Timeout: 20000
# First Move Timeout: 30000
# Date: Sun Apr 12 15:17:22 EDT 2020
# Player 1: Player-0, '260776911', running on localhost
# Player 2: Player-1, 'RandomPlayer', running on localhost
START Player-0 260776911
START Player-1 RandomPlayer
BoardInit:Destroy,Tile:4,Tile:0,Bonus,Tile:5,Malus,Bonus,Tile:6,Tile:9,Tile:8,Tile:10,Tile:7,Tile:12,Tile:0,Tile:6,Map,Map,Bonus,Tile:3,Tile:9,Tile:5,Destroy,Map,Destroy,Tile:6,Tile:13,Tile:9,Tile:8,Tile:10,Tile:5,Tile:15,Tile:6,Tile:1,Tile:5,Tile:9,Tile:2,Tile:7,Tile:6,Tile:11,Bonus,Map-Tile:0,Map,Map,Tile:9,Tile:14,Tile:8,Tile:7-Malus,Tile:0,Tile:8,Tile:7,Tile:7,Tile:10,Tile:8-Tile:hidden2,Tile:nugget,Tile:hidden1
Tile:8 5 6 1
Tile:0 6 5 0
Tile:14_flip 4 5 1
Tile:8 7 5 0
Tile:7 5 4 1
Tile:7 6 6 0
Destroy 5 4 1
Tile:7 7 4 0
Tile:9 5 7 1
Tile:10 7 6 0
Tile:9_flip 5 8 1
Tile:8 8 5 0
Map 12 7 1
Tile:4 8 4 0
Drop 3 0 1
Tile:6 6 4 0
Tile:6_flip 9 5 1
Map 12 3 0
Tile:0 10 5 1
Tile:8 6 3 0
Tile:0 4 8 1
Tile:7 6 2 0
Tile:12 11 5 1
Tile:0 7 3 0
Tile:10 9 6 1
Destroy 6 2 0
Tile:6 6 7 1
Tile:9 6 2 0
Tile:9 9 7 1
Destroy 6 2 0
Map 12 3 1
Tile:13 6 2 0
Tile:5_flip 7 7 1
Tile:5_flip 7 2 0
Tile:3 10 7 1
Tile:6 8 3 0
Drop 6 0 1
Tile:8 9 3 0
Tile:15 10 8 1
Tile:5 8 2 0
Tile:11 5 3 1
Tile:2 9 2 0
Tile:1 10 3 1
Tile:6 10 2 0
Tile:10 10 1 1
Malus 0 0 0
Map 12 3 1
Malus 0 0 0
Bonus 0 0 1
Drop 0 0 0
Map 12 3 1
Drop 0 0 0
Map 12 3 1
Drop 0 0 0
Drop 0 0 1
GAMEOVER DRAW
# Game ended: Sun Apr 12 15:17:23 EDT 2020
