# Server version 0.08 running on localhost:8123
# Game ID: 77
# Board class: Saboteur.SaboteurBoard
# Timeout: 20000
# First Move Timeout: 30000
# Date: Sun Apr 12 04:44:50 EDT 2020
# Player 1: Player-0, '260776911', running on localhost
# Player 2: Player-1, 'RandomPlayer', running on localhost
START Player-0 260776911
START Player-1 RandomPlayer
BoardInit:Malus,Tile:5,Bonus,Tile:0,Destroy,Tile:8,Tile:15,Tile:8,Tile:0,Tile:3,Tile:7,Malus,Bonus,Tile:7,Bonus,Tile:7,Tile:6,Tile:9,Map,Tile:0,Tile:5,Destroy,Tile:0,Tile:6,Tile:9,Tile:8,Tile:7,Tile:13,Map,Tile:10,Tile:10,Tile:9,Tile:6,Tile:9,Map,Destroy,Map,Tile:11,Tile:8,Tile:12,Tile:6-Tile:5,Tile:7,Tile:5,Tile:8,Tile:4,Tile:9,Tile:1-Map,Tile:6,Bonus,Tile:10,Tile:2,Map,Tile:14-Tile:hidden2,Tile:nugget,Tile:hidden1
Tile:9 5 6 1
Map 12 3 0
Tile:7_flip 5 7 1
Tile:6 6 5 0
Tile:5 5 4 1
Tile:2 6 4 0
Destroy 5 6 1
Tile:10 5 6 0
Tile:1 7 5 1
Map 12 3 0
Drop 4 0 1
Tile:14 6 7 0
Tile:4 6 6 1
Tile:5 4 5 0
Tile:7 8 5 1
Tile:0 7 4 0
Drop 1 0 1
Tile:8 8 6 0
Tile:15 4 6 1
Tile:8 8 7 0
Tile:6 8 4 1
Tile:3 8 3 0
Tile:5_flip 9 7 1
Malus 0 0 0
Bonus 0 0 1
Tile:7 9 4 0
Tile:5_flip 8 8 1
Tile:7 9 6 0
Tile:0 7 3 1
Tile:9 7 7 0
Tile:7_flip 9 5 1
Tile:0 6 3 0
Tile:9 7 8 1
Destroy 4 5 0
Tile:6 7 9 1
Tile:6 5 3 0
Map 12 3 1
Tile:8 4 5 0
Drop 6 0 1
Tile:13 3 5 0
Drop 4 0 1
Tile:10 3 4 0
Tile:8 6 9 1
Tile:9 3 3 0
Drop 4 0 1
Tile:9 3 2 0
Tile:0 4 3 1
Destroy 3 2 0
Drop 3 0 1
Tile:11 3 2 0
Drop 1 0 1
Tile:12 4 2 0
Map 12 7 1
Drop 0 0 0
Malus 0 0 1
GAMEOVER DRAW
# Game ended: Sun Apr 12 04:44:50 EDT 2020
