# Server version 0.08 running on localhost:8123
# Game ID: 122
# Board class: Saboteur.SaboteurBoard
# Timeout: 20000
# First Move Timeout: 30000
# Date: Sun Apr 12 11:56:25 EDT 2020
# Player 1: Player-0, '260776911', running on localhost
# Player 2: Player-1, 'RandomPlayer', running on localhost
START Player-0 260776911
START Player-1 RandomPlayer
BoardInit:Map,Tile:11,Map,Map,Tile:6,Tile:10,Tile:0,Map,Tile:13,Tile:4,Tile:5,Tile:9,Tile:9,Tile:8,Tile:0,Tile:12,Bonus,Tile:8,Tile:0,Tile:7,Map,Destroy,Tile:6,Tile:6,Destroy,Tile:5,Tile:15,Tile:9,Tile:6,Tile:3,Tile:5,Tile:7,Tile:8,Tile:7,Tile:5,Tile:10,Malus,Tile:9,Tile:14,Tile:0,Map-Tile:8,Tile:10,Bonus,Bonus,Destroy,Tile:7,Tile:1-Tile:7,Tile:8,Tile:9,Tile:6,Bonus,Malus,Tile:2-Tile:hidden1,Tile:nugget,Tile:hidden2
Tile:7 6 5 1
Malus 0 0 0
Drop 2 0 1
Tile:7 5 4 0
Drop 1 0 1
Tile:8 4 4 0
Drop 2 0 1
Tile:9 4 3 0
Map 12 3 1
Tile:6 5 3 0
Drop 1 0 1
Tile:2 4 2 0
Drop 4 0 1
Tile:11 3 2 0
Map 12 7 1
Map 12 3 0
Drop 5 0 1
Tile:10 3 1 0
Drop 3 0 1
Map 12 3 0
Drop 2 0 1
Tile:4 3 0 0
Map 12 3 1
Tile:9 4 5 0
Drop 5 0 1
Tile:8 5 2 0
Destroy 5 4 1
Tile:12 6 2 0
Drop 6 0 1
Tile:8 3 4 0
Drop 1 0 1
Tile:7 5 4 0
Drop 4 0 1
Destroy 3 0 0
Drop 0 0 1
Tile:6 2 4 0
Drop 4 0 1
Tile:5 2 3 0
Bonus 0 0 1
Tile:9 1 4 0
Tile:5_flip 3 5 1
Tile:3 1 3 0
Tile:6_flip 2 5 1
Tile:7 3 0 0
Tile:0 6 3 1
Tile:7 5 1 0
Tile:8 5 6 1
Tile:10 2 6 0
Tile:5 0 3 1
Tile:9 1 5 0
Malus 0 0 1
Bonus 0 0 0
Tile:14 0 4 1
Tile:0 2 0 0
Map 12 5 1
GAMEOVER DRAW
# Game ended: Sun Apr 12 11:56:25 EDT 2020
