# Server version 0.08 running on localhost:8123
# Game ID: 316
# Board class: Saboteur.SaboteurBoard
# Timeout: 20000
# First Move Timeout: 30000
# Date: Sun Apr 12 20:18:09 EDT 2020
# Player 1: Player-0, '260776911', running on localhost
# Player 2: Player-1, 'RandomPlayer', running on localhost
START Player-0 260776911
START Player-1 RandomPlayer
BoardInit:Tile:7,Tile:10,Tile:0,Tile:6,Tile:6,Bonus,Map,Tile:9,Tile:6,Tile:7,Map,Tile:9,Tile:3,Tile:10,Tile:4,Tile:8,Tile:14,Tile:7,Tile:13,Tile:10,Tile:9,Tile:7,Tile:5,Tile:12,Map,Tile:0,Tile:0,Destroy,Malus,Tile:1,Tile:8,Destroy,Map,Tile:6,Tile:7,Map,Tile:5,Tile:6,Tile:8,Tile:5,Tile:15-Tile:9,Tile:2,Tile:5,Destroy,Map,Malus,Bonus-Tile:8,Tile:8,Bonus,Tile:11,Bonus,Tile:0,Tile:9-Tile:hidden2,Tile:hidden1,Tile:nugget
Tile:2 6 5 1
Drop 3 0 0
Tile:9 5 4 1
Tile:9 4 5 0
Drop 4 0 1
Tile:10 5 6 0
Drop 4 0 1
Tile:6 6 4 0
Tile:5 6 3 1
Tile:9_flip 4 6 0
Tile:6_flip 7 5 1
Tile:7 5 3 0
Tile:6_flip 4 3 1
Tile:9 4 7 0
Tile:3 8 5 1
Tile:0 7 3 0
Tile:0 3 3 1
Tile:10 4 4 0
Tile:14 5 7 1
Tile:8 7 6 0
Destroy 4 5 1
Tile:8 8 6 0
Tile:9_flip 4 8 1
Tile:8 9 6 0
Drop 2 0 1
Drop 6 0 0
Map 12 3 1
Tile:0 10 6 0
Tile:5 2 3 1
Destroy 6 5 0
Drop 3 0 1
Drop 6 0 0
Tile:8 11 6 1
Destroy 8 5 0
Map 12 7 1
Tile:6_flip 9 5 0
Tile:0 12 6 1
Drop 6 0 0
Tile:7_flip 6 6 1
Tile:6 10 5 0
Drop 2 0 1
Tile:7 10 4 0
Drop 5 0 1
Tile:7 11 5 0
Tile:5_flip 11 7 1
Tile:5_flip 13 6 0
Drop 3 0 1
Tile:10 13 5 0
Tile:15 2 4 1
Drop 1 0 0
Tile:4 13 4 1
Drop 1 0 0
Drop 0 0 1
Drop 0 0 0
Malus 0 0 1
GAMEOVER DRAW
# Game ended: Sun Apr 12 20:18:09 EDT 2020
