# Server version 0.08 running on localhost:8123
# Game ID: 189
# Board class: Saboteur.SaboteurBoard
# Timeout: 20000
# First Move Timeout: 30000
# Date: Sun Apr 12 14:42:14 EDT 2020
# Player 1: Player-0, '260776911', running on localhost
# Player 2: Player-1, 'RandomPlayer', running on localhost
START Player-0 260776911
START Player-1 RandomPlayer
BoardInit:Tile:7,Tile:10,Tile:7,Tile:7,Tile:12,Bonus,Bonus,Tile:4,Tile:8,Tile:5,Map,Tile:8,Tile:1,Tile:5,Tile:0,Tile:11,Tile:8,Tile:3,Tile:6,Bonus,Destroy,Tile:7,Map,Destroy,Tile:5,Tile:9,Malus,Tile:13,Tile:2,Map,Tile:10,Tile:5,Destroy,Tile:6,Tile:10,Tile:9,Map,Bonus,Tile:0,Tile:7,Tile:0-Tile:0,Tile:9,Tile:6,Tile:9,Tile:6,Tile:8,Malus-Tile:6,Tile:8,Tile:14,Tile:15,Map,Tile:9,Map-Tile:hidden1,Tile:nugget,Tile:hidden2
Tile:8 5 4 1
Map 12 3 0
Tile:6_flip 6 4 1
Map 12 5 0
Tile:6 6 5 1
Drop 2 0 0
Tile:9_flip 5 6 1
Drop 2 0 0
Tile:7_flip 4 6 1
Drop 6 0 0
Tile:9 5 3 1
Tile:6 7 4 0
Tile:7 7 3 1
Tile:8 8 4 0
Tile:0 6 3 1
Tile:9 8 5 0
Malus 0 0 1
Bonus 0 0 0
Tile:0 4 4 1
Drop 5 0 0
Tile:12 9 5 1
Drop 5 0 0
Destroy 8 4 1
Tile:10 8 6 0
Drop 0 0 1
Destroy 9 5 0
Tile:8 5 7 1
Tile:7 7 5 0
Tile:5_flip 7 6 1
Drop 6 0 0
Tile:6 3 4 1
Drop 6 0 0
Malus 0 0 1
Bonus 0 0 0
Tile:8 6 7 1
Tile:5 6 6 0
Destroy 7 6 1
Tile:8 8 4 0
Tile:2_flip 9 4 1
Tile:5_flip 7 6 0
Tile:10 8 3 1
Tile:7 9 5 0
Tile:0 2 4 1
Tile:9 9 6 0
Map 12 3 1
Tile:5_flip 10 4 0
Tile:0 7 7 1
Tile:6 10 6 0
Tile:10 9 3 1
Tile:9_flip 11 6 0
Map 12 3 1
Tile:7 11 5 0
Map 12 7 1
Drop 0 0 0
Tile:1 4 7 1
GAMEOVER DRAW
# Game ended: Sun Apr 12 14:42:14 EDT 2020
