# Server version 0.08 running on localhost:8123
# Game ID: 355
# Board class: Saboteur.SaboteurBoard
# Timeout: 20000
# First Move Timeout: 30000
# Date: Sun Apr 12 20:31:35 EDT 2020
# Player 1: Player-0, '260776911', running on localhost
# Player 2: Player-1, '260776911', running on localhost
START Player-0 260776911
START Player-1 260776911
BoardInit:Tile:15,Tile:0,Bonus,Tile:7,Tile:0,Map,Destroy,Tile:9,Tile:7,Tile:7,Map,Tile:9,Map,Bonus,Tile:9,Tile:4,Bonus,Malus,Tile:6,Tile:8,Malus,Tile:6,Tile:5,Tile:7,Tile:5,Bonus,Tile:3,Tile:13,Tile:0,Tile:1,Tile:8,Tile:6,Tile:5,Tile:5,Tile:0,Map,Tile:8,Tile:2,Destroy,Tile:10,Tile:10-Tile:7,Tile:9,Tile:6,Map,Tile:11,Tile:9,Destroy-Tile:12,Tile:6,Tile:8,Tile:8,Tile:14,Tile:10,Map-Tile:hidden1,Tile:hidden2,Tile:nugget
Drop 3 0 1
Drop 6 0 0
Drop 3 0 1
Drop 0 0 0
Drop 5 0 1
Drop 3 0 0
Tile:6_flip 4 5 1
Drop 6 0 0
Destroy 4 5 1
Tile:0 4 5 0
Destroy 4 5 1
Tile:7_flip 5 6 0
Drop 6 0 1
Tile:9_flip 5 4 0
Drop 6 0 1
Tile:10 5 3 0
Tile:0 4 5 1
Drop 6 0 0
Tile:7 6 5 1
Malus 0 0 0
Bonus 0 0 1
Tile:7_flip 3 5 0
Malus 0 0 1
Bonus 0 0 0
Tile:9_flip 5 2 1
Tile:8 3 4 0
Tile:6 6 6 1
Tile:8 5 1 0
Drop 6 0 1
Drop 6 0 0
Tile:5 5 0 1
Drop 6 0 0
Tile:5 4 2 1
Tile:6 4 4 0
Tile:9_flip 7 6 1
Tile:7 6 1 0
Tile:0 6 0 1
Drop 6 0 0
Tile:8 7 0 1
Drop 6 0 0
Destroy 3 4 1
Tile:6 8 0 0
Tile:5_flip 7 7 1
Tile:6_flip 9 0 0
Tile:0 4 1 1
Tile:5 3 4 0
Tile:9_flip 10 0 1
Tile:8 10 1 0
Tile:8 10 2 1
Tile:9 10 3 0
Tile:7 11 2 1
Tile:10 10 4 0
Tile:10 7 5 1
Drop 0 0 0
Drop 0 0 1
GAMEOVER DRAW
# Game ended: Sun Apr 12 20:31:35 EDT 2020
