# Server version 0.08 running on localhost:8123
# Game ID: 392
# Board class: Saboteur.SaboteurBoard
# Timeout: 20000
# First Move Timeout: 30000
# Date: Sun Apr 12 20:39:23 EDT 2020
# Player 1: Player-0, '260776911', running on localhost
# Player 2: Player-1, '260776911', running on localhost
START Player-0 260776911
START Player-1 260776911
BoardInit:Tile:4,Tile:8,Tile:5,Tile:7,Map,Tile:0,Map,Map,Tile:8,Tile:8,Tile:6,Tile:9,Destroy,Tile:6,Tile:11,Tile:5,Bonus,Tile:6,Tile:12,Bonus,Tile:9,Bonus,Tile:9,Tile:0,Tile:10,Destroy,Tile:7,Tile:8,Tile:3,Malus,Tile:13,Map,Tile:1,Tile:7,Tile:7,Tile:7,Tile:8,Map,Tile:14,Tile:2,Destroy-Tile:6,Bonus,Map,Tile:5,Tile:15,Tile:0,Tile:5-Malus,Tile:9,Tile:10,Tile:6,Tile:9,Tile:10,Tile:0-Tile:hidden1,Tile:hidden2,Tile:nugget
Drop 2 0 1
Malus 0 0 0
Bonus 0 0 1
Tile:9_flip 5 4 0
Drop 2 0 1
Tile:0 4 4 0
Drop 6 0 1
Tile:8 3 4 0
Drop 6 0 1
Drop 6 0 0
Drop 4 0 1
Tile:10 3 5 0
Tile:5 2 4 1
Tile:7_flip 3 6 0
Destroy 2 4 1
Tile:8 5 3 0
Drop 6 0 1
Tile:9_flip 3 3 0
Tile:5 5 2 1
Tile:6_flip 3 2 0
Drop 6 0 1
Tile:5 2 2 0
Tile:8 6 3 1
Tile:6 7 3 0
Tile:6_flip 7 2 1
Tile:6 4 6 0
Tile:9 2 3 1
Destroy 2 2 0
Tile:9 2 4 1
Tile:0 6 5 0
Drop 6 0 1
Malus 0 0 0
Bonus 0 0 1
Drop 6 0 0
Drop 5 0 1
Tile:8 7 5 0
Drop 5 0 1
Tile:10 7 6 0
Tile:5_flip 7 7 1
Drop 6 0 0
Drop 6 0 1
Drop 6 0 0
Destroy 2 3 1
Tile:9 6 7 0
Tile:6 6 8 1
Tile:0 7 8 0
Tile:0 8 8 1
Tile:7 6 6 0
Tile:7 9 8 1
Tile:7_flip 4 3 0
Tile:8 2 3 1
Drop 1 0 0
Tile:7 7 4 1
Drop 0 0 0
Tile:10 9 9 1
GAMEOVER DRAW
# Game ended: Sun Apr 12 20:39:23 EDT 2020
