# Server version 0.08 running on localhost:8123
# Game ID: 305
# Board class: Saboteur.SaboteurBoard
# Timeout: 20000
# First Move Timeout: 30000
# Date: Sun Apr 12 20:16:16 EDT 2020
# Player 1: Player-0, '260776911', running on localhost
# Player 2: Player-1, 'RandomPlayer', running on localhost
START Player-0 260776911
START Player-1 RandomPlayer
BoardInit:Tile:1,Tile:14,Map,Tile:6,Tile:15,Tile:5,Destroy,Map,Tile:10,Tile:9,Tile:4,Tile:3,Tile:9,Tile:7,Tile:8,Malus,Tile:0,Tile:0,Destroy,Tile:7,Tile:8,Tile:9,Tile:5,Map,Tile:7,Tile:6,Bonus,Map,Tile:6,Tile:6,Bonus,Tile:8,Tile:5,Tile:8,Tile:11,Tile:10,Tile:10,Malus,Tile:8,Tile:7,Map-Tile:12,Tile:9,Tile:13,Tile:9,Tile:0,Bonus,Destroy-Tile:0,Tile:6,Tile:5,Bonus,Tile:2,Tile:7,Map-Tile:hidden1,Tile:nugget,Tile:hidden2
Tile:9_flip 6 5 1
Drop 6 0 0
Tile:13 6 6 1
Drop 4 0 0
Tile:9_flip 7 6 1
Drop 5 0 0
Drop 2 0 1
Tile:7_flip 7 7 0
Map 12 5 1
Drop 6 0 0
Drop 1 0 1
Tile:5 5 4 0
Drop 6 0 1
Drop 6 0 0
Drop 2 0 1
Tile:5_flip 6 7 0
Tile:9_flip 6 4 1
Malus 0 0 0
Destroy 6 6 1
Tile:9 7 5 0
Destroy 6 5 1
Tile:6_flip 8 5 0
Destroy 5 4 1
Tile:7 9 5 0
Drop 2 0 1
Drop 6 0 0
Drop 0 0 1
Tile:9 6 6 0
Drop 6 0 1
Drop 6 0 0
Drop 0 0 1
Tile:6 8 7 0
Drop 4 0 1
Tile:6 5 7 0
Drop 0 0 1
Tile:8 5 4 0
Drop 4 0 1
Tile:6_flip 9 7 0
Drop 6 0 1
Malus 0 0 0
Drop 2 0 1
Tile:10 5 6 0
Drop 4 0 1
Tile:8 4 5 0
Drop 1 0 1
Tile:7_flip 9 8 0
Map 12 5 1
Tile:7 10 7 0
Drop 0 0 1
Tile:0 4 7 0
Drop 0 0 1
Drop 0 0 0
Drop 1 0 1
Tile:0 3 7 0
Drop 0 0 1
GAMEOVER DRAW
# Game ended: Sun Apr 12 20:16:16 EDT 2020
