# Server version 0.08 running on localhost:8123
# Game ID: 299
# Board class: Saboteur.SaboteurBoard
# Timeout: 20000
# First Move Timeout: 30000
# Date: Sun Apr 12 20:15:38 EDT 2020
# Player 1: Player-0, '260776911', running on localhost
# Player 2: Player-1, 'RandomPlayer', running on localhost
START Player-0 260776911
START Player-1 RandomPlayer
BoardInit:Map,Tile:9,Tile:6,Tile:10,Tile:11,Tile:5,Tile:9,Tile:10,Tile:6,Tile:6,Tile:0,Tile:13,Tile:0,Map,Tile:5,Bonus,Tile:0,Destroy,Tile:15,Destroy,Tile:5,Tile:7,Malus,Tile:9,Tile:3,Map,Tile:7,Tile:6,Map,Destroy,Tile:8,Tile:8,Tile:0,Bonus,Tile:8,Map,Tile:5,Tile:10,Tile:4,Tile:7,Map-Tile:14,Tile:6,Bonus,Tile:8,Tile:7,Tile:9,Tile:2-Tile:7,Malus,Bonus,Tile:9,Tile:8,Tile:1,Tile:12-Tile:nugget,Tile:hidden1,Tile:hidden2
Tile:6_flip 4 5 1
Drop 5 0 0
Tile:7 5 4 1
Drop 5 0 0
Drop 2 0 1
Tile:7 6 5 0
Map 12 5 1
Tile:9 5 6 0
Tile:9 5 7 1
Tile:8 6 6 0
Tile:14 4 6 1
Tile:9_flip 6 7 0
Tile:11 3 6 1
Drop 6 0 0
Tile:6_flip 7 6 1
Map 12 3 0
Tile:2_flip 8 6 1
Tile:10 7 7 0
Drop 5 0 1
Destroy 8 6 0
Tile:6 8 6 1
Tile:6_flip 3 5 0
Tile:9_flip 7 8 1
Destroy 7 6 0
Tile:5 8 5 1
Tile:7_flip 6 8 0
Tile:3_flip 2 5 1
Drop 6 0 0
Drop 3 0 1
Tile:9_flip 9 5 0
Tile:7_flip 4 4 1
Tile:5 9 4 0
Tile:0 10 4 1
Malus 0 0 0
Bonus 0 0 1
Destroy 2 5 0
Tile:15 5 8 1
Drop 6 0 0
Tile:5_flip 9 6 1
Tile:6 11 4 0
Drop 4 0 1
Tile:8 11 3 0
Drop 0 0 1
Tile:10 11 2 0
Drop 4 0 1
Tile:7 12 4 0
Map 12 3 1
Tile:10 11 1 0
Tile:8 7 6 1
GAMEOVER WINNER 1
# Game ended: Sun Apr 12 20:15:39 EDT 2020
