# Server version 0.08 running on localhost:8123
# Game ID: 298
# Board class: Saboteur.SaboteurBoard
# Timeout: 20000
# First Move Timeout: 30000
# Date: Sun Apr 12 20:15:18 EDT 2020
# Player 1: Player-0, '260776911', running on localhost
# Player 2: Player-1, 'RandomPlayer', running on localhost
START Player-0 260776911
START Player-1 RandomPlayer
BoardInit:Tile:9,Map,Tile:6,Destroy,Map,Tile:4,Tile:0,Tile:5,Map,Tile:7,Tile:5,Tile:8,Tile:3,Tile:2,Tile:0,Tile:6,Destroy,Tile:5,Bonus,Tile:8,Tile:12,Tile:10,Tile:0,Bonus,Map,Tile:15,Tile:9,Bonus,Tile:8,Tile:10,Tile:8,Tile:13,Tile:0,Tile:5,Tile:6,Tile:6,Malus,Tile:10,Tile:7,Tile:7,Bonus-Map,Tile:11,Destroy,Tile:7,Tile:9,Tile:8,Tile:9-Tile:9,Tile:14,Tile:7,Map,Tile:6,Malus,Tile:1-Tile:hidden2,Tile:nugget,Tile:hidden1
Tile:9_flip 5 4 1
Map 12 3 0
Drop 1 0 1
Map 12 5 0
Tile:9_flip 6 5 1
Drop 1 0 0
Tile:9 4 5 1
Drop 4 0 0
Drop 0 0 1
Drop 5 0 0
Tile:7 5 3 1
Tile:9 6 4 0
Tile:5 4 4 1
Tile:7 7 4 0
Map 12 7 1
Drop 6 0 0
Tile:8 5 6 1
Tile:6 6 6 0
Tile:6 4 6 1
Destroy 6 4 0
Destroy 5 3 1
Tile:5 6 4 0
Drop 5 0 1
Tile:7 7 6 0
Tile:3_flip 7 5 1
Tile:6 8 5 0
Destroy 6 5 1
Drop 6 0 0
Map 12 5 1
Tile:5 8 4 0
Drop 3 0 1
Tile:10 5 3 0
Tile:8 9 5 1
Drop 6 0 0
Tile:9_flip 10 5 1
Tile:10 9 6 0
Tile:8 9 7 1
Malus 0 0 0
Map 12 7 1
Tile:8 9 4 0
Drop 4 0 1
Tile:8 10 4 0
Bonus 0 0 1
Tile:6 11 4 0
Tile:12_flip 8 7 1
Tile:5_flip 12 4 0
Drop 1 0 1
Tile:10 10 6 0
Tile:7_flip 3 6 1
Tile:7 11 3 0
Drop 0 0 1
Drop 1 0 0
Malus 0 0 1
Bonus 0 0 0
Drop 0 0 1
GAMEOVER DRAW
# Game ended: Sun Apr 12 20:15:18 EDT 2020
