# Server version 0.08 running on localhost:8123
# Game ID: 367
# Board class: Saboteur.SaboteurBoard
# Timeout: 20000
# First Move Timeout: 30000
# Date: Sun Apr 12 20:34:25 EDT 2020
# Player 1: Player-0, '260776911', running on localhost
# Player 2: Player-1, 'RandomPlayer', running on localhost
START Player-0 260776911
START Player-1 RandomPlayer
BoardInit:Map,Tile:9,Map,Tile:9,Tile:0,Tile:8,Tile:7,Tile:4,Tile:6,Tile:8,Tile:6,Tile:13,Map,Destroy,Malus,Tile:7,Tile:5,Tile:5,Tile:2,Tile:6,Tile:8,Map,Tile:7,Tile:0,Bonus,Tile:0,Tile:0,Tile:8,Tile:8,Tile:3,Bonus,Tile:10,Tile:11,Tile:7,Tile:6,Tile:5,Tile:1,Tile:10,Tile:7,Tile:12,Tile:15-Bonus,Tile:5,Tile:14,Bonus,Destroy,Tile:10,Tile:6-Malus,Map,Map,Tile:9,Tile:9,Destroy,Tile:9-Tile:hidden1,Tile:hidden2,Tile:nugget
Tile:6 6 5 1
Drop 2 0 0
Drop 1 0 1
Drop 1 0 0
Map 12 5 1
Malus 0 0 0
Drop 1 0 1
Destroy 6 5 0
Drop 6 0 1
Drop 6 0 0
Bonus 0 0 1
Tile:9_flip 5 6 0
Tile:10 5 4 1
Drop 6 0 0
Drop 3 0 1
Destroy 5 4 0
Destroy 5 6 1
Tile:9_flip 5 4 0
Drop 3 0 1
Tile:8 6 5 0
Tile:5_flip 6 6 1
Tile:8 4 5 0
Tile:8 4 6 1
Drop 6 0 0
Map 12 7 1
Tile:7_flip 3 5 0
Tile:2 3 6 1
Tile:9_flip 3 7 0
Drop 2 0 1
Tile:5_flip 7 5 0
Tile:6 2 6 1
Drop 6 0 0
Tile:8 5 6 1
Tile:6 5 7 0
Tile:7 6 7 1
Tile:0 2 7 0
Tile:11_flip 2 5 1
Tile:8 1 6 0
Tile:6 0 6 1
Tile:10 0 5 0
Drop 6 0 1
Drop 6 0 0
Drop 0 0 1
Tile:9_flip 2 4 0
Tile:15 0 4 1
Tile:7_flip 3 8 0
Tile:0 4 8 1
Tile:5 1 5 0
Tile:1 5 8 1
Tile:9_flip 5 3 0
Drop 0 0 1
Tile:10 5 2 0
Drop 1 0 1
Drop 0 0 0
Drop 0 0 1
GAMEOVER DRAW
# Game ended: Sun Apr 12 20:34:25 EDT 2020
