# Server version 0.08 running on localhost:8123
# Game ID: 250
# Board class: Saboteur.SaboteurBoard
# Timeout: 20000
# First Move Timeout: 30000
# Date: Sun Apr 12 19:05:26 EDT 2020
# Player 1: Player-0, '260776911', running on localhost
# Player 2: Player-1, 'RandomPlayer', running on localhost
START Player-0 260776911
START Player-1 RandomPlayer
BoardInit:Tile:5,Tile:7,Tile:8,Tile:7,Tile:9,Tile:10,Bonus,Bonus,Tile:9,Destroy,Tile:6,Tile:9,Map,Bonus,Tile:0,Tile:0,Tile:11,Tile:8,Tile:10,Tile:9,Tile:0,Tile:6,Tile:1,Tile:7,Tile:4,Map,Map,Tile:2,Tile:5,Tile:12,Tile:0,Tile:7,Tile:3,Map,Tile:8,Tile:5,Tile:10,Tile:6,Map,Destroy,Tile:6-Tile:14,Tile:9,Tile:8,Bonus,Tile:15,Tile:8,Tile:13-Map,Tile:6,Tile:5,Malus,Tile:7,Malus,Destroy-Tile:nugget,Tile:hidden2,Tile:hidden1
Tile:13 5 4 1
Map 12 3 0
Tile:5 4 4 1
Tile:6 6 4 0
Drop 1 0 1
Tile:5 6 3 0
Tile:9_flip 5 6 1
Tile:7 7 3 0
Drop 0 0 1
Destroy 6 3 0
Tile:9 4 5 1
Destroy 6 4 0
Tile:6 7 4 1
Tile:7 8 4 0
Map 12 7 1
Tile:7_flip 6 3 0
Tile:0 6 4 1
Tile:10 6 2 0
Tile:8 5 7 1
Tile:0 4 7 0
Tile:8 8 5 1
Tile:8 9 5 0
Drop 1 0 1
Tile:9 9 4 0
Tile:1 6 7 1
Malus 0 0 0
Drop 5 0 1
Drop 6 0 0
Drop 2 0 1
Drop 6 0 0
Drop 3 0 1
Drop 6 0 0
Map 12 7 1
Malus 0 0 0
Drop 0 0 1
Drop 6 0 0
Drop 3 0 1
Tile:9 9 3 0
Drop 6 0 1
Tile:6 10 3 0
Drop 6 0 1
Destroy 6 7 0
Drop 0 0 1
Tile:7 9 2 0
Drop 4 0 1
Tile:7 10 4 0
Drop 2 0 1
Tile:5 10 2 0
Drop 0 0 1
Tile:6 11 2 0
Drop 0 0 1
Drop 1 0 0
Drop 1 0 1
Drop 0 0 0
Drop 0 0 1
GAMEOVER DRAW
# Game ended: Sun Apr 12 19:05:26 EDT 2020
