# Server version 0.08 running on localhost:8123
# Game ID: 52
# Board class: Saboteur.SaboteurBoard
# Timeout: 20000
# First Move Timeout: 30000
# Date: Sun Apr 12 03:10:07 EDT 2020
# Player 1: Player-0, '260776911', running on localhost
# Player 2: Player-1, 'RandomPlayer', running on localhost
START Player-0 260776911
START Player-1 RandomPlayer
BoardInit:Map,Tile:8,Tile:9,Map,Destroy,Destroy,Tile:0,Destroy,Tile:12,Tile:4,Tile:9,Tile:14,Tile:1,Tile:3,Malus,Tile:2,Map,Tile:9,Tile:6,Tile:10,Tile:6,Tile:10,Tile:9,Tile:5,Tile:8,Tile:7,Bonus,Tile:15,Tile:0,Tile:8,Tile:6,Tile:5,Tile:0,Tile:8,Tile:6,Bonus,Map,Tile:11,Tile:5,Tile:10,Tile:0-Tile:5,Tile:7,Tile:7,Tile:6,Map,Map,Tile:9-Bonus,Bonus,Tile:7,Tile:7,Tile:8,Tile:13,Malus-Tile:hidden1,Tile:nugget,Tile:hidden2
Tile:7 6 5 1
Tile:7 5 4 0
Map 12 5 1
Tile:7_flip 4 4 0
Map 12 7 1
Tile:8 4 3 0
Tile:5_flip 5 3 1
Tile:13 4 2 0
Tile:9 5 6 1
Malus 0 0 0
Drop 1 0 1
Tile:8 4 1 0
Destroy 4 3 1
Map 12 3 0
Map 12 7 1
Destroy 4 1 0
Drop 1 0 1
Destroy 4 2 0
Map 12 7 1
Tile:4 5 2 0
Drop 2 0 1
Tile:14 5 7 0
Drop 3 0 1
Tile:3_flip 4 7 0
Drop 5 0 1
Tile:2 4 3 0
Drop 0 0 1
Tile:9 3 3 0
Drop 2 0 1
Tile:10 3 2 0
Drop 1 0 1
Tile:10 3 1 0
Drop 4 0 1
Tile:5 3 0 0
Drop 3 0 1
Tile:7 4 0 0
Drop 3 0 1
Tile:15 4 1 0
Map 12 5 1
Tile:8 6 6 0
Drop 2 0 1
Tile:5 4 5 0
Drop 0 0 1
Tile:8 7 6 0
Drop 4 0 1
Tile:11 6 7 0
Drop 2 0 1
Tile:10 3 4 0
Drop 0 0 1
Drop 0 0 0
Drop 0 0 1
Drop 0 0 0
Drop 1 0 1
Drop 0 0 0
Drop 0 0 1
GAMEOVER DRAW
# Game ended: Sun Apr 12 03:10:07 EDT 2020
