# Server version 0.08 running on localhost:8123
# Game ID: 245
# Board class: Saboteur.SaboteurBoard
# Timeout: 20000
# First Move Timeout: 30000
# Date: Sun Apr 12 18:50:46 EDT 2020
# Player 1: Player-0, '260776911', running on localhost
# Player 2: Player-1, 'RandomPlayer', running on localhost
START Player-0 260776911
START Player-1 RandomPlayer
BoardInit:Bonus,Tile:14,Tile:0,Tile:8,Tile:5,Tile:10,Map,Map,Tile:7,Malus,Destroy,Bonus,Map,Destroy,Tile:8,Tile:4,Tile:6,Tile:7,Tile:2,Tile:9,Tile:6,Tile:3,Bonus,Tile:6,Tile:0,Tile:12,Tile:9,Tile:10,Tile:11,Tile:7,Tile:5,Tile:0,Tile:13,Tile:5,Tile:7,Tile:6,Map,Tile:5,Tile:1,Tile:8,Tile:8-Tile:0,Malus,Map,Tile:7,Tile:9,Tile:15,Bonus-Tile:6,Map,Tile:9,Tile:9,Tile:10,Tile:8,Destroy-Tile:nugget,Tile:hidden1,Tile:hidden2
Drop 2 0 1
Map 12 3 0
Drop 5 0 1
Drop 6 0 0
Tile:9_flip 5 6 1
Tile:9_flip 5 7 0
Tile:0 4 5 1
Tile:8 5 4 0
Drop 2 0 1
Drop 6 0 0
Tile:0 6 5 1
Tile:6 6 4 0
Map 12 7 1
Tile:9 6 3 0
Destroy 5 7 1
Tile:10 6 2 0
Tile:5_flip 7 4 1
Drop 6 0 0
Tile:8 3 5 1
Destroy 6 2 0
Tile:6_flip 7 3 1
Tile:10 6 2 0
Tile:7 7 5 1
Drop 6 0 0
Tile:7 8 3 1
Destroy 6 2 0
Tile:2_flip 2 5 1
Drop 6 0 0
Tile:9 1 5 1
Tile:7 6 2 0
Malus 0 0 1
Bonus 0 0 0
Tile:0 5 2 1
Tile:9 8 4 0
Tile:11 5 7 1
Tile:6 9 4 0
Tile:6_flip 4 6 1
Malus 0 0 0
Map 12 5 1
Tile:8 10 4 0
Map 12 5 1
Tile:10 9 3 0
Bonus 0 0 1
Tile:7 9 2 0
Tile:8 3 6 1
Tile:0 11 4 0
Tile:1 12 4 1
Tile:5 10 3 0
Tile:5_flip 7 6 1
Tile:6 11 3 0
GAMEOVER WINNER 0
# Game ended: Sun Apr 12 18:50:46 EDT 2020
