# Server version 0.08 running on localhost:8123
# Game ID: 3
# Board class: Saboteur.SaboteurBoard
# Timeout: 20000
# First Move Timeout: 30000
# Date: Fri Apr 10 15:58:25 EDT 2020
# Player 1: Player-0, 'RandomPlayer', running on localhost
# Player 2: Player-1, 'RandomPlayer', running on localhost
START Player-0 RandomPlayer
START Player-1 RandomPlayer
BoardInit:Tile:12,Tile:3,Map,Map,Tile:7,Tile:9,Map,Tile:10,Tile:15,Tile:7,Malus,Bonus,Tile:8,Destroy,Malus,Tile:1,Tile:0,Bonus,Tile:8,Tile:5,Tile:9,Bonus,Tile:5,Tile:14,Tile:8,Tile:10,Map,Tile:6,Tile:7,Tile:5,Tile:0,Tile:4,Tile:6,Destroy,Tile:6,Destroy,Tile:9,Tile:5,Tile:13,Bonus,Tile:10-Tile:8,Tile:11,Tile:7,Tile:6,Map,Tile:8,Tile:6-Tile:9,Tile:0,Map,Tile:9,Tile:0,Tile:2,Tile:7-Tile:hidden1,Tile:nugget,Tile:hidden2
Map 12 3 1
Tile:9_flip 6 5 0
Drop 5 0 1
Tile:9_flip 5 6 0
Tile:11 5 7 1
Map 12 5 0
Tile:6_flip 6 7 1
Tile:7 5 4 0
Tile:12 7 7 1
Tile:2_flip 4 6 0
Tile:8 3 6 1
Drop 3 0 0
Map 12 3 1
Tile:7_flip 2 6 0
Tile:7_flip 6 8 1
Tile:3 7 8 0
Malus 0 0 1
Drop 1 0 0
Tile:7_flip 4 4 1
Destroy 6 8 0
Tile:8 4 3 1
Drop 4 0 0
Tile:15 7 9 1
Bonus 0 0 0
Map 12 7 1
Tile:0 5 3 0
Tile:5 4 5 1
Tile:14_flip 2 5 0
Drop 2 0 1
Drop 2 0 0
Tile:9 4 2 1
Tile:5 3 3 0
Tile:7_flip 5 8 1
Tile:10 3 7 0
Tile:8 7 10 1
Tile:6_flip 6 10 0
Tile:6 6 3 1
Tile:5_flip 5 2 0
Tile:6_flip 5 10 1
Tile:10 4 1 0
Tile:9_flip 3 5 1
Destroy 5 3 0
Tile:0 5 3 1
Destroy 4 6 0
Tile:10 3 4 1
Tile:4_flip 6 6 0
Tile:8 4 6 1
Tile:5 4 10 0
Tile:8 6 11 1
Tile:9 5 1 0
Tile:13 6 8 1
Drop 0 0 0
Map 12 7 1
Drop 0 0 0
Malus 0 0 1
GAMEOVER DRAW
# Game ended: Fri Apr 10 15:58:25 EDT 2020
