# Server version 0.08 running on localhost:8123
# Game ID: 89
# Board class: Saboteur.SaboteurBoard
# Timeout: 20000
# First Move Timeout: 30000
# Date: Sun Apr 12 10:20:55 EDT 2020
# Player 1: Player-0, '260776911', running on localhost
# Player 2: Player-1, 'RandomPlayer', running on localhost
START Player-0 260776911
START Player-1 RandomPlayer
BoardInit:Tile:0,Tile:7,Tile:5,Map,Destroy,Tile:9,Tile:4,Map,Tile:0,Destroy,Tile:8,Tile:6,Malus,Tile:10,Tile:10,Map,Tile:1,Bonus,Tile:8,Tile:5,Tile:12,Tile:9,Bonus,Tile:0,Tile:8,Tile:15,Tile:6,Map,Tile:8,Tile:10,Bonus,Tile:5,Tile:9,Tile:6,Tile:9,Tile:6,Tile:5,Tile:7,Tile:9,Map,Tile:7-Bonus,Tile:0,Tile:11,Tile:6,Tile:7,Destroy,Tile:8-Tile:3,Map,Tile:14,Tile:2,Tile:13,Malus,Tile:7-Tile:hidden2,Tile:nugget,Tile:hidden1
Tile:0 4 5 1
Malus 0 0 0
Bonus 0 0 1
Tile:2_flip 6 5 0
Drop 1 0 1
Tile:7 5 4 0
Tile:5_flip 7 5 1
Tile:13 7 4 0
Destroy 5 4 1
Tile:9 5 6 0
Destroy 5 6 1
Drop 2 0 0
Tile:8 6 4 1
Tile:6 3 5 0
Tile:8 5 4 1
Destroy 5 4 0
Drop 1 0 1
Map 12 5 0
Tile:11 5 4 1
Tile:7_flip 2 5 0
Tile:10 5 6 1
Tile:5 2 4 0
Tile:8 5 7 1
Tile:9_flip 5 8 0
Tile:0 4 7 1
Map 12 5 0
Tile:12 8 4 1
Tile:0 6 7 0
Tile:0 7 7 1
Tile:3 7 3 0
Tile:4 5 3 1
Map 12 5 0
Tile:8 3 7 1
Tile:10 3 8 0
Tile:9_flip 3 4 1
Map 12 5 0
Tile:6_flip 2 7 1
Drop 5 0 0
Tile:9 3 9 1
Tile:5_flip 3 10 0
Tile:8 2 10 1
Map 12 7 0
Drop 5 0 1
Tile:10 2 9 0
Drop 4 0 1
Tile:15 2 8 0
Tile:7_flip 1 10 1
Drop 2 0 0
Malus 0 0 1
Bonus 0 0 0
Tile:1 1 7 1
Tile:6 5 9 0
Drop 1 0 1
Map 12 3 0
Drop 0 0 1
GAMEOVER DRAW
# Game ended: Sun Apr 12 10:20:55 EDT 2020
