# Server version 0.08 running on localhost:8123
# Game ID: 154
# Board class: Saboteur.SaboteurBoard
# Timeout: 20000
# First Move Timeout: 30000
# Date: Sun Apr 12 14:23:59 EDT 2020
# Player 1: Player-0, '260776911', running on localhost
# Player 2: Player-1, 'RandomPlayer', running on localhost
START Player-0 260776911
START Player-1 RandomPlayer
BoardInit:Tile:8,Tile:6,Tile:5,Tile:13,Destroy,Tile:3,Tile:11,Tile:12,Tile:9,Map,Tile:10,Map,Tile:2,Bonus,Tile:10,Tile:4,Tile:14,Tile:9,Map,Tile:9,Tile:6,Tile:7,Tile:15,Map,Tile:8,Tile:5,Tile:9,Bonus,Bonus,Bonus,Tile:1,Tile:7,Tile:10,Tile:7,Tile:8,Tile:0,Tile:7,Tile:0,Tile:8,Malus,Malus-Destroy,Destroy,Tile:9,Tile:0,Tile:6,Tile:6,Map-Tile:8,Tile:5,Tile:0,Tile:5,Tile:6,Tile:7,Map-Tile:hidden1,Tile:hidden2,Tile:nugget
Tile:6 4 5 1
Map 12 3 0
Tile:6_flip 6 5 1
Tile:8 4 4 0
Tile:5_flip 6 6 1
Tile:5 4 3 0
Tile:9_flip 5 4 1
Tile:0 3 4 0
Tile:8 2 4 1
Tile:5 2 3 0
Destroy 2 3 1
Map 12 5 0
Tile:9 5 6 1
Drop 6 0 0
Destroy 2 4 1
Drop 3 0 0
Drop 0 0 1
Drop 3 0 0
Destroy 4 5 1
Drop 3 0 0
Map 12 7 1
Drop 4 0 0
Tile:11_flip 5 7 1
Tile:6 5 8 0
Tile:2_flip 2 4 1
Drop 6 0 0
Tile:6_flip 4 8 1
Tile:7 6 8 0
Tile:14 7 5 1
Tile:6 4 7 0
Tile:10 2 3 1
Tile:9 3 7 0
Tile:1 1 4 1
Tile:9 3 6 0
Tile:9 3 8 1
Tile:7 4 6 0
Tile:15 3 9 1
Tile:5_flip 3 10 0
Tile:7 2 2 1
Tile:7_flip 4 9 0
Tile:8 5 3 1
Malus 0 0 0
Map 12 5 1
Tile:7 5 9 0
Drop 3 0 1
Tile:0 2 10 0
Drop 4 0 1
Tile:0 1 10 0
Drop 2 0 1
Drop 0 0 0
Drop 0 0 1
Drop 0 0 0
Bonus 0 0 1
Drop 0 0 0
Tile:8 1 2 1
GAMEOVER DRAW
# Game ended: Sun Apr 12 14:23:59 EDT 2020
