# Server version 0.08 running on localhost:8123
# Game ID: 117
# Board class: Saboteur.SaboteurBoard
# Timeout: 20000
# First Move Timeout: 30000
# Date: Sun Apr 12 11:48:31 EDT 2020
# Player 1: Player-0, '260776911', running on localhost
# Player 2: Player-1, 'RandomPlayer', running on localhost
START Player-0 260776911
START Player-1 RandomPlayer
BoardInit:Tile:8,Tile:2,Map,Malus,Tile:6,Map,Tile:12,Tile:7,Tile:7,Map,Tile:15,Tile:10,Map,Bonus,Tile:9,Destroy,Tile:0,Tile:8,Map,Tile:4,Tile:9,Bonus,Destroy,Tile:7,Tile:3,Tile:9,Tile:11,Tile:6,Destroy,Tile:13,Tile:7,Tile:9,Tile:14,Tile:0,Tile:0,Tile:5,Tile:6,Tile:7,Tile:6,Tile:10,Tile:8-Bonus,Tile:6,Map,Bonus,Tile:8,Tile:5,Tile:8-Tile:5,Tile:0,Tile:9,Tile:1,Malus,Tile:10,Tile:5-Tile:hidden2,Tile:hidden1,Tile:nugget
Drop 3 0 1
Malus 0 0 0
Drop 5 0 1
Tile:5 5 4 0
Drop 4 0 1
Malus 0 0 0
Map 12 5 1
Map 12 3 0
Map 12 5 1
Tile:0 6 4 0
Bonus 0 0 1
Map 12 5 0
Drop 0 0 1
Tile:9 5 6 0
Map 12 7 1
Tile:1 6 5 0
Drop 5 0 1
Tile:10 5 7 0
Drop 3 0 1
Tile:5 4 5 0
Map 12 7 1
Tile:2 6 6 0
Drop 0 0 1
Tile:7 7 4 0
Destroy 5 6 1
Tile:10 4 6 0
Drop 0 0 1
Destroy 4 5 0
Drop 5 0 1
Tile:8 4 5 0
Destroy 4 5 1
Tile:4_flip 4 7 0
Drop 6 0 1
Tile:7 7 6 0
Drop 3 0 1
Tile:9 4 5 0
Drop 3 0 1
Tile:6 5 8 0
Drop 6 0 1
Tile:13 6 8 0
Drop 2 0 1
Tile:9 5 6 0
Drop 0 0 1
Tile:0 4 8 0
Drop 4 0 1
Tile:5 3 8 0
Drop 2 0 1
Tile:7 4 4 0
Drop 0 0 1
Tile:10 3 9 0
Drop 0 0 1
Drop 0 0 0
Drop 1 0 1
Drop 0 0 0
Drop 0 0 1
GAMEOVER DRAW
# Game ended: Sun Apr 12 11:48:32 EDT 2020
