# Server version 0.08 running on localhost:8123
# Game ID: 388
# Board class: Saboteur.SaboteurBoard
# Timeout: 20000
# First Move Timeout: 30000
# Date: Sun Apr 12 20:38:47 EDT 2020
# Player 1: Player-0, '260776911', running on localhost
# Player 2: Player-1, 'RandomPlayer', running on localhost
START Player-0 260776911
START Player-1 RandomPlayer
BoardInit:Tile:9,Map,Map,Tile:8,Tile:0,Tile:6,Tile:13,Tile:1,Tile:15,Malus,Tile:8,Tile:8,Map,Tile:6,Tile:8,Malus,Tile:6,Tile:12,Tile:10,Tile:10,Tile:7,Bonus,Map,Destroy,Map,Tile:14,Tile:7,Bonus,Tile:6,Bonus,Tile:9,Tile:10,Tile:2,Tile:7,Tile:7,Tile:11,Tile:0,Tile:8,Tile:5,Tile:0,Tile:9-Tile:4,Tile:3,Map,Bonus,Tile:6,Tile:5,Tile:5-Destroy,Tile:7,Destroy,Tile:5,Tile:9,Tile:0,Tile:9-Tile:nugget,Tile:hidden2,Tile:hidden1
Tile:6 6 5 1
Destroy 6 5 0
Tile:4 5 4 1
Drop 6 0 0
Tile:5_flip 5 6 1
Destroy 5 4 0
Map 12 3 1
Tile:9_flip 5 4 0
Tile:3 6 5 1
Drop 6 0 0
Drop 2 0 1
Malus 0 0 0
Drop 6 0 1
Tile:7_flip 6 6 0
Bonus 0 0 1
Tile:5_flip 7 6 0
Drop 0 0 1
Malus 0 0 0
Drop 1 0 1
Drop 6 0 0
Map 12 3 1
Tile:8 5 3 0
Map 12 7 1
Tile:8 6 3 0
Drop 4 0 1
Destroy 6 5 0
Drop 0 0 1
Drop 6 0 0
Drop 5 0 1
Tile:6_flip 6 2 0
Map 12 3 1
Tile:6 4 6 0
Drop 6 0 1
Tile:9_flip 7 2 0
Drop 3 0 1
Tile:7 7 1 0
Drop 3 0 1
Drop 6 0 0
Drop 6 0 1
Tile:8 4 4 0
Drop 2 0 1
Tile:0 3 4 0
Drop 0 0 1
Tile:0 6 1 0
Drop 4 0 1
Tile:10 7 5 0
Drop 2 0 1
Drop 0 0 0
Drop 0 0 1
Drop 0 0 0
Drop 0 0 1
Tile:10 7 4 0
Drop 1 0 1
Drop 0 0 0
Drop 0 0 1
GAMEOVER DRAW
# Game ended: Sun Apr 12 20:38:47 EDT 2020
