# Server version 0.08 running on localhost:8123
# Game ID: 447
# Board class: Saboteur.SaboteurBoard
# Timeout: 20000
# First Move Timeout: 30000
# Date: Mon Apr 13 16:44:00 EDT 2020
# Player 1: Player-0, '260776911', running on localhost
# Player 2: Player-1, 'RandomPlayer', running on localhost
START Player-0 260776911
START Player-1 RandomPlayer
BoardInit:Tile:6,Tile:0,Tile:11,Map,Tile:5,Tile:8,Map,Tile:8,Tile:9,Tile:9,Map,Tile:9,Destroy,Bonus,Tile:6,Tile:5,Tile:0,Tile:14,Map,Malus,Bonus,Tile:1,Tile:15,Tile:7,Tile:10,Tile:10,Bonus,Tile:9,Tile:5,Destroy,Tile:3,Tile:7,Tile:8,Tile:7,Tile:0,Tile:12,Tile:0,Tile:10,Tile:7,Tile:8,Tile:7-Tile:2,Tile:8,Tile:9,Malus,Tile:4,Map,Destroy-Tile:6,Bonus,Tile:6,Tile:6,Tile:5,Tile:13,Map-Tile:hidden1,Tile:nugget,Tile:hidden2
Tile:2 6 5 1
Map 12 3 0
Tile:4_flip 5 6 1
Drop 5 0 0
Tile:8 7 5 1
Map 12 5 0
Drop 6 0 1
Tile:6 7 6 0
Tile:6 8 5 1
Tile:6 9 5 0
Tile:9_flip 7 4 1
Tile:6 10 5 0
Tile:9 4 5 1
Tile:0 11 5 0
Tile:11 9 4 1
Tile:8 10 4 0
Destroy 10 5 1
Tile:8 10 5 0
Tile:0 8 6 1
Drop 6 0 0
Drop 4 0 1
Malus 0 0 0
Map 12 3 1
Drop 6 0 0
Drop 0 0 1
Tile:5_flip 11 4 0
Map 12 7 1
Tile:9 10 6 0
Bonus 0 0 1
Tile:7 9 6 0
Tile:6_flip 11 3 1
Destroy 6 5 0
Tile:15 4 6 1
Tile:7 11 6 0
Tile:3_flip 4 7 1
Tile:10 11 7 0
Tile:8 7 3 1
Drop 6 0 0
Tile:0 6 5 1
GAMEOVER WINNER 1
# Game ended: Mon Apr 13 16:44:01 EDT 2020
