# Server version 0.08 running on localhost:8123
# Game ID: 372
# Board class: Saboteur.SaboteurBoard
# Timeout: 20000
# First Move Timeout: 30000
# Date: Sun Apr 12 20:34:56 EDT 2020
# Player 1: Player-0, '260776911', running on localhost
# Player 2: Player-1, 'RandomPlayer', running on localhost
START Player-0 260776911
START Player-1 RandomPlayer
BoardInit:Tile:1,Tile:6,Tile:7,Tile:5,Tile:0,Tile:12,Tile:14,Tile:8,Tile:6,Tile:13,Tile:2,Map,Bonus,Destroy,Map,Tile:7,Malus,Tile:8,Tile:7,Tile:10,Tile:10,Tile:8,Map,Tile:4,Tile:0,Tile:5,Map,Tile:9,Bonus,Tile:0,Tile:0,Tile:11,Tile:7,Tile:6,Tile:9,Malus,Tile:10,Map,Tile:8,Destroy,Tile:5-Tile:15,Tile:9,Destroy,Tile:5,Map,Tile:7,Tile:6-Bonus,Tile:8,Tile:9,Bonus,Tile:9,Tile:3,Tile:6-Tile:hidden1,Tile:hidden2,Tile:nugget
Tile:6 5 6 1
Drop 5 0 0
Tile:5 4 6 1
Tile:6 4 5 0
Drop 2 0 1
Tile:9_flip 6 6 0
Tile:9_flip 6 7 1
Drop 6 0 0
Tile:14 6 8 1
Tile:6_flip 5 7 0
Tile:7 6 5 1
Drop 6 0 0
Tile:7_flip 4 7 1
Drop 6 0 0
Tile:6 5 8 1
Destroy 6 8 0
Tile:1 4 8 1
Tile:5_flip 6 8 0
Drop 5 0 1
Tile:7 4 4 0
Map 12 3 1
Tile:8 3 4 0
Tile:7_flip 3 5 1
Tile:10 3 3 0
Tile:2 3 2 1
Drop 6 0 0
Tile:15 5 4 1
Tile:8 4 2 0
Map 12 3 1
Tile:5 2 2 0
Tile:0 2 4 1
Tile:9 1 4 0
Tile:10 1 3 1
Drop 6 0 0
Tile:7_flip 4 3 1
Tile:9_flip 5 2 0
Tile:9_flip 5 1 1
Malus 0 0 0
Bonus 0 0 1
Drop 6 0 0
Drop 1 0 1
Destroy 1 3 0
Tile:5_flip 2 3 1
Tile:8 4 1 0
Tile:8 5 3 1
Tile:6 3 1 0
Map 12 5 1
Tile:0 2 1 0
Drop 0 0 1
Tile:8 3 8 0
Tile:0 1 1 1
Drop 1 0 0
Tile:10 5 0 1
Drop 0 0 0
Drop 0 0 1
GAMEOVER DRAW
# Game ended: Sun Apr 12 20:34:56 EDT 2020
