# Server version 0.08 running on client.openvpn.net:8123
# Game ID: 283
# Board class: Saboteur.SaboteurBoard
# Timeout: 20000
# First Move Timeout: 30000
# Date: Sun Apr 12 19:30:44 EDT 2020
# Player 1: Player-0, '260776911', running on client.openvpn.net
# Player 2: Player-1, 'RandomPlayer', running on client.openvpn.net
START Player-0 260776911
START Player-1 RandomPlayer
BoardInit:Tile:12,Tile:6,Tile:1,Tile:9,Tile:0,Tile:15,Malus,Tile:6,Tile:11,Tile:0,Tile:9,Map,Tile:13,Bonus,Tile:7,Bonus,Tile:6,Destroy,Tile:0,Bonus,Tile:9,Tile:8,Tile:7,Tile:10,Bonus,Tile:8,Tile:9,Tile:8,Map,Tile:10,Map,Destroy,Tile:8,Tile:7,Destroy,Tile:5,Map,Tile:5,Tile:5,Tile:6,Tile:7-Tile:2,Map,Tile:0,Tile:10,Tile:3,Map,Tile:7-Malus,Tile:8,Tile:4,Tile:6,Tile:9,Tile:14,Tile:5-Tile:hidden2,Tile:hidden1,Tile:nugget
Tile:7 5 4 1
Drop 2 0 0
Tile:3_flip 4 5 1
Drop 4 0 0
Tile:12 6 5 1
Tile:8 5 6 0
Drop 2 0 1
Drop 6 0 0
Map 12 3 1
Tile:6 5 7 0
Tile:1 6 6 1
Tile:9_flip 7 6 0
Drop 0 0 1
Map 12 3 0
Tile:9 7 5 1
Tile:5 7 4 0
Drop 1 0 1
Tile:6 8 4 0
Tile:6_flip 6 7 1
Destroy 6 5 0
Malus 0 0 1
Bonus 0 0 0
Tile:11 8 3 1
Tile:9_flip 7 7 0
Tile:7_flip 6 8 1
Tile:6 9 3 0
Tile:0 8 5 1
Tile:0 9 4 0
Drop 2 0 1
Tile:8 10 3 0
Tile:9 9 2 1
Tile:8 10 4 0
Tile:7 8 2 1
Destroy 6 6 0
Map 12 5 1
Tile:10 10 5 0
Destroy 10 3 1
Tile:8 10 3 0
Tile:9_flip 11 3 1
Tile:10 10 6 0
Map 12 5 1
Tile:7 6 5 0
Tile:13 10 2 1
Tile:5_flip 11 4 0
Drop 4 0 1
Tile:5_flip 10 7 0
Map 12 5 1
Tile:6 6 6 0
Tile:7 11 2 1
Drop 1 0 0
Drop 1 0 1
Drop 0 0 0
Tile:8 4 4 1
Drop 0 0 0
Tile:10 9 1 1
GAMEOVER DRAW
# Game ended: Sun Apr 12 19:30:45 EDT 2020
