# Server version 0.08 running on localhost:8123
# Game ID: 216
# Board class: Saboteur.SaboteurBoard
# Timeout: 20000
# First Move Timeout: 30000
# Date: Sun Apr 12 18:00:14 EDT 2020
# Player 1: Player-0, '260776911', running on localhost
# Player 2: Player-1, 'RandomPlayer', running on localhost
START Player-0 260776911
START Player-1 RandomPlayer
BoardInit:Tile:10,Tile:8,Tile:0,Tile:6,Tile:6,Tile:9,Tile:15,Tile:4,Tile:1,Tile:8,Map,Tile:7,Tile:2,Tile:6,Tile:7,Tile:8,Tile:0,Tile:11,Tile:0,Tile:6,Bonus,Tile:6,Map,Bonus,Tile:9,Tile:0,Map,Tile:8,Destroy,Tile:7,Destroy,Tile:14,Map,Tile:8,Destroy,Tile:9,Tile:10,Tile:13,Tile:9,Bonus,Tile:9-Bonus,Map,Tile:5,Tile:5,Tile:5,Map,Tile:3-Malus,Tile:7,Tile:7,Tile:10,Malus,Tile:12,Tile:5-Tile:nugget,Tile:hidden1,Tile:hidden2
Map 12 5 1
Drop 5 0 0
Drop 1 0 1
Tile:7 6 5 0
Tile:5_flip 6 6 1
Malus 0 0 0
Drop 2 0 1
Tile:7 5 4 0
Drop 5 0 1
Drop 6 0 0
Bonus 0 0 1
Malus 0 0 0
Drop 4 0 1
Tile:5 4 4 0
Map 12 7 1
Tile:8 4 5 0
Drop 5 0 1
Tile:10 4 6 0
Drop 3 0 1
Drop 6 0 0
Drop 2 0 1
Tile:6 3 5 0
Drop 3 0 1
Tile:9 2 5 0
Drop 5 0 1
Tile:8 2 4 0
Drop 3 0 1
Tile:7 2 3 0
Drop 5 0 1
Tile:6 1 3 0
Map 12 3 1
Tile:8 1 2 0
Destroy 6 6 1
Drop 6 0 0
Map 12 3 1
Tile:6 6 6 0
Destroy 2 3 1
Tile:6 7 6 0
Destroy 6 6 1
Drop 6 0 0
Drop 6 0 1
Tile:0 8 6 0
Drop 4 0 1
Tile:8 6 6 0
Drop 4 0 1
Tile:7 9 6 0
Drop 2 0 1
Tile:9 7 5 0
Drop 0 0 1
Tile:8 7 4 0
Drop 0 0 1
Drop 0 0 0
Drop 1 0 1
Drop 0 0 0
Drop 0 0 1
GAMEOVER DRAW
# Game ended: Sun Apr 12 18:00:14 EDT 2020
