# Server version 0.08 running on localhost:8123
# Game ID: 259
# Board class: Saboteur.SaboteurBoard
# Timeout: 20000
# First Move Timeout: 30000
# Date: Sun Apr 12 19:11:46 EDT 2020
# Player 1: Player-0, '260776911', running on localhost
# Player 2: Player-1, 'RandomPlayer', running on localhost
START Player-0 260776911
START Player-1 RandomPlayer
BoardInit:Map,Map,Tile:10,Bonus,Tile:9,Tile:15,Tile:9,Tile:6,Tile:0,Bonus,Tile:5,Tile:5,Tile:10,Map,Tile:6,Tile:9,Tile:8,Tile:8,Tile:9,Tile:0,Tile:7,Tile:8,Tile:14,Tile:6,Tile:2,Tile:7,Tile:0,Tile:10,Tile:7,Tile:5,Tile:7,Tile:8,Tile:5,Malus,Destroy,Bonus,Tile:6,Destroy,Tile:7,Map,Tile:9-Tile:0,Destroy,Map,Tile:12,Tile:11,Malus,Bonus-Tile:3,Tile:6,Tile:8,Map,Tile:4,Tile:1,Tile:13-Tile:hidden2,Tile:nugget,Tile:hidden1
Tile:11_flip 5 4 1
Map 12 3 0
Drop 1 0 1
Map 12 5 0
Tile:10 5 3 1
Drop 0 0 0
Tile:9 4 5 1
Drop 2 0 0
Map 12 3 1
Drop 2 0 0
Tile:0 6 5 1
Drop 2 0 0
Drop 0 0 1
Drop 3 0 0
Tile:10 5 6 1
Drop 6 0 0
Tile:6_flip 7 5 1
Tile:6 7 6 0
Tile:9 4 4 1
Tile:6 8 5 0
Malus 0 0 1
Bonus 0 0 0
Tile:5 6 6 1
Tile:5 8 4 0
Tile:9_flip 4 3 1
Tile:9_flip 9 4 0
Tile:7 8 6 1
Tile:8 9 5 0
Tile:14_flip 4 2 1
Tile:8 10 5 0
Tile:2_flip 6 7 1
Tile:0 11 5 0
GAMEOVER WINNER 0
# Game ended: Sun Apr 12 19:11:46 EDT 2020
