# Server version 0.08 running on localhost:8123
# Game ID: 143
# Board class: Saboteur.SaboteurBoard
# Timeout: 20000
# First Move Timeout: 30000
# Date: Sun Apr 12 13:48:00 EDT 2020
# Player 1: Player-0, '260776911', running on localhost
# Player 2: Player-1, 'RandomPlayer', running on localhost
START Player-0 260776911
START Player-1 RandomPlayer
BoardInit:Tile:7,Tile:10,Tile:0,Tile:13,Map,Tile:5,Map,Map,Bonus,Map,Destroy,Tile:9,Tile:9,Malus,Tile:6,Tile:8,Tile:11,Tile:9,Map,Tile:8,Tile:5,Tile:4,Tile:8,Tile:0,Malus,Bonus,Tile:0,Tile:10,Tile:15,Tile:8,Tile:8,Destroy,Tile:6,Destroy,Tile:10,Tile:7,Tile:12,Tile:5,Tile:6,Tile:9,Tile:1-Tile:6,Tile:7,Tile:6,Tile:3,Map,Tile:14,Tile:7-Tile:5,Bonus,Tile:2,Tile:0,Tile:9,Bonus,Tile:7-Tile:nugget,Tile:hidden2,Tile:hidden1
Tile:14_flip 4 5 1
Tile:5 5 4 0
Tile:3_flip 4 6 1
Tile:2 6 4 0
Tile:6 5 6 1
Tile:0 6 6 0
Tile:6 6 5 1
Tile:9_flip 7 4 0
Drop 3 0 1
Map 12 3 0
Drop 4 0 1
Drop 6 0 0
Destroy 4 5 1
Drop 4 0 0
Tile:9 4 5 1
Malus 0 0 0
Drop 5 0 1
Tile:7 4 4 0
Drop 1 0 1
Tile:10 7 3 0
Map 12 3 1
Tile:5 3 4 0
Map 12 7 1
Drop 6 0 0
Drop 2 0 1
Tile:9 7 2 0
Drop 0 0 1
Tile:8 7 5 0
Drop 6 0 1
Tile:9 7 1 0
Drop 1 0 1
Tile:8 7 6 0
Drop 4 0 1
Tile:0 8 1 0
Drop 3 0 1
Tile:10 3 5 0
Drop 3 0 1
Tile:8 7 0 0
Drop 6 0 1
Destroy 3 4 0
Drop 2 0 1
Destroy 3 5 0
Drop 0 0 1
Tile:7 8 2 0
Drop 4 0 1
Tile:5 3 4 0
Drop 2 0 1
Tile:9 6 0 0
Drop 0 0 1
Drop 0 0 0
Drop 0 0 1
Drop 0 0 0
Drop 1 0 1
Drop 0 0 0
Drop 0 0 1
GAMEOVER DRAW
# Game ended: Sun Apr 12 13:48:00 EDT 2020
