# Server version 0.08 running on localhost:8123
# Game ID: 94
# Board class: Saboteur.SaboteurBoard
# Timeout: 20000
# First Move Timeout: 30000
# Date: Sun Apr 12 10:58:26 EDT 2020
# Player 1: Player-0, '260776911', running on localhost
# Player 2: Player-1, 'RandomPlayer', running on localhost
START Player-0 260776911
START Player-1 RandomPlayer
BoardInit:Bonus,Tile:4,Tile:6,Tile:6,Tile:0,Tile:10,Tile:8,Tile:10,Bonus,Tile:6,Tile:9,Tile:0,Map,Tile:3,Bonus,Map,Bonus,Tile:9,Tile:2,Tile:8,Destroy,Tile:6,Tile:11,Tile:12,Map,Tile:5,Tile:0,Tile:8,Tile:9,Tile:9,Map,Tile:5,Malus,Tile:7,Tile:0,Tile:8,Tile:5,Tile:6,Tile:15,Destroy,Map-Tile:10,Malus,Tile:13,Tile:7,Tile:7,Destroy,Tile:5-Tile:7,Tile:1,Tile:8,Tile:7,Map,Tile:14,Tile:9-Tile:hidden1,Tile:nugget,Tile:hidden2
Malus 0 0 1
Map 12 3 0
Tile:13 4 5 1
Drop 0 0 0
Tile:7_flip 5 6 1
Drop 0 0 0
Tile:6_flip 6 6 1
Drop 0 0 0
Tile:5_flip 6 5 1
Drop 0 0 0
Drop 2 0 1
Drop 0 0 0
Tile:7_flip 6 7 1
Drop 0 0 0
Tile:0 7 7 1
Drop 0 0 0
Tile:10 5 4 1
Map 12 3 0
Tile:8 3 5 1
Drop 0 0 0
Tile:2_flip 3 6 1
Drop 0 0 0
Tile:9 2 5 1
Drop 0 0 0
Drop 0 0 1
Drop 0 0 0
Tile:11 6 4 1
Drop 0 0 0
Tile:0 7 6 1
Drop 0 0 0
Tile:9_flip 4 4 1
Drop 0 0 0
Map 12 3 1
Drop 0 0 0
Map 12 7 1
Drop 0 0 0
Drop 3 0 1
Drop 0 0 0
Tile:0 8 6 1
Drop 0 0 0
Drop 0 0 1
Destroy 2 5 0
Malus 0 0 1
Drop 0 0 0
Tile:5 2 5 1
Drop 0 0 0
Map 12 3 1
Drop 0 0 0
Drop 2 0 1
Drop 0 0 0
Map 12 3 1
Drop 0 0 0
Drop 1 0 1
Drop 0 0 0
Drop 0 0 1
GAMEOVER DRAW
# Game ended: Sun Apr 12 10:58:26 EDT 2020
