# Server version 0.08 running on localhost:8123
# Game ID: 67
# Board class: Saboteur.SaboteurBoard
# Timeout: 20000
# First Move Timeout: 30000
# Date: Sun Apr 12 04:19:36 EDT 2020
# Player 1: Player-0, '260776911', running on localhost
# Player 2: Player-1, 'RandomPlayer', running on localhost
START Player-0 260776911
START Player-1 RandomPlayer
BoardInit:Tile:8,Tile:7,Tile:14,Tile:8,Destroy,Map,Map,Tile:7,Map,Tile:4,Tile:9,Bonus,Tile:7,Map,Map,Tile:5,Tile:8,Tile:7,Tile:9,Tile:6,Tile:1,Tile:0,Tile:5,Tile:10,Tile:11,Tile:0,Tile:9,Map,Tile:10,Tile:6,Tile:0,Malus,Tile:12,Tile:9,Destroy,Tile:15,Bonus,Tile:5,Tile:6,Bonus,Tile:6-Tile:8,Tile:10,Tile:9,Bonus,Tile:2,Tile:5,Tile:8-Tile:6,Tile:7,Tile:3,Tile:0,Malus,Destroy,Tile:13-Tile:hidden1,Tile:nugget,Tile:hidden2
Tile:5 4 5 1
Tile:6 4 6 0
Tile:2_flip 6 5 1
Tile:7 5 4 0
Tile:8 5 6 1
Tile:3 6 6 0
Tile:9 6 4 1
Tile:0 4 4 0
Destroy 6 4 1
Malus 0 0 0
Map 12 3 1
Destroy 4 4 0
Drop 6 0 1
Tile:13 3 6 0
Map 12 5 1
Tile:7 3 5 0
Drop 0 0 1
Tile:8 2 5 0
Map 12 7 1
Map 12 3 0
Drop 2 0 1
Tile:7 2 4 0
Drop 3 0 1
Tile:4 6 4 0
Drop 5 0 1
Map 12 3 0
Drop 0 0 1
Tile:5 1 4 0
Drop 5 0 1
Tile:7 7 5 0
Drop 0 0 1
Tile:6 1 5 0
Drop 6 0 1
Tile:0 0 5 0
Drop 3 0 1
Tile:10 3 7 0
Destroy 4 5 1
Tile:0 4 4 0
Drop 0 0 1
Map 12 3 0
Drop 4 0 1
Tile:6 2 6 0
Drop 5 0 1
Malus 0 0 0
Drop 4 0 1
Tile:9 3 8 0
Drop 2 0 1
Tile:15 3 9 0
Drop 0 0 1
Tile:5 1 6 0
Drop 0 0 1
Drop 0 0 0
Drop 1 0 1
Drop 0 0 0
Drop 0 0 1
GAMEOVER DRAW
# Game ended: Sun Apr 12 04:19:36 EDT 2020
