# Server version 0.08 running on localhost:8123
# Game ID: 145
# Board class: Saboteur.SaboteurBoard
# Timeout: 20000
# First Move Timeout: 30000
# Date: Sun Apr 12 14:01:19 EDT 2020
# Player 1: Player-0, '260776911', running on localhost
# Player 2: Player-1, 'RandomPlayer', running on localhost
START Player-0 260776911
START Player-1 RandomPlayer
BoardInit:Tile:9,Tile:13,Tile:4,Bonus,Bonus,Map,Tile:5,Tile:6,Tile:8,Malus,Tile:2,Bonus,Tile:9,Tile:10,Tile:11,Tile:8,Tile:10,Map,Tile:6,Tile:5,Tile:9,Map,Tile:6,Tile:1,Tile:5,Tile:5,Tile:8,Map,Malus,Tile:7,Tile:10,Tile:9,Tile:8,Tile:8,Destroy,Tile:6,Destroy,Tile:9,Tile:0,Tile:0,Map-Tile:14,Tile:0,Bonus,Tile:0,Destroy,Tile:15,Map-Tile:7,Tile:7,Tile:7,Tile:7,Tile:12,Tile:6,Tile:3-Tile:hidden2,Tile:nugget,Tile:hidden1
Tile:14 5 6 1
Tile:7 5 4 0
Drop 1 0 1
Tile:7 6 5 0
Map 12 3 1
Tile:7_flip 4 4 0
Tile:0 4 6 1
Map 12 3 0
Tile:5 3 6 1
Tile:7 4 3 0
Drop 2 0 1
Malus 0 0 0
Destroy 4 4 1
Tile:12_flip 3 3 0
Drop 5 0 1
Tile:6 3 7 0
Drop 1 0 1
Tile:3 4 7 0
Drop 3 0 1
Map 12 5 0
Drop 2 0 1
Drop 0 0 0
Drop 0 0 1
Drop 6 0 0
Drop 2 0 1
Drop 6 0 0
Drop 0 0 1
Tile:6 2 7 0
Drop 5 0 1
Drop 6 0 0
Drop 1 0 1
Tile:10 2 6 0
Drop 4 0 1
Tile:8 2 5 0
Drop 0 0 1
Tile:5 2 4 0
Drop 3 0 1
Tile:5 1 5 0
Destroy 3 6 1
Tile:7 3 4 0
Destroy 4 6 1
Tile:9 3 6 0
Drop 4 0 1
Tile:8 3 5 0
Drop 1 0 1
Tile:6 1 7 0
Map 12 5 1
Tile:9 0 7 0
Drop 0 0 1
Tile:0 4 5 0
Drop 0 0 1
Drop 0 0 0
Drop 1 0 1
Drop 0 0 0
Drop 0 0 1
GAMEOVER DRAW
# Game ended: Sun Apr 12 14:01:19 EDT 2020
