# Server version 0.08 running on localhost:8123
# Game ID: 11
# Board class: Saboteur.SaboteurBoard
# Timeout: 20000
# First Move Timeout: 30000
# Date: Sat Apr 11 21:46:26 EDT 2020
# Player 1: Player-0, 'RandomPlayer', running on localhost
# Player 2: Player-1, 'Human', running on localhost
START Player-0 RandomPlayer
START Player-1 Human
BoardInit:Bonus,Map,Tile:7,Tile:6,Tile:9,Destroy,Map,Tile:6,Tile:10,Tile:11,Tile:7,Tile:8,Tile:12,Tile:5,Bonus,Tile:8,Destroy,Tile:14,Tile:6,Destroy,Map,Tile:5,Tile:4,Bonus,Tile:0,Tile:8,Map,Tile:7,Tile:9,Bonus,Tile:1,Tile:13,Tile:2,Tile:9,Map,Tile:7,Tile:0,Tile:6,Tile:10,Tile:7,Tile:9-Malus,Map,Tile:0,Tile:10,Tile:5,Tile:3,Malus-Tile:6,Tile:0,Tile:8,Tile:15,Tile:9,Tile:8,Tile:5-Tile:hidden1,Tile:hidden2,Tile:nugget
Tile:0 6 5 1
Tile:8 4 5 0
Map 12 5 1
Tile:6_flip 4 4 0
Tile:7 7 5 1
Tile:9 3 5 0
Tile:9 7 6 1
Tile:6_flip 8 6 0
Map 12 7 1
Tile:8 3 6 0
Tile:5_flip 9 6 1
Tile:5 9 5 0
Tile:7 10 5 1
Destroy 8 6 0
Tile:10 10 6 1
Tile:8 3 7 0
Malus 0 0 1
Map 12 7 0
Tile:10 7 7 1
Drop 3 0 0
Tile:6 10 7 1
Destroy 9 5 0
Tile:12 4 7 1
Drop 0 0 0
Map 12 3 1
Drop 5 0 0
Tile:0 8 6 1
Drop 0 0 0
Malus 0 0 1
Drop 6 0 0
Tile:9 9 5 1
Drop 4 0 0
Destroy 4 7 1
Drop 4 0 0
Tile:1 2 7 1
Drop 0 0 0
Drop 6 0 1
Drop 4 0 0
Tile:0 11 7 1
GAMEOVER WINNER 1
# Game ended: Sat Apr 11 21:51:29 EDT 2020
