# Server version 0.08 running on localhost:8123
# Game ID: 201
# Board class: Saboteur.SaboteurBoard
# Timeout: 20000
# First Move Timeout: 30000
# Date: Sun Apr 12 15:02:58 EDT 2020
# Player 1: Player-0, '260776911', running on localhost
# Player 2: Player-1, 'RandomPlayer', running on localhost
START Player-0 260776911
START Player-1 RandomPlayer
BoardInit:Bonus,Tile:8,Map,Malus,Tile:15,Tile:13,Tile:4,Tile:9,Tile:8,Bonus,Map,Map,Bonus,Destroy,Tile:5,Tile:11,Tile:0,Tile:10,Tile:8,Bonus,Tile:7,Tile:6,Tile:14,Tile:0,Tile:8,Tile:10,Tile:9,Tile:0,Tile:6,Tile:9,Tile:6,Tile:5,Tile:7,Map,Tile:5,Map,Tile:2,Malus,Tile:0,Tile:9,Tile:1-Tile:7,Tile:5,Tile:9,Tile:8,Tile:3,Tile:10,Tile:7-Tile:6,Tile:12,Tile:6,Destroy,Destroy,Tile:7,Map-Tile:hidden2,Tile:nugget,Tile:hidden1
Tile:9 4 5 1
Drop 6 0 0
Tile:3_flip 4 6 1
Drop 1 0 0
Tile:8 5 6 1
Destroy 4 6 0
Tile:15 5 4 1
Drop 6 0 0
Tile:7 6 5 1
Destroy 5 4 0
Drop 1 0 1
Tile:6 6 6 0
Tile:5 5 4 1
Drop 6 0 0
Map 12 7 1
Tile:6 6 4 0
Tile:4 4 4 1
Drop 6 0 0
Tile:8 7 4 1
Destroy 4 4 0
Tile:7 6 3 1
Tile:7 7 6 0
Tile:5_flip 7 7 1
Tile:8 8 4 0
Tile:7_flip 7 5 1
Tile:9 7 3 0
Tile:8 9 4 1
Tile:10 7 2 0
Tile:14 9 5 1
Tile:6 8 5 0
Tile:9_flip 10 4 1
Tile:0 6 7 0
Drop 1 0 1
Tile:10 7 1 0
Tile:7_flip 5 3 1
Drop 6 0 0
Tile:8 10 3 1
Drop 6 0 0
Tile:6_flip 11 3 1
Tile:0 13 3 0
Tile:2 7 0 1
Tile:9 6 0 0
Tile:6 12 4 1
Tile:5 9 3 0
Drop 4 0 1
Tile:9 10 5 0
Drop 3 0 1
Malus 0 0 0
Drop 0 0 1
Malus 0 0 0
Drop 0 0 1
Drop 0 0 0
Drop 1 0 1
Drop 0 0 0
Drop 0 0 1
GAMEOVER DRAW
# Game ended: Sun Apr 12 15:02:58 EDT 2020
