# Server version 0.08 running on localhost:8123
# Game ID: 150
# Board class: Saboteur.SaboteurBoard
# Timeout: 20000
# First Move Timeout: 30000
# Date: Sun Apr 12 14:17:14 EDT 2020
# Player 1: Player-0, '260776911', running on localhost
# Player 2: Player-1, 'RandomPlayer', running on localhost
START Player-0 260776911
START Player-1 RandomPlayer
BoardInit:Tile:5,Bonus,Tile:4,Tile:7,Tile:9,Tile:8,Tile:8,Bonus,Tile:7,Map,Tile:5,Tile:10,Tile:5,Tile:6,Destroy,Map,Tile:7,Tile:15,Tile:0,Destroy,Tile:12,Map,Malus,Tile:6,Tile:9,Tile:9,Destroy,Tile:5,Tile:7,Tile:11,Tile:6,Tile:3,Tile:0,Tile:13,Tile:8,Tile:0,Tile:8,Tile:7,Tile:2,Tile:6,Tile:6-Map,Tile:9,Tile:10,Tile:14,Tile:8,Map,Tile:10-Malus,Bonus,Tile:1,Map,Bonus,Tile:0,Tile:9-Tile:nugget,Tile:hidden1,Tile:hidden2
Map 12 5 1
Malus 0 0 0
Map 12 3 1
Map 12 3 0
Drop 4 0 1
Drop 1 0 0
Drop 5 0 1
Tile:0 6 5 0
Drop 1 0 1
Tile:9 5 4 0
Drop 4 0 1
Drop 6 0 0
Drop 0 0 1
Tile:7 5 3 0
Drop 0 0 1
Tile:8 4 3 0
Drop 0 0 1
Drop 6 0 0
Destroy 6 5 1
Drop 6 0 0
Drop 2 0 1
Tile:10 4 2 0
Drop 0 0 1
Drop 6 0 0
Drop 5 0 1
Tile:6 3 3 0
Drop 0 0 1
Destroy 3 3 0
Drop 2 0 1
Tile:6 3 3 0
Destroy 4 2 1
Drop 6 0 0
Drop 4 0 1
Drop 6 0 0
Drop 0 0 1
Drop 6 0 0
Drop 4 0 1
Tile:9 3 2 0
Drop 0 0 1
Tile:5 3 1 0
Drop 4 0 1
Tile:0 4 1 0
Drop 5 0 1
Tile:7 4 2 0
Drop 4 0 1
Tile:6 2 3 0
Drop 3 0 1
Drop 0 0 0
Drop 2 0 1
Drop 0 0 0
Drop 0 0 1
Drop 0 0 0
Malus 0 0 1
Bonus 0 0 0
Drop 0 0 1
GAMEOVER DRAW
# Game ended: Sun Apr 12 14:17:15 EDT 2020
