# Server version 0.08 running on 192.168.1.106:8123
# Game ID: 41
# Board class: Saboteur.SaboteurBoard
# Timeout: 20000
# First Move Timeout: 30000
# Date: Sun Apr 12 00:40:57 EDT 2020
# Player 1: Player-0, 'RandomPlayer', running on 192.168.1.106
# Player 2: Player-1, '260776911', running on 192.168.1.106
START Player-0 RandomPlayer
START Player-1 260776911
BoardInit:Tile:7,Tile:6,Tile:8,Tile:6,Tile:9,Tile:0,Map,Tile:5,Tile:1,Tile:5,Tile:7,Tile:3,Tile:10,Tile:9,Map,Tile:12,Tile:14,Tile:15,Map,Bonus,Tile:8,Tile:10,Tile:9,Tile:7,Tile:8,Bonus,Tile:4,Map,Tile:11,Tile:5,Map,Tile:6,Bonus,Tile:8,Destroy,Malus,Tile:0,Malus,Tile:7,Destroy,Tile:6-Destroy,Map,Tile:5,Tile:0,Tile:9,Tile:10,Tile:8-Tile:2,Tile:13,Tile:0,Tile:7,Tile:6,Bonus,Tile:9-Tile:nugget,Tile:hidden1,Tile:hidden2
Map 12 3 1
Tile:0 6 5 0
Destroy 6 5 1
Tile:9 5 6 0
Tile:5 5 4 1
Tile:2_flip 5 7 0
Tile:0 6 4 1
Tile:13 6 6 0
Tile:9 4 5 1
Tile:6 7 4 0
Tile:10 4 4 1
Tile:6_flip 4 3 0
Tile:8 3 3 1
Tile:6 4 7 0
Tile:7 3 2 1
Tile:3 6 5 0
Tile:8 2 2 1
Tile:12_flip 3 7 0
Tile:9 2 1 1
Drop 3 0 0
Map 12 3 1
Tile:7 2 0 0
Tile:1 1 0 1
Tile:5_flip 3 1 0
Tile:7 7 6 1
Tile:7 8 4 0
Tile:10 3 0 1
Tile:15 4 6 0
Map 12 3 1
Tile:9 8 5 0
Tile:14 3 4 1
Tile:0 0 0 0
Map 12 3 1
Tile:6 6 7 0
Tile:8 2 3 1
Tile:5 1 3 0
Tile:9 1 4 1
Tile:8 2 4 0
Tile:8 1 5 1
Tile:10 8 6 0
Tile:4 7 3 1
Drop 6 0 0
Tile:11 1 6 1
Malus 0 0 0
Map 12 3 1
Drop 0 0 0
Bonus 0 0 1
Map 12 5 0
Destroy 0 0 1
Malus 0 0 0
Drop 0 0 1
Drop 0 0 0
Drop 0 0 1
Drop 0 0 0
Drop 0 0 1
GAMEOVER DRAW
# Game ended: Sun Apr 12 00:40:57 EDT 2020
