# Server version 0.08 running on localhost:8123
# Game ID: 341
# Board class: Saboteur.SaboteurBoard
# Timeout: 20000
# First Move Timeout: 30000
# Date: Sun Apr 12 20:28:24 EDT 2020
# Player 1: Player-0, '260776911', running on localhost
# Player 2: Player-1, 'RandomPlayer', running on localhost
START Player-0 260776911
START Player-1 RandomPlayer
BoardInit:Tile:7,Tile:9,Tile:4,Tile:11,Tile:7,Bonus,Tile:5,Bonus,Tile:6,Tile:6,Tile:7,Malus,Malus,Tile:5,Tile:9,Tile:13,Tile:9,Bonus,Map,Destroy,Tile:6,Tile:14,Tile:5,Tile:7,Tile:2,Map,Tile:0,Tile:10,Tile:5,Bonus,Destroy,Tile:3,Tile:10,Map,Tile:7,Tile:6,Map,Tile:0,Tile:6,Tile:9,Tile:1-Tile:9,Tile:8,Map,Tile:10,Tile:12,Tile:8,Tile:8-Map,Destroy,Tile:8,Tile:15,Tile:0,Tile:8,Tile:0-Tile:nugget,Tile:hidden1,Tile:hidden2
Tile:8 6 5 1
Drop 0 0 0
Drop 5 0 1
Drop 2 0 0
Map 12 5 1
Drop 6 0 0
Tile:8 5 4 1
Destroy 5 4 0
Tile:10 5 6 1
Tile:9 4 5 0
Tile:7 7 5 1
Tile:6 7 6 0
Tile:5_flip 4 6 1
Malus 0 0 0
Drop 5 0 1
Tile:0 3 6 0
Drop 1 0 1
Drop 6 0 0
Drop 3 0 1
Tile:0 8 6 0
Drop 6 0 1
Destroy 3 6 0
Drop 3 0 1
Drop 6 0 0
Drop 2 0 1
Tile:5_flip 9 6 0
Drop 0 0 1
Drop 6 0 0
Drop 5 0 1
Tile:7_flip 3 6 0
Drop 0 0 1
Tile:10 3 5 0
Destroy 9 6 1
Drop 6 0 0
Drop 3 0 1
Drop 6 0 0
Drop 3 0 1
Tile:6 9 6 0
Map 12 5 1
Tile:8 10 6 0
Drop 2 0 1
Tile:8 10 7 0
Drop 0 0 1
Tile:0 11 6 0
Drop 4 0 1
Tile:9_flip 5 4 0
Drop 2 0 1
Drop 2 0 0
Drop 0 0 1
Drop 1 0 0
Drop 0 0 1
Drop 1 0 0
Drop 1 0 1
Drop 0 0 0
Drop 0 0 1
GAMEOVER DRAW
# Game ended: Sun Apr 12 20:28:24 EDT 2020
