# Server version 0.08 running on localhost:8123
# Game ID: 80
# Board class: Saboteur.SaboteurBoard
# Timeout: 20000
# First Move Timeout: 30000
# Date: Sun Apr 12 04:49:53 EDT 2020
# Player 1: Player-0, '260776911', running on localhost
# Player 2: Player-1, 'RandomPlayer', running on localhost
START Player-0 260776911
START Player-1 RandomPlayer
BoardInit:Bonus,Tile:8,Tile:9,Destroy,Tile:9,Tile:7,Tile:5,Tile:4,Malus,Tile:9,Tile:6,Tile:6,Tile:12,Tile:7,Tile:6,Map,Map,Bonus,Tile:13,Tile:0,Tile:5,Tile:6,Tile:8,Map,Tile:3,Bonus,Tile:10,Destroy,Map,Tile:1,Tile:8,Tile:7,Map,Tile:8,Map,Tile:14,Tile:2,Tile:7,Tile:15,Tile:10,Destroy-Tile:0,Tile:0,Bonus,Tile:5,Tile:9,Tile:7,Tile:11-Tile:6,Tile:10,Malus,Tile:5,Tile:0,Tile:9,Tile:8-Tile:hidden1,Tile:nugget,Tile:hidden2
Tile:11 4 5 1
Tile:6 4 6 0
Tile:0 6 5 1
Tile:10 4 4 0
Tile:9_flip 5 6 1
Malus 0 0 0
Drop 5 0 1
Tile:5 4 3 0
Drop 0 0 1
Tile:0 5 3 0
Drop 1 0 1
Tile:9 3 6 0
Drop 4 0 1
Tile:8 3 7 0
Malus 0 0 1
Destroy 3 6 0
Drop 6 0 1
Map 12 3 0
Drop 5 0 1
Bonus 0 0 0
Drop 1 0 1
Tile:8 3 6 0
Drop 5 0 1
Tile:7 3 5 0
Drop 0 0 1
Tile:4 5 4 0
Map 12 5 1
Tile:9 2 5 0
Drop 6 0 1
Tile:6 2 6 0
Drop 3 0 1
Tile:7 2 4 0
Map 12 7 1
Tile:0 1 4 0
Drop 4 0 1
Tile:6 0 4 0
Map 12 7 1
Map 12 3 0
Map 12 5 1
Destroy 0 4 0
Drop 4 0 1
Tile:1 0 4 0
Destroy 0 4 1
Tile:7 4 7 0
Drop 4 0 1
Tile:8 0 4 0
Drop 3 0 1
Tile:14 0 5 0
Drop 2 0 1
Tile:7 0 3 0
Drop 0 0 1
Tile:10 3 8 0
Drop 1 0 1
Drop 0 0 0
Drop 0 0 1
GAMEOVER DRAW
# Game ended: Sun Apr 12 04:49:53 EDT 2020
