# Server version 0.08 running on 192.168.1.106:8123
# Game ID: 149
# Board class: Saboteur.SaboteurBoard
# Timeout: 20000
# First Move Timeout: 30000
# Date: Sun Apr 12 14:16:04 EDT 2020
# Player 1: Player-0, '260776911', running on 192.168.1.106
# Player 2: Player-1, 'RandomPlayer', running on 192.168.1.106
START Player-0 260776911
START Player-1 RandomPlayer
BoardInit:Destroy,Tile:7,Map,Bonus,Tile:10,Tile:8,Tile:14,Bonus,Tile:7,Tile:10,Bonus,Map,Tile:4,Tile:2,Tile:7,Tile:9,Tile:6,Tile:0,Tile:7,Tile:0,Tile:12,Tile:8,Destroy,Tile:9,Map,Tile:0,Malus,Tile:11,Bonus,Tile:1,Tile:8,Tile:5,Tile:8,Tile:13,Malus,Map,Tile:6,Destroy,Map,Tile:5,Tile:5-Tile:3,Tile:8,Tile:15,Tile:5,Tile:6,Tile:7,Tile:6-Tile:9,Tile:10,Tile:6,Tile:9,Tile:9,Tile:0,Map-Tile:hidden2,Tile:nugget,Tile:hidden1
Tile:15 5 6 1
Drop 6 0 0
Tile:7 5 4 1
Tile:9 4 4 0
Tile:6 4 5 1
Tile:10 4 3 0
Tile:10 4 2 1
Tile:6 3 5 0
Map 12 5 1
Tile:9 2 5 0
Tile:14_flip 2 4 1
Tile:9 2 6 0
Destroy 3 5 1
Drop 6 0 0
Tile:7 3 4 1
Drop 6 0 0
Tile:3 3 6 1
Tile:0 6 5 0
Tile:8 2 7 1
Tile:7 4 1 0
Tile:7_flip 2 8 1
Tile:8 3 7 0
Tile:6_flip 1 7 1
Tile:10 1 8 0
Drop 5 0 1
Tile:9 0 7 0
Tile:5_flip 3 8 1
Tile:0 4 7 0
Tile:6 5 7 1
Drop 6 0 0
Tile:4 0 6 1
Drop 6 0 0
Destroy 4 4 1
Tile:0 3 1 0
Tile:7 7 5 1
Drop 6 0 0
Tile:8 2 1 1
Drop 6 0 0
Tile:6_flip 1 1 1
Destroy 0 6 0
Drop 6 0 1
Tile:8 0 6 0
Tile:5_flip 7 6 1
Tile:9 0 5 0
Tile:8 0 4 1
Tile:0 0 1 0
Map 12 7 1
Tile:5 0 3 0
Drop 0 0 1
Tile:5 2 0 0
Drop 0 0 1
Drop 0 0 0
Malus 0 0 1
Bonus 0 0 0
Drop 0 0 1
GAMEOVER DRAW
# Game ended: Sun Apr 12 14:16:04 EDT 2020
