# Server version 0.08 running on localhost:8123
# Game ID: 49
# Board class: Saboteur.SaboteurBoard
# Timeout: 20000
# First Move Timeout: 30000
# Date: Sun Apr 12 02:44:21 EDT 2020
# Player 1: Player-0, 'RandomPlayer', running on localhost
# Player 2: Player-1, '260776911', running on localhost
START Player-0 RandomPlayer
START Player-1 260776911
BoardInit:Tile:7,Tile:10,Tile:0,Tile:5,Tile:8,Map,Malus,Malus,Tile:6,Tile:8,Tile:14,Tile:4,Tile:7,Destroy,Tile:1,Tile:0,Tile:8,Tile:11,Tile:7,Tile:8,Tile:9,Tile:12,Tile:9,Tile:9,Destroy,Tile:6,Tile:15,Tile:13,Map,Bonus,Bonus,Destroy,Map,Tile:2,Tile:5,Map,Tile:8,Tile:0,Tile:10,Tile:9,Tile:10-Bonus,Tile:5,Tile:5,Tile:0,Tile:9,Tile:3,Bonus-Map,Tile:6,Tile:6,Tile:7,Tile:6,Map,Tile:7-Tile:hidden2,Tile:nugget,Tile:hidden1
Tile:5 5 4 1
Tile:6 6 4 0
Tile:5 4 5 1
Drop 1 0 0
Tile:0 6 5 1
Map 12 3 0
Tile:9 4 6 1
Map 12 7 0
Tile:3 6 3 1
Tile:6 7 5 0
Tile:7 7 4 1
Tile:7 8 5 0
Tile:0 5 3 1
Drop 0 0 0
Tile:8 4 7 1
Destroy 8 5 0
Malus 0 0 1
Drop 0 0 0
Tile:6 5 6 1
Malus 0 0 0
Bonus 0 0 1
Map 12 7 0
Tile:14 4 8 1
Drop 0 0 0
Tile:7 5 7 1
Drop 2 0 0
Tile:1 3 7 1
Drop 0 0 0
Tile:8 2 7 1
Drop 5 0 0
Tile:7 2 6 1
Drop 1 0 0
Tile:9 1 6 1
Destroy 4 5 0
Tile:9 1 5 1
Drop 0 0 0
Destroy 1 5 1
Map 12 7 0
Tile:15 1 5 1
Drop 0 0 0
Map 12 3 1
Drop 4 0 0
Map 12 3 1
Bonus 0 0 0
Tile:5 1 4 1
Tile:9 1 7 0
Tile:8 2 4 1
Tile:12_flip 3 8 0
Tile:10 1 8 1
Tile:9 4 5 0
Tile:10 1 9 1
Tile:0 4 3 0
Drop 0 0 1
Tile:13 3 3 0
Drop 0 0 1
GAMEOVER DRAW
# Game ended: Sun Apr 12 02:44:21 EDT 2020
