# Server version 0.08 running on 192.168.1.106:8123
# Game ID: 225
# Board class: Saboteur.SaboteurBoard
# Timeout: 20000
# First Move Timeout: 30000
# Date: Sun Apr 12 18:13:06 EDT 2020
# Player 1: Player-0, '260776911', running on 192.168.1.106
# Player 2: Player-1, 'RandomPlayer', running on 192.168.1.106
START Player-0 260776911
START Player-1 RandomPlayer
BoardInit:Destroy,Tile:7,Tile:6,Tile:0,Tile:10,Map,Tile:0,Tile:7,Tile:9,Map,Tile:8,Tile:13,Tile:6,Tile:7,Tile:7,Bonus,Tile:9,Tile:5,Tile:9,Tile:5,Bonus,Tile:4,Bonus,Tile:10,Tile:15,Tile:6,Tile:14,Malus,Map,Tile:8,Tile:2,Tile:7,Malus,Tile:5,Tile:10,Destroy,Tile:9,Tile:0,Tile:1,Map,Tile:0-Tile:3,Tile:8,Tile:8,Map,Tile:11,Tile:6,Tile:9-Bonus,Destroy,Tile:8,Map,Tile:6,Tile:12,Tile:5-Tile:hidden1,Tile:nugget,Tile:hidden2
Tile:11_flip 6 5 1
Map 12 3 0
Tile:9_flip 5 4 1
Drop 4 0 0
Drop 1 0 1
Destroy 6 5 0
Tile:8 5 6 1
Map 12 5 0
Tile:6_flip 4 4 1
Tile:8 6 5 0
Tile:9_flip 7 5 1
Drop 6 0 0
Tile:6 3 4 1
Drop 6 0 0
Tile:6 6 6 1
Tile:6 7 6 0
Tile:0 2 4 1
Tile:5 6 4 0
Tile:9_flip 8 6 1
Tile:7 7 4 0
Tile:9 8 7 1
Tile:5 8 5 0
Tile:8 5 3 1
Drop 6 0 0
Tile:7_flip 4 6 1
Tile:0 9 5 0
Destroy 7 6 1
Tile:7 10 5 0
Tile:3 5 2 1
Tile:7_flip 10 6 0
Map 12 3 1
Tile:5_flip 11 6 0
Tile:14_flip 11 5 1
Tile:6 7 6 0
Map 12 3 1
Tile:10 3 3 0
Malus 0 0 1
Bonus 0 0 0
Tile:10 5 7 1
Destroy 11 5 0
Tile:10 8 8 1
Drop 6 0 0
Drop 0 0 1
Tile:5 11 5 0
GAMEOVER WINNER 0
# Game ended: Sun Apr 12 18:13:06 EDT 2020
