# Server version 0.08 running on localhost:8123
# Game ID: 116
# Board class: Saboteur.SaboteurBoard
# Timeout: 20000
# First Move Timeout: 30000
# Date: Sun Apr 12 11:47:20 EDT 2020
# Player 1: Player-0, '260776911', running on localhost
# Player 2: Player-1, 'RandomPlayer', running on localhost
START Player-0 260776911
START Player-1 RandomPlayer
BoardInit:Tile:5,Bonus,Bonus,Tile:8,Tile:6,Tile:7,Map,Tile:14,Tile:7,Tile:6,Tile:3,Bonus,Tile:5,Map,Tile:7,Tile:9,Tile:10,Tile:0,Tile:9,Tile:7,Map,Tile:11,Malus,Tile:15,Tile:8,Tile:5,Tile:9,Tile:2,Tile:0,Tile:4,Tile:1,Tile:10,Tile:9,Tile:8,Destroy,Tile:6,Tile:10,Tile:6,Tile:0,Tile:7,Destroy-Malus,Tile:8,Map,Bonus,Tile:9,Tile:13,Map-Tile:8,Tile:0,Tile:5,Tile:12,Map,Destroy,Tile:6-Tile:hidden2,Tile:nugget,Tile:hidden1
Drop 3 0 1
Tile:8 5 4 0
Tile:9 5 3 1
Tile:0 6 3 0
Tile:5 4 5 1
Tile:5 5 2 0
Drop 2 0 1
Tile:12 6 2 0
Drop 0 0 1
Map 12 3 0
Map 12 5 1
Destroy 4 5 0
Tile:3 6 5 1
Tile:6 4 4 0
Drop 3 0 1
Tile:8 3 4 0
Tile:7 7 3 1
Tile:7 3 3 0
Tile:5 4 5 1
Tile:14 3 5 0
Tile:7_flip 7 4 1
Tile:6 2 3 0
Tile:13 2 2 1
Map 12 3 0
Tile:8 8 4 1
Tile:9 2 1 0
Tile:9 8 5 1
Tile:0 3 1 0
Tile:9_flip 4 6 1
Tile:7 2 0 0
Map 12 3 1
Tile:11 1 0 0
Tile:10 1 1 1
Tile:15 4 3 0
Tile:8 8 6 1
Tile:5 2 4 0
Destroy 2 0 1
Tile:2 2 0 0
Tile:9_flip 4 1 1
Tile:4 4 0 0
Drop 4 0 1
Tile:10 4 2 0
Tile:10 4 7 1
Tile:8 1 2 0
Drop 4 0 1
Tile:6 1 3 0
Destroy 1 1 1
Tile:6 0 2 0
Map 12 3 1
Tile:7 0 1 0
Tile:0 9 5 1
Drop 0 0 0
Malus 0 0 1
Bonus 0 0 0
Drop 0 0 1
GAMEOVER DRAW
# Game ended: Sun Apr 12 11:47:20 EDT 2020
