# Server version 0.08 running on client.openvpn.net:8123
# Game ID: 256
# Board class: Saboteur.SaboteurBoard
# Timeout: 20000
# First Move Timeout: 30000
# Date: Sun Apr 12 19:09:58 EDT 2020
# Player 1: Player-0, '260776911', running on client.openvpn.net
# Player 2: Player-1, 'RandomPlayer', running on client.openvpn.net
START Player-0 260776911
START Player-1 RandomPlayer
BoardInit:Destroy,Tile:5,Tile:7,Map,Bonus,Tile:6,Tile:14,Tile:12,Tile:5,Tile:4,Bonus,Tile:9,Tile:10,Tile:10,Destroy,Bonus,Tile:5,Tile:9,Tile:7,Tile:2,Tile:0,Tile:8,Tile:8,Bonus,Tile:10,Tile:1,Tile:9,Tile:0,Malus,Tile:13,Destroy,Tile:8,Tile:7,Tile:5,Map,Map,Tile:9,Map,Tile:15,Tile:0,Tile:7-Tile:8,Map,Tile:9,Tile:3,Tile:6,Tile:0,Tile:8-Map,Tile:7,Tile:11,Tile:6,Malus,Tile:6,Tile:6-Tile:hidden1,Tile:nugget,Tile:hidden2
Tile:3_flip 4 5 1
Map 12 3 0
Tile:9_flip 4 4 1
Drop 1 0 0
Tile:7 4 3 1
Map 12 5 0
Tile:8 3 4 1
Tile:7 6 5 0
Tile:8 2 4 1
Drop 6 0 0
Tile:5 2 3 1
Drop 6 0 0
Destroy 4 5 1
Tile:6 6 6 0
Tile:6 5 6 1
Tile:6 7 6 0
Destroy 3 4 1
Tile:6 8 6 0
Drop 1 0 1
Tile:5 7 5 0
Tile:7_flip 2 5 1
Drop 6 0 0
Tile:5_flip 9 6 1
Tile:6_flip 8 5 0
Map 12 7 1
Tile:9_flip 9 5 0
Tile:8 3 3 1
Drop 6 0 0
Drop 2 0 1
Malus 0 0 0
Drop 4 0 1
Drop 6 0 0
Destroy 5 6 1
Tile:8 9 4 0
Drop 4 0 1
Tile:0 10 4 0
Drop 0 0 1
Drop 6 0 0
Map 12 5 1
Drop 6 0 0
Drop 4 0 1
Tile:8 11 4 0
Drop 5 0 1
Tile:0 12 4 0
Drop 4 0 1
Tile:10 11 5 0
Drop 3 0 1
Tile:9 11 6 0
Drop 0 0 1
Tile:5_flip 12 6 0
GAMEOVER WINNER 0
# Game ended: Sun Apr 12 19:09:58 EDT 2020
