# Server version 0.08 running on localhost:8123
# Game ID: 158
# Board class: Saboteur.SaboteurBoard
# Timeout: 20000
# First Move Timeout: 30000
# Date: Sun Apr 12 14:24:55 EDT 2020
# Player 1: Player-0, '260776911', running on localhost
# Player 2: Player-1, 'RandomPlayer', running on localhost
START Player-0 260776911
START Player-1 RandomPlayer
BoardInit:Tile:5,Tile:10,Bonus,Tile:6,Tile:6,Tile:5,Tile:8,Tile:6,Tile:8,Tile:5,Tile:6,Tile:6,Tile:13,Tile:4,Bonus,Tile:11,Tile:7,Tile:9,Destroy,Tile:8,Tile:7,Map,Bonus,Tile:15,Map,Map,Tile:8,Tile:10,Map,Tile:9,Tile:0,Destroy,Malus,Tile:14,Tile:7,Tile:12,Tile:7,Tile:2,Map,Tile:8,Bonus-Tile:3,Map,Malus,Tile:0,Tile:0,Tile:9,Tile:9-Tile:0,Destroy,Tile:7,Tile:9,Tile:10,Tile:1,Tile:5-Tile:hidden2,Tile:hidden1,Tile:nugget
Tile:9 4 5 1
Tile:0 6 5 0
Tile:0 7 5 1
Destroy 4 5 0
Tile:3_flip 5 6 1
Tile:7 5 4 0
Map 12 5 1
Tile:9 4 4 0
Tile:8 8 5 1
Tile:10 4 3 0
Tile:9_flip 4 2 1
Tile:1 3 2 0
Tile:6 4 5 1
Tile:5 2 2 0
Tile:13 9 5 1
Tile:10 2 3 0
Tile:6_flip 10 5 1
Tile:6 2 4 0
Tile:8 10 6 1
Tile:5 1 4 0
Tile:0 6 6 1
Tile:6 1 5 0
Tile:5_flip 3 4 1
Map 12 3 0
Destroy 3 2 1
Tile:5 0 5 0
Malus 0 0 1
Map 12 3 0
Tile:8 9 6 1
Drop 0 0 0
Map 12 3 1
Drop 0 0 0
Tile:7_flip 8 6 1
Destroy 0 5 0
Drop 3 0 1
Drop 0 0 0
Drop 3 0 1
Drop 0 0 0
Tile:7_flip 9 7 1
Drop 0 0 0
Tile:7 2 5 1
Drop 0 0 0
Drop 0 0 1
Drop 0 0 0
Tile:0 11 6 1
Drop 0 0 0
Tile:7 7 6 1
Drop 0 0 0
Malus 0 0 1
Drop 0 0 0
Map 12 3 1
Drop 0 0 0
Drop 1 0 1
Drop 0 0 0
Drop 0 0 1
GAMEOVER DRAW
# Game ended: Sun Apr 12 14:24:55 EDT 2020
