# Server version 0.08 running on localhost:8123
# Game ID: 34
# Board class: Saboteur.SaboteurBoard
# Timeout: 20000
# First Move Timeout: 30000
# Date: Sat Apr 11 23:03:25 EDT 2020
# Player 1: Player-0, '260776911', running on localhost
# Player 2: Player-1, 'RandomPlayer', running on localhost
START Player-0 260776911
START Player-1 RandomPlayer
BoardInit:Map,Tile:9,Tile:6,Tile:5,Bonus,Bonus,Tile:9,Tile:10,Tile:5,Tile:1,Tile:7,Tile:8,Tile:0,Tile:7,Tile:9,Tile:6,Tile:15,Tile:0,Tile:9,Map,Malus,Bonus,Tile:13,Tile:7,Tile:7,Tile:8,Tile:2,Tile:0,Map,Destroy,Tile:6,Tile:14,Tile:11,Tile:6,Tile:8,Tile:9,Destroy,Tile:4,Tile:5,Tile:10,Malus-Tile:0,Tile:5,Map,Tile:3,Tile:10,Tile:6,Map-Destroy,Bonus,Tile:8,Tile:12,Map,Tile:8,Tile:7-Tile:nugget,Tile:hidden2,Tile:hidden1
Tile:6_flip 4 5 1
Drop 3 0 0
Tile:10 5 6 1
Tile:8 5 4 0
Tile:3_flip 4 4 1
Tile:9 3 5 0
Drop 2 0 1
Tile:5_flip 4 6 0
Tile:9_flip 4 3 1
Tile:7 6 4 0
Tile:5 3 3 1
Destroy 4 4 0
Tile:6 4 4 1
Map 12 5 0
Drop 5 0 1
Tile:8 3 4 0
Drop 0 0 1
Tile:8 3 6 0
Drop 1 0 1
Tile:6 5 7 0
Tile:9_flip 6 5 1
Tile:0 6 7 0
Tile:5_flip 3 7 1
Tile:7 4 2 0
Tile:13 7 7 1
Tile:1 8 7 0
Tile:7_flip 2 6 1
Drop 0 0 0
Tile:0 2 7 1
Tile:10 2 5 0
Tile:9 7 6 1
Map 12 3 0
Map 12 5 1
Tile:8 2 4 0
Tile:6 3 2 1
Destroy 4 2 0
Drop 6 0 1
Tile:14 7 8 0
Destroy 3 4 1
Tile:7_flip 2 2 0
Tile:5 1 7 1
Tile:4 7 5 0
Tile:2 1 4 1
Tile:9_flip 1 5 0
Tile:11 5 3 1
Tile:6_flip 4 2 0
Map 12 3 1
Tile:0 6 3 0
Drop 3 0 1
Tile:10 3 1 0
Tile:15 2 1 1
Drop 0 0 0
Malus 0 0 1
Drop 0 0 0
Drop 0 0 1
GAMEOVER DRAW
# Game ended: Sat Apr 11 23:03:25 EDT 2020
