# Server version 0.08 running on localhost:8123
# Game ID: 369
# Board class: Saboteur.SaboteurBoard
# Timeout: 20000
# First Move Timeout: 30000
# Date: Sun Apr 12 20:34:35 EDT 2020
# Player 1: Player-0, '260776911', running on localhost
# Player 2: Player-1, 'RandomPlayer', running on localhost
START Player-0 260776911
START Player-1 RandomPlayer
BoardInit:Tile:4,Tile:15,Map,Tile:6,Tile:0,Malus,Tile:2,Tile:14,Tile:5,Destroy,Tile:7,Tile:8,Tile:0,Tile:9,Tile:6,Bonus,Tile:11,Tile:7,Map,Tile:5,Tile:5,Malus,Map,Tile:1,Tile:3,Bonus,Tile:10,Tile:7,Tile:9,Map,Destroy,Tile:8,Tile:7,Tile:9,Tile:13,Tile:8,Map,Tile:8,Tile:12,Tile:7,Tile:8-Tile:10,Bonus,Bonus,Map,Tile:5,Tile:10,Tile:9-Tile:0,Tile:6,Tile:9,Destroy,Tile:6,Tile:0,Tile:6-Tile:nugget,Tile:hidden1,Tile:hidden2
Map 12 7 1
Tile:6_flip 5 4 0
Drop 1 0 1
Drop 6 0 0
Tile:9_flip 5 6 1
Destroy 5 4 0
Map 12 7 1
Malus 0 0 0
Drop 5 0 1
Drop 6 0 0
Bonus 0 0 1
Destroy 5 6 0
Tile:5_flip 5 6 1
Tile:6_flip 5 4 0
Drop 1 0 1
Tile:6 4 4 0
Drop 5 0 1
Tile:6_flip 4 5 0
Tile:7 6 4 1
Tile:9 4 3 0
Tile:6 3 5 1
Tile:9_flip 6 5 0
Tile:5 2 5 1
Malus 0 0 0
Map 12 7 1
Drop 6 0 0
Drop 3 0 1
Tile:7_flip 4 6 0
Drop 4 0 1
Tile:5_flip 5 3 0
Drop 0 0 1
Drop 6 0 0
Destroy 5 6 1
Tile:8 3 4 0
Drop 3 0 1
Tile:9 2 6 0
Drop 3 0 1
Tile:8 5 6 0
Map 12 5 1
Tile:8 5 2 0
Drop 2 0 1
Tile:8 4 2 0
Drop 0 0 1
Tile:7_flip 5 7 0
Drop 4 0 1
Tile:7 3 3 0
Drop 2 0 1
Tile:0 2 3 0
Drop 0 0 1
Tile:0 3 2 0
Drop 0 0 1
Drop 1 0 0
Drop 1 0 1
Drop 0 0 0
Drop 0 0 1
GAMEOVER DRAW
# Game ended: Sun Apr 12 20:34:35 EDT 2020
