# Server version 0.08 running on localhost:8123
# Game ID: 314
# Board class: Saboteur.SaboteurBoard
# Timeout: 20000
# First Move Timeout: 30000
# Date: Sun Apr 12 20:17:58 EDT 2020
# Player 1: Player-0, '260776911', running on localhost
# Player 2: Player-1, 'RandomPlayer', running on localhost
START Player-0 260776911
START Player-1 RandomPlayer
BoardInit:Map,Tile:9,Destroy,Malus,Tile:6,Tile:5,Map,Bonus,Tile:7,Tile:10,Tile:7,Tile:6,Tile:15,Destroy,Tile:6,Tile:9,Tile:7,Bonus,Tile:2,Bonus,Map,Map,Tile:5,Tile:9,Tile:12,Tile:11,Tile:6,Tile:8,Map,Tile:3,Bonus,Map,Tile:10,Tile:8,Tile:4,Tile:0,Tile:10,Tile:14,Tile:0,Tile:13,Tile:7-Malus,Tile:9,Tile:8,Tile:8,Tile:9,Tile:1,Tile:5-Destroy,Tile:5,Tile:8,Tile:0,Tile:6,Tile:7,Tile:0-Tile:hidden2,Tile:hidden1,Tile:nugget
Tile:1 4 5 1
Destroy 4 5 0
Tile:9 5 4 1
Tile:7 5 3 0
Tile:5_flip 6 4 1
Malus 0 0 0
Destroy 5 4 1
Tile:0 6 5 0
Map 12 3 1
Tile:9 5 4 0
Drop 1 0 1
Tile:0 4 5 0
Drop 6 0 1
Tile:5 6 3 0
Map 12 5 1
Destroy 4 5 0
Drop 1 0 1
Tile:6 5 6 0
Drop 3 0 1
Tile:6_flip 6 6 0
Drop 2 0 1
Tile:9 4 3 0
Map 12 3 1
Drop 6 0 0
Drop 5 0 1
Tile:10 6 7 0
Drop 0 0 1
Drop 6 0 0
Drop 5 0 1
Tile:9_flip 4 2 0
Map 12 3 1
Drop 6 0 0
Drop 4 0 1
Drop 6 0 0
Drop 0 0 1
Tile:8 4 5 0
Drop 4 0 1
Tile:8 4 6 0
Drop 6 0 1
Drop 6 0 0
Drop 2 0 1
Drop 6 0 0
Drop 0 0 1
Tile:8 7 5 0
Drop 4 0 1
Tile:5_flip 8 5 0
Drop 2 0 1
Drop 0 0 0
Drop 0 0 1
Tile:0 7 3 0
Drop 0 0 1
Drop 1 0 0
Drop 1 0 1
Drop 0 0 0
Drop 0 0 1
GAMEOVER DRAW
# Game ended: Sun Apr 12 20:17:58 EDT 2020
