# Server version 0.08 running on localhost:8123
# Game ID: 26
# Board class: Saboteur.SaboteurBoard
# Timeout: 20000
# First Move Timeout: 30000
# Date: Sat Apr 11 22:30:48 EDT 2020
# Player 1: Player-0, 'RandomPlayer', running on localhost
# Player 2: Player-1, 'RandomPlayer', running on localhost
START Player-0 RandomPlayer
START Player-1 RandomPlayer
BoardInit:Tile:9,Tile:7,Tile:3,Destroy,Map,Map,Destroy,Tile:6,Tile:8,Bonus,Map,Tile:6,Tile:0,Tile:7,Tile:8,Tile:10,Tile:12,Tile:9,Tile:9,Tile:0,Tile:1,Tile:6,Tile:7,Tile:10,Tile:15,Bonus,Tile:5,Map,Tile:8,Tile:2,Tile:10,Bonus,Tile:6,Tile:11,Tile:5,Tile:5,Tile:0,Tile:7,Tile:13,Tile:9,Tile:9-Tile:4,Tile:8,Bonus,Malus,Destroy,Tile:6,Tile:14-Tile:0,Tile:8,Map,Malus,Tile:5,Tile:7,Map-Tile:hidden2,Tile:nugget,Tile:hidden1
Tile:8 6 5 1
Tile:7_flip 4 5 0
Tile:9 4 4 1
Map 12 5 0
Tile:3 7 5 1
Tile:7 6 4 0
Tile:4_flip 5 6 1
Destroy 7 5 0
Destroy 6 5 1
Tile:6_flip 5 4 0
Map 12 7 1
Tile:5 4 3 0
Tile:14 5 3 1
Drop 4 0 0
Map 12 7 1
Map 12 3 0
Destroy 5 4 1
Tile:10 5 2 0
Tile:8 6 5 1
Tile:7_flip 6 6 0
Tile:6 7 6 1
Tile:8 7 5 0
Tile:9_flip 5 1 1
Tile:6_flip 4 1 0
Tile:7_flip 3 1 1
Drop 4 0 0
Tile:0 8 6 1
Tile:9 3 0 0
Tile:12 8 5 1
Tile:6_flip 5 4 0
Tile:5_flip 4 2 1
Tile:0 4 0 0
Drop 6 0 1
Tile:10 7 4 0
Tile:6_flip 5 0 1
Tile:2 9 6 0
Tile:5 7 3 1
Map 12 7 0
Malus 0 0 1
Bonus 0 0 0
Tile:15 9 7 1
Drop 2 0 0
Drop 0 0 1
Tile:9_flip 10 6 0
Tile:9_flip 9 8 1
Tile:5_flip 8 3 0
Tile:1 3 2 1
Drop 2 0 0
Tile:0 6 0 1
Tile:7_flip 10 7 0
Tile:8 2 2 1
Malus 0 0 0
Drop 1 0 1
Drop 0 0 0
Drop 0 0 1
GAMEOVER DRAW
# Game ended: Sat Apr 11 22:30:48 EDT 2020
