# Server version 0.08 running on localhost:8123
# Game ID: 457
# Board class: Saboteur.SaboteurBoard
# Timeout: 20000
# First Move Timeout: 30000
# Date: Mon Apr 13 16:47:28 EDT 2020
# Player 1: Player-0, '260776911', running on localhost
# Player 2: Player-1, 'RandomPlayer', running on localhost
START Player-0 260776911
START Player-1 RandomPlayer
BoardInit:Tile:1,Tile:5,Malus,Tile:8,Tile:13,Tile:8,Malus,Tile:15,Tile:7,Tile:5,Tile:8,Bonus,Tile:9,Map,Tile:2,Tile:10,Tile:6,Tile:5,Destroy,Tile:0,Tile:14,Tile:0,Bonus,Tile:9,Tile:9,Destroy,Tile:7,Tile:6,Tile:11,Tile:5,Tile:0,Tile:6,Map,Tile:10,Tile:3,Map,Tile:7,Map,Tile:7,Tile:4,Map-Tile:6,Destroy,Tile:10,Tile:7,Tile:8,Tile:9,Bonus-Tile:8,Map,Tile:6,Tile:12,Tile:0,Tile:9,Bonus-Tile:nugget,Tile:hidden2,Tile:hidden1
Tile:6 6 5 1
Map 12 3 0
Tile:9 6 4 1
Drop 2 0 0
Tile:7 7 4 1
Tile:8 6 3 0
Malus 0 0 1
Bonus 0 0 0
Drop 0 0 1
Drop 6 0 0
Drop 1 0 1
Tile:6 7 3 0
Drop 4 0 1
Tile:0 8 3 0
Tile:13 5 6 1
Drop 6 0 0
Tile:2_flip 5 3 1
Tile:9 6 2 0
Tile:7_flip 4 5 1
Tile:5_flip 9 3 0
Drop 3 0 1
Tile:8 9 2 0
Destroy 7 4 1
Tile:8 10 2 0
Tile:1 4 6 1
Tile:0 11 2 0
Drop 0 0 1
Destroy 4 5 0
Tile:9_flip 7 2 1
Tile:9 6 1 0
Drop 4 0 1
Tile:6 4 5 0
Tile:11_flip 10 1 1
Tile:5 4 4 0
Tile:0 12 2 1
Tile:6 4 3 0
Tile:3 7 1 1
Drop 6 0 0
Drop 4 0 1
Drop 6 0 0
Tile:7 5 4 1
Drop 6 0 0
Tile:7_flip 8 2 1
Tile:0 7 4 0
Drop 4 0 1
Tile:10 10 3 0
Map 12 3 1
Tile:5_flip 10 4 0
Tile:6_flip 3 6 1
Tile:5 9 4 0
Tile:14_flip 6 0 1
Tile:10 8 1 0
Drop 1 0 1
Drop 0 0 0
Drop 0 0 1
GAMEOVER DRAW
# Game ended: Mon Apr 13 16:47:28 EDT 2020
