# Server version 0.08 running on localhost:8123
# Game ID: 112
# Board class: Saboteur.SaboteurBoard
# Timeout: 20000
# First Move Timeout: 30000
# Date: Sun Apr 12 11:36:41 EDT 2020
# Player 1: Player-0, '260776911', running on localhost
# Player 2: Player-1, 'RandomPlayer', running on localhost
START Player-0 260776911
START Player-1 RandomPlayer
BoardInit:Tile:8,Tile:5,Map,Tile:0,Tile:7,Tile:6,Tile:7,Tile:9,Destroy,Tile:11,Tile:4,Map,Tile:9,Bonus,Bonus,Tile:8,Tile:7,Map,Tile:10,Malus,Tile:9,Tile:7,Tile:5,Tile:6,Tile:9,Tile:6,Tile:10,Malus,Tile:0,Tile:12,Tile:6,Tile:6,Destroy,Tile:5,Destroy,Bonus,Bonus,Tile:8,Map,Tile:10,Tile:5-Tile:3,Tile:14,Tile:1,Tile:15,Tile:13,Tile:0,Tile:8-Tile:2,Tile:0,Tile:7,Tile:9,Map,Map,Tile:8-Tile:hidden2,Tile:hidden1,Tile:nugget
Tile:3 6 5 1
Tile:2 5 4 0
Tile:13 6 6 1
Tile:0 6 4 0
Tile:8 5 6 1
Tile:7 7 4 0
Tile:8 4 5 1
Tile:9 4 4 0
Tile:7_flip 3 5 1
Map 12 3 0
Tile:7 3 4 1
Map 12 3 0
Tile:15 7 5 1
Tile:8 2 4 0
Destroy 6 5 1
Tile:5 2 3 0
Tile:14 5 7 1
Tile:0 3 3 0
Tile:4_flip 6 7 1
Tile:6 1 4 0
Tile:7_flip 4 7 1
Malus 0 0 0
Map 12 5 1
Tile:9 0 4 0
Drop 5 0 1
Tile:11 0 3 0
Drop 0 0 1
Map 12 3 0
Drop 6 0 1
Malus 0 0 0
Drop 1 0 1
Tile:8 0 2 0
Drop 4 0 1
Map 12 3 0
Drop 3 0 1
Tile:7 0 1 0
Destroy 5 6 1
Tile:6 1 2 0
Destroy 7 5 1
Tile:6 0 5 0
Map 12 5 1
Tile:12 1 5 0
Bonus 0 0 1
Tile:6 2 2 0
Drop 4 0 1
Tile:5 1 1 0
Drop 2 0 1
Tile:8 2 1 0
Drop 0 0 1
Tile:10 2 5 0
Drop 0 0 1
Drop 0 0 0
Drop 1 0 1
Drop 0 0 0
Drop 0 0 1
GAMEOVER DRAW
# Game ended: Sun Apr 12 11:36:41 EDT 2020
