# Server version 0.08 running on localhost:8123
# Game ID: 361
# Board class: Saboteur.SaboteurBoard
# Timeout: 20000
# First Move Timeout: 30000
# Date: Sun Apr 12 20:33:51 EDT 2020
# Player 1: Player-0, '260776911', running on localhost
# Player 2: Player-1, 'RandomPlayer', running on localhost
START Player-0 260776911
START Player-1 RandomPlayer
BoardInit:Tile:7,Tile:2,Tile:9,Tile:13,Map,Tile:6,Tile:5,Tile:6,Tile:10,Tile:1,Map,Tile:6,Bonus,Tile:9,Tile:5,Tile:5,Tile:10,Tile:5,Map,Destroy,Tile:0,Tile:11,Bonus,Tile:0,Tile:8,Tile:15,Tile:7,Tile:10,Tile:9,Tile:8,Tile:8,Tile:9,Destroy,Tile:7,Destroy,Map,Tile:9,Tile:12,Tile:8,Map,Tile:0-Tile:4,Malus,Tile:14,Map,Tile:7,Tile:7,Bonus-Tile:6,Tile:6,Tile:0,Malus,Tile:3,Bonus,Tile:8-Tile:hidden2,Tile:hidden1,Tile:nugget
Drop 2 0 1
Drop 4 0 0
Map 12 7 1
Drop 6 0 0
Tile:7 5 4 1
Drop 6 0 0
Drop 3 0 1
Tile:8 4 4 0
Drop 2 0 1
Tile:6 5 6 0
Drop 1 0 1
Drop 6 0 0
Tile:7_flip 4 6 1
Tile:6 6 6 0
Drop 2 0 1
Tile:0 7 6 0
Drop 6 0 1
Tile:6 8 6 0
Tile:9_flip 6 5 1
Tile:6 9 6 0
Tile:4 6 4 1
Destroy 6 4 0
Tile:10 6 4 1
Drop 6 0 0
Tile:0 10 6 1
Malus 0 0 0
Map 12 5 1
Drop 6 0 0
Drop 2 0 1
Tile:6 11 6 0
Bonus 0 0 1
Tile:5 11 5 0
Tile:8 9 5 1
Tile:8 4 3 0
Tile:9 9 4 1
Tile:0 10 4 0
Map 12 3 1
Drop 6 0 0
Tile:8 4 2 1
Drop 6 0 0
Tile:8 12 6 1
GAMEOVER WINNER 1
# Game ended: Sun Apr 12 20:33:51 EDT 2020
