# Server version 0.08 running on localhost:8123
# Game ID: 425
# Board class: Saboteur.SaboteurBoard
# Timeout: 20000
# First Move Timeout: 30000
# Date: Mon Apr 13 16:35:38 EDT 2020
# Player 1: Player-0, '260776911', running on localhost
# Player 2: Player-1, 'RandomPlayer', running on localhost
START Player-0 260776911
START Player-1 RandomPlayer
BoardInit:Map,Tile:7,Malus,Tile:6,Tile:10,Tile:3,Tile:8,Tile:9,Tile:7,Tile:6,Tile:8,Tile:11,Tile:9,Destroy,Tile:2,Tile:10,Map,Map,Tile:4,Bonus,Bonus,Map,Tile:9,Tile:0,Tile:15,Tile:5,Tile:14,Tile:7,Tile:8,Tile:8,Tile:7,Bonus,Tile:12,Malus,Tile:6,Tile:6,Destroy,Tile:0,Tile:0,Tile:7,Tile:5-Tile:6,Tile:5,Tile:1,Tile:5,Tile:0,Bonus,Map-Tile:8,Tile:9,Destroy,Tile:13,Tile:10,Map,Tile:9-Tile:hidden2,Tile:nugget,Tile:hidden1
Drop 3 0 1
Map 12 3 0
Map 12 5 1
Drop 3 0 0
Map 12 5 1
Tile:8 5 4 0
Drop 2 0 1
Drop 6 0 0
Tile:5 4 4 1
Tile:9 5 3 0
Tile:10 5 2 1
Destroy 5 3 0
Drop 4 0 1
Drop 6 0 0
Tile:8 4 5 1
Tile:10 5 3 0
Tile:6 6 5 1
Tile:9 5 6 0
Tile:9_flip 6 4 1
Map 12 5 0
Tile:0 6 6 1
Tile:7 7 5 0
Drop 1 0 1
Drop 6 0 0
Drop 0 0 1
Tile:6 7 6 0
Tile:9_flip 8 6 1
Tile:9 8 5 0
Tile:14 8 7 1
Destroy 8 7 0
Tile:15 6 3 1
Tile:6 9 5 0
Tile:4 6 2 1
Tile:0 10 5 0
Tile:8 5 7 1
Malus 0 0 0
Bonus 0 0 1
Tile:8 9 4 0
Tile:6_flip 9 3 1
Tile:6 10 4 0
Tile:12_flip 3 5 1
Tile:0 11 4 0
Tile:0 12 4 1
Tile:5_flip 13 4 0
Tile:2 11 5 1
Tile:10 11 6 0
Tile:7 5 1 1
Tile:7 10 3 0
Tile:7_flip 5 8 1
Tile:7_flip 8 7 0
Destroy 5 8 1
Drop 1 0 0
Tile:5_flip 11 7 1
Drop 0 0 0
Map 12 5 1
GAMEOVER DRAW
# Game ended: Mon Apr 13 16:35:38 EDT 2020
