# Server version 0.08 running on localhost:8123
# Game ID: 315
# Board class: Saboteur.SaboteurBoard
# Timeout: 20000
# First Move Timeout: 30000
# Date: Sun Apr 12 20:18:04 EDT 2020
# Player 1: Player-0, '260776911', running on localhost
# Player 2: Player-1, '260776911', running on localhost
START Player-0 260776911
START Player-1 260776911
BoardInit:Map,Tile:9,Tile:10,Destroy,Tile:3,Tile:0,Tile:5,Tile:8,Destroy,Tile:6,Bonus,Tile:4,Tile:15,Tile:9,Destroy,Tile:0,Tile:9,Tile:5,Tile:11,Map,Tile:7,Map,Tile:12,Tile:7,Tile:9,Malus,Bonus,Map,Tile:2,Tile:10,Map,Tile:6,Tile:6,Bonus,Tile:0,Tile:1,Tile:14,Bonus,Tile:0,Tile:7,Tile:5-Tile:13,Tile:8,Tile:6,Malus,Tile:9,Tile:10,Map-Tile:8,Tile:7,Tile:8,Tile:6,Tile:5,Tile:7,Tile:8-Tile:hidden1,Tile:nugget,Tile:hidden2
Drop 6 0 1
Tile:5 5 4 0
Drop 6 0 1
Tile:7 6 4 0
Drop 0 0 1
Destroy 5 4 0
Drop 6 0 1
Tile:8 5 4 0
Malus 0 0 1
Drop 3 0 0
Destroy 5 4 1
Drop 3 0 0
Tile:9_flip 5 6 1
Drop 3 0 0
Drop 6 0 1
Drop 3 0 0
Destroy 5 6 1
Drop 3 0 0
Tile:5 5 4 1
Drop 3 0 0
Drop 6 0 1
Drop 2 0 0
Tile:9 4 5 1
Drop 0 0 0
Drop 6 0 1
Drop 0 0 0
Tile:7 4 4 1
Drop 0 0 0
Tile:10 5 6 1
Map 12 5 0
Drop 6 0 1
Drop 0 0 0
Drop 6 0 1
Drop 0 0 0
Tile:9_flip 6 5 1
Bonus 0 0 0
Tile:6 3 4 1
Drop 3 0 0
Drop 6 0 1
Drop 0 0 0
Tile:6_flip 3 3 1
Drop 4 0 0
Tile:0 4 3 1
Malus 0 0 0
Bonus 0 0 1
Tile:6 5 3 0
Tile:0 6 3 1
Tile:10 6 6 0
Tile:5 2 3 1
Tile:7 7 3 0
Tile:10 5 7 1
Tile:7_flip 7 4 0
Tile:8 5 8 1
Drop 0 0 0
Drop 0 0 1
GAMEOVER DRAW
# Game ended: Sun Apr 12 20:18:04 EDT 2020
