# Server version 0.08 running on localhost:8123
# Game ID: 407
# Board class: Saboteur.SaboteurBoard
# Timeout: 20000
# First Move Timeout: 30000
# Date: Sun Apr 12 20:47:26 EDT 2020
# Player 1: Player-0, '260776911', running on localhost
# Player 2: Player-1, 'RandomPlayer', running on localhost
START Player-0 260776911
START Player-1 RandomPlayer
BoardInit:Tile:8,Tile:9,Map,Tile:5,Tile:0,Tile:6,Map,Tile:0,Tile:7,Map,Tile:9,Tile:1,Tile:8,Tile:7,Tile:6,Malus,Tile:9,Map,Destroy,Tile:7,Tile:9,Tile:12,Bonus,Map,Tile:0,Tile:5,Malus,Tile:8,Tile:3,Tile:5,Tile:13,Tile:6,Tile:15,Tile:5,Tile:7,Tile:10,Tile:11,Destroy,Tile:4,Tile:6,Tile:14-Tile:6,Bonus,Bonus,Tile:10,Tile:9,Tile:10,Destroy-Tile:7,Map,Tile:2,Tile:0,Bonus,Tile:8,Tile:8-Tile:hidden1,Tile:hidden2,Tile:nugget
Tile:9_flip 5 4 1
Drop 1 0 0
Tile:6_flip 4 4 1
Drop 1 0 0
Map 12 5 1
Tile:8 4 5 0
Drop 3 0 1
Tile:9_flip 6 5 0
Tile:8 6 6 1
Tile:5_flip 4 6 0
Drop 1 0 1
Drop 6 0 0
Tile:9 3 6 1
Drop 6 0 0
Drop 2 0 1
Tile:6_flip 3 5 0
Tile:10 3 7 1
Malus 0 0 0
Map 12 7 1
Drop 6 0 0
Destroy 3 5 1
Tile:7_flip 3 8 0
Drop 3 0 1
Drop 6 0 0
Drop 0 0 1
Drop 6 0 0
Drop 0 0 1
Tile:7 5 3 0
Drop 2 0 1
Tile:7_flip 6 7 0
Drop 4 0 1
Tile:5_flip 4 8 0
Drop 6 0 1
Tile:5 3 5 0
Drop 4 0 1
Tile:6 4 3 0
Drop 4 0 1
Tile:5 4 7 0
Drop 0 0 1
Destroy 3 5 0
Drop 4 0 1
Tile:8 7 7 0
Drop 5 0 1
Tile:10 7 8 0
Drop 4 0 1
Tile:6 3 4 0
Drop 3 0 1
Tile:8 7 6 0
Drop 2 0 1
Tile:0 8 6 0
Drop 0 0 1
Tile:0 9 6 0
Drop 1 0 1
Drop 0 0 0
Drop 0 0 1
GAMEOVER DRAW
# Game ended: Sun Apr 12 20:47:26 EDT 2020
