# Server version 0.08 running on localhost:8123
# Game ID: 300
# Board class: Saboteur.SaboteurBoard
# Timeout: 20000
# First Move Timeout: 30000
# Date: Sun Apr 12 20:15:49 EDT 2020
# Player 1: Player-0, '260776911', running on localhost
# Player 2: Player-1, 'RandomPlayer', running on localhost
START Player-0 260776911
START Player-1 RandomPlayer
BoardInit:Malus,Bonus,Tile:5,Tile:6,Tile:6,Tile:3,Tile:8,Tile:6,Tile:9,Tile:0,Tile:7,Tile:13,Destroy,Tile:9,Tile:1,Tile:0,Tile:7,Tile:10,Tile:12,Malus,Tile:8,Tile:4,Tile:10,Map,Tile:15,Map,Tile:0,Tile:8,Tile:5,Tile:2,Map,Tile:5,Tile:0,Bonus,Destroy,Tile:7,Tile:9,Tile:10,Tile:8,Map,Tile:7-Bonus,Tile:6,Tile:6,Map,Tile:11,Tile:8,Tile:7-Tile:9,Bonus,Tile:14,Destroy,Map,Tile:9,Tile:5-Tile:nugget,Tile:hidden1,Tile:hidden2
Tile:11 5 6 1
Drop 4 0 0
Tile:6 5 7 1
Drop 2 0 0
Drop 2 0 1
Destroy 5 6 0
Tile:5_flip 6 5 1
Drop 6 0 0
Tile:7_flip 4 7 1
Tile:5 5 4 0
Tile:9_flip 6 4 1
Tile:6 4 5 0
Tile:8 6 3 1
Drop 6 0 0
Tile:7 6 2 1
Tile:6_flip 3 5 0
Destroy 6 3 1
Tile:9_flip 6 3 0
Tile:6_flip 4 6 1
Tile:9_flip 4 4 0
Tile:1 2 5 1
Malus 0 0 0
Drop 5 0 1
Drop 6 0 0
Drop 0 0 1
Drop 6 0 0
Drop 0 0 1
Drop 6 0 0
Drop 5 0 1
Tile:0 5 3 0
Drop 0 0 1
Drop 6 0 0
Map 12 3 1
Tile:8 4 3 0
Drop 3 0 1
Tile:0 5 2 0
Destroy 4 4 1
Tile:5 1 5 0
Drop 6 0 1
Tile:10 4 4 0
Drop 2 0 1
Drop 6 0 0
Drop 0 0 1
Tile:7 6 7 0
Drop 4 0 1
Tile:9_flip 5 6 0
Drop 2 0 1
Drop 1 0 0
Drop 0 0 1
Drop 0 0 0
Drop 0 0 1
Drop 0 0 0
Drop 1 0 1
Tile:10 6 8 0
Drop 0 0 1
GAMEOVER DRAW
# Game ended: Sun Apr 12 20:15:49 EDT 2020
