# Server version 0.08 running on localhost:8123
# Game ID: 177
# Board class: Saboteur.SaboteurBoard
# Timeout: 20000
# First Move Timeout: 30000
# Date: Sun Apr 12 14:37:19 EDT 2020
# Player 1: Player-0, '260776911', running on localhost
# Player 2: Player-1, 'RandomPlayer', running on localhost
START Player-0 260776911
START Player-1 RandomPlayer
BoardInit:Tile:9,Tile:0,Tile:8,Tile:5,Map,Malus,Map,Tile:7,Tile:4,Map,Tile:8,Map,Tile:3,Tile:1,Destroy,Tile:0,Tile:9,Bonus,Tile:7,Bonus,Destroy,Tile:5,Tile:13,Map,Tile:11,Tile:6,Tile:7,Tile:6,Tile:9,Tile:8,Tile:2,Tile:0,Bonus,Tile:6,Tile:7,Tile:14,Tile:15,Tile:0,Tile:10,Tile:5,Tile:8-Tile:6,Destroy,Tile:10,Tile:9,Tile:9,Tile:7,Tile:6-Bonus,Tile:10,Tile:12,Map,Tile:5,Tile:8,Malus-Tile:hidden2,Tile:nugget,Tile:hidden1
Tile:9 5 6 1
Malus 0 0 0
Drop 1 0 1
Map 12 3 0
Drop 4 0 1
Tile:10 5 4 0
Map 12 5 1
Malus 0 0 0
Map 12 5 1
Tile:12 6 5 0
Drop 4 0 1
Map 12 5 0
Drop 0 0 1
Drop 6 0 0
Drop 0 0 1
Drop 6 0 0
Destroy 6 5 1
Tile:5_flip 6 5 0
Drop 3 0 1
Tile:0 6 6 0
Drop 2 0 1
Tile:8 7 6 0
Drop 5 0 1
Tile:5 6 4 0
Destroy 6 4 1
Drop 6 0 0
Drop 0 0 1
Tile:7 8 6 0
Drop 5 0 1
Tile:5 6 4 0
Drop 0 0 1
Tile:0 7 4 0
Drop 6 0 1
Tile:6 8 4 0
Drop 0 0 1
Tile:6 9 4 0
Drop 4 0 1
Drop 6 0 0
Drop 0 0 1
Tile:8 10 4 0
Drop 4 0 1
Tile:0 11 4 0
Drop 5 0 1
Tile:6 10 5 0
Drop 4 0 1
Tile:0 9 5 0
Drop 3 0 1
Tile:5 7 5 0
Drop 0 0 1
Drop 0 0 0
Drop 0 0 1
Drop 0 0 0
Drop 1 0 1
Drop 0 0 0
Drop 0 0 1
GAMEOVER DRAW
# Game ended: Sun Apr 12 14:37:19 EDT 2020
