# Server version 0.08 running on localhost:8123
# Game ID: 222
# Board class: Saboteur.SaboteurBoard
# Timeout: 20000
# First Move Timeout: 30000
# Date: Sun Apr 12 18:04:12 EDT 2020
# Player 1: Player-0, '260776911', running on localhost
# Player 2: Player-1, '260776911', running on localhost
START Player-0 260776911
START Player-1 260776911
BoardInit:Tile:6,Tile:4,Tile:8,Tile:2,Bonus,Tile:8,Map,Tile:9,Tile:5,Map,Tile:13,Destroy,Tile:7,Tile:6,Tile:5,Map,Tile:7,Tile:14,Tile:7,Tile:9,Map,Tile:10,Destroy,Tile:8,Tile:0,Tile:10,Map,Tile:9,Tile:8,Tile:9,Tile:5,Tile:0,Tile:3,Bonus,Bonus,Destroy,Tile:6,Malus,Tile:7,Bonus,Map-Malus,Tile:0,Tile:12,Tile:7,Tile:10,Tile:15,Tile:6-Tile:6,Tile:8,Tile:0,Tile:5,Tile:1,Tile:9,Tile:11-Tile:hidden2,Tile:hidden1,Tile:nugget
Drop 2 0 1
Drop 4 0 0
Drop 4 0 1
Drop 5 0 0
Tile:0 6 5 1
Drop 5 0 0
Tile:7 7 5 1
Drop 5 0 0
Map 12 3 1
Tile:6 7 6 0
Tile:6 8 6 1
Map 12 3 0
Drop 6 0 1
Tile:8 9 6 0
Tile:10 9 7 1
Tile:0 6 6 0
Tile:6 10 6 1
Drop 6 0 0
Tile:8 9 8 1
Drop 6 0 0
Tile:5 8 8 1
Tile:5_flip 10 8 0
Drop 6 0 1
Tile:9_flip 11 6 0
Tile:7_flip 11 7 1
GAMEOVER WINNER 1
# Game ended: Sun Apr 12 18:04:12 EDT 2020
