# Server version 0.08 running on localhost:8123
# Game ID: 402
# Board class: Saboteur.SaboteurBoard
# Timeout: 20000
# First Move Timeout: 30000
# Date: Sun Apr 12 20:40:43 EDT 2020
# Player 1: Player-0, '260776911', running on localhost
# Player 2: Player-1, 'RandomPlayer', running on localhost
START Player-0 260776911
START Player-1 RandomPlayer
BoardInit:Tile:7,Tile:7,Tile:5,Tile:6,Destroy,Destroy,Tile:5,Map,Malus,Tile:7,Tile:5,Map,Tile:8,Tile:15,Tile:9,Tile:5,Tile:10,Tile:6,Tile:6,Tile:7,Bonus,Bonus,Tile:0,Tile:9,Tile:0,Tile:3,Tile:10,Tile:1,Tile:13,Map,Destroy,Map,Tile:8,Tile:11,Tile:12,Tile:4,Tile:0,Bonus,Tile:8,Tile:0,Tile:6-Malus,Tile:6,Tile:14,Tile:9,Tile:10,Tile:9,Tile:9-Map,Tile:8,Tile:7,Map,Tile:8,Tile:2,Bonus-Tile:hidden1,Tile:hidden2,Tile:nugget
Tile:9 5 6 1
Drop 3 0 0
Drop 1 0 1
Drop 0 0 0
Tile:9_flip 5 7 1
Drop 3 0 0
Drop 4 0 1
Destroy 5 6 0
Tile:9_flip 5 8 1
Drop 6 0 0
Drop 1 0 1
Tile:7_flip 4 7 0
Destroy 4 7 1
Drop 6 0 0
Drop 2 0 1
Drop 6 0 0
Tile:5_flip 5 9 1
Tile:6 4 9 0
Tile:8 5 6 1
Tile:7 6 6 0
Tile:6 3 9 1
Tile:7_flip 6 7 0
Tile:5 5 4 1
Tile:5_flip 7 7 0
Tile:0 6 4 1
Tile:9 7 6 0
Tile:0 4 7 1
Drop 6 0 0
Tile:9 4 5 1
Drop 6 0 0
Tile:13 2 9 1
Drop 6 0 0
Destroy 2 9 1
Drop 6 0 0
Tile:8 2 9 1
Drop 6 0 0
Tile:10 4 4 1
Drop 6 0 0
Tile:0 6 5 1
Tile:6 8 6 0
Drop 4 0 1
Tile:7 9 6 0
Drop 0 0 1
Tile:8 4 3 0
Drop 4 0 1
Tile:8 9 7 0
Drop 3 0 1
Tile:0 10 7 0
Tile:6 5 3 1
Drop 1 0 0
Tile:10 2 8 1
Drop 1 0 0
Malus 0 0 1
Bonus 0 0 0
Drop 0 0 1
GAMEOVER DRAW
# Game ended: Sun Apr 12 20:40:43 EDT 2020
