# Server version 0.08 running on localhost:8123
# Game ID: 423
# Board class: Saboteur.SaboteurBoard
# Timeout: 20000
# First Move Timeout: 30000
# Date: Mon Apr 13 16:34:03 EDT 2020
# Player 1: Player-0, '260776911', running on localhost
# Player 2: Player-1, 'RandomPlayer', running on localhost
START Player-0 260776911
START Player-1 RandomPlayer
BoardInit:Tile:5,Destroy,Malus,Tile:7,Bonus,Tile:6,Map,Tile:9,Bonus,Tile:10,Tile:5,Tile:8,Destroy,Tile:5,Tile:15,Tile:9,Tile:13,Tile:7,Tile:10,Tile:12,Tile:14,Tile:8,Bonus,Bonus,Map,Tile:8,Tile:9,Map,Map,Tile:9,Tile:8,Tile:6,Tile:1,Tile:6,Tile:11,Map,Map,Tile:0,Tile:0,Tile:8,Tile:9-Tile:2,Tile:7,Tile:6,Destroy,Malus,Tile:7,Tile:6-Tile:4,Tile:3,Tile:10,Tile:0,Tile:5,Tile:7,Tile:0-Tile:hidden2,Tile:nugget,Tile:hidden1
Tile:6 6 5 1
Drop 0 0 0
Tile:7_flip 4 5 1
Drop 0 0 0
Tile:2 6 4 1
Destroy 6 4 0
Tile:5 6 4 1
Tile:10 5 4 0
Tile:6_flip 7 4 1
Tile:0 8 4 0
Map 12 7 1
Tile:5 5 3 0
Tile:7_flip 5 6 1
Tile:7 6 6 0
Tile:5_flip 7 5 1
Tile:0 6 3 0
Tile:15 6 7 1
Tile:7 9 4 0
Destroy 5 3 1
Tile:6 7 3 0
Destroy 9 4 1
Drop 6 0 0
Tile:10 4 4 1
Tile:9 5 3 0
Tile:14_flip 5 2 1
Tile:8 9 4 0
Tile:13 9 5 1
Tile:10 9 3 0
Tile:9 9 2 1
Map 12 3 0
Malus 0 0 1
Bonus 0 0 0
Drop 6 0 1
Tile:5 8 5 0
Map 12 5 1
Tile:9 8 6 0
Tile:11 9 1 1
Map 12 5 0
Map 12 5 1
Tile:7 10 4 0
Drop 2 0 1
Tile:8 9 6 0
Tile:9 9 0 1
Tile:8 10 5 0
Map 12 7 1
Tile:6 10 6 0
Tile:0 11 5 1
GAMEOVER WINNER 1
# Game ended: Mon Apr 13 16:34:03 EDT 2020
