# Server version 0.08 running on localhost:8123
# Game ID: 406
# Board class: Saboteur.SaboteurBoard
# Timeout: 20000
# First Move Timeout: 30000
# Date: Sun Apr 12 20:47:19 EDT 2020
# Player 1: Player-0, '260776911', running on localhost
# Player 2: Player-1, 'RandomPlayer', running on localhost
START Player-0 260776911
START Player-1 RandomPlayer
BoardInit:Bonus,Tile:11,Tile:6,Map,Map,Tile:10,Tile:7,Bonus,Tile:6,Map,Tile:8,Tile:6,Tile:1,Tile:5,Tile:0,Tile:7,Tile:9,Bonus,Tile:5,Tile:15,Tile:14,Tile:7,Tile:9,Tile:5,Tile:9,Tile:8,Map,Tile:3,Tile:13,Tile:2,Tile:7,Tile:0,Tile:6,Tile:9,Tile:12,Tile:5,Tile:6,Malus,Bonus,Tile:8,Tile:4-Tile:7,Map,Tile:0,Tile:0,Destroy,Malus,Tile:8-Tile:9,Tile:10,Destroy,Destroy,Tile:8,Tile:10,Map-Tile:hidden2,Tile:hidden1,Tile:nugget
Malus 0 0 1
Drop 2 0 0
Drop 5 0 1
Drop 2 0 0
Tile:6 5 6 1
Drop 0 0 0
Destroy 5 6 1
Drop 0 0 0
Map 12 7 1
Bonus 0 0 0
Tile:0 6 5 1
Map 12 3 0
Tile:6_flip 4 5 1
Map 12 5 0
Tile:7_flip 3 5 1
Drop 4 0 0
Tile:8 5 4 1
Drop 2 0 0
Drop 1 0 1
Tile:6_flip 7 5 0
Tile:5_flip 6 4 1
Drop 6 0 0
Tile:9 4 6 1
Tile:10 7 6 0
Map 12 7 1
Tile:10 7 7 0
Drop 3 0 1
Tile:5_flip 7 8 0
Tile:9_flip 5 6 1
Drop 6 0 0
Drop 2 0 1
Drop 6 0 0
Tile:0 4 4 1
Tile:7_flip 6 8 0
Tile:7 8 5 1
Tile:7 6 7 0
Tile:7_flip 4 7 1
Tile:9 8 6 0
Tile:9 8 7 1
Tile:5_flip 9 6 0
Tile:6_flip 9 7 1
Malus 0 0 0
Bonus 0 0 1
Tile:8 9 8 0
Tile:13 6 3 1
Tile:8 10 7 0
Tile:14_flip 10 6 1
Tile:0 11 6 0
Tile:12 12 6 1
Tile:8 10 8 0
Drop 1 0 1
Tile:5_flip 11 8 0
Tile:4 9 5 1
Drop 0 0 0
Map 12 5 1
GAMEOVER DRAW
# Game ended: Sun Apr 12 20:47:19 EDT 2020
