# Server version 0.08 running on localhost:8123
# Game ID: 167
# Board class: Saboteur.SaboteurBoard
# Timeout: 20000
# First Move Timeout: 30000
# Date: Sun Apr 12 14:27:04 EDT 2020
# Player 1: Player-0, '260776911', running on localhost
# Player 2: Player-1, 'RandomPlayer', running on localhost
START Player-0 260776911
START Player-1 RandomPlayer
BoardInit:Tile:0,Tile:2,Tile:3,Tile:10,Malus,Tile:5,Tile:5,Tile:14,Map,Tile:7,Map,Tile:9,Map,Tile:7,Tile:10,Bonus,Tile:5,Tile:9,Tile:11,Tile:6,Tile:5,Destroy,Destroy,Destroy,Tile:6,Tile:15,Malus,Tile:8,Bonus,Tile:0,Tile:6,Map,Tile:0,Tile:9,Tile:12,Tile:7,Tile:9,Tile:10,Tile:6,Tile:8,Tile:1-Tile:7,Tile:13,Tile:7,Bonus,Tile:9,Tile:0,Map-Tile:6,Bonus,Tile:4,Map,Tile:8,Tile:8,Tile:8-Tile:nugget,Tile:hidden2,Tile:hidden1
Tile:7_flip 5 6 1
Map 12 3 0
Tile:13 6 5 1
Drop 2 0 0
Tile:9 4 5 1
Drop 5 0 0
Drop 5 0 1
Tile:6 6 6 0
Drop 0 0 1
Drop 6 0 0
Tile:5 5 4 1
Tile:8 7 5 0
Drop 1 0 1
Tile:8 7 6 0
Map 12 7 1
Tile:8 8 5 0
Tile:10 4 6 1
Tile:10 4 7 0
Malus 0 0 1
Bonus 0 0 0
Map 12 7 1
Tile:5_flip 4 8 0
Tile:5 7 4 1
Destroy 6 5 0
Map 12 3 1
Tile:7 9 5 0
Tile:11_flip 9 6 1
Drop 6 0 0
Destroy 8 5 1
Destroy 9 6 0
Tile:5_flip 7 7 1
Tile:9 3 8 0
Tile:6_flip 8 4 1
Drop 6 0 0
Drop 3 0 1
Tile:7 3 7 0
Tile:12 6 4 1
Tile:9 2 7 0
Tile:9 9 6 1
Tile:6 3 9 0
Tile:6 8 5 1
Tile:8 2 6 0
Tile:1 10 6 1
Tile:0 1 6 0
Tile:0 4 9 1
Tile:9 0 6 0
Tile:6_flip 6 5 1
Tile:7 0 5 0
Map 12 7 1
Tile:10 0 7 0
Tile:0 6 7 1
Tile:8 0 8 0
Drop 1 0 1
Drop 0 0 0
Drop 0 0 1
GAMEOVER DRAW
# Game ended: Sun Apr 12 14:27:05 EDT 2020
