# Server version 0.08 running on 192.168.1.106:8123
# Game ID: 227
# Board class: Saboteur.SaboteurBoard
# Timeout: 20000
# First Move Timeout: 30000
# Date: Sun Apr 12 18:13:38 EDT 2020
# Player 1: Player-0, '260776911', running on 192.168.1.106
# Player 2: Player-1, 'RandomPlayer', running on 192.168.1.106
START Player-0 260776911
START Player-1 RandomPlayer
BoardInit:Destroy,Tile:7,Tile:5,Tile:14,Tile:10,Malus,Tile:9,Tile:7,Tile:15,Bonus,Destroy,Tile:0,Map,Tile:6,Map,Tile:8,Tile:6,Tile:13,Tile:10,Tile:8,Tile:5,Tile:8,Map,Tile:8,Map,Bonus,Tile:9,Tile:5,Tile:12,Tile:0,Tile:3,Tile:7,Tile:9,Tile:6,Bonus,Tile:7,Tile:0,Tile:4,Tile:5,Tile:10,Map-Tile:0,Tile:9,Tile:7,Tile:9,Tile:2,Map,Tile:11-Tile:8,Tile:6,Destroy,Bonus,Tile:6,Malus,Tile:1-Tile:hidden1,Tile:hidden2,Tile:nugget
Tile:2 4 5 1
Drop 6 0 0
Drop 1 0 1
Tile:8 5 4 0
Tile:11 4 6 1
Drop 6 0 0
Destroy 4 6 1
Tile:6 6 4 0
Tile:9 6 3 1
Destroy 5 4 0
Tile:10 4 6 1
Tile:6 7 3 0
Tile:5 5 4 1
Tile:7 6 5 0
Tile:7 8 3 1
Tile:7 7 4 0
Tile:15 7 5 1
Tile:6 6 6 0
Tile:9 7 2 1
Drop 6 0 0
Drop 4 0 1
Tile:8 7 6 0
Tile:10 6 2 1
Tile:0 8 6 0
Map 12 5 1
Tile:8 7 7 0
Destroy 4 6 1
Tile:8 5 6 0
Drop 0 0 1
Tile:8 5 7 0
Tile:6_flip 8 7 1
Tile:5_flip 9 6 0
Tile:3 7 1 1
Tile:0 6 7 0
Tile:5_flip 8 8 1
Tile:7 9 7 0
Tile:9 7 8 1
Tile:6_flip 9 5 0
Tile:0 8 2 1
Drop 6 0 0
Map 12 7 1
Tile:7 10 5 0
Tile:9 10 6 1
Tile:10 8 4 0
Map 12 5 1
Malus 0 0 0
Drop 3 0 1
Malus 0 0 0
Map 12 3 1
Drop 0 0 0
Drop 1 0 1
Drop 0 0 0
Map 12 3 1
Drop 0 0 0
Drop 0 0 1
GAMEOVER DRAW
# Game ended: Sun Apr 12 18:13:38 EDT 2020
