# Server version 0.08 running on localhost:8123
# Game ID: 379
# Board class: Saboteur.SaboteurBoard
# Timeout: 20000
# First Move Timeout: 30000
# Date: Sun Apr 12 20:36:30 EDT 2020
# Player 1: Player-0, '260776911', running on localhost
# Player 2: Player-1, 'RandomPlayer', running on localhost
START Player-0 260776911
START Player-1 RandomPlayer
BoardInit:Tile:6,Tile:0,Tile:0,Tile:9,Destroy,Tile:5,Map,Tile:5,Destroy,Tile:6,Tile:2,Tile:7,Tile:12,Tile:8,Map,Tile:5,Tile:6,Tile:11,Tile:10,Map,Tile:7,Map,Tile:9,Tile:6,Map,Tile:9,Tile:1,Tile:9,Tile:9,Tile:3,Tile:8,Destroy,Bonus,Bonus,Tile:4,Tile:7,Malus,Bonus,Map,Tile:15,Malus-Tile:0,Tile:5,Tile:8,Tile:7,Tile:14,Tile:8,Tile:13-Tile:10,Tile:0,Tile:10,Tile:6,Tile:7,Tile:8,Bonus-Tile:hidden2,Tile:nugget,Tile:hidden1
Tile:8 5 6 1
Tile:7 5 4 0
Tile:6 6 5 1
Tile:6_flip 4 6 0
Tile:14_flip 6 4 1
Tile:0 4 4 0
Tile:7 7 4 1
Tile:9 3 6 0
Tile:5_flip 7 5 1
Tile:0 6 6 0
Drop 3 0 1
Tile:5 3 4 0
Destroy 6 6 1
Tile:5_flip 5 7 0
Drop 5 0 1
Tile:7 6 6 0
Destroy 3 6 1
Tile:6_flip 3 6 0
Tile:6 3 5 1
Drop 6 0 0
Map 12 7 1
Drop 6 0 0
Tile:8 4 7 1
Drop 6 0 0
Tile:13 3 7 1
Tile:5 2 6 0
Tile:0 2 5 1
Tile:6 3 8 0
Map 12 3 1
Tile:9 2 8 0
Tile:9 2 7 1
Drop 6 0 0
Tile:8 4 8 1
Destroy 6 4 0
Drop 0 0 1
Tile:9 2 9 0
Tile:9 6 7 1
Tile:7 3 9 0
Drop 2 0 1
Tile:8 6 8 0
Tile:7 7 8 1
Drop 6 0 0
Drop 0 0 1
Tile:10 7 9 0
Drop 4 0 1
Tile:8 2 10 0
Drop 3 0 1
Tile:10 6 9 0
Tile:1 4 5 1
Drop 1 0 0
Tile:4_flip 2 11 1
Drop 1 0 0
Malus 0 0 1
Bonus 0 0 0
Drop 0 0 1
GAMEOVER DRAW
# Game ended: Sun Apr 12 20:36:30 EDT 2020
