# Server version 0.08 running on localhost:8123
# Game ID: 146
# Board class: Saboteur.SaboteurBoard
# Timeout: 20000
# First Move Timeout: 30000
# Date: Sun Apr 12 14:02:17 EDT 2020
# Player 1: Player-0, '260776911', running on localhost
# Player 2: Player-1, 'RandomPlayer', running on localhost
START Player-0 260776911
START Player-1 RandomPlayer
BoardInit:Map,Bonus,Tile:7,Tile:7,Tile:8,Tile:5,Tile:0,Tile:6,Map,Bonus,Tile:10,Malus,Map,Destroy,Tile:8,Tile:1,Tile:6,Destroy,Tile:9,Tile:10,Tile:9,Map,Malus,Tile:0,Tile:5,Tile:4,Tile:13,Tile:7,Tile:8,Tile:15,Tile:8,Bonus,Tile:7,Tile:0,Tile:6,Tile:11,Tile:9,Bonus,Tile:5,Tile:14,Tile:10-Tile:7,Tile:9,Tile:3,Destroy,Tile:8,Map,Tile:6-Tile:0,Tile:12,Map,Tile:9,Tile:2,Tile:5,Tile:6-Tile:hidden2,Tile:nugget,Tile:hidden1
Tile:6 6 5 1
Map 12 3 0
Tile:9_flip 5 6 1
Tile:0 4 5 0
Destroy 5 6 1
Tile:12 7 5 0
Drop 2 0 1
Tile:9 3 5 0
Tile:7 6 4 1
Tile:2 3 4 0
Drop 1 0 1
Tile:5 2 4 0
Tile:7_flip 3 6 1
Malus 0 0 0
Drop 4 0 1
Tile:6 4 4 0
Drop 0 0 1
Tile:7 4 6 0
Drop 1 0 1
Tile:5 4 3 0
Map 12 3 1
Tile:6 5 3 0
Map 12 7 1
Map 12 5 0
Drop 5 0 1
Drop 3 0 0
Drop 0 0 1
Drop 6 0 0
Drop 6 0 1
Destroy 2 4 0
Drop 1 0 1
Drop 6 0 0
Drop 4 0 1
Destroy 3 4 0
Drop 0 0 1
Tile:10 4 7 0
Drop 4 0 1
Drop 6 0 0
Drop 0 0 1
Tile:0 6 3 0
Drop 4 0 1
Drop 6 0 0
Drop 5 0 1
Tile:7 5 2 0
Drop 4 0 1
Tile:0 4 2 0
Drop 3 0 1
Drop 0 0 0
Drop 2 0 1
Drop 0 0 0
Drop 0 0 1
Drop 0 0 0
Malus 0 0 1
Bonus 0 0 0
Drop 0 0 1
GAMEOVER DRAW
# Game ended: Sun Apr 12 14:02:17 EDT 2020
