# Server version 0.08 running on localhost:8123
# Game ID: 434
# Board class: Saboteur.SaboteurBoard
# Timeout: 20000
# First Move Timeout: 30000
# Date: Mon Apr 13 16:38:56 EDT 2020
# Player 1: Player-0, '260776911', running on localhost
# Player 2: Player-1, 'RandomPlayer', running on localhost
START Player-0 260776911
START Player-1 RandomPlayer
BoardInit:Tile:7,Tile:0,Bonus,Map,Tile:10,Map,Map,Tile:0,Tile:11,Tile:9,Bonus,Tile:5,Destroy,Malus,Tile:4,Tile:7,Tile:6,Malus,Tile:0,Tile:10,Tile:12,Map,Tile:8,Bonus,Tile:0,Tile:9,Map,Tile:2,Tile:8,Tile:3,Map,Tile:5,Tile:8,Tile:7,Tile:1,Tile:6,Tile:9,Tile:6,Tile:15,Tile:6,Destroy-Tile:5,Tile:14,Tile:9,Tile:7,Bonus,Tile:9,Tile:7-Tile:6,Tile:5,Tile:13,Tile:10,Tile:8,Destroy,Tile:8-Tile:hidden1,Tile:hidden2,Tile:nugget
Tile:9 4 5 1
Drop 2 0 0
Tile:7 4 4 1
Tile:6 5 6 0
Tile:7_flip 3 4 1
Map 12 3 0
Drop 2 0 1
Map 12 5 0
Tile:9 5 4 1
Tile:5_flip 6 6 0
Drop 1 0 1
Destroy 6 6 0
Drop 6 0 1
Tile:0 6 6 0
Drop 3 0 1
Tile:0 7 6 0
Drop 0 0 1
Tile:9_flip 8 6 0
Destroy 6 6 1
Tile:10 8 7 0
Tile:0 6 5 1
Tile:5_flip 8 8 0
Tile:6_flip 7 8 1
Drop 6 0 0
Map 12 7 1
Tile:7_flip 6 8 0
Tile:11_flip 3 3 1
Tile:10 6 7 0
Tile:7 5 3 1
Drop 6 0 0
Tile:8 2 3 1
Drop 6 0 0
Tile:4 8 5 1
Tile:9_flip 2 4 0
Tile:12_flip 1 3 1
Tile:5_flip 6 4 0
Tile:8 7 9 1
Tile:6_flip 6 6 0
Map 12 5 1
Tile:7_flip 4 3 0
Tile:1 8 9 1
Tile:6_flip 1 4 0
Tile:8 1 5 1
Malus 0 0 0
Destroy 7 6 1
Tile:6 7 6 0
Drop 0 0 1
Tile:8 2 5 0
Map 12 7 1
Tile:8 4 6 0
Drop 0 0 1
Drop 0 0 0
Drop 1 0 1
Drop 0 0 0
Drop 0 0 1
GAMEOVER DRAW
# Game ended: Mon Apr 13 16:38:56 EDT 2020
