# Server version 0.08 running on localhost:8123
# Game ID: 378
# Board class: Saboteur.SaboteurBoard
# Timeout: 20000
# First Move Timeout: 30000
# Date: Sun Apr 12 20:36:26 EDT 2020
# Player 1: Player-0, '260776911', running on localhost
# Player 2: Player-1, 'RandomPlayer', running on localhost
START Player-0 260776911
START Player-1 RandomPlayer
BoardInit:Malus,Tile:0,Tile:15,Tile:5,Bonus,Tile:7,Bonus,Tile:7,Tile:0,Tile:8,Tile:8,Tile:7,Tile:4,Tile:0,Tile:11,Destroy,Map,Tile:10,Tile:6,Map,Tile:5,Tile:9,Tile:1,Tile:9,Tile:10,Tile:8,Tile:6,Bonus,Tile:6,Tile:8,Destroy,Tile:12,Map,Tile:7,Tile:13,Tile:6,Tile:5,Map,Tile:7,Tile:14,Tile:2-Tile:9,Tile:8,Bonus,Tile:5,Map,Destroy,Tile:9-Tile:0,Malus,Tile:6,Tile:9,Map,Tile:10,Tile:3-Tile:hidden1,Tile:hidden2,Tile:nugget
Tile:5 5 4 1
Drop 4 0 0
Tile:8 4 5 1
Drop 5 0 0
Tile:15 4 6 1
Malus 0 0 0
Drop 0 0 1
Tile:10 5 6 0
Drop 0 0 1
Tile:5_flip 4 7 0
Destroy 5 4 1
Tile:7 5 4 0
Drop 5 0 1
Tile:7 6 5 0
Drop 2 0 1
Tile:8 4 4 0
Drop 3 0 1
Destroy 4 4 0
Drop 3 0 1
Tile:7_flip 3 5 0
Map 12 7 1
Drop 6 0 0
Map 12 3 1
Tile:10 5 7 0
Drop 5 0 1
Tile:9 4 4 0
Drop 0 0 1
Tile:9 3 7 0
Drop 6 0 1
Tile:9_flip 3 4 0
Drop 1 0 1
Tile:8 5 8 0
Bonus 0 0 1
Drop 6 0 0
Tile:6 2 4 1
Tile:8 1 4 0
Tile:11 2 3 1
Tile:7 3 6 0
Tile:6_flip 2 2 1
Drop 6 0 0
Tile:13 4 3 1
Drop 6 0 0
Destroy 4 3 1
Tile:0 4 8 0
Drop 2 0 1
Tile:0 1 2 0
Tile:7_flip 3 8 1
Tile:0 6 8 0
Tile:5_flip 1 5 1
Tile:6 0 4 0
Drop 1 0 1
Tile:6_flip 0 5 0
Tile:2_flip 2 6 1
Drop 0 0 0
Tile:1 3 2 1
GAMEOVER DRAW
# Game ended: Sun Apr 12 20:36:26 EDT 2020
