# Server version 0.08 running on localhost:8123
# Game ID: 16
# Board class: Saboteur.SaboteurBoard
# Timeout: 20000
# First Move Timeout: 30000
# Date: Sat Apr 11 22:09:48 EDT 2020
# Player 1: Player-0, 'Human', running on localhost
# Player 2: Player-1, 'RandomPlayer', running on localhost
START Player-0 Human
START Player-1 RandomPlayer
BoardInit:Tile:0,Tile:9,Bonus,Tile:12,Malus,Bonus,Tile:6,Tile:0,Map,Map,Tile:5,Map,Tile:11,Tile:7,Tile:13,Tile:7,Tile:8,Tile:8,Tile:8,Tile:3,Map,Tile:5,Tile:2,Tile:7,Tile:8,Tile:7,Tile:5,Destroy,Tile:8,Tile:6,Map,Tile:15,Bonus,Tile:9,Tile:7,Tile:9,Destroy,Tile:14,Tile:10,Tile:10,Tile:6-Tile:1,Bonus,Tile:9,Tile:5,Malus,Destroy,Tile:9-Tile:0,Tile:0,Tile:10,Tile:6,Map,Tile:6,Tile:4-Tile:hidden2,Tile:hidden1,Tile:nugget
Tile:9 5 4 1
Tile:0 6 5 0
Tile:1 6 4 1
Tile:6 7 5 0
Destroy 6 5 1
Tile:0 6 5 0
Drop 6 0 1
Map 12 5 0
Tile:9_flip 7 4 1
Tile:6_flip 8 5 0
Drop 4 0 1
Tile:9 8 6 0
Tile:6 9 5 1
Map 12 7 0
Map 12 5 1
Tile:0 9 6 0
Malus 0 0 1
Bonus 0 0 0
Tile:13 8 7 1
Tile:7 10 6 0
Tile:8 7 3 1
Tile:7_flip 10 7 0
Tile:5_flip 11 7 1
Drop 3 0 0
Map 12 3 1
Drop 1 0 0
Tile:5_flip 8 8 1
Drop 0 0 0
Tile:0 7 7 1
Destroy 11 7 0
Tile:11 5 3 1
Tile:8 11 7 0
GAMEOVER WINNER 0
# Game ended: Sat Apr 11 22:11:03 EDT 2020
