# Server version 0.08 running on localhost:8123
# Game ID: 287
# Board class: Saboteur.SaboteurBoard
# Timeout: 20000
# First Move Timeout: 30000
# Date: Sun Apr 12 19:31:49 EDT 2020
# Player 1: Player-0, '260776911', running on localhost
# Player 2: Player-1, 'RandomPlayer', running on localhost
START Player-0 260776911
START Player-1 RandomPlayer
BoardInit:Tile:8,Tile:9,Tile:5,Map,Tile:14,Map,Map,Tile:0,Tile:0,Tile:6,Bonus,Tile:8,Tile:5,Tile:15,Tile:4,Malus,Tile:0,Tile:5,Tile:9,Malus,Map,Tile:9,Tile:6,Tile:1,Bonus,Tile:6,Tile:12,Tile:7,Tile:8,Tile:7,Tile:6,Destroy,Tile:11,Map,Tile:10,Tile:7,Map,Destroy,Tile:8,Destroy,Tile:7-Tile:8,Tile:10,Tile:13,Bonus,Tile:2,Bonus,Tile:5-Tile:9,Tile:3,Tile:7,Tile:10,Tile:6,Tile:0,Tile:9-Tile:hidden2,Tile:hidden1,Tile:nugget
Tile:13 5 6 1
Drop 1 0 0
Tile:2 4 5 1
Tile:9 5 4 0
Tile:5_flip 6 6 1
Map 12 3 0
Drop 2 0 1
Map 12 5 0
Tile:8 3 5 1
Tile:9 5 3 0
Tile:5_flip 3 6 1
Tile:9 2 6 0
Tile:14 5 7 1
Tile:0 6 4 0
Tile:0 6 3 1
Drop 6 0 0
Tile:8 4 7 1
Tile:0 7 4 0
Tile:10 4 8 1
Tile:6_flip 2 5 0
Tile:5_flip 7 3 1
Tile:6_flip 7 2 0
Tile:0 1 5 1
Tile:5 5 2 0
Drop 2 0 1
Drop 6 0 0
Map 12 3 1
Tile:9_flip 2 7 0
Tile:6 1 7 1
Tile:6 8 2 0
Tile:4 1 6 1
Tile:7 6 5 0
Tile:6_flip 9 2 1
Destroy 6 6 0
Tile:12 10 2 1
Drop 6 0 0
Drop 3 0 1
Tile:7_flip 9 3 0
Map 12 5 1
Destroy 10 2 0
Tile:9_flip 3 4 1
Tile:7_flip 2 8 0
Tile:7 10 2 1
Destroy 2 6 0
Drop 4 0 1
Tile:7 3 8 0
Tile:8 3 3 1
Tile:8 6 6 0
Tile:10 8 1 1
Tile:10 6 7 0
Tile:11 4 9 1
Drop 0 0 0
Drop 1 0 1
Drop 0 0 0
Drop 0 0 1
GAMEOVER DRAW
# Game ended: Sun Apr 12 19:31:50 EDT 2020
