# Server version 0.08 running on localhost:8123
# Game ID: 168
# Board class: Saboteur.SaboteurBoard
# Timeout: 20000
# First Move Timeout: 30000
# Date: Sun Apr 12 14:27:21 EDT 2020
# Player 1: Player-0, '260776911', running on localhost
# Player 2: Player-1, 'RandomPlayer', running on localhost
START Player-0 260776911
START Player-1 RandomPlayer
BoardInit:Tile:9,Tile:8,Destroy,Tile:8,Bonus,Tile:8,Tile:5,Tile:7,Tile:9,Tile:6,Tile:9,Tile:10,Tile:7,Tile:12,Bonus,Map,Destroy,Tile:4,Tile:8,Tile:14,Tile:10,Malus,Tile:7,Tile:0,Tile:2,Tile:11,Bonus,Tile:0,Map,Tile:9,Map,Tile:10,Tile:3,Map,Tile:7,Map,Tile:7,Tile:5,Tile:6,Tile:0,Tile:15-Tile:6,Tile:5,Tile:5,Bonus,Tile:0,Tile:6,Malus-Tile:9,Tile:6,Tile:8,Tile:13,Destroy,Map,Tile:1-Tile:hidden1,Tile:hidden2,Tile:nugget
Tile:5 5 4 1
Map 12 3 0
Tile:6_flip 6 4 1
Tile:9 5 6 0
Tile:6 5 7 1
Tile:6 6 5 0
Tile:5 4 7 1
Tile:8 4 8 0
Drop 2 0 1
Tile:13 4 9 0
Drop 3 0 1
Destroy 4 7 0
Tile:5 4 7 1
Tile:1 5 8 0
Tile:9_flip 6 7 1
Tile:8 3 8 0
Tile:9_flip 6 8 1
Map 12 5 0
Drop 1 0 1
Drop 5 0 0
Tile:7_flip 3 9 1
Drop 5 0 0
Destroy 6 8 1
Malus 0 0 0
Drop 4 0 1
Drop 5 0 0
Drop 3 0 1
Drop 6 0 0
Drop 4 0 1
Tile:8 2 8 0
Bonus 0 0 1
Tile:8 2 7 0
Tile:2 6 6 1
Tile:7 2 6 0
Tile:9_flip 2 9 1
Drop 6 0 0
Map 12 3 1
Drop 6 0 0
Tile:7_flip 4 10 1
Tile:6 1 6 0
Tile:6 5 10 1
Tile:10 1 5 0
Tile:7 5 9 1
Tile:0 1 7 0
Tile:10 1 4 1
Tile:0 0 6 0
Tile:3_flip 4 5 1
Tile:9 2 10 0
Map 12 3 1
Tile:10 2 11 0
Drop 1 0 1
Tile:5 0 7 0
Drop 1 0 1
Tile:0 1 8 0
Drop 0 0 1
GAMEOVER DRAW
# Game ended: Sun Apr 12 14:27:21 EDT 2020
