# Server version 0.08 running on localhost:8123
# Game ID: 109
# Board class: Saboteur.SaboteurBoard
# Timeout: 20000
# First Move Timeout: 30000
# Date: Sun Apr 12 11:35:02 EDT 2020
# Player 1: Player-0, '260776911', running on localhost
# Player 2: Player-1, 'RandomPlayer', running on localhost
START Player-0 260776911
START Player-1 RandomPlayer
BoardInit:Destroy,Tile:3,Tile:7,Tile:7,Tile:6,Bonus,Map,Tile:11,Tile:15,Tile:1,Malus,Tile:7,Tile:9,Tile:8,Map,Tile:2,Tile:10,Tile:9,Tile:8,Tile:5,Malus,Tile:10,Tile:5,Tile:0,Bonus,Tile:6,Destroy,Tile:7,Tile:9,Tile:5,Tile:14,Tile:7,Destroy,Tile:0,Tile:6,Tile:6,Bonus,Tile:9,Map,Map,Tile:12-Tile:4,Tile:9,Map,Tile:8,Tile:10,Tile:0,Bonus-Tile:0,Tile:8,Tile:8,Tile:13,Tile:6,Tile:5,Map-Tile:nugget,Tile:hidden1,Tile:hidden2
Tile:9 5 4 1
Tile:0 6 4 0
Drop 1 0 1
Tile:8 5 3 0
Tile:8 5 2 1
Tile:8 5 1 0
Tile:6_flip 4 2 1
Tile:13 4 3 0
Destroy 5 1 1
Tile:6 3 2 0
Tile:0 4 5 1
Tile:5 3 1 0
Drop 0 0 1
Map 12 3 0
Tile:7 6 5 1
Tile:3 5 1 0
Tile:15 6 6 1
Tile:7 6 2 0
Tile:9_flip 5 6 1
Tile:11 2 2 0
Tile:10 2 3 1
Tile:1 4 1 0
Tile:10 2 1 1
Tile:7 2 0 0
Tile:5_flip 7 4 1
Tile:8 1 0 0
Tile:8 0 0 1
Tile:2 4 6 0
Map 12 5 1
Tile:9 0 1 0
Drop 2 0 1
Tile:5 3 3 0
Malus 0 0 1
Bonus 0 0 0
Destroy 5 4 1
Tile:10 0 2 0
Tile:6 4 4 1
Tile:0 3 5 0
Destroy 6 6 1
Tile:6 0 3 0
Tile:9_flip 1 3 1
Tile:7 7 3 0
Tile:14 1 1 1
Tile:5 3 6 0
Drop 4 0 1
Tile:7_flip 1 4 0
Drop 4 0 1
Tile:0 2 5 0
Drop 2 0 1
Tile:6 2 4 0
Drop 0 0 1
Tile:9 3 7 0
Malus 0 0 1
Map 12 3 0
Drop 0 0 1
GAMEOVER DRAW
# Game ended: Sun Apr 12 11:35:02 EDT 2020
