# Server version 0.08 running on localhost:8123
# Game ID: 269
# Board class: Saboteur.SaboteurBoard
# Timeout: 20000
# First Move Timeout: 30000
# Date: Sun Apr 12 19:21:11 EDT 2020
# Player 1: Player-0, '260776911', running on localhost
# Player 2: Player-1, 'RandomPlayer', running on localhost
START Player-0 260776911
START Player-1 RandomPlayer
BoardInit:Tile:8,Tile:9,Tile:0,Bonus,Destroy,Tile:9,Tile:7,Tile:7,Tile:0,Tile:6,Bonus,Bonus,Tile:8,Malus,Tile:3,Tile:1,Tile:15,Bonus,Tile:5,Tile:13,Tile:12,Tile:14,Tile:5,Tile:8,Tile:8,Tile:5,Tile:6,Tile:9,Tile:9,Map,Tile:7,Tile:0,Malus,Tile:5,Tile:8,Map,Tile:6,Tile:0,Map,Tile:2,Tile:6-Tile:9,Tile:11,Map,Map,Tile:10,Tile:4,Tile:7-Destroy,Tile:10,Tile:7,Tile:6,Tile:10,Map,Destroy-Tile:nugget,Tile:hidden1,Tile:hidden2
Tile:10 5 6 1
Map 12 3 0
Map 12 3 1
Tile:10 5 7 0
Tile:7_flip 4 5 1
Destroy 5 6 0
Tile:11_flip 5 4 1
Tile:9_flip 5 3 0
Destroy 5 4 1
Tile:9 4 3 0
Tile:4_flip 5 8 1
Destroy 5 3 0
Drop 4 0 1
Tile:7 4 2 0
Tile:8 6 5 1
Tile:6_flip 6 4 0
Tile:9_flip 5 6 1
Drop 6 0 0
Tile:0 4 6 1
Tile:7 7 4 0
Map 12 3 1
Drop 6 0 0
Tile:8 7 5 1
Drop 6 0 0
Tile:3_flip 3 6 1
Malus 0 0 0
Drop 0 0 1
Tile:8 5 3 0
Drop 6 0 1
Tile:6 6 3 0
Drop 1 0 1
Drop 6 0 0
Drop 4 0 1
Tile:10 6 2 0
Drop 4 0 1
Tile:5_flip 7 3 0
Drop 3 0 1
Drop 6 0 0
Bonus 0 0 1
Tile:9 7 2 0
Malus 0 0 1
Bonus 0 0 0
Tile:5_flip 8 2 1
Drop 5 0 0
Tile:7_flip 6 6 1
Tile:5_flip 8 5 0
Tile:8 4 4 1
Drop 0 0 0
Tile:6 7 6 1
Tile:0 3 4 0
Tile:6 2 4 1
Tile:0 8 6 0
Map 12 7 1
Drop 0 0 0
Tile:12_flip 1 4 1
GAMEOVER DRAW
# Game ended: Sun Apr 12 19:21:11 EDT 2020
