# Server version 0.08 running on localhost:8123
# Game ID: 419
# Board class: Saboteur.SaboteurBoard
# Timeout: 20000
# First Move Timeout: 30000
# Date: Mon Apr 13 16:32:56 EDT 2020
# Player 1: Player-0, '260776911', running on localhost
# Player 2: Player-1, 'RandomPlayer', running on localhost
START Player-0 260776911
START Player-1 RandomPlayer
BoardInit:Map,Tile:7,Destroy,Destroy,Map,Tile:14,Bonus,Tile:0,Tile:15,Tile:5,Tile:0,Malus,Tile:6,Bonus,Tile:9,Bonus,Tile:8,Tile:12,Tile:5,Map,Tile:6,Tile:9,Tile:0,Tile:0,Bonus,Tile:6,Tile:6,Malus,Tile:7,Tile:10,Tile:6,Tile:7,Tile:2,Tile:10,Tile:9,Map,Tile:8,Tile:9,Tile:11,Tile:8,Tile:10-Tile:5,Tile:8,Tile:13,Tile:5,Destroy,Map,Tile:9-Tile:1,Tile:3,Tile:8,Map,Tile:4,Tile:7,Tile:7-Tile:nugget,Tile:hidden2,Tile:hidden1
Tile:9 5 4 1
Map 12 3 0
Tile:5_flip 5 6 1
Drop 0 0 0
Map 12 5 1
Drop 0 0 0
Map 12 5 1
Drop 1 0 0
Map 12 7 1
Drop 5 0 0
Drop 4 0 1
Tile:7 6 4 0
Drop 0 0 1
Destroy 6 4 0
Tile:0 6 4 1
Tile:7 7 4 0
Tile:15 5 3 1
Tile:0 6 5 0
Drop 1 0 1
Drop 6 0 0
Tile:6_flip 4 5 1
Drop 6 0 0
Tile:6 7 5 1
Malus 0 0 0
Drop 3 0 1
Tile:9 3 5 0
Drop 5 0 1
Tile:5_flip 8 5 0
Destroy 4 5 1
Tile:6 4 5 0
Drop 4 0 1
Tile:10 8 4 0
Drop 4 0 1
Tile:7 8 3 0
Drop 0 0 1
Tile:0 7 3 0
Drop 4 0 1
Drop 6 0 0
Drop 0 0 1
Tile:7_flip 6 3 0
Drop 2 0 1
Tile:10 6 2 0
Drop 0 0 1
Tile:9_flip 4 4 0
Drop 4 0 1
Tile:8 3 4 0
Drop 2 0 1
Tile:8 6 1 0
Drop 0 0 1
Drop 1 0 0
Drop 0 0 1
Drop 0 0 0
Drop 1 0 1
Drop 0 0 0
Drop 0 0 1
GAMEOVER DRAW
# Game ended: Mon Apr 13 16:32:56 EDT 2020
