# Server version 0.08 running on localhost:8123
# Game ID: 108
# Board class: Saboteur.SaboteurBoard
# Timeout: 20000
# First Move Timeout: 30000
# Date: Sun Apr 12 11:34:26 EDT 2020
# Player 1: Player-0, '260776911', running on localhost
# Player 2: Player-1, 'RandomPlayer', running on localhost
START Player-0 260776911
START Player-1 RandomPlayer
BoardInit:Tile:6,Tile:13,Tile:5,Tile:0,Tile:9,Tile:11,Bonus,Tile:0,Tile:12,Tile:10,Tile:6,Bonus,Tile:1,Tile:9,Tile:7,Tile:8,Map,Map,Map,Tile:5,Tile:15,Tile:7,Map,Tile:7,Tile:8,Bonus,Tile:7,Tile:4,Tile:2,Tile:10,Tile:7,Destroy,Malus,Bonus,Tile:0,Tile:9,Tile:6,Tile:9,Tile:3,Malus,Tile:0-Tile:14,Tile:5,Tile:8,Tile:8,Tile:9,Map,Destroy-Tile:5,Tile:8,Tile:6,Tile:10,Map,Tile:6,Destroy-Tile:hidden2,Tile:hidden1,Tile:nugget
Tile:9_flip 5 4 1
Tile:5 5 3 0
Tile:6 4 5 1
Tile:8 4 4 0
Map 12 3 1
Tile:6 3 4 0
Tile:5_flip 6 3 1
Tile:10 3 3 0
Destroy 4 4 1
Map 12 3 0
Tile:5 2 4 1
Tile:6 2 5 0
Tile:8 4 4 1
Destroy 2 4 0
Tile:8 6 5 1
Tile:13 2 4 0
Tile:6_flip 1 5 1
Tile:0 1 4 0
Tile:7 3 2 1
Tile:11 0 4 0
Tile:14_flip 6 4 1
Tile:0 3 5 0
Tile:15 4 3 1
Tile:10 0 3 0
Tile:9 5 6 1
Tile:9 0 2 0
Map 12 7 1
Tile:8 0 1 0
Tile:1 1 1 1
Map 12 3 0
Tile:2 2 2 1
Tile:5 0 0 0
Tile:8 7 5 1
Tile:7 6 2 0
Drop 0 0 1
Tile:7 7 4 0
Drop 6 0 1
Tile:4 4 2 0
Tile:7_flip 5 2 1
Tile:10 1 6 0
Tile:6 1 0 1
Malus 0 0 0
Drop 0 0 1
Destroy 0 0 0
Map 12 3 1
Tile:9 0 0 0
Drop 0 0 1
Tile:9 0 5 0
Drop 2 0 1
Drop 0 0 0
Drop 0 0 1
Drop 0 0 0
Malus 0 0 1
Bonus 0 0 0
Drop 0 0 1
GAMEOVER DRAW
# Game ended: Sun Apr 12 11:34:26 EDT 2020
