# Server version 0.08 running on localhost:8123
# Game ID: 212
# Board class: Saboteur.SaboteurBoard
# Timeout: 20000
# First Move Timeout: 30000
# Date: Sun Apr 12 15:19:38 EDT 2020
# Player 1: Player-0, '260776911', running on localhost
# Player 2: Player-1, 'RandomPlayer', running on localhost
START Player-0 260776911
START Player-1 RandomPlayer
BoardInit:Tile:8,Map,Tile:7,Tile:8,Tile:10,Malus,Tile:0,Tile:4,Tile:0,Tile:10,Map,Bonus,Tile:8,Tile:0,Tile:7,Tile:1,Tile:9,Tile:6,Tile:6,Tile:13,Tile:6,Destroy,Bonus,Tile:15,Tile:11,Tile:5,Tile:6,Tile:14,Map,Tile:8,Map,Tile:7,Tile:5,Map,Tile:8,Tile:6,Tile:7,Tile:3,Tile:10,Tile:9,Tile:9-Tile:0,Bonus,Tile:2,Tile:5,Tile:5,Destroy,Tile:9-Tile:12,Bonus,Tile:7,Destroy,Malus,Map,Tile:9-Tile:hidden1,Tile:nugget,Tile:hidden2
Tile:0 4 5 1
Map 12 3 0
Tile:5 3 5 1
Map 12 5 0
Tile:2_flip 3 6 1
Drop 0 0 0
Tile:7 4 6 1
Destroy 3 6 0
Drop 0 0 1
Drop 6 0 0
Drop 1 0 1
Tile:7 6 5 0
Drop 6 0 1
Tile:9 6 6 0
Tile:8 7 6 1
Tile:8 8 6 0
Tile:9 7 7 1
Drop 6 0 0
Tile:8 9 6 1
Tile:10 7 5 0
Tile:6 10 6 1
Drop 6 0 0
Tile:10 9 5 1
Tile:0 11 6 0
Tile:9 10 5 1
Drop 6 0 0
Drop 0 0 1
Tile:6 11 5 0
GAMEOVER WINNER 0
# Game ended: Sun Apr 12 15:19:38 EDT 2020
