# Server version 0.08 running on localhost:8123
# Game ID: 166
# Board class: Saboteur.SaboteurBoard
# Timeout: 20000
# First Move Timeout: 30000
# Date: Sun Apr 12 14:26:52 EDT 2020
# Player 1: Player-0, '260776911', running on localhost
# Player 2: Player-1, 'RandomPlayer', running on localhost
START Player-0 260776911
START Player-1 RandomPlayer
BoardInit:Tile:8,Destroy,Tile:6,Tile:10,Tile:0,Tile:10,Tile:5,Map,Map,Map,Tile:7,Tile:9,Tile:3,Malus,Tile:8,Tile:1,Tile:9,Malus,Destroy,Map,Tile:13,Tile:0,Tile:6,Tile:9,Tile:15,Tile:6,Tile:7,Tile:0,Tile:8,Bonus,Bonus,Map,Tile:2,Tile:7,Tile:6,Tile:14,Tile:11,Tile:5,Tile:5,Tile:7,Destroy-Tile:5,Tile:10,Tile:8,Tile:6,Tile:12,Tile:9,Map-Tile:0,Bonus,Tile:9,Bonus,Tile:8,Tile:4,Tile:7-Tile:hidden1,Tile:nugget,Tile:hidden2
Tile:9_flip 5 6 1
Drop 5 0 0
Tile:6_flip 4 5 1
Tile:0 3 5 0
Map 12 5 1
Tile:9 2 5 0
Tile:8 6 5 1
Tile:8 2 6 0
Tile:8 4 6 1
Drop 6 0 0
Tile:6_flip 3 6 1
Drop 6 0 0
Tile:7 7 5 1
Tile:7_flip 2 7 0
Tile:5_flip 7 6 1
Malus 0 0 0
Map 12 7 1
Drop 6 0 0
Drop 3 0 1
Malus 0 0 0
Destroy 4 6 1
Drop 6 0 0
Drop 0 0 1
Destroy 2 5 0
Drop 2 0 1
Tile:10 5 7 0
Drop 0 0 1
Tile:10 5 8 0
Drop 5 0 1
Tile:9 2 5 0
Drop 0 0 1
Tile:0 1 6 0
Drop 4 0 1
Drop 6 0 0
Drop 0 0 1
Tile:9 0 6 0
Drop 4 0 1
Drop 6 0 0
Drop 6 0 1
Tile:6 0 7 0
Drop 2 0 1
Tile:7 0 5 0
Destroy 0 7 1
Tile:5_flip 0 7 0
Drop 4 0 1
Tile:7_flip 6 6 0
Drop 2 0 1
Drop 0 0 0
Drop 0 0 1
Drop 0 0 0
Drop 0 0 1
Drop 0 0 0
Drop 1 0 1
Drop 0 0 0
Drop 0 0 1
GAMEOVER DRAW
# Game ended: Sun Apr 12 14:26:52 EDT 2020
