# Server version 0.08 running on localhost:8123
# Game ID: 389
# Board class: Saboteur.SaboteurBoard
# Timeout: 20000
# First Move Timeout: 30000
# Date: Sun Apr 12 20:38:52 EDT 2020
# Player 1: Player-0, '260776911', running on localhost
# Player 2: Player-1, 'RandomPlayer', running on localhost
START Player-0 260776911
START Player-1 RandomPlayer
BoardInit:Tile:5,Bonus,Tile:5,Malus,Tile:9,Bonus,Tile:6,Tile:5,Destroy,Tile:9,Malus,Tile:0,Tile:8,Tile:7,Tile:1,Tile:13,Tile:12,Map,Tile:10,Destroy,Tile:9,Tile:11,Tile:8,Tile:6,Tile:10,Tile:6,Tile:8,Map,Map,Tile:14,Tile:0,Tile:7,Tile:0,Map,Tile:7,Tile:6,Bonus,Tile:7,Tile:8,Tile:2,Tile:6-Tile:0,Tile:3,Destroy,Map,Bonus,Tile:15,Tile:10-Tile:9,Tile:8,Tile:5,Tile:4,Tile:7,Tile:9,Map-Tile:nugget,Tile:hidden1,Tile:hidden2
Tile:0 6 5 1
Drop 6 0 0
Destroy 6 5 1
Drop 3 0 0
Tile:15 5 4 1
Malus 0 0 0
Drop 2 0 1
Tile:7 6 5 0
Map 12 5 1
Tile:9 6 6 0
Drop 1 0 1
Tile:5_flip 6 7 0
Drop 0 0 1
Tile:9_flip 7 6 0
Drop 2 0 1
Tile:9 7 7 0
Drop 5 0 1
Drop 6 0 0
Drop 3 0 1
Drop 6 0 0
Drop 2 0 1
Destroy 5 4 0
Drop 3 0 1
Drop 6 0 0
Drop 5 0 1
Tile:5_flip 7 8 0
Drop 0 0 1
Tile:0 6 8 0
Drop 6 0 1
Drop 6 0 0
Drop 3 0 1
Drop 6 0 0
Map 12 7 1
Tile:7 8 7 0
Drop 0 0 1
Drop 6 0 0
Drop 4 0 1
Tile:7_flip 8 8 0
Malus 0 0 1
Bonus 0 0 0
Drop 4 0 1
Drop 6 0 0
Drop 5 0 1
Tile:6 9 8 0
Drop 4 0 1
Tile:6 10 8 0
Drop 2 0 1
Tile:6 11 8 0
Drop 0 0 1
Tile:7 10 7 0
Drop 0 0 1
Tile:8 12 8 0
Drop 1 0 1
Drop 0 0 0
Drop 0 0 1
GAMEOVER DRAW
# Game ended: Sun Apr 12 20:38:52 EDT 2020
