# Server version 0.08 running on localhost:8123
# Game ID: 30
# Board class: Saboteur.SaboteurBoard
# Timeout: 20000
# First Move Timeout: 30000
# Date: Sat Apr 11 22:31:27 EDT 2020
# Player 1: Player-0, 'RandomPlayer', running on localhost
# Player 2: Player-1, 'RandomPlayer', running on localhost
START Player-0 RandomPlayer
START Player-1 RandomPlayer
BoardInit:Map,Map,Tile:2,Tile:13,Tile:0,Bonus,Tile:10,Tile:5,Tile:6,Tile:6,Tile:0,Tile:6,Tile:8,Tile:4,Tile:7,Tile:7,Tile:9,Tile:8,Tile:1,Tile:3,Map,Malus,Destroy,Tile:15,Tile:9,Tile:0,Bonus,Map,Map,Map,Tile:7,Malus,Bonus,Tile:8,Tile:10,Tile:9,Bonus,Tile:7,Tile:5,Tile:9,Tile:5-Destroy,Tile:8,Tile:6,Tile:8,Tile:5,Tile:10,Tile:14-Tile:6,Tile:9,Tile:0,Tile:7,Tile:11,Tile:12,Destroy-Tile:hidden1,Tile:hidden2,Tile:nugget
Tile:14 5 6 1
Tile:9_flip 5 4 0
Tile:6 4 6 1
Tile:11_flip 5 3 0
Tile:8 5 2 1
Destroy 5 4 0
Tile:8 5 4 1
Map 12 5 0
Tile:5 4 5 1
Tile:6_flip 3 6 0
Drop 5 0 1
Tile:7 6 2 0
Destroy 5 2 1
Tile:12_flip 4 4 0
Tile:2_flip 4 3 1
Tile:0 6 4 0
Tile:0 7 4 1
Tile:6_flip 3 3 0
Drop 1 0 1
Drop 1 0 0
Tile:6 8 4 1
Tile:4_flip 6 3 0
Tile:9_flip 3 7 1
Tile:7_flip 3 8 0
Tile:0 6 5 1
Tile:3_flip 2 7 0
Tile:9 2 6 1
Tile:5 4 2 0
Drop 2 0 1
Tile:13 5 2 0
Tile:10 2 5 1
Drop 3 0 0
Tile:7 8 3 1
Tile:0 9 4 0
Destroy 5 4 1
Tile:6_flip 4 8 0
Tile:1 10 4 1
Tile:9 5 1 0
Drop 6 0 1
Tile:7 11 4 0
Tile:8 11 5 1
Tile:8 5 4 0
Tile:5 2 3 1
Tile:9_flip 5 0 0
Drop 4 0 1
Map 12 7 0
Tile:5_flip 6 1 1
Tile:8 4 9 0
Drop 2 0 1
Malus 0 0 0
Bonus 0 0 1
Map 12 3 0
Map 12 3 1
Drop 0 0 0
Drop 0 0 1
GAMEOVER DRAW
# Game ended: Sat Apr 11 22:31:27 EDT 2020
