# Server version 0.08 running on localhost:8123
# Game ID: 211
# Board class: Saboteur.SaboteurBoard
# Timeout: 20000
# First Move Timeout: 30000
# Date: Sun Apr 12 15:19:23 EDT 2020
# Player 1: Player-0, '260776911', running on localhost
# Player 2: Player-1, 'RandomPlayer', running on localhost
START Player-0 260776911
START Player-1 RandomPlayer
BoardInit:Tile:7,Tile:7,Tile:8,Map,Tile:0,Map,Destroy,Tile:8,Malus,Tile:5,Malus,Tile:9,Tile:1,Bonus,Tile:4,Tile:12,Tile:9,Map,Tile:2,Tile:10,Tile:8,Tile:5,Tile:10,Tile:9,Bonus,Tile:5,Tile:9,Map,Tile:14,Tile:15,Tile:7,Bonus,Tile:8,Tile:10,Tile:0,Tile:7,Tile:6,Tile:0,Tile:0,Destroy,Tile:3-Map,Tile:7,Tile:6,Bonus,Tile:6,Tile:6,Tile:5-Tile:9,Map,Tile:13,Tile:8,Destroy,Tile:6,Tile:11-Tile:hidden2,Tile:hidden1,Tile:nugget
Tile:6_flip 5 4 1
Map 12 3 0
Map 12 5 1
Drop 1 0 0
Tile:6_flip 4 4 1
Map 12 5 0
Tile:6_flip 6 5 1
Drop 6 0 0
Tile:8 3 4 1
Drop 4 0 0
Tile:0 2 4 1
Tile:9 6 6 0
Drop 2 0 1
Tile:8 6 7 0
Tile:1 6 4 1
Destroy 6 4 0
Tile:7_flip 4 5 1
Drop 6 0 0
Tile:4_flip 3 5 1
Drop 6 0 0
Tile:7 7 6 1
Tile:6 6 8 0
Drop 1 0 1
Tile:7 7 8 0
Tile:2_flip 7 7 1
Tile:8 8 7 0
Tile:8 1 4 1
Tile:5 8 6 0
Tile:10 5 6 1
Drop 6 0 0
Drop 2 0 1
Drop 6 0 0
Tile:14_flip 5 8 1
Tile:9 8 8 0
Tile:9_flip 1 3 1
Tile:5_flip 9 6 0
Tile:9 3 3 1
Tile:9_flip 9 8 0
Tile:6_flip 9 7 1
Tile:5_flip 10 7 0
Tile:7_flip 5 7 1
Destroy 3 5 0
Tile:0 7 5 1
Tile:10 10 6 0
Tile:8 0 3 1
Tile:10 0 2 0
Drop 1 0 1
Tile:7 0 1 0
Tile:3 10 5 1
Tile:0 4 3 0
Tile:0 5 3 1
Drop 0 0 0
Drop 1 0 1
Drop 0 0 0
Drop 0 0 1
GAMEOVER DRAW
# Game ended: Sun Apr 12 15:19:23 EDT 2020
