# Server version 0.08 running on localhost:8123
# Game ID: 441
# Board class: Saboteur.SaboteurBoard
# Timeout: 20000
# First Move Timeout: 30000
# Date: Mon Apr 13 16:41:56 EDT 2020
# Player 1: Player-0, '260776911', running on localhost
# Player 2: Player-1, 'RandomPlayer', running on localhost
START Player-0 260776911
START Player-1 RandomPlayer
BoardInit:Bonus,Malus,Bonus,Tile:9,Map,Map,Map,Tile:15,Tile:6,Tile:8,Tile:5,Tile:10,Tile:10,Tile:5,Tile:14,Tile:3,Destroy,Tile:0,Map,Tile:0,Tile:0,Tile:7,Tile:10,Tile:6,Tile:9,Tile:5,Destroy,Tile:0,Tile:8,Tile:9,Tile:6,Tile:8,Tile:13,Bonus,Tile:8,Malus,Map,Map,Tile:6,Tile:9,Bonus-Tile:6,Tile:7,Tile:9,Tile:5,Tile:11,Tile:1,Tile:7-Destroy,Tile:12,Tile:2,Tile:7,Tile:4,Tile:8,Tile:7-Tile:nugget,Tile:hidden2,Tile:hidden1
Tile:7 5 4 1
Drop 1 0 0
Tile:5_flip 6 5 1
Drop 1 0 0
Tile:9 4 5 1
Drop 2 0 0
Tile:7_flip 5 6 1
Map 12 3 0
Tile:11 4 4 1
Drop 6 0 0
Drop 4 0 1
Tile:9 6 4 0
Tile:6_flip 6 6 1
Destroy 6 4 0
Tile:1 7 6 1
Tile:10 6 4 0
Tile:5 4 3 1
Drop 6 0 0
Destroy 4 5 1
Tile:7 6 3 0
Tile:6 4 5 1
Tile:0 5 3 0
Tile:0 3 5 1
Tile:5_flip 8 6 0
Drop 4 0 1
Tile:7_flip 2 5 0
Tile:9_flip 6 7 1
Tile:6_flip 5 7 0
Map 12 7 1
Tile:7_flip 4 7 0
Destroy 4 5 1
Tile:5_flip 6 8 0
Tile:6 5 8 1
Tile:9 8 5 0
Map 12 7 1
Tile:8 8 4 0
Tile:10 4 6 1
Tile:8 8 3 0
Tile:13 9 4 1
Drop 6 0 0
Drop 2 0 1
Tile:0 10 4 0
Tile:8 9 5 1
Malus 0 0 0
Drop 4 0 1
Malus 0 0 0
Map 12 5 1
Tile:0 11 4 0
Bonus 0 0 1
Tile:8 9 3 0
Drop 0 0 1
Tile:9 9 2 0
Bonus 0 0 1
Drop 0 0 0
Tile:8 4 5 1
GAMEOVER DRAW
# Game ended: Mon Apr 13 16:41:56 EDT 2020
