# Server version 0.08 running on localhost:8123
# Game ID: 395
# Board class: Saboteur.SaboteurBoard
# Timeout: 20000
# First Move Timeout: 30000
# Date: Sun Apr 12 20:39:44 EDT 2020
# Player 1: Player-0, '260776911', running on localhost
# Player 2: Player-1, 'RandomPlayer', running on localhost
START Player-0 260776911
START Player-1 RandomPlayer
BoardInit:Tile:6,Destroy,Malus,Tile:5,Tile:7,Tile:4,Tile:0,Tile:1,Destroy,Tile:5,Tile:7,Tile:15,Tile:8,Bonus,Tile:3,Tile:11,Tile:8,Tile:7,Tile:6,Tile:14,Map,Tile:9,Tile:0,Tile:5,Tile:10,Tile:8,Tile:6,Tile:10,Map,Tile:9,Tile:0,Tile:12,Map,Tile:2,Map,Map,Map,Tile:7,Tile:5,Tile:7,Tile:8-Tile:9,Tile:9,Tile:6,Bonus,Tile:0,Bonus,Destroy-Tile:6,Tile:10,Tile:13,Tile:8,Malus,Bonus,Tile:9-Tile:hidden2,Tile:nugget,Tile:hidden1
Tile:9 5 6 1
Drop 2 0 0
Destroy 5 6 1
Malus 0 0 0
Drop 2 0 1
Tile:9 4 5 0
Drop 5 0 1
Drop 6 0 0
Drop 5 0 1
Drop 6 0 0
Drop 4 0 1
Destroy 4 5 0
Bonus 0 0 1
Drop 6 0 0
Tile:9_flip 6 5 1
Tile:6 6 6 0
Drop 0 0 1
Drop 6 0 0
Tile:8 7 6 1
Tile:10 7 7 0
Drop 4 0 1
Drop 6 0 0
Destroy 7 6 1
Tile:5_flip 7 8 0
Tile:6 6 8 1
Tile:7 6 7 0
Tile:8 7 6 1
Tile:5_flip 8 6 0
Tile:7 5 4 1
Tile:5 7 5 0
Tile:10 6 4 1
Tile:8 5 6 0
Tile:6 5 8 1
Drop 6 0 0
Tile:0 4 6 1
Drop 6 0 0
Tile:0 3 6 1
Drop 6 0 0
Tile:0 4 5 1
Tile:9 4 8 0
Tile:5 4 7 1
Tile:7_flip 3 5 0
Tile:0 4 4 1
Tile:9 4 9 0
Tile:8 5 7 1
Tile:7 5 9 0
Map 12 7 1
Tile:8 8 5 0
Map 12 3 1
Tile:10 8 4 0
Map 12 3 1
Drop 1 0 0
Map 12 7 1
Drop 0 0 0
Map 12 5 1
GAMEOVER DRAW
# Game ended: Sun Apr 12 20:39:44 EDT 2020
