# Server version 0.08 running on localhost:8123
# Game ID: 144
# Board class: Saboteur.SaboteurBoard
# Timeout: 20000
# First Move Timeout: 30000
# Date: Sun Apr 12 13:56:35 EDT 2020
# Player 1: Player-0, '260776911', running on localhost
# Player 2: Player-1, 'RandomPlayer', running on localhost
START Player-0 260776911
START Player-1 RandomPlayer
BoardInit:Bonus,Tile:9,Tile:10,Tile:5,Tile:4,Tile:10,Tile:7,Tile:7,Tile:1,Map,Tile:10,Tile:5,Tile:8,Tile:6,Malus,Tile:8,Tile:8,Tile:9,Tile:5,Tile:8,Tile:9,Tile:9,Tile:0,Destroy,Tile:9,Destroy,Destroy,Tile:5,Tile:7,Tile:14,Tile:12,Tile:7,Tile:0,Tile:2,Tile:6,Bonus,Bonus,Tile:6,Tile:3,Tile:6,Map-Tile:6,Tile:8,Map,Map,Bonus,Map,Tile:7-Map,Tile:11,Malus,Tile:0,Tile:0,Tile:15,Tile:13-Tile:hidden1,Tile:hidden2,Tile:nugget
Map 12 3 1
Malus 0 0 0
Map 12 3 1
Map 12 3 0
Drop 6 0 1
Tile:11 5 4 0
Map 12 3 1
Tile:0 6 4 0
Drop 0 0 1
Tile:0 6 5 0
Drop 4 0 1
Map 12 5 0
Drop 3 0 1
Drop 0 0 0
Drop 5 0 1
Drop 0 0 0
Drop 6 0 1
Tile:5 4 5 0
Drop 3 0 1
Tile:5_flip 5 6 0
Drop 2 0 1
Tile:7_flip 4 6 0
Drop 3 0 1
Tile:9_flip 5 3 0
Drop 5 0 1
Tile:8 7 5 0
Drop 0 0 1
Drop 1 0 0
Drop 5 0 1
Tile:9 4 3 0
Destroy 6 4 1
Drop 6 0 0
Drop 4 0 1
Tile:10 4 2 0
Drop 0 0 1
Drop 6 0 0
Drop 3 0 1
Tile:7_flip 7 6 0
Drop 0 0 1
Tile:6 6 4 0
Drop 4 0 1
Tile:9 5 2 0
Map 12 7 1
Destroy 4 6 0
Drop 4 0 1
Destroy 5 6 0
Drop 2 0 1
Tile:5_flip 6 2 0
Drop 0 0 1
Tile:8 5 6 0
Drop 0 0 1
Tile:6 4 6 0
Drop 1 0 1
Drop 0 0 0
Drop 0 0 1
GAMEOVER DRAW
# Game ended: Sun Apr 12 13:56:35 EDT 2020
