# Server version 0.08 running on localhost:8123
# Game ID: 446
# Board class: Saboteur.SaboteurBoard
# Timeout: 20000
# First Move Timeout: 30000
# Date: Mon Apr 13 16:43:15 EDT 2020
# Player 1: Player-0, '260776911', running on localhost
# Player 2: Player-1, 'RandomPlayer', running on localhost
START Player-0 260776911
START Player-1 RandomPlayer
BoardInit:Tile:14,Tile:0,Map,Map,Destroy,Tile:0,Tile:8,Bonus,Malus,Tile:5,Tile:12,Bonus,Tile:9,Tile:11,Tile:6,Bonus,Tile:5,Tile:6,Tile:9,Destroy,Tile:9,Tile:6,Tile:2,Tile:6,Tile:10,Map,Tile:15,Tile:7,Tile:8,Tile:1,Map,Tile:4,Tile:13,Tile:9,Tile:7,Tile:7,Map,Tile:6,Map,Tile:8,Tile:0-Tile:9,Tile:5,Tile:8,Bonus,Malus,Tile:5,Tile:3-Tile:8,Tile:10,Tile:0,Destroy,Tile:7,Tile:10,Tile:7-Tile:nugget,Tile:hidden1,Tile:hidden2
Tile:8 5 4 1
Tile:8 5 3 0
Tile:3 6 5 1
Destroy 6 5 0
Tile:5 4 3 1
Map 12 3 0
Map 12 7 1
Tile:0 6 3 0
Tile:14_flip 4 5 1
Tile:7 6 4 0
Tile:8 5 6 1
Tile:7 7 3 0
Destroy 4 3 1
Tile:10 7 4 0
Tile:12_flip 4 4 1
Drop 6 0 0
Tile:9_flip 6 6 1
Tile:5_flip 5 7 0
Drop 3 0 1
Tile:6 4 3 0
Malus 0 0 1
Bonus 0 0 0
Tile:9 6 7 1
Destroy 6 3 0
Tile:5 5 2 1
Tile:0 6 2 0
Tile:2_flip 7 7 1
Drop 6 0 0
Tile:9_flip 6 5 1
Tile:0 6 3 0
Tile:5_flip 6 8 1
Drop 6 0 0
Tile:15 4 2 1
Drop 6 0 0
Tile:10 4 1 1
Tile:6 7 2 0
Tile:7 4 0 1
Tile:6 8 2 0
Tile:6 3 3 1
Tile:7 9 2 0
Tile:8 3 0 1
Tile:6 9 3 0
Tile:9 8 1 1
Tile:8 10 3 0
Drop 4 0 1
Tile:10 10 2 0
Tile:13 4 6 1
Tile:9 10 4 0
Map 12 7 1
Tile:7 11 3 0
Drop 1 0 1
Drop 1 0 0
Tile:0 8 7 1
Drop 0 0 0
Drop 0 0 1
GAMEOVER DRAW
# Game ended: Mon Apr 13 16:43:15 EDT 2020
