# Server version 0.08 running on localhost:8123
# Game ID: 358
# Board class: Saboteur.SaboteurBoard
# Timeout: 20000
# First Move Timeout: 30000
# Date: Sun Apr 12 20:32:20 EDT 2020
# Player 1: Player-0, '260776911', running on localhost
# Player 2: Player-1, 'RandomPlayer', running on localhost
START Player-0 260776911
START Player-1 RandomPlayer
BoardInit:Tile:9,Tile:2,Map,Tile:8,Tile:9,Tile:9,Bonus,Tile:7,Tile:6,Tile:15,Destroy,Tile:7,Tile:0,Tile:6,Tile:0,Bonus,Tile:8,Tile:6,Tile:7,Tile:14,Tile:13,Map,Tile:6,Map,Tile:7,Tile:5,Tile:9,Tile:12,Destroy,Tile:5,Tile:10,Malus,Tile:8,Destroy,Tile:10,Bonus,Tile:1,Tile:5,Tile:8,Malus,Tile:0-Bonus,Tile:3,Tile:6,Tile:8,Tile:7,Tile:5,Map-Tile:9,Map,Map,Tile:10,Tile:11,Tile:4,Tile:0-Tile:nugget,Tile:hidden2,Tile:hidden1
Tile:5 4 5 1
Drop 2 0 0
Map 12 5 1
Drop 1 0 0
Tile:9 5 6 1
Drop 2 0 0
Tile:9_flip 6 5 1
Drop 2 0 0
Tile:6_flip 6 4 1
Drop 3 0 0
Drop 4 0 1
Drop 6 0 0
Drop 0 0 1
Tile:9 5 4 0
Tile:0 7 4 1
Tile:7 5 3 0
Tile:0 8 4 1
Tile:0 9 4 0
Tile:8 10 4 1
Tile:8 10 3 0
Tile:7 11 3 1
Drop 6 0 0
Tile:8 10 5 1
Drop 6 0 0
Destroy 11 3 1
Drop 6 0 0
Tile:6 5 7 1
Tile:6 9 3 0
Tile:7_flip 4 7 1
Drop 6 0 0
Tile:7 11 4 1
Tile:6 11 3 0
GAMEOVER WINNER 0
# Game ended: Sun Apr 12 20:32:20 EDT 2020
