# Server version 0.08 running on localhost:8123
# Game ID: 214
# Board class: Saboteur.SaboteurBoard
# Timeout: 20000
# First Move Timeout: 30000
# Date: Sun Apr 12 17:59:24 EDT 2020
# Player 1: Player-0, '260776911', running on localhost
# Player 2: Player-1, 'RandomPlayer', running on localhost
START Player-0 260776911
START Player-1 RandomPlayer
BoardInit:Map,Map,Tile:5,Tile:8,Tile:0,Tile:6,Tile:5,Malus,Tile:2,Tile:0,Tile:8,Tile:5,Bonus,Bonus,Tile:13,Tile:9,Tile:3,Map,Tile:7,Tile:9,Tile:8,Tile:8,Tile:11,Tile:9,Bonus,Tile:0,Destroy,Map,Tile:6,Tile:7,Tile:7,Tile:14,Tile:10,Tile:7,Destroy,Tile:5,Tile:6,Tile:1,Tile:0,Tile:4,Malus-Bonus,Tile:6,Tile:12,Destroy,Tile:9,Map,Map-Tile:8,Tile:9,Tile:6,Tile:10,Tile:7,Tile:10,Tile:15-Tile:nugget,Tile:hidden2,Tile:hidden1
Tile:12_flip 4 5 1
Drop 6 0 0
Tile:9_flip 5 6 1
Map 12 3 0
Map 12 3 1
Tile:8 5 4 0
Drop 4 0 1
Tile:9_flip 6 4 0
Tile:5 5 3 1
Tile:6_flip 6 3 0
Tile:5 4 6 1
Tile:7 7 3 0
Tile:6 6 5 1
Tile:10 7 4 0
Drop 1 0 1
Tile:10 4 7 0
Tile:8 7 5 1
Tile:8 4 8 0
Tile:0 8 5 1
Drop 6 0 0
Tile:2 5 8 1
Tile:6 4 4 0
Tile:7 4 3 1
Malus 0 0 0
Drop 0 0 1
Tile:0 3 3 0
Bonus 0 0 1
Tile:5 3 4 0
Tile:11_flip 7 6 1
Drop 6 0 0
Tile:3_flip 3 8 1
Tile:9 2 3 0
Drop 6 0 1
Drop 6 0 0
Destroy 5 4 1
Tile:9 2 2 0
Tile:13 4 9 1
Tile:8 2 1 0
Tile:6_flip 6 8 1
Drop 6 0 0
Tile:8 7 8 1
Drop 6 0 0
Tile:10 3 7 1
Tile:9 2 0 0
Drop 4 0 1
Tile:0 3 0 0
Destroy 8 5 1
Tile:7 3 1 0
Tile:6 8 8 1
Tile:7 4 0 0
Drop 1 0 1
Tile:5 1 1 0
Malus 0 0 1
Bonus 0 0 0
Map 12 5 1
GAMEOVER DRAW
# Game ended: Sun Apr 12 17:59:24 EDT 2020
