# Server version 0.08 running on localhost:8123
# Game ID: 421
# Board class: Saboteur.SaboteurBoard
# Timeout: 20000
# First Move Timeout: 30000
# Date: Mon Apr 13 16:33:35 EDT 2020
# Player 1: Player-0, '260776911', running on localhost
# Player 2: Player-1, 'RandomPlayer', running on localhost
START Player-0 260776911
START Player-1 RandomPlayer
BoardInit:Tile:9,Tile:1,Tile:6,Bonus,Tile:9,Tile:12,Tile:7,Bonus,Tile:2,Destroy,Tile:4,Tile:15,Map,Tile:8,Tile:10,Malus,Tile:6,Tile:8,Tile:6,Tile:6,Tile:9,Tile:7,Tile:7,Tile:10,Tile:14,Tile:5,Tile:0,Tile:0,Tile:6,Bonus,Tile:0,Tile:7,Tile:10,Destroy,Tile:7,Tile:5,Malus,Tile:5,Tile:9,Map,Tile:3-Tile:8,Map,Map,Destroy,Map,Tile:11,Tile:8-Bonus,Tile:8,Tile:9,Tile:5,Map,Tile:0,Tile:13-Tile:hidden2,Tile:hidden1,Tile:nugget
Map 12 3 1
Map 12 3 0
Map 12 7 1
Drop 5 0 0
Tile:11_flip 5 6 1
Drop 5 0 0
Tile:6_flip 5 4 1
Drop 6 0 0
Tile:7_flip 5 7 1
Tile:8 6 4 0
Drop 5 0 1
Tile:9 6 3 0
Destroy 5 7 1
Drop 6 0 0
Tile:2_flip 4 6 1
Tile:5_flip 6 5 0
Tile:8 4 5 1
Tile:0 7 3 0
Tile:6_flip 3 5 1
Destroy 5 4 0
Tile:9 5 4 1
Tile:8 5 7 0
Tile:4 6 2 1
Tile:8 6 7 0
Tile:7 8 3 1
Tile:6 7 7 0
Tile:14_flip 2 5 1
Tile:7 5 3 0
Tile:9 7 6 1
Tile:10 7 5 0
Drop 3 0 1
Tile:5_flip 8 6 0
Tile:6_flip 4 7 1
Tile:0 8 7 0
Tile:10 5 8 1
Destroy 6 2 0
Tile:8 3 6 1
Tile:7 7 4 0
Tile:7_flip 3 7 1
Tile:5 8 5 0
Tile:9 2 6 1
Map 12 5 0
Tile:0 4 3 1
Tile:5_flip 9 7 0
Drop 4 0 1
Malus 0 0 0
Map 12 3 1
Drop 2 0 0
Map 12 7 1
Drop 1 0 0
Drop 0 0 1
Drop 1 0 0
Drop 1 0 1
Drop 0 0 0
Drop 0 0 1
GAMEOVER DRAW
# Game ended: Mon Apr 13 16:33:35 EDT 2020
