# Server version 0.08 running on localhost:8123
# Game ID: 141
# Board class: Saboteur.SaboteurBoard
# Timeout: 20000
# First Move Timeout: 30000
# Date: Sun Apr 12 13:41:07 EDT 2020
# Player 1: Player-0, '260776911', running on localhost
# Player 2: Player-1, 'RandomPlayer', running on localhost
START Player-0 260776911
START Player-1 RandomPlayer
BoardInit:Tile:6,Malus,Tile:8,Tile:6,Destroy,Bonus,Tile:7,Tile:4,Destroy,Tile:9,Tile:14,Tile:10,Tile:10,Tile:5,Tile:7,Tile:6,Tile:9,Tile:6,Tile:8,Tile:0,Tile:13,Tile:0,Tile:10,Map,Bonus,Tile:9,Map,Destroy,Tile:9,Tile:7,Malus,Tile:0,Tile:8,Tile:2,Tile:5,Tile:0,Tile:12,Tile:9,Tile:6,Tile:3,Tile:7-Tile:15,Tile:5,Tile:8,Map,Tile:5,Bonus,Map-Map,Tile:1,Tile:11,Map,Bonus,Tile:7,Tile:8-Tile:nugget,Tile:hidden2,Tile:hidden1
Tile:8 5 6 1
Map 12 3 0
Map 12 7 1
Malus 0 0 0
Map 12 5 1
Drop 2 0 0
Drop 5 0 1
Tile:1 6 5 0
Destroy 5 6 1
Tile:11 5 4 0
Drop 1 0 1
Tile:7 5 3 0
Drop 6 0 1
Tile:8 4 3 0
Destroy 6 5 1
Tile:6 3 3 0
Drop 1 0 1
Tile:4 3 2 0
Drop 3 0 1
Tile:9 4 2 0
Drop 2 0 1
Tile:10 4 1 0
Drop 3 0 1
Tile:5 2 3 0
Drop 5 0 1
Drop 6 0 0
Drop 5 0 1
Tile:6 2 4 0
Drop 2 0 1
Tile:6 1 4 0
Bonus 0 0 1
Tile:0 0 4 0
Malus 0 0 1
Bonus 0 0 0
Map 12 7 1
Tile:0 3 4 0
Tile:9_flip 1 3 1
Tile:9 1 2 0
Tile:5_flip 2 2 1
Destroy 0 4 0
Tile:8 0 4 1
Tile:7 1 1 0
Tile:8 0 3 1
Tile:0 0 1 0
Tile:9_flip 6 5 1
Tile:2 4 0 0
Tile:15 6 6 1
Tile:0 5 0 0
Tile:12 6 0 1
Tile:9 0 5 0
Tile:6 0 6 1
Tile:3 0 2 0
Tile:7_flip 3 0 1
Drop 0 0 0
Drop 0 0 1
GAMEOVER DRAW
# Game ended: Sun Apr 12 13:41:07 EDT 2020
