# Server version 0.08 running on localhost:8123
# Game ID: 304
# Board class: Saboteur.SaboteurBoard
# Timeout: 20000
# First Move Timeout: 30000
# Date: Sun Apr 12 20:16:11 EDT 2020
# Player 1: Player-0, '260776911', running on localhost
# Player 2: Player-1, 'RandomPlayer', running on localhost
START Player-0 260776911
START Player-1 RandomPlayer
BoardInit:Destroy,Bonus,Tile:8,Bonus,Tile:8,Destroy,Tile:6,Tile:7,Tile:9,Tile:13,Tile:7,Tile:11,Map,Tile:4,Tile:8,Tile:1,Tile:15,Tile:8,Malus,Bonus,Tile:9,Map,Malus,Tile:2,Tile:5,Tile:8,Tile:10,Map,Tile:7,Tile:5,Tile:12,Map,Tile:5,Tile:7,Map,Tile:9,Tile:9,Tile:0,Tile:6,Bonus,Tile:0-Tile:10,Tile:3,Map,Tile:9,Destroy,Tile:10,Tile:7-Tile:5,Tile:6,Tile:6,Tile:14,Tile:0,Tile:0,Tile:6-Tile:hidden1,Tile:hidden2,Tile:nugget
Drop 3 0 1
Drop 3 0 0
Drop 5 0 1
Tile:0 6 5 0
Tile:10 5 6 1
Tile:6_flip 7 5 0
Drop 2 0 1
Destroy 5 6 0
Drop 2 0 1
Tile:6 7 6 0
Tile:6 8 6 1
Drop 6 0 0
Tile:9_flip 5 6 1
Drop 6 0 0
Drop 5 0 1
Drop 6 0 0
Tile:8 5 7 1
Drop 6 0 0
Drop 5 0 1
Tile:6_flip 8 5 0
Tile:3 9 6 1
Tile:7 6 7 0
Destroy 7 5 1
Drop 6 0 0
Drop 4 0 1
Drop 6 0 0
Tile:15 5 4 1
Tile:8 6 8 0
Tile:5_flip 9 5 1
Drop 6 0 0
Tile:7 9 4 1
Tile:8 6 9 0
Tile:9 5 3 1
Drop 6 0 0
Tile:5 4 7 1
Tile:5_flip 6 10 0
Tile:12_flip 6 6 1
Tile:7_flip 5 8 0
Tile:9 9 7 1
Tile:9 9 8 0
Tile:6 4 6 1
Tile:5_flip 7 9 0
Map 12 3 1
Tile:0 5 9 0
Tile:10 4 8 1
Tile:0 10 7 0
Tile:8 4 5 1
Drop 2 0 0
Map 12 3 1
Drop 1 0 0
Malus 0 0 1
Bonus 0 0 0
Tile:0 10 8 1
Drop 0 0 0
Map 12 5 1
GAMEOVER DRAW
# Game ended: Sun Apr 12 20:16:11 EDT 2020
