# Server version 0.08 running on localhost:8123
# Game ID: 65
# Board class: Saboteur.SaboteurBoard
# Timeout: 20000
# First Move Timeout: 30000
# Date: Sun Apr 12 04:16:51 EDT 2020
# Player 1: Player-0, '260776911', running on localhost
# Player 2: Player-1, 'RandomPlayer', running on localhost
START Player-0 260776911
START Player-1 RandomPlayer
BoardInit:Tile:13,Map,Tile:0,Tile:7,Tile:8,Map,Destroy,Destroy,Tile:8,Map,Tile:8,Tile:5,Tile:5,Destroy,Tile:9,Tile:6,Tile:5,Bonus,Tile:0,Tile:10,Tile:15,Tile:7,Tile:10,Tile:8,Tile:4,Tile:9,Bonus,Tile:11,Malus,Tile:7,Tile:8,Tile:6,Map,Tile:9,Tile:5,Tile:3,Tile:10,Tile:6,Tile:6,Tile:9,Tile:6-Bonus,Tile:12,Tile:0,Tile:1,Tile:2,Tile:9,Tile:0-Bonus,Malus,Map,Tile:14,Map,Tile:7,Tile:7-Tile:hidden1,Tile:nugget,Tile:hidden2
Tile:2 6 5 1
Drop 4 0 0
Drop 1 0 1
Drop 6 0 0
Tile:9_flip 7 5 1
Drop 2 0 0
Drop 6 0 1
Drop 6 0 0
Tile:0 4 5 1
Drop 1 0 0
Destroy 4 5 1
Drop 6 0 0
Drop 0 0 1
Tile:14 5 6 0
Tile:8 4 6 1
Tile:7 5 4 0
Tile:9 7 4 1
Tile:7 7 3 0
Tile:0 8 4 1
Tile:7 9 4 0
Tile:5 4 5 1
Destroy 4 5 0
Tile:13 4 5 1
Tile:5 4 4 0
Tile:10 7 6 1
Destroy 4 4 0
Tile:0 6 3 1
Tile:6 3 5 0
Drop 6 0 1
Tile:10 3 4 0
Tile:5_flip 4 7 1
Tile:7 3 3 0
Tile:15 6 6 1
Tile:8 2 3 0
Tile:1 5 3 1
Tile:9 2 2 0
Tile:5_flip 2 4 1
Tile:11 2 1 0
Tile:10 7 7 1
Tile:7 2 0 0
Tile:8 9 5 1
Tile:6 1 0 0
Tile:0 3 6 1
Tile:9 0 0 0
Tile:6 3 2 1
Tile:3 3 1 0
Tile:4_flip 9 6 1
Tile:6 0 1 0
Malus 0 0 1
Drop 1 0 0
Tile:8 1 3 1
Drop 0 0 0
Tile:6_flip 2 6 1
Drop 0 0 0
Map 12 5 1
GAMEOVER DRAW
# Game ended: Sun Apr 12 04:16:51 EDT 2020
