# Server version 0.08 running on localhost:8123
# Game ID: 93
# Board class: Saboteur.SaboteurBoard
# Timeout: 20000
# First Move Timeout: 30000
# Date: Sun Apr 12 10:57:50 EDT 2020
# Player 1: Player-0, '260776911', running on localhost
# Player 2: Player-1, 'RandomPlayer', running on localhost
START Player-0 260776911
START Player-1 RandomPlayer
BoardInit:Destroy,Tile:8,Bonus,Tile:4,Tile:8,Bonus,Tile:9,Tile:0,Tile:10,Map,Tile:6,Map,Bonus,Tile:0,Destroy,Tile:5,Tile:9,Tile:8,Tile:12,Map,Tile:9,Tile:9,Destroy,Tile:6,Tile:8,Tile:9,Tile:0,Map,Tile:5,Tile:13,Tile:10,Tile:0,Tile:11,Tile:14,Tile:5,Tile:2,Tile:15,Tile:3,Tile:1,Tile:7,Tile:7-Tile:6,Malus,Malus,Tile:7,Tile:8,Tile:7,Tile:6-Tile:10,Map,Map,Tile:6,Bonus,Tile:5,Tile:7-Tile:nugget,Tile:hidden2,Tile:hidden1
Tile:7_flip 4 5 1
Tile:10 4 4 0
Malus 0 0 1
Bonus 0 0 0
Tile:6 5 6 1
Map 12 3 0
Destroy 5 6 1
Map 12 3 0
Tile:9 5 4 1
Tile:6 6 4 0
Tile:6 7 4 1
Tile:5 4 3 0
Drop 4 0 1
Tile:7 5 3 0
Tile:7_flip 5 6 1
Tile:8 6 6 0
Destroy 7 4 1
Tile:4 6 3 0
Drop 5 0 1
Tile:0 7 4 0
Tile:9_flip 8 4 1
Map 12 3 0
Drop 5 0 1
Map 12 3 0
Tile:10 8 5 1
Tile:0 7 6 0
Destroy 7 6 1
Tile:5 8 3 0
Tile:6_flip 6 5 1
Tile:8 6 7 0
Tile:8 7 7 1
Map 12 3 0
Tile:9 7 8 1
Tile:9 7 9 0
Tile:5_flip 8 6 1
Tile:6 8 8 0
Tile:8 7 6 1
Tile:9 7 10 0
Tile:15 6 8 1
Map 12 3 0
Tile:5 5 7 1
Tile:13 7 11 0
Tile:10 6 9 1
Tile:0 8 9 0
Tile:11_flip 9 8 1
Tile:14 5 8 0
Tile:7_flip 4 8 1
Tile:2 8 7 0
Tile:1 6 11 1
Tile:3 4 7 0
Tile:0 5 11 1
Tile:7 7 5 0
Malus 0 0 1
Bonus 0 0 0
Drop 0 0 1
GAMEOVER DRAW
# Game ended: Sun Apr 12 10:57:50 EDT 2020
