# Server version 0.08 running on localhost:8123
# Game ID: 297
# Board class: Saboteur.SaboteurBoard
# Timeout: 20000
# First Move Timeout: 30000
# Date: Sun Apr 12 20:15:04 EDT 2020
# Player 1: Player-0, '260776911', running on localhost
# Player 2: Player-1, 'RandomPlayer', running on localhost
START Player-0 260776911
START Player-1 RandomPlayer
BoardInit:Tile:7,Bonus,Map,Map,Tile:15,Tile:8,Tile:0,Tile:9,Tile:3,Tile:9,Tile:5,Tile:7,Tile:12,Tile:6,Tile:5,Tile:5,Tile:0,Tile:6,Tile:8,Tile:10,Tile:7,Tile:2,Tile:9,Bonus,Tile:8,Tile:0,Tile:0,Tile:13,Tile:9,Tile:10,Map,Malus,Tile:11,Map,Tile:1,Tile:8,Tile:9,Tile:6,Tile:7,Tile:4,Malus-Map,Bonus,Destroy,Map,Tile:5,Tile:6,Tile:14-Destroy,Tile:6,Tile:7,Tile:10,Destroy,Tile:8,Bonus-Tile:nugget,Tile:hidden2,Tile:hidden1
Tile:5 4 5 1
Tile:6 5 6 0
Map 12 3 1
Destroy 5 6 0
Map 12 5 1
Map 12 3 0
Map 12 7 1
Tile:8 6 5 0
Tile:14 6 6 1
Destroy 6 6 0
Drop 1 0 1
Tile:7 6 4 0
Tile:6 5 6 1
Tile:9 5 4 0
Tile:7_flip 4 6 1
Tile:6 6 6 0
Tile:3 7 6 1
Tile:5 5 3 0
Tile:5_flip 7 5 1
Tile:10 7 4 0
Tile:5_flip 7 7 1
Tile:9 7 3 0
Drop 5 0 1
Drop 6 0 0
Tile:9_flip 8 3 1
Tile:7 7 2 0
Tile:7_flip 6 2 1
Tile:10 8 2 0
Tile:0 6 7 1
Drop 6 0 0
Drop 0 0 1
Tile:10 8 4 0
Map 12 3 1
Malus 0 0 0
Drop 3 0 1
Drop 6 0 0
Drop 3 0 1
Tile:8 6 1 0
Drop 6 0 1
Tile:8 8 1 0
Drop 2 0 1
Drop 6 0 0
Drop 5 0 1
Tile:0 7 1 0
Drop 4 0 1
Tile:6_flip 5 7 0
Drop 3 0 1
Tile:6_flip 5 1 0
Drop 2 0 1
Drop 1 0 0
Drop 0 0 1
Drop 1 0 0
Malus 0 0 1
Bonus 0 0 0
Drop 0 0 1
GAMEOVER DRAW
# Game ended: Sun Apr 12 20:15:04 EDT 2020
