# Server version 0.08 running on localhost:8123
# Game ID: 105
# Board class: Saboteur.SaboteurBoard
# Timeout: 20000
# First Move Timeout: 30000
# Date: Sun Apr 12 11:23:15 EDT 2020
# Player 1: Player-0, '260776911', running on localhost
# Player 2: Player-1, 'RandomPlayer', running on localhost
START Player-0 260776911
START Player-1 RandomPlayer
BoardInit:Tile:0,Tile:1,Tile:10,Tile:0,Tile:5,Tile:6,Map,Tile:5,Tile:6,Tile:10,Tile:8,Tile:0,Map,Tile:10,Tile:11,Tile:7,Tile:9,Tile:7,Tile:8,Tile:9,Malus,Tile:2,Tile:9,Tile:14,Tile:8,Tile:6,Tile:6,Map,Destroy,Tile:15,Tile:8,Bonus,Destroy,Bonus,Tile:8,Malus,Tile:3,Destroy,Tile:7,Map,Tile:7-Tile:7,Map,Tile:9,Tile:9,Tile:5,Tile:13,Tile:4-Tile:12,Map,Bonus,Tile:0,Tile:6,Bonus,Tile:5-Tile:hidden1,Tile:nugget,Tile:hidden2
Tile:9_flip 5 4 1
Map 12 3 0
Tile:9 5 6 1
Tile:12 6 5 0
Tile:0 6 6 1
Tile:0 4 4 0
Drop 2 0 1
Tile:6 3 4 0
Tile:13 5 7 1
Tile:5 3 3 0
Tile:6 5 8 1
Tile:1 4 3 0
Tile:7 7 6 1
Tile:0 2 4 0
Drop 1 0 1
Tile:6 1 4 0
Tile:10 7 7 1
Tile:5 1 3 0
Tile:5_flip 2 3 1
Tile:10 2 2 0
Tile:8 6 8 1
Tile:0 0 4 0
Map 12 5 1
Tile:10 2 1 0
Tile:9_flip 5 3 1
Tile:7 2 0 0
Map 12 3 1
Tile:7 5 2 0
Tile:6 7 8 1
Map 12 5 0
Tile:8 6 9 1
Tile:9 1 0 0
Tile:11_flip 1 1 1
Tile:2 0 1 0
Destroy 2 2 1
Tile:14 0 2 0
Destroy 6 6 1
Malus 0 0 0
Map 12 7 1
Tile:6 4 2 0
Drop 4 0 1
Tile:15 2 2 0
Drop 5 0 1
Destroy 0 1 0
Drop 4 0 1
Map 12 3 0
Drop 3 0 1
Drop 0 0 0
Drop 2 0 1
Drop 0 0 0
Drop 0 0 1
Drop 0 0 0
Drop 1 0 1
Drop 0 0 0
Drop 0 0 1
GAMEOVER DRAW
# Game ended: Sun Apr 12 11:23:15 EDT 2020
