# Server version 0.08 running on localhost:8123
# Game ID: 50
# Board class: Saboteur.SaboteurBoard
# Timeout: 20000
# First Move Timeout: 30000
# Date: Sun Apr 12 02:47:42 EDT 2020
# Player 1: Player-0, '260776911', running on localhost
# Player 2: Player-1, 'RandomPlayer', running on localhost
START Player-0 260776911
START Player-1 RandomPlayer
BoardInit:Map,Bonus,Tile:9,Map,Tile:0,Tile:10,Tile:5,Tile:4,Tile:11,Tile:6,Tile:3,Map,Bonus,Tile:0,Tile:7,Tile:5,Tile:8,Tile:13,Tile:0,Tile:7,Bonus,Tile:0,Tile:10,Malus,Tile:1,Tile:6,Tile:8,Tile:12,Malus,Tile:9,Tile:6,Tile:7,Tile:7,Tile:8,Bonus,Map,Tile:15,Tile:10,Tile:5,Map,Destroy-Tile:6,Tile:7,Tile:9,Destroy,Tile:9,Map,Tile:9-Tile:8,Tile:8,Tile:2,Tile:6,Tile:5,Destroy,Tile:14-Tile:nugget,Tile:hidden2,Tile:hidden1
Tile:9 5 6 1
Tile:8 5 4 0
Tile:9 4 4 1
Tile:8 4 3 0
Tile:7_flip 3 3 1
Tile:2 3 2 0
Tile:6 4 5 1
Tile:6 2 2 0
Map 12 7 1
Tile:5 2 1 0
Tile:9_flip 4 2 1
Destroy 2 1 0
Tile:9_flip 2 1 1
Tile:14 6 4 0
Tile:5_flip 5 7 1
Map 12 3 0
Tile:11 3 5 1
Drop 4 0 0
Tile:7 6 3 1
Tile:10 2 0 0
Destroy 2 0 1
Tile:4 2 0 0
Tile:8 5 3 1
Tile:6 1 1 0
Tile:0 0 1 1
Drop 6 0 0
Tile:0 6 5 1
Tile:0 1 2 0
Map 12 7 1
Tile:5 0 2 0
Tile:8 3 6 1
Tile:13 0 3 0
Tile:10 5 2 1
Tile:7 1 3 0
Tile:6 3 7 1
Tile:0 2 6 0
Tile:7 4 6 1
Drop 6 0 0
Tile:15 4 1 1
Tile:6 0 4 0
Tile:3 6 6 1
Drop 6 0 0
Destroy 3 2 1
Tile:12 7 5 0
Tile:5 2 7 1
Tile:9 1 6 0
Drop 3 0 1
Tile:7 1 0 0
Drop 0 0 1
Tile:8 1 4 0
Tile:1 0 0 1
Tile:10 1 5 0
Drop 1 0 1
Drop 0 0 0
Drop 0 0 1
GAMEOVER DRAW
# Game ended: Sun Apr 12 02:47:42 EDT 2020
