# Server version 0.08 running on localhost:8123
# Game ID: 261
# Board class: Saboteur.SaboteurBoard
# Timeout: 20000
# First Move Timeout: 30000
# Date: Sun Apr 12 19:19:02 EDT 2020
# Player 1: Player-0, '260776911', running on localhost
# Player 2: Player-1, 'RandomPlayer', running on localhost
START Player-0 260776911
START Player-1 RandomPlayer
BoardInit:Map,Tile:10,Tile:7,Map,Tile:15,Tile:7,Tile:8,Tile:6,Tile:9,Tile:0,Tile:0,Tile:6,Tile:6,Tile:5,Tile:8,Tile:12,Destroy,Tile:9,Tile:9,Tile:3,Tile:8,Tile:4,Tile:11,Malus,Bonus,Tile:5,Destroy,Tile:2,Tile:0,Map,Tile:1,Tile:7,Map,Tile:10,Tile:5,Tile:9,Map,Bonus,Tile:0,Map,Destroy-Tile:9,Tile:7,Tile:8,Bonus,Tile:13,Tile:6,Tile:7-Tile:14,Bonus,Tile:8,Tile:10,Tile:6,Malus,Tile:5-Tile:hidden1,Tile:hidden2,Tile:nugget
Tile:8 5 4 1
Drop 0 0 0
Tile:9_flip 5 3 1
Tile:8 6 4 0
Tile:7 5 2 1
Map 12 3 0
Drop 6 0 1
Tile:10 6 3 0
Tile:6 5 6 1
Tile:6 6 5 0
Drop 1 0 1
Tile:5_flip 7 4 0
Tile:7_flip 4 3 1
Tile:10 7 3 0
Tile:8 4 6 1
Tile:7 6 6 0
Tile:6_flip 7 5 1
Drop 6 0 0
Drop 1 0 1
Tile:6 6 7 0
Tile:9 6 2 1
Drop 6 0 0
Tile:7_flip 7 6 1
Drop 6 0 0
Tile:9 4 5 1
Tile:0 5 7 0
Tile:8 7 2 1
Tile:6 8 5 0
Tile:11 4 2 1
Drop 6 0 0
Drop 1 0 1
Map 12 5 0
Destroy 4 2 1
Tile:7 7 7 0
Destroy 7 2 1
Tile:5_flip 7 8 0
Drop 3 0 1
Tile:5 6 8 0
Drop 2 0 1
Tile:9 4 2 0
Tile:5 3 6 1
Drop 6 0 0
Destroy 4 6 1
Tile:9 8 4 0
Tile:0 8 6 1
Tile:10 8 3 0
Map 12 5 1
Drop 1 0 0
Tile:8 9 6 1
Drop 1 0 0
Tile:1 4 7 1
Drop 1 0 0
Map 12 3 1
Drop 0 0 0
Drop 0 0 1
GAMEOVER DRAW
# Game ended: Sun Apr 12 19:19:02 EDT 2020
