# Server version 0.08 running on localhost:8123
# Game ID: 5
# Board class: Saboteur.SaboteurBoard
# Timeout: 20000
# First Move Timeout: 30000
# Date: Sat Apr 11 21:19:37 EDT 2020
# Player 1: Player-0, 'RandomPlayer', running on localhost
# Player 2: Player-1, 'Human', running on localhost
START Player-0 RandomPlayer
START Player-1 Human
BoardInit:Tile:5,Tile:9,Tile:7,Bonus,Malus,Tile:6,Destroy,Tile:2,Tile:7,Tile:5,Malus,Tile:10,Tile:7,Tile:8,Tile:13,Map,Map,Tile:8,Tile:6,Map,Destroy,Tile:12,Tile:9,Map,Tile:10,Map,Tile:0,Bonus,Tile:9,Tile:7,Tile:4,Tile:6,Tile:5,Tile:9,Tile:10,Tile:11,Tile:0,Destroy,Tile:0,Tile:15,Tile:6-Tile:8,Tile:7,Tile:14,Tile:8,Tile:1,Tile:6,Bonus-Map,Tile:0,Tile:8,Tile:5,Tile:9,Bonus,Tile:3-Tile:hidden1,Tile:nugget,Tile:hidden2
Tile:8 6 5 1
Tile:9 6 4 0
Tile:6 7 5 1
Map 12 3 0
Tile:8 8 5 1
Tile:8 7 4 0
Tile:1 4 5 1
Tile:6_flip 7 3 0
Tile:14_flip 3 5 1
Tile:2_flip 8 6 0
Tile:7 9 5 1
Tile:5_flip 9 6 0
Destroy 9 6 1
Tile:3 8 3 0
GAMEOVER USER CANCEL UNDECIDED
# Game ended: Sat Apr 11 21:23:38 EDT 2020
