# Server version 0.08 running on localhost:8123
# Game ID: 140
# Board class: Saboteur.SaboteurBoard
# Timeout: 20000
# First Move Timeout: 30000
# Date: Sun Apr 12 13:35:40 EDT 2020
# Player 1: Player-0, '260776911', running on localhost
# Player 2: Player-1, 'RandomPlayer', running on localhost
START Player-0 260776911
START Player-1 RandomPlayer
BoardInit:Map,Tile:5,Bonus,Malus,Tile:12,Tile:10,Map,Tile:3,Tile:7,Tile:5,Bonus,Tile:8,Tile:8,Map,Tile:9,Destroy,Tile:8,Map,Tile:0,Tile:6,Tile:0,Tile:8,Tile:9,Tile:6,Tile:14,Tile:10,Tile:9,Tile:5,Tile:10,Tile:7,Tile:6,Tile:13,Tile:11,Tile:9,Tile:8,Tile:7,Tile:4,Destroy,Map,Map,Tile:6-Tile:5,Destroy,Tile:0,Bonus,Tile:2,Malus,Tile:15-Tile:7,Tile:0,Tile:7,Tile:1,Bonus,Tile:9,Tile:6-Tile:nugget,Tile:hidden1,Tile:hidden2
Tile:2 4 5 1
Tile:7 5 4 0
Destroy 4 5 1
Tile:0 4 4 0
Map 12 3 1
Malus 0 0 0
Malus 0 0 1
Bonus 0 0 0
Drop 6 0 1
Tile:7 6 5 0
Drop 4 0 1
Tile:1 4 5 0
Drop 3 0 1
Tile:9 3 4 0
Drop 2 0 1
Drop 6 0 0
Drop 1 0 1
Tile:6 3 5 0
Drop 3 0 1
Drop 6 0 0
Drop 2 0 1
Tile:5 3 3 0
Drop 0 0 1
Tile:10 5 6 0
Drop 2 0 1
Tile:3_flip 2 5 0
Drop 0 0 1
Tile:5_flip 4 3 0
Drop 5 0 1
Tile:8 4 2 0
Drop 0 0 1
Destroy 2 5 0
Drop 6 0 1
Tile:6 3 2 0
Drop 3 0 1
Tile:8 3 1 0
Drop 3 0 1
Tile:6 2 1 0
Drop 6 0 1
Tile:10 2 0 0
Drop 6 0 1
Drop 6 0 0
Drop 0 0 1
Tile:5 3 0 0
Drop 4 0 1
Tile:7 4 0 0
Drop 2 0 1
Tile:13 1 1 0
Drop 0 0 1
Tile:9 1 2 0
Drop 0 0 1
Tile:7 1 0 0
Drop 1 0 1
Destroy 1 0 0
Drop 0 0 1
GAMEOVER DRAW
# Game ended: Sun Apr 12 13:35:40 EDT 2020
