# Server version 0.08 running on localhost:8123
# Game ID: 78
# Board class: Saboteur.SaboteurBoard
# Timeout: 20000
# First Move Timeout: 30000
# Date: Sun Apr 12 04:45:07 EDT 2020
# Player 1: Player-0, '260776911', running on localhost
# Player 2: Player-1, 'RandomPlayer', running on localhost
START Player-0 260776911
START Player-1 RandomPlayer
BoardInit:Tile:0,Tile:11,Malus,Tile:10,Tile:13,Bonus,Tile:9,Tile:9,Tile:5,Tile:10,Tile:8,Tile:8,Tile:3,Bonus,Tile:4,Tile:12,Tile:0,Bonus,Tile:6,Tile:14,Tile:6,Map,Map,Tile:7,Tile:15,Malus,Destroy,Map,Map,Destroy,Tile:10,Tile:9,Map,Tile:7,Tile:5,Tile:0,Tile:5,Destroy,Tile:6,Tile:5,Tile:2-Tile:8,Tile:7,Bonus,Tile:7,Tile:7,Tile:8,Tile:6-Tile:1,Tile:0,Tile:8,Map,Tile:6,Tile:9,Tile:9-Tile:hidden2,Tile:hidden1,Tile:nugget
Tile:8 4 5 1
Tile:1 3 5 0
Tile:6_flip 4 4 1
Tile:0 3 4 0
Tile:7_flip 5 6 1
Tile:8 2 4 0
Tile:0 6 5 1
Map 12 3 0
Tile:13 5 4 1
Tile:6 2 5 0
Tile:9_flip 2 3 1
Tile:9 2 2 0
Tile:7_flip 1 5 1
Tile:9 1 4 0
Tile:8 7 5 1
Tile:11 1 3 0
Tile:3 6 6 1
Tile:10 1 2 0
Drop 5 0 1
Tile:9 1 1 0
Tile:6_flip 5 3 1
Tile:10 1 0 0
Tile:5_flip 4 6 1
Tile:8 2 1 0
Map 12 5 1
Tile:12 3 1 0
Tile:6_flip 3 2 1
Tile:14 4 2 0
Destroy 2 4 1
Map 12 3 0
Tile:8 6 7 1
Tile:7 6 3 0
Tile:10 6 8 1
Malus 0 0 0
Map 12 5 1
Map 12 3 0
Drop 0 0 1
Destroy 1 0 0
Map 12 5 1
Tile:9 1 0 0
Drop 4 0 1
Tile:7 2 0 0
Drop 5 0 1
Tile:0 3 6 0
Drop 4 0 1
Destroy 1 0 0
Drop 3 0 1
Tile:5 1 0 0
Drop 2 0 1
Drop 0 0 0
Drop 0 0 1
Drop 0 0 0
Malus 0 0 1
Bonus 0 0 0
Drop 0 0 1
GAMEOVER DRAW
# Game ended: Sun Apr 12 04:45:07 EDT 2020
