# Server version 0.08 running on localhost:8123
# Game ID: 278
# Board class: Saboteur.SaboteurBoard
# Timeout: 20000
# First Move Timeout: 30000
# Date: Sun Apr 12 19:23:42 EDT 2020
# Player 1: Player-0, '260776911', running on localhost
# Player 2: Player-1, 'RandomPlayer', running on localhost
START Player-0 260776911
START Player-1 RandomPlayer
BoardInit:Map,Tile:9,Tile:6,Tile:9,Tile:6,Map,Tile:3,Tile:5,Tile:10,Tile:10,Destroy,Tile:6,Tile:5,Tile:8,Tile:0,Tile:11,Tile:6,Tile:0,Tile:0,Tile:5,Tile:12,Tile:7,Tile:7,Tile:9,Tile:10,Map,Tile:8,Tile:8,Bonus,Tile:8,Tile:9,Tile:15,Tile:7,Map,Tile:14,Malus,Tile:8,Tile:2,Tile:13,Map,Destroy-Tile:7,Bonus,Destroy,Tile:1,Malus,Tile:5,Tile:0-Tile:9,Map,Tile:6,Bonus,Tile:7,Tile:4,Bonus-Tile:nugget,Tile:hidden1,Tile:hidden2
Tile:7 5 4 1
Map 12 3 0
Drop 5 0 1
Drop 4 0 0
Tile:5_flip 5 6 1
Tile:7_flip 4 6 0
Malus 0 0 1
Bonus 0 0 0
Tile:3_flip 4 4 1
Drop 5 0 0
Tile:1 6 5 1
Tile:9_flip 7 5 0
Tile:6 7 6 1
Tile:6_flip 7 4 0
Destroy 6 5 1
Tile:9 6 4 0
Map 12 3 1
Drop 6 0 0
Drop 1 0 1
Tile:9 6 3 0
Tile:5_flip 7 3 1
Tile:5 6 2 0
Tile:6_flip 4 5 1
Tile:6 8 4 0
Tile:12 9 4 1
Tile:10 8 3 0
Destroy 7 3 1
Drop 6 0 0
Drop 3 0 1
Tile:0 7 2 0
Tile:0 8 6 1
Tile:7 8 2 0
Tile:7 9 6 1
Drop 6 0 0
Tile:8 6 5 1
Drop 6 0 0
Tile:7_flip 9 7 1
Tile:8 4 3 0
Drop 6 0 1
Drop 6 0 0
Drop 2 0 1
Drop 6 0 0
Tile:9 4 2 1
Tile:9_flip 5 2 0
Tile:13 3 5 1
Tile:8 3 3 0
Destroy 6 4 1
Tile:5_flip 10 7 0
Tile:14_flip 2 3 1
Malus 0 0 0
Drop 0 0 1
Tile:8 5 1 0
Bonus 0 0 1
Drop 0 0 0
Tile:10 3 4 1
GAMEOVER DRAW
# Game ended: Sun Apr 12 19:23:42 EDT 2020
