# Server version 0.08 running on localhost:8123
# Game ID: 375
# Board class: Saboteur.SaboteurBoard
# Timeout: 20000
# First Move Timeout: 30000
# Date: Sun Apr 12 20:36:09 EDT 2020
# Player 1: Player-0, '260776911', running on localhost
# Player 2: Player-1, 'RandomPlayer', running on localhost
START Player-0 260776911
START Player-1 RandomPlayer
BoardInit:Map,Tile:8,Tile:10,Map,Tile:6,Tile:8,Tile:9,Tile:4,Tile:0,Tile:0,Tile:8,Bonus,Tile:5,Tile:1,Map,Map,Tile:9,Tile:9,Tile:6,Tile:6,Tile:2,Bonus,Tile:12,Tile:7,Tile:6,Tile:0,Tile:8,Tile:10,Tile:7,Tile:3,Tile:7,Tile:11,Destroy,Bonus,Tile:5,Tile:9,Tile:6,Tile:5,Tile:14,Malus,Tile:13-Destroy,Tile:7,Tile:5,Malus,Tile:8,Tile:10,Destroy-Tile:15,Tile:9,Bonus,Tile:0,Map,Tile:7,Map-Tile:hidden1,Tile:hidden2,Tile:nugget
Malus 0 0 1
Bonus 0 0 0
Drop 1 0 1
Drop 5 0 0
Tile:10 5 4 1
Drop 6 0 0
Tile:8 5 3 1
Drop 3 0 0
Map 12 5 1
Drop 0 0 0
Drop 0 0 1
Drop 5 0 0
Tile:8 5 2 1
Tile:8 4 2 0
Tile:5 3 2 1
Drop 6 0 0
Tile:5_flip 6 2 1
Drop 6 0 0
Tile:9_flip 6 1 1
Tile:8 5 1 0
Tile:6_flip 4 1 1
Tile:0 4 5 0
Tile:6 6 5 1
Tile:9 4 3 0
Tile:2_flip 7 5 1
Tile:9_flip 8 5 0
Drop 3 0 1
Tile:7_flip 8 6 0
Tile:9 5 0 1
Tile:0 9 6 0
Tile:6 10 6 1
Drop 6 0 0
Tile:7_flip 5 6 1
Drop 6 0 0
Destroy 5 3 1
Tile:6 11 6 0
Tile:5 8 4 1
Tile:10 10 5 0
Tile:7 6 0 1
Tile:9_flip 5 3 0
Tile:0 6 6 1
Malus 0 0 0
Destroy 6 0 1
Tile:5 3 5 0
Drop 4 0 1
Tile:7_flip 3 6 0
Drop 2 0 1
Tile:0 12 6 0
Drop 0 0 1
Drop 1 0 0
Drop 0 0 1
Drop 1 0 0
Drop 1 0 1
Drop 0 0 0
Drop 0 0 1
GAMEOVER DRAW
# Game ended: Sun Apr 12 20:36:09 EDT 2020
