# Server version 0.08 running on localhost:8123
# Game ID: 181
# Board class: Saboteur.SaboteurBoard
# Timeout: 20000
# First Move Timeout: 30000
# Date: Sun Apr 12 14:38:43 EDT 2020
# Player 1: Player-0, '260776911', running on localhost
# Player 2: Player-1, 'RandomPlayer', running on localhost
START Player-0 260776911
START Player-1 RandomPlayer
BoardInit:Tile:6,Malus,Tile:9,Tile:6,Map,Tile:7,Tile:6,Tile:13,Map,Tile:0,Destroy,Tile:9,Map,Tile:9,Tile:8,Tile:11,Bonus,Destroy,Tile:1,Tile:7,Tile:0,Bonus,Tile:7,Tile:7,Tile:7,Tile:5,Tile:8,Tile:0,Destroy,Map,Tile:15,Tile:10,Tile:5,Tile:12,Tile:4,Tile:0,Bonus,Tile:3,Tile:8,Tile:9,Map-Tile:10,Tile:8,Tile:2,Tile:14,Tile:6,Tile:5,Tile:10-Tile:5,Tile:8,Tile:6,Bonus,Tile:9,Map,Malus-Tile:nugget,Tile:hidden1,Tile:hidden2
Tile:2_flip 6 5 1
Malus 0 0 0
Drop 1 0 1
Malus 0 0 0
Drop 4 0 1
Drop 5 0 0
Map 12 5 1
Tile:5 5 4 0
Drop 1 0 1
Drop 6 0 0
Drop 1 0 1
Tile:8 6 4 0
Drop 5 0 1
Tile:6 7 4 0
Destroy 5 4 1
Tile:9 5 4 0
Map 12 7 1
Drop 6 0 0
Drop 3 0 1
Destroy 6 5 0
Drop 2 0 1
Tile:6 8 4 0
Drop 3 0 1
Tile:7 5 3 0
Drop 5 0 1
Tile:0 9 4 0
Drop 0 0 1
Tile:9 6 3 0
Drop 6 0 1
Tile:9 6 2 0
Destroy 6 4 1
Drop 6 0 0
Drop 4 0 1
Tile:7 7 2 0
Drop 0 0 1
Drop 6 0 0
Drop 4 0 1
Tile:7 8 3 0
Bonus 0 0 1
Drop 6 0 0
Drop 4 0 1
Tile:5_flip 10 4 0
Map 12 7 1
Tile:10 10 3 0
Drop 4 0 1
Tile:9 10 2 0
Drop 2 0 1
Tile:0 11 2 0
Drop 0 0 1
Tile:0 12 2 0
Drop 0 0 1
Drop 0 0 0
Drop 1 0 1
Drop 0 0 0
Drop 0 0 1
GAMEOVER DRAW
# Game ended: Sun Apr 12 14:38:44 EDT 2020
