# Server version 0.08 running on localhost:8123
# Game ID: 291
# Board class: Saboteur.SaboteurBoard
# Timeout: 20000
# First Move Timeout: 30000
# Date: Sun Apr 12 19:32:40 EDT 2020
# Player 1: Player-0, '260776911', running on localhost
# Player 2: Player-1, 'RandomPlayer', running on localhost
START Player-0 260776911
START Player-1 RandomPlayer
BoardInit:Bonus,Tile:5,Tile:9,Tile:11,Tile:8,Tile:7,Tile:7,Map,Tile:6,Tile:0,Bonus,Tile:8,Tile:14,Tile:5,Tile:10,Tile:8,Tile:7,Tile:10,Map,Tile:6,Map,Tile:12,Destroy,Malus,Map,Destroy,Map,Tile:3,Tile:8,Tile:6,Tile:7,Tile:6,Tile:1,Tile:9,Tile:0,Tile:9,Tile:5,Tile:7,Tile:0,Tile:2,Tile:5-Tile:15,Bonus,Bonus,Destroy,Tile:9,Tile:13,Map-Tile:0,Malus,Tile:9,Tile:6,Tile:10,Tile:8,Tile:4-Tile:nugget,Tile:hidden1,Tile:hidden2
Tile:13 5 4 1
Drop 6 0 0
Drop 1 0 1
Tile:0 6 4 0
Map 12 3 1
Drop 6 0 0
Tile:15 5 6 1
Tile:9 5 3 0
Drop 2 0 1
Map 12 3 0
Tile:7 6 5 1
Tile:6 6 3 0
Tile:8 5 2 1
Tile:5_flip 7 3 0
Tile:9 5 1 1
Tile:10 7 2 0
Tile:14_flip 4 2 1
Tile:7 6 2 0
Destroy 4 2 1
Tile:0 7 4 0
Tile:10 5 7 1
Tile:5_flip 8 4 0
Tile:7_flip 6 6 1
Drop 6 0 0
Tile:6_flip 5 0 1
Tile:10 8 3 0
Destroy 6 2 1
Destroy 6 3 0
Map 12 5 1
Drop 6 0 0
Map 12 3 1
Tile:6 6 3 0
Tile:7_flip 5 8 1
Tile:6 6 8 0
Tile:8 6 0 1
Tile:9 8 2 0
Tile:0 7 6 1
Tile:6 9 2 0
Tile:1 4 5 1
Malus 0 0 0
Drop 1 0 1
Drop 6 0 0
Map 12 7 1
Malus 0 0 0
Drop 4 0 1
Tile:8 10 2 0
Map 12 3 1
Tile:8 10 3 0
Drop 0 0 1
Tile:8 11 2 0
Drop 0 0 1
Tile:9 10 4 0
Drop 1 0 1
Tile:7 11 4 0
Drop 0 0 1
GAMEOVER DRAW
# Game ended: Sun Apr 12 19:32:40 EDT 2020
