# Server version 0.08 running on localhost:8123
# Game ID: 238
# Board class: Saboteur.SaboteurBoard
# Timeout: 20000
# First Move Timeout: 30000
# Date: Sun Apr 12 18:45:17 EDT 2020
# Player 1: Player-0, '260776911', running on localhost
# Player 2: Player-1, 'RandomPlayer', running on localhost
START Player-0 260776911
START Player-1 RandomPlayer
BoardInit:Tile:15,Tile:7,Tile:2,Tile:14,Tile:8,Tile:6,Tile:7,Tile:0,Tile:7,Malus,Map,Bonus,Tile:0,Tile:0,Tile:9,Destroy,Map,Tile:9,Tile:6,Destroy,Bonus,Tile:6,Map,Tile:5,Tile:5,Tile:9,Tile:9,Map,Map,Tile:12,Tile:4,Bonus,Tile:8,Tile:0,Tile:10,Destroy,Bonus,Tile:9,Malus,Tile:1,Map-Tile:6,Tile:8,Tile:3,Tile:6,Tile:13,Tile:10,Tile:11-Tile:7,Tile:5,Tile:5,Tile:8,Tile:8,Tile:7,Tile:10-Tile:hidden1,Tile:nugget,Tile:hidden2
Tile:11 4 5 1
Tile:7 5 4 0
Tile:6_flip 4 4 1
Tile:5_flip 5 6 0
Drop 4 0 1
Drop 6 0 0
Tile:8 6 5 1
Tile:5 6 4 0
Tile:2 3 4 1
Tile:8 7 4 0
Tile:8 7 3 1
Tile:8 7 5 0
Tile:3_flip 6 6 1
Tile:7 8 3 0
Tile:7_flip 2 4 1
Tile:7 8 5 0
Tile:9 4 6 1
Destroy 6 6 0
Drop 5 0 1
Tile:10 6 6 0
Tile:7_flip 6 3 1
Tile:6 6 7 0
Drop 1 0 1
Tile:0 5 7 0
Drop 2 0 1
Tile:0 7 7 0
Tile:6 8 4 1
Tile:9 8 6 0
Tile:6 9 4 1
Map 12 3 0
Tile:15 2 3 1
Drop 6 0 0
Tile:4_flip 7 6 1
Destroy 7 6 0
Tile:8 2 2 1
Tile:6 8 7 0
Map 12 7 1
Tile:5 9 3 0
Tile:10 6 2 1
Tile:9_flip 9 6 0
Tile:9 7 2 1
Drop 6 0 0
Map 12 7 1
Tile:0 10 3 0
Tile:5_flip 11 3 1
Destroy 5 4 0
Drop 3 0 1
Tile:9_flip 5 4 0
Drop 2 0 1
Drop 1 0 0
Map 12 3 1
Drop 0 0 0
Map 12 3 1
Drop 0 0 0
Drop 0 0 1
GAMEOVER DRAW
# Game ended: Sun Apr 12 18:45:17 EDT 2020
