# Server version 0.08 running on localhost:8123
# Game ID: 91
# Board class: Saboteur.SaboteurBoard
# Timeout: 20000
# First Move Timeout: 30000
# Date: Sun Apr 12 10:23:12 EDT 2020
# Player 1: Player-0, '260776911', running on localhost
# Player 2: Player-1, 'RandomPlayer', running on localhost
START Player-0 260776911
START Player-1 RandomPlayer
BoardInit:Tile:7,Destroy,Tile:10,Bonus,Tile:2,Destroy,Tile:9,Tile:0,Tile:14,Tile:1,Tile:11,Map,Tile:10,Tile:15,Tile:0,Tile:8,Tile:6,Tile:4,Tile:10,Tile:8,Tile:7,Map,Tile:8,Tile:6,Tile:7,Bonus,Tile:3,Tile:0,Bonus,Map,Tile:9,Map,Map,Tile:6,Tile:12,Malus,Bonus,Tile:7,Tile:5,Tile:6,Tile:7-Tile:5,Tile:13,Tile:8,Tile:9,Destroy,Malus,Tile:6-Map,Tile:5,Tile:8,Tile:0,Tile:9,Tile:9,Tile:5-Tile:hidden1,Tile:hidden2,Tile:nugget
Tile:6 5 6 1
Tile:5 4 5 0
Tile:9_flip 6 6 1
Tile:9 5 4 0
Tile:8 6 5 1
Destroy 5 6 0
Tile:7 5 3 1
Tile:8 6 4 0
Tile:9 6 7 1
Tile:9 6 3 0
Destroy 6 6 1
Drop 0 0 0
Tile:13 4 6 1
Tile:1 7 7 0
Tile:14 7 3 1
Destroy 4 5 0
Tile:2_flip 4 3 1
Tile:15 6 6 0
Tile:10 4 7 1
Drop 1 0 0
Malus 0 0 1
Bonus 0 0 0
Tile:7 7 2 1
Tile:0 7 4 0
Tile:6 3 6 1
Map 12 5 0
Tile:10 4 2 1
Tile:8 3 3 0
Tile:5 4 5 1
Tile:0 2 3 0
Tile:11 1 3 1
Tile:6_flip 2 6 0
Tile:9_flip 6 8 1
Tile:0 7 5 0
Tile:8 6 9 1
Tile:8 1 6 0
Tile:0 5 9 1
Malus 0 0 0
Map 12 7 1
Tile:7_flip 5 8 0
Drop 4 0 1
Tile:4 3 5 0
Bonus 0 0 1
Tile:6_flip 8 7 0
Tile:7 9 7 1
Tile:6 0 6 0
Tile:7_flip 1 4 1
Drop 3 0 0
Tile:3_flip 6 10 1
Map 12 5 0
Tile:5_flip 1 7 1
Map 12 7 0
Tile:10 4 8 1
Drop 0 0 0
Drop 0 0 1
GAMEOVER DRAW
# Game ended: Sun Apr 12 10:23:12 EDT 2020
