# Server version 0.08 running on localhost:8123
# Game ID: 96
# Board class: Saboteur.SaboteurBoard
# Timeout: 20000
# First Move Timeout: 30000
# Date: Sun Apr 12 10:59:45 EDT 2020
# Player 1: Player-0, '260776911', running on localhost
# Player 2: Player-1, 'RandomPlayer', running on localhost
START Player-0 260776911
START Player-1 RandomPlayer
BoardInit:Tile:9,Tile:0,Tile:14,Destroy,Tile:8,Bonus,Tile:0,Tile:13,Map,Tile:6,Tile:9,Map,Destroy,Map,Bonus,Tile:3,Tile:9,Bonus,Tile:7,Tile:6,Tile:10,Tile:9,Tile:15,Malus,Tile:9,Tile:8,Map,Tile:8,Tile:7,Tile:2,Destroy,Tile:7,Tile:6,Tile:4,Tile:5,Tile:5,Tile:10,Map,Tile:6,Tile:1,Tile:0-Tile:8,Tile:7,Tile:5,Tile:6,Tile:0,Tile:5,Map-Tile:12,Tile:10,Tile:7,Bonus,Tile:8,Tile:11,Malus-Tile:nugget,Tile:hidden2,Tile:hidden1
Tile:5_flip 5 6 1
Malus 0 0 0
Map 12 3 1
Tile:12 6 5 0
Drop 4 0 1
Tile:10 5 4 0
Drop 5 0 1
Tile:7 5 3 0
Drop 1 0 1
Tile:8 4 3 0
Drop 1 0 1
Tile:11 4 2 0
Drop 4 0 1
Tile:0 5 2 0
Drop 3 0 1
Destroy 4 2 0
Bonus 0 0 1
Tile:13 4 2 0
Destroy 5 4 1
Tile:6 3 2 0
Tile:0 4 6 1
Map 12 3 0
Tile:9 5 4 1
Map 12 3 0
Map 12 3 1
Malus 0 0 0
Drop 0 0 1
Tile:3 3 1 0
Drop 4 0 1
Tile:6 2 1 0
Map 12 3 1
Tile:9 2 0 0
Destroy 2 1 1
Tile:8 2 1 0
Drop 3 0 1
Tile:8 2 2 0
Drop 3 0 1
Tile:2 1 1 0
Drop 6 0 1
Tile:7 6 2 0
Drop 2 0 1
Tile:4 4 1 0
Drop 0 0 1
Tile:5 0 1 0
Drop 4 0 1
Map 12 3 0
Drop 2 0 1
Tile:1 3 0 0
Drop 0 0 1
Drop 0 0 0
Drop 0 0 1
Drop 0 0 0
Drop 1 0 1
Drop 0 0 0
Drop 0 0 1
GAMEOVER DRAW
# Game ended: Sun Apr 12 10:59:45 EDT 2020
