# Server version 0.08 running on localhost:8123
# Game ID: 131
# Board class: Saboteur.SaboteurBoard
# Timeout: 20000
# First Move Timeout: 30000
# Date: Sun Apr 12 12:06:29 EDT 2020
# Player 1: Player-0, '260776911', running on localhost
# Player 2: Player-1, 'RandomPlayer', running on localhost
START Player-0 260776911
START Player-1 RandomPlayer
BoardInit:Tile:8,Map,Destroy,Tile:10,Tile:5,Tile:15,Tile:0,Tile:9,Tile:9,Tile:0,Tile:8,Tile:9,Map,Tile:8,Tile:1,Tile:7,Map,Destroy,Bonus,Tile:11,Tile:2,Map,Tile:5,Tile:6,Tile:0,Tile:8,Tile:13,Tile:6,Malus,Tile:5,Tile:0,Bonus,Tile:6,Bonus,Tile:4,Tile:7,Destroy,Tile:6,Tile:10,Tile:5,Tile:7-Tile:8,Tile:6,Malus,Map,Tile:7,Tile:12,Map-Tile:3,Tile:9,Tile:14,Bonus,Tile:7,Tile:10,Tile:9-Tile:hidden2,Tile:hidden1,Tile:nugget
Malus 0 0 1
Bonus 0 0 0
Tile:6_flip 4 5 1
Map 12 3 0
Drop 4 0 1
Tile:3 5 4 0
Drop 2 0 1
Tile:9 4 6 0
Tile:12_flip 4 4 1
Tile:14 4 7 0
Tile:8 3 5 1
Tile:7 3 4 0
Tile:9_flip 6 5 1
Tile:10 3 6 0
Tile:5 6 4 1
Tile:9 2 4 0
Tile:8 2 5 1
Tile:10 2 3 0
Drop 1 0 1
Tile:15 2 2 0
Map 12 7 1
Tile:9 2 1 0
Tile:2 3 1 1
Map 12 5 0
Tile:1 4 1 1
Tile:0 1 5 0
Map 12 5 1
Tile:9 0 5 0
Drop 6 0 1
Tile:8 0 4 0
Map 12 3 1
Tile:7 0 3 0
Tile:5_flip 5 6 1
Destroy 0 3 0
Tile:8 5 1 1
Tile:11 0 3 0
Tile:0 6 1 1
Tile:6 0 6 0
Tile:4_flip 2 6 1
Tile:8 0 2 0
Destroy 4 5 1
Tile:6 3 7 0
Tile:7_flip 6 6 1
Tile:5 0 1 0
Tile:0 7 1 1
Tile:7 1 1 0
Tile:6_flip 4 5 1
Tile:6 5 2 0
Tile:0 7 6 1
Tile:5 2 0 0
Drop 1 0 1
Drop 0 0 0
Tile:10 3 2 1
Drop 0 0 0
Drop 0 0 1
GAMEOVER DRAW
# Game ended: Sun Apr 12 12:06:29 EDT 2020
