# Server version 0.08 running on localhost:8123
# Game ID: 251
# Board class: Saboteur.SaboteurBoard
# Timeout: 20000
# First Move Timeout: 30000
# Date: Sun Apr 12 19:06:21 EDT 2020
# Player 1: Player-0, '260776911', running on localhost
# Player 2: Player-1, 'RandomPlayer', running on localhost
START Player-0 260776911
START Player-1 RandomPlayer
BoardInit:Tile:9,Tile:15,Tile:3,Malus,Tile:0,Tile:9,Tile:2,Malus,Destroy,Tile:6,Tile:5,Map,Map,Map,Destroy,Map,Tile:0,Tile:6,Bonus,Tile:0,Bonus,Tile:6,Map,Tile:7,Tile:9,Tile:5,Tile:10,Tile:8,Tile:8,Tile:8,Tile:14,Tile:0,Tile:4,Tile:9,Tile:5,Tile:10,Tile:7,Tile:1,Bonus,Bonus,Tile:12-Tile:6,Tile:7,Tile:8,Map,Tile:9,Tile:10,Destroy-Tile:8,Tile:7,Tile:5,Tile:7,Tile:13,Tile:11,Tile:6-Tile:hidden1,Tile:nugget,Tile:hidden2
Tile:9 4 5 1
Drop 4 0 0
Tile:7_flip 5 6 1
Drop 4 0 0
Tile:10 5 4 1
Drop 5 0 0
Tile:3 6 5 1
Tile:8 5 3 0
Destroy 6 5 1
Tile:7 6 3 0
Tile:2 4 3 1
Tile:5_flip 6 5 0
Drop 0 0 1
Map 12 3 0
Map 12 7 1
Map 12 5 0
Tile:9 6 4 1
Drop 6 0 0
Destroy 5 4 1
Tile:7 6 6 0
Destroy 4 5 1
Tile:6 7 4 0
Tile:0 8 4 1
Tile:9_flip 9 4 0
Tile:5 4 5 1
Malus 0 0 0
Map 12 5 1
Malus 0 0 0
Drop 2 0 1
Tile:8 9 5 0
Drop 3 0 1
Tile:0 10 5 0
Drop 4 0 1
Tile:8 9 6 0
Drop 0 0 1
Tile:0 10 6 0
Drop 4 0 1
Tile:6 11 5 0
GAMEOVER WINNER 0
# Game ended: Sun Apr 12 19:06:21 EDT 2020
