# Server version 0.08 running on localhost:8123
# Game ID: 334
# Board class: Saboteur.SaboteurBoard
# Timeout: 20000
# First Move Timeout: 30000
# Date: Sun Apr 12 20:27:20 EDT 2020
# Player 1: Player-0, '260776911', running on localhost
# Player 2: Player-1, 'RandomPlayer', running on localhost
START Player-0 260776911
START Player-1 RandomPlayer
BoardInit:Tile:10,Tile:5,Map,Tile:10,Tile:13,Tile:8,Malus,Bonus,Tile:7,Tile:2,Tile:5,Tile:7,Tile:6,Tile:6,Tile:9,Tile:8,Map,Malus,Tile:3,Tile:6,Tile:9,Tile:7,Tile:0,Bonus,Tile:7,Bonus,Bonus,Tile:9,Tile:0,Tile:5,Destroy,Destroy,Tile:11,Tile:9,Tile:14,Tile:10,Tile:8,Tile:5,Tile:0,Tile:4,Tile:0-Tile:8,Tile:15,Map,Map,Tile:12,Tile:7,Tile:6-Map,Tile:9,Destroy,Map,Tile:1,Tile:8,Tile:6-Tile:hidden1,Tile:hidden2,Tile:nugget
Tile:6 4 5 1
Drop 3 0 0
Tile:7 5 4 1
Drop 0 0 0
Map 12 3 1
Drop 2 0 0
Tile:13 3 5 1
Destroy 3 5 0
Drop 3 0 1
Tile:5 4 4 0
Drop 1 0 1
Drop 6 0 0
Map 12 7 1
Tile:8 3 5 0
Tile:10 5 6 1
Tile:8 6 5 0
Map 12 5 1
Tile:10 6 6 0
Tile:7_flip 2 5 1
Malus 0 0 0
Drop 6 0 1
Tile:7_flip 6 7 0
Map 12 3 1
Tile:6_flip 7 7 0
Drop 5 0 1
Tile:8 7 5 0
Drop 0 0 1
Tile:6 8 5 0
Drop 2 0 1
Tile:7 8 4 0
Drop 4 0 1
Tile:9 7 4 0
Destroy 3 5 1
Destroy 2 5 0
Drop 4 0 1
Tile:5_flip 5 7 0
Drop 4 0 1
Tile:9 4 7 0
Drop 0 0 1
Tile:10 4 8 0
Drop 2 0 1
Drop 6 0 0
Drop 0 0 1
Tile:9_flip 7 8 0
Drop 4 0 1
Tile:5 6 8 0
Drop 2 0 1
Tile:6_flip 7 3 0
Drop 0 0 1
Drop 1 0 0
Drop 0 0 1
Drop 1 0 0
Drop 1 0 1
Drop 0 0 0
Drop 0 0 1
GAMEOVER DRAW
# Game ended: Sun Apr 12 20:27:20 EDT 2020
