# Server version 0.08 running on localhost:8123
# Game ID: 223
# Board class: Saboteur.SaboteurBoard
# Timeout: 20000
# First Move Timeout: 30000
# Date: Sun Apr 12 18:04:31 EDT 2020
# Player 1: Player-0, '260776911', running on localhost
# Player 2: Player-1, 'RandomPlayer', running on localhost
START Player-0 260776911
START Player-1 RandomPlayer
BoardInit:Map,Tile:8,Tile:11,Tile:9,Malus,Destroy,Tile:6,Tile:10,Tile:2,Bonus,Tile:5,Tile:8,Bonus,Tile:14,Tile:13,Tile:3,Tile:7,Map,Tile:5,Tile:0,Tile:8,Tile:0,Destroy,Bonus,Tile:15,Malus,Tile:0,Tile:9,Tile:5,Tile:6,Tile:12,Tile:8,Tile:5,Tile:6,Tile:9,Tile:6,Tile:6,Tile:7,Destroy,Tile:7,Bonus-Map,Tile:8,Tile:4,Tile:0,Map,Tile:7,Tile:9-Map,Tile:10,Tile:7,Tile:1,Tile:10,Map,Tile:9-Tile:hidden2,Tile:nugget,Tile:hidden1
Tile:9 4 5 1
Map 12 3 0
Tile:7 5 4 1
Map 12 5 0
Drop 4 0 1
Drop 2 0 0
Tile:11 4 4 1
Destroy 4 4 0
Tile:6 4 6 1
Tile:7 6 5 0
Tile:2_flip 6 6 1
Tile:9_flip 7 6 0
Tile:5 4 4 1
Tile:10 7 5 0
Drop 5 0 1
Drop 6 0 0
Map 12 3 1
Drop 6 0 0
Map 12 5 1
Drop 6 0 0
Tile:8 5 6 1
Tile:10 7 4 0
Tile:13 7 7 1
Tile:8 3 6 0
Tile:7_flip 3 7 1
Tile:9 2 6 0
Tile:4 2 5 1
Tile:10 3 5 0
Tile:5_flip 7 8 1
Tile:8 5 7 0
Destroy 2 5 1
Tile:0 4 7 0
Tile:5 7 3 1
Tile:0 6 7 0
Tile:5_flip 2 7 1
Malus 0 0 0
Drop 4 0 1
Tile:9 1 7 0
Drop 0 0 1
Tile:6 1 8 0
Destroy 4 5 1
Tile:8 0 8 0
Bonus 0 0 1
Tile:6 0 9 0
Tile:6_flip 8 3 1
Tile:7_flip 8 4 0
Tile:12 1 9 1
Tile:6 9 4 0
Tile:15 2 5 1
Tile:7 10 4 0
Drop 1 0 1
Drop 0 0 0
Tile:8 10 5 1
Drop 0 0 0
Drop 0 0 1
GAMEOVER DRAW
# Game ended: Sun Apr 12 18:04:31 EDT 2020
