# Server version 0.08 running on client.openvpn.net:8123
# Game ID: 252
# Board class: Saboteur.SaboteurBoard
# Timeout: 20000
# First Move Timeout: 30000
# Date: Sun Apr 12 19:07:59 EDT 2020
# Player 1: Player-0, '260776911', running on client.openvpn.net
# Player 2: Player-1, 'RandomPlayer', running on client.openvpn.net
START Player-0 260776911
START Player-1 RandomPlayer
BoardInit:Bonus,Tile:0,Destroy,Tile:8,Tile:10,Tile:9,Tile:7,Tile:9,Destroy,Destroy,Tile:5,Tile:6,Tile:15,Bonus,Tile:4,Tile:2,Tile:8,Tile:5,Map,Map,Tile:9,Bonus,Tile:7,Tile:12,Tile:10,Malus,Tile:11,Tile:1,Tile:7,Tile:8,Tile:9,Tile:6,Tile:8,Tile:7,Map,Tile:8,Bonus,Tile:13,Tile:10,Malus,Map-Map,Tile:9,Map,Tile:6,Tile:0,Tile:7,Tile:6-Tile:0,Tile:3,Tile:5,Tile:6,Tile:5,Tile:14,Tile:0-Tile:nugget,Tile:hidden1,Tile:hidden2
Map 12 3 1
Drop 1 0 0
Tile:7 6 5 1
Drop 4 0 0
Map 12 5 1
Tile:5 5 4 0
Tile:9 4 5 1
Tile:0 6 4 0
Tile:6 7 4 1
Tile:6 5 6 0
Destroy 5 4 1
Tile:5 5 4 0
Destroy 4 5 1
Tile:0 8 4 0
Tile:6 4 6 1
Tile:0 9 4 0
Tile:7 10 4 1
Drop 6 0 0
Tile:15 7 3 1
Destroy 7 3 0
Tile:8 3 6 1
Map 12 3 0
Tile:5 2 6 1
Tile:9 7 3 0
Tile:4 3 5 1
Drop 6 0 0
Tile:9_flip 2 7 1
Tile:9 7 2 0
Tile:0 8 3 1
Drop 6 0 0
Tile:11_flip 6 6 1
Tile:6 8 2 0
Map 12 3 1
Tile:5_flip 9 2 0
Tile:7_flip 1 7 1
Malus 0 0 0
Map 12 7 1
Tile:7 7 1 0
Bonus 0 0 1
Drop 6 0 0
Tile:9_flip 9 1 1
Malus 0 0 0
Map 12 7 1
Tile:6 10 5 0
Drop 4 0 1
Tile:8 11 5 0
Drop 2 0 1
Tile:8 12 4 0
GAMEOVER WINNER 0
# Game ended: Sun Apr 12 19:07:59 EDT 2020
