# Server version 0.08 running on localhost:8123
# Game ID: 233
# Board class: Saboteur.SaboteurBoard
# Timeout: 20000
# First Move Timeout: 30000
# Date: Sun Apr 12 18:36:18 EDT 2020
# Player 1: Player-0, '260776911', running on localhost
# Player 2: Player-1, 'RandomPlayer', running on localhost
START Player-0 260776911
START Player-1 RandomPlayer
BoardInit:Tile:8,Tile:4,Tile:13,Tile:2,Tile:6,Tile:9,Malus,Malus,Tile:3,Tile:7,Tile:9,Tile:7,Tile:9,Destroy,Tile:8,Tile:9,Tile:0,Tile:12,Tile:11,Tile:6,Bonus,Bonus,Tile:8,Tile:14,Tile:5,Tile:15,Map,Destroy,Tile:6,Map,Map,Tile:8,Map,Tile:7,Tile:8,Tile:6,Map,Tile:9,Tile:0,Tile:6,Map-Tile:7,Tile:7,Destroy,Tile:5,Tile:5,Bonus,Tile:10-Tile:0,Tile:10,Tile:0,Tile:1,Tile:5,Bonus,Tile:10-Tile:nugget,Tile:hidden2,Tile:hidden1
Drop 2 0 1
Drop 3 0 0
Tile:7 6 5 1
Drop 6 0 0
Tile:5 4 5 1
Drop 6 0 0
Tile:7_flip 4 6 1
Tile:10 5 4 0
Tile:8 5 3 1
Tile:0 6 3 0
Drop 1 0 1
Tile:0 7 3 0
Drop 0 0 1
Tile:5_flip 5 6 0
Tile:13 4 3 1
Tile:10 6 6 0
Tile:6 6 7 1
Tile:9_flip 7 7 0
Tile:0 3 3 1
Drop 6 0 0
Tile:9_flip 8 3 1
Tile:7_flip 8 4 0
Tile:11 4 2 1
Tile:7 9 4 0
Tile:10 9 5 1
Drop 6 0 0
Tile:9_flip 5 2 1
Drop 6 0 0
Tile:5 2 3 1
Destroy 5 3 0
Tile:8 8 2 1
Map 12 3 0
Tile:6 7 8 1
Tile:9_flip 9 2 0
Tile:8 5 1 1
Tile:6 7 2 0
Tile:3 8 1 1
Destroy 8 1 0
Map 12 7 1
Tile:7_flip 6 2 0
Tile:8 6 1 1
Tile:9 7 6 0
Drop 6 0 1
Tile:6_flip 7 1 0
Drop 4 0 1
Tile:6 9 6 0
Map 12 5 1
Tile:8 8 1 0
Malus 0 0 1
Bonus 0 0 0
Drop 1 0 1
Drop 0 0 0
Tile:0 6 8 1
Drop 0 0 0
Drop 0 0 1
GAMEOVER DRAW
# Game ended: Sun Apr 12 18:36:18 EDT 2020
