# Server version 0.08 running on localhost:8123
# Game ID: 301
# Board class: Saboteur.SaboteurBoard
# Timeout: 20000
# First Move Timeout: 30000
# Date: Sun Apr 12 20:15:55 EDT 2020
# Player 1: Player-0, '260776911', running on localhost
# Player 2: Player-1, 'RandomPlayer', running on localhost
START Player-0 260776911
START Player-1 RandomPlayer
BoardInit:Tile:7,Tile:9,Tile:9,Map,Destroy,Tile:3,Tile:6,Tile:6,Tile:7,Tile:8,Map,Tile:2,Malus,Tile:6,Tile:9,Tile:0,Tile:8,Tile:10,Destroy,Tile:5,Tile:7,Tile:5,Tile:8,Bonus,Tile:6,Tile:13,Tile:11,Tile:14,Map,Bonus,Tile:8,Tile:5,Map,Tile:0,Tile:7,Malus,Bonus,Tile:10,Tile:5,Map,Tile:9-Destroy,Tile:4,Tile:0,Tile:0,Tile:8,Tile:15,Map-Tile:9,Tile:6,Tile:12,Tile:1,Bonus,Tile:10,Tile:7-Tile:nugget,Tile:hidden1,Tile:hidden2
Tile:8 6 5 1
Drop 2 0 0
Tile:4 5 4 1
Drop 2 0 0
Tile:9 6 6 1
Drop 6 0 0
Destroy 6 5 1
Drop 6 0 0
Tile:7_flip 6 7 1
Tile:9 4 5 0
Destroy 6 6 1
Tile:9_flip 4 4 0
Drop 4 0 1
Drop 6 0 0
Tile:0 7 7 1
Tile:6_flip 3 4 0
Tile:0 2 4 1
Tile:8 4 6 0
Tile:7 6 6 1
Tile:6 3 6 0
Tile:8 5 6 1
Tile:0 6 5 0
Drop 1 0 1
Tile:10 3 5 0
Tile:9_flip 8 7 1
Tile:5 2 6 0
Tile:15 2 7 1
Drop 6 0 0
Drop 0 0 1
Drop 6 0 0
Tile:7_flip 2 8 1
Tile:10 5 7 0
Destroy 6 5 1
Tile:5_flip 6 5 0
Tile:11_flip 4 7 1
Tile:5 3 7 0
Tile:8 4 8 1
Malus 0 0 0
Map 12 7 1
Tile:6_flip 8 6 0
Map 12 7 1
Drop 6 0 0
Bonus 0 0 1
Tile:10 4 3 0
Tile:9 6 4 1
Tile:7_flip 8 8 0
Tile:6 5 8 1
Tile:0 9 8 0
Tile:7 7 4 1
Drop 1 0 0
Tile:8 6 3 1
Drop 1 0 0
Tile:5 4 2 1
Drop 0 0 0
Malus 0 0 1
GAMEOVER DRAW
# Game ended: Sun Apr 12 20:15:55 EDT 2020
