# Server version 0.08 running on localhost:8123
# Game ID: 308
# Board class: Saboteur.SaboteurBoard
# Timeout: 20000
# First Move Timeout: 30000
# Date: Sun Apr 12 20:16:37 EDT 2020
# Player 1: Player-0, '260776911', running on localhost
# Player 2: Player-1, 'RandomPlayer', running on localhost
START Player-0 260776911
START Player-1 RandomPlayer
BoardInit:Bonus,Map,Tile:14,Bonus,Tile:8,Map,Map,Tile:9,Tile:6,Tile:3,Tile:7,Tile:13,Tile:5,Map,Tile:7,Tile:1,Tile:12,Bonus,Tile:0,Tile:8,Tile:9,Tile:0,Tile:6,Tile:7,Tile:9,Malus,Tile:9,Tile:8,Tile:2,Malus,Tile:4,Tile:0,Tile:7,Tile:0,Tile:7,Tile:9,Destroy,Map,Destroy,Tile:10,Tile:5-Destroy,Bonus,Tile:6,Map,Tile:15,Tile:8,Tile:5-Tile:6,Tile:8,Tile:5,Tile:6,Tile:10,Tile:11,Tile:10-Tile:hidden1,Tile:hidden2,Tile:nugget
Tile:6 4 5 1
Drop 5 0 0
Drop 1 0 1
Drop 6 0 0
Tile:8 3 5 1
Tile:6 2 5 0
Tile:14_flip 3 4 1
Drop 6 0 0
Tile:15 5 6 1
Tile:10 5 7 0
Tile:6 1 5 1
Drop 6 0 0
Tile:8 5 4 1
Drop 6 0 0
Tile:7 5 3 1
Drop 6 0 0
Tile:5_flip 6 5 1
Drop 6 0 0
Destroy 5 6 1
Tile:10 1 4 0
Tile:7 6 4 1
Tile:9 3 6 0
Tile:5_flip 5 8 1
Tile:6_flip 4 3 0
Map 12 7 1
Tile:8 5 6 0
Tile:0 4 8 1
Malus 0 0 0
Drop 6 0 1
Tile:7 6 6 0
Drop 3 0 1
Malus 0 0 0
Map 12 7 1
Tile:8 0 5 0
Drop 0 0 1
Tile:0 3 3 0
Drop 3 0 1
Tile:0 4 6 0
Destroy 0 5 1
Drop 6 0 0
Drop 0 0 1
Tile:9 3 7 0
Destroy 6 6 1
Tile:0 2 3 0
Drop 4 0 1
Tile:8 4 4 0
Drop 2 0 1
Drop 0 0 0
Drop 0 0 1
Drop 1 0 0
Drop 0 0 1
Drop 1 0 0
Drop 1 0 1
Drop 0 0 0
Drop 0 0 1
GAMEOVER DRAW
# Game ended: Sun Apr 12 20:16:37 EDT 2020
