# Server version 0.08 running on localhost:8123
# Game ID: 456
# Board class: Saboteur.SaboteurBoard
# Timeout: 20000
# First Move Timeout: 30000
# Date: Mon Apr 13 16:47:17 EDT 2020
# Player 1: Player-0, '260776911', running on localhost
# Player 2: Player-1, 'RandomPlayer', running on localhost
START Player-0 260776911
START Player-1 RandomPlayer
BoardInit:Map,Tile:6,Malus,Tile:9,Tile:7,Destroy,Tile:0,Tile:6,Tile:2,Tile:8,Tile:12,Bonus,Tile:8,Tile:10,Bonus,Tile:1,Tile:7,Tile:5,Map,Tile:5,Bonus,Tile:8,Malus,Tile:9,Tile:5,Map,Tile:0,Tile:9,Destroy,Tile:9,Bonus,Tile:0,Map,Tile:6,Tile:10,Tile:4,Tile:10,Tile:7,Tile:8,Tile:5,Tile:13-Map,Destroy,Tile:6,Tile:3,Tile:0,Tile:11,Tile:15-Tile:8,Tile:14,Map,Tile:7,Tile:6,Tile:9,Tile:7-Tile:hidden1,Tile:hidden2,Tile:nugget
Tile:3 6 5 1
Map 12 3 0
Map 12 3 1
Drop 1 0 0
Tile:11_flip 5 4 1
Tile:8 5 3 0
Tile:6 4 5 1
Destroy 6 5 0
Map 12 7 1
Tile:7 6 3 0
Tile:15 5 6 1
Tile:6 6 5 0
Tile:7_flip 4 3 1
Tile:9 6 4 0
Tile:8 3 5 1
Tile:7 7 4 0
Drop 0 0 1
Drop 6 0 0
Tile:12_flip 2 5 1
Tile:6 5 7 0
Tile:7 3 4 1
Tile:9_flip 6 7 0
Tile:2 4 2 1
Tile:6 7 5 0
Tile:0 4 7 1
Tile:8 8 5 0
Tile:0 3 7 1
Map 12 5 0
Tile:5 4 4 1
Tile:10 6 8 0
Destroy 3 5 1
Tile:5 6 6 0
Map 12 3 1
Tile:5_flip 8 6 0
Drop 3 0 1
Tile:0 7 6 0
Drop 6 0 1
Drop 6 0 0
Drop 2 0 1
Tile:9_flip 5 2 0
Drop 2 0 1
Tile:6 2 7 0
Tile:8 3 2 1
Tile:9_flip 9 5 0
Tile:10 3 1 1
Tile:9 9 6 0
Map 12 5 1
Tile:8 9 7 0
Drop 1 0 1
Tile:7 10 6 0
Tile:13 5 1 1
Tile:5_flip 9 8 0
Malus 0 0 1
Bonus 0 0 0
Drop 0 0 1
GAMEOVER DRAW
# Game ended: Mon Apr 13 16:47:17 EDT 2020
