# Server version 0.08 running on localhost:8123
# Game ID: 396
# Board class: Saboteur.SaboteurBoard
# Timeout: 20000
# First Move Timeout: 30000
# Date: Sun Apr 12 20:39:48 EDT 2020
# Player 1: Player-0, '260776911', running on localhost
# Player 2: Player-1, 'RandomPlayer', running on localhost
START Player-0 260776911
START Player-1 RandomPlayer
BoardInit:Tile:5,Tile:8,Tile:6,Bonus,Map,Tile:2,Tile:7,Tile:12,Tile:8,Tile:8,Tile:0,Tile:4,Tile:10,Tile:5,Malus,Malus,Map,Tile:9,Tile:7,Tile:0,Tile:8,Tile:6,Tile:11,Tile:5,Destroy,Tile:10,Map,Tile:8,Destroy,Tile:1,Tile:7,Tile:6,Tile:6,Tile:7,Tile:15,Bonus,Tile:10,Bonus,Tile:9,Tile:9,Map-Tile:9,Bonus,Tile:7,Tile:14,Destroy,Tile:6,Tile:0-Tile:3,Tile:5,Map,Tile:13,Tile:0,Map,Tile:9-Tile:hidden1,Tile:hidden2,Tile:nugget
Tile:9 5 6 1
Drop 5 0 0
Tile:6_flip 6 6 1
Drop 2 0 0
Drop 1 0 1
Drop 0 0 0
Destroy 5 6 1
Drop 1 0 0
Tile:7 5 4 1
Drop 5 0 0
Tile:5_flip 7 6 1
Drop 5 0 0
Drop 4 0 1
Drop 6 0 0
Drop 2 0 1
Tile:5_flip 6 7 0
Tile:0 4 4 1
Malus 0 0 0
Drop 5 0 1
Tile:8 7 5 0
Drop 6 0 1
Tile:5 5 7 0
Map 12 3 1
Tile:0 6 5 0
Drop 5 0 1
Tile:6 5 6 0
Destroy 6 5 1
Tile:0 6 5 0
Drop 6 0 1
Tile:5 3 4 0
Destroy 6 5 1
Drop 6 0 0
Drop 4 0 1
Tile:8 3 5 0
Drop 0 0 1
Tile:6 3 6 0
Drop 3 0 1
Tile:8 4 6 0
Drop 6 0 1
Tile:9_flip 8 5 0
Drop 2 0 1
Tile:9 8 6 0
Drop 4 0 1
Tile:10 8 7 0
Drop 1 0 1
Tile:7 9 6 0
Map 12 5 1
Tile:9 8 8 0
Drop 0 0 1
Drop 1 0 0
Drop 0 0 1
Drop 1 0 0
Drop 1 0 1
Drop 0 0 0
Drop 0 0 1
GAMEOVER DRAW
# Game ended: Sun Apr 12 20:39:49 EDT 2020
