# Server version 0.08 running on 192.168.1.106:8123
# Game ID: 234
# Board class: Saboteur.SaboteurBoard
# Timeout: 20000
# First Move Timeout: 30000
# Date: Sun Apr 12 18:40:39 EDT 2020
# Player 1: Player-0, '260776911', running on 192.168.1.106
# Player 2: Player-1, 'RandomPlayer', running on 192.168.1.106
START Player-0 260776911
START Player-1 RandomPlayer
BoardInit:Tile:11,Tile:9,Destroy,Tile:5,Tile:13,Tile:0,Tile:8,Destroy,Bonus,Tile:7,Tile:5,Tile:7,Malus,Tile:9,Tile:8,Tile:4,Tile:9,Tile:12,Map,Tile:9,Tile:7,Tile:2,Map,Tile:14,Map,Tile:0,Tile:8,Malus,Tile:8,Map,Tile:6,Tile:6,Bonus,Tile:10,Bonus,Tile:7,Tile:6,Tile:6,Tile:7,Tile:0,Tile:0-Tile:3,Destroy,Tile:15,Tile:6,Tile:9,Tile:10,Tile:5-Map,Bonus,Map,Tile:1,Tile:5,Tile:8,Tile:10-Tile:nugget,Tile:hidden1,Tile:hidden2
Tile:5 5 4 1
Map 12 3 0
Tile:9_flip 6 5 1
Drop 1 0 0
Tile:3_flip 5 6 1
Drop 1 0 0
Destroy 6 5 1
Tile:5_flip 6 4 0
Tile:8 6 3 1
Tile:10 6 2 0
Drop 1 0 1
Tile:9_flip 7 3 0
Tile:11 6 1 1
Destroy 6 1 0
Drop 1 0 1
Tile:5 7 2 0
Tile:15 7 4 1
Drop 6 0 0
Tile:8 6 6 1
Drop 6 0 0
Tile:5 6 1 1
Tile:0 8 2 0
Tile:7_flip 5 3 1
Drop 6 0 0
Drop 4 0 1
Drop 6 0 0
Map 12 5 1
Tile:7 9 2 0
Destroy 5 6 1
Tile:7_flip 9 3 0
Tile:13 5 6 1
Drop 6 0 0
Tile:6_flip 10 3 1
Tile:9 10 4 0
Tile:8 10 5 1
Tile:8 11 3 0
GAMEOVER WINNER 0
# Game ended: Sun Apr 12 18:40:39 EDT 2020
