# Server version 0.08 running on localhost:8123
# Game ID: 130
# Board class: Saboteur.SaboteurBoard
# Timeout: 20000
# First Move Timeout: 30000
# Date: Sun Apr 12 12:05:56 EDT 2020
# Player 1: Player-0, '260776911', running on localhost
# Player 2: Player-1, 'RandomPlayer', running on localhost
START Player-0 260776911
START Player-1 RandomPlayer
BoardInit:Tile:6,Bonus,Malus,Tile:5,Map,Tile:12,Tile:8,Tile:6,Tile:6,Tile:13,Bonus,Tile:0,Tile:0,Tile:7,Destroy,Tile:2,Tile:11,Tile:7,Map,Tile:0,Tile:0,Destroy,Tile:15,Destroy,Tile:5,Tile:7,Tile:1,Malus,Tile:9,Tile:14,Map,Tile:10,Map,Tile:8,Tile:10,Tile:9,Tile:9,Bonus,Tile:5,Tile:8,Tile:9-Tile:10,Tile:9,Bonus,Tile:8,Tile:7,Tile:5,Tile:3-Tile:4,Tile:6,Map,Tile:6,Tile:7,Map,Tile:8-Tile:hidden2,Tile:nugget,Tile:hidden1
Tile:3 5 4 1
Tile:4_flip 5 6 0
Tile:8 4 5 1
Tile:6 3 5 0
Tile:7 3 4 1
Map 12 3 0
Map 12 5 1
Tile:6 2 4 0
Tile:9_flip 4 6 1
Tile:7 2 3 0
Tile:6_flip 6 5 1
Map 12 3 0
Tile:5 4 4 1
Tile:8 1 3 0
Malus 0 0 1
Bonus 0 0 0
Destroy 4 5 1
Tile:5 1 2 0
Drop 5 0 1
Tile:12 2 2 0
Tile:6 7 5 1
Tile:6 1 4 0
Tile:8 4 5 1
Tile:13 0 3 0
Tile:15 6 6 1
Tile:0 2 5 0
Tile:0 1 5 1
Tile:7 0 2 0
Tile:11 0 5 1
Malus 0 0 0
Bonus 0 0 1
Tile:2 3 6 0
Drop 1 0 1
Tile:7 7 4 0
Tile:9_flip 0 6 1
Tile:0 2 6 0
Tile:5_flip 8 5 1
Destroy 0 2 0
Tile:9 6 7 1
Destroy 0 3 0
Tile:5 0 4 1
Tile:7 7 7 0
Tile:9 0 7 1
Tile:14 0 8 0
Drop 4 0 1
Tile:10 3 7 0
Tile:10 8 4 1
Tile:8 1 7 0
Tile:10 1 8 1
Tile:9 1 9 0
Map 12 3 1
Tile:8 1 10 0
Map 12 3 1
Drop 0 0 0
Tile:1 2 9 1
GAMEOVER DRAW
# Game ended: Sun Apr 12 12:05:56 EDT 2020
