# Server version 0.08 running on localhost:8123
# Game ID: 397
# Board class: Saboteur.SaboteurBoard
# Timeout: 20000
# First Move Timeout: 30000
# Date: Sun Apr 12 20:39:54 EDT 2020
# Player 1: Player-0, '260776911', running on localhost
# Player 2: Player-1, 'RandomPlayer', running on localhost
START Player-0 260776911
START Player-1 RandomPlayer
BoardInit:Bonus,Tile:9,Tile:14,Tile:6,Tile:10,Tile:15,Tile:8,Tile:0,Tile:7,Map,Tile:6,Tile:5,Tile:9,Tile:8,Bonus,Tile:1,Tile:0,Tile:0,Tile:8,Tile:7,Map,Tile:6,Tile:7,Tile:7,Tile:6,Tile:3,Malus,Tile:10,Tile:11,Tile:10,Tile:5,Map,Tile:6,Bonus,Destroy,Tile:13,Tile:0,Tile:5,Destroy,Tile:2,Bonus-Tile:7,Tile:5,Malus,Tile:4,Tile:8,Map,Tile:8-Tile:9,Map,Tile:12,Tile:9,Tile:9,Map,Destroy-Tile:nugget,Tile:hidden2,Tile:hidden1
Tile:7 6 5 1
Drop 5 0 0
Tile:8 5 4 1
Drop 1 0 0
Tile:5 4 5 1
Drop 1 0 0
Tile:14 6 6 1
Drop 6 0 0
Drop 3 0 1
Destroy 6 6 0
Tile:7_flip 6 6 1
Drop 6 0 0
Tile:6 6 4 1
Tile:9_flip 7 6 0
Tile:8 6 3 1
Tile:9 7 7 0
Tile:9_flip 8 7 1
Drop 6 0 0
Drop 3 0 1
Tile:9 8 6 0
Map 12 3 1
Tile:9 7 8 0
Tile:10 4 6 1
Tile:6 8 8 0
Drop 2 0 1
Tile:0 9 6 0
Tile:8 9 8 1
Drop 6 0 0
Drop 4 0 1
Tile:5 9 7 0
Drop 3 0 1
Tile:0 10 6 0
Tile:5_flip 11 6 1
Drop 6 0 0
Tile:6_flip 10 7 1
Tile:7 11 7 0
Destroy 7 7 1
Drop 6 0 0
Tile:11 6 2 1
Tile:6 10 8 0
Tile:4 11 5 1
Drop 6 0 0
Tile:0 7 2 1
Tile:5_flip 11 8 0
Destroy 11 6 1
Tile:10 5 6 0
Tile:6 7 4 1
Tile:7 8 4 0
Drop 3 0 1
Tile:8 7 7 0
Tile:0 4 4 1
Tile:10 8 5 0
Drop 0 0 1
Drop 0 0 0
Malus 0 0 1
GAMEOVER DRAW
# Game ended: Sun Apr 12 20:39:55 EDT 2020
