# Server version 0.08 running on localhost:8123
# Game ID: 464
# Board class: Saboteur.SaboteurBoard
# Timeout: 20000
# First Move Timeout: 30000
# Date: Mon Apr 13 16:50:00 EDT 2020
# Player 1: Player-0, '260776911', running on localhost
# Player 2: Player-1, 'RandomPlayer', running on localhost
START Player-0 260776911
START Player-1 RandomPlayer
BoardInit:Map,Tile:7,Tile:5,Tile:6,Tile:8,Map,Tile:0,Tile:13,Tile:0,Destroy,Tile:15,Tile:9,Tile:6,Tile:4,Tile:11,Tile:9,Destroy,Tile:9,Tile:9,Tile:12,Map,Tile:10,Tile:8,Tile:8,Tile:10,Bonus,Tile:2,Tile:5,Bonus,Tile:0,Tile:5,Tile:14,Tile:0,Tile:8,Malus,Tile:6,Tile:5,Destroy,Tile:1,Tile:7,Tile:8-Tile:7,Bonus,Map,Tile:9,Tile:3,Map,Tile:7-Bonus,Map,Malus,Tile:7,Tile:10,Tile:6,Tile:6-Tile:hidden1,Tile:hidden2,Tile:nugget
Tile:7 5 4 1
Map 12 3 0
Map 12 5 1
Tile:7 6 5 0
Drop 4 0 1
Tile:10 5 6 0
Tile:9 4 5 1
Map 12 5 0
Tile:5_flip 4 6 1
Drop 6 0 0
Tile:0 3 6 1
Tile:7_flip 6 6 0
Map 12 7 1
Tile:6 7 6 0
Tile:6_flip 8 6 1
Drop 6 0 0
Tile:8 4 4 1
Tile:6 8 7 0
Destroy 6 6 1
Tile:6 9 6 0
Tile:3_flip 5 7 1
Drop 6 0 0
Tile:0 10 6 1
Malus 0 0 0
Drop 2 0 1
Destroy 3 6 0
Bonus 0 0 1
Tile:8 11 6 0
Tile:11 6 6 1
Tile:9 11 7 0
Map 12 7 1
Tile:0 9 7 0
Tile:9_flip 6 7 1
Drop 6 0 0
Tile:2 12 6 1
Tile:8 11 8 0
Tile:5 4 3 1
Tile:6 10 8 0
Tile:0 13 6 1
Destroy 6 6 0
Tile:8 3 4 1
Tile:9_flip 12 8 0
Drop 0 0 1
Tile:5 9 8 0
Tile:8 11 5 1
Tile:7 10 7 0
Tile:5_flip 11 9 1
Tile:9_flip 9 5 0
Tile:1 2 4 1
Tile:10 9 4 0
Tile:10 9 3 1
Drop 1 0 0
Malus 0 0 1
Bonus 0 0 0
Drop 0 0 1
GAMEOVER DRAW
# Game ended: Mon Apr 13 16:50:00 EDT 2020
