# Server version 0.08 running on localhost:8123
# Game ID: 418
# Board class: Saboteur.SaboteurBoard
# Timeout: 20000
# First Move Timeout: 30000
# Date: Mon Apr 13 16:32:43 EDT 2020
# Player 1: Player-0, '260776911', running on localhost
# Player 2: Player-1, 'RandomPlayer', running on localhost
START Player-0 260776911
START Player-1 RandomPlayer
BoardInit:Malus,Tile:0,Tile:6,Tile:10,Tile:7,Tile:10,Tile:7,Tile:2,Tile:8,Map,Tile:0,Tile:3,Tile:6,Bonus,Tile:7,Tile:9,Map,Destroy,Tile:5,Bonus,Map,Tile:4,Tile:9,Tile:8,Tile:6,Tile:13,Tile:8,Bonus,Destroy,Tile:12,Tile:5,Tile:8,Tile:0,Tile:1,Map,Map,Map,Tile:9,Bonus,Tile:10,Tile:6-Tile:9,Tile:5,Tile:15,Tile:6,Destroy,Tile:0,Tile:5-Malus,Tile:7,Tile:7,Tile:11,Tile:14,Tile:9,Tile:8-Tile:nugget,Tile:hidden1,Tile:hidden2
Tile:5 5 4 1
Drop 3 0 0
Tile:9 4 5 1
Drop 3 0 0
Tile:6 5 6 1
Tile:7 6 4 0
Tile:6_flip 6 6 1
Tile:7 7 6 0
Tile:15 4 4 1
Drop 6 0 0
Tile:8 4 3 1
Map 12 3 0
Tile:5_flip 6 7 1
Drop 6 0 0
Tile:0 5 7 1
Tile:0 3 3 0
Tile:6_flip 4 2 1
Tile:10 7 7 0
Tile:0 4 7 1
Destroy 6 4 0
Tile:5_flip 5 3 1
Tile:9_flip 6 4 0
Destroy 7 6 1
Drop 6 0 0
Tile:7_flip 3 2 1
Tile:10 6 3 0
Tile:6_flip 6 2 1
Drop 6 0 0
Tile:8 5 2 1
Tile:9_flip 7 2 0
Drop 6 0 1
Drop 6 0 0
Drop 6 0 1
Tile:8 7 8 0
Tile:7_flip 7 3 1
Drop 6 0 0
Map 12 5 1
Drop 6 0 0
Tile:9 7 1 1
Tile:9_flip 8 3 0
Tile:7_flip 3 7 1
Tile:10 8 2 0
Map 12 7 1
Tile:8 3 6 0
Drop 4 0 1
Tile:8 7 9 0
Tile:6_flip 8 1 1
Drop 1 0 0
Drop 3 0 1
Drop 1 0 0
Drop 0 0 1
Drop 0 0 0
Tile:0 8 8 1
Drop 0 0 0
Map 12 5 1
GAMEOVER DRAW
# Game ended: Mon Apr 13 16:32:43 EDT 2020
