# Server version 0.08 running on localhost:8123
# Game ID: 364
# Board class: Saboteur.SaboteurBoard
# Timeout: 20000
# First Move Timeout: 30000
# Date: Sun Apr 12 20:34:11 EDT 2020
# Player 1: Player-0, '260776911', running on localhost
# Player 2: Player-1, 'RandomPlayer', running on localhost
START Player-0 260776911
START Player-1 RandomPlayer
BoardInit:Tile:7,Destroy,Bonus,Tile:10,Tile:14,Tile:6,Map,Tile:13,Destroy,Malus,Tile:10,Tile:7,Tile:5,Tile:0,Tile:10,Tile:7,Map,Tile:15,Map,Tile:6,Tile:5,Tile:8,Map,Tile:1,Tile:2,Malus,Tile:7,Bonus,Tile:11,Tile:6,Tile:6,Map,Tile:0,Tile:9,Map,Tile:9,Tile:6,Destroy,Tile:8,Tile:4,Bonus-Tile:7,Tile:8,Tile:8,Bonus,Tile:8,Tile:9,Tile:5-Tile:0,Tile:9,Tile:9,Tile:12,Tile:0,Tile:3,Tile:5-Tile:hidden1,Tile:hidden2,Tile:nugget
Tile:9_flip 5 4 1
Drop 3 0 0
Tile:8 5 3 1
Drop 4 0 0
Tile:8 5 6 1
Destroy 5 3 0
Tile:5_flip 5 7 1
Tile:5 5 3 0
Tile:7_flip 4 6 1
Drop 6 0 0
Drop 1 0 1
Malus 0 0 0
Bonus 0 0 1
Tile:0 4 7 0
Tile:14 6 6 1
Tile:6_flip 3 7 0
Map 12 7 1
Tile:7 6 3 0
Tile:10 3 8 1
Drop 6 0 0
Tile:7 6 5 1
Tile:7_flip 3 9 0
Destroy 5 6 1
Tile:6_flip 4 9 0
Map 12 7 1
Drop 6 0 0
Tile:2 5 9 1
Malus 0 0 0
Map 12 5 1
Tile:10 5 10 0
Drop 3 0 1
Tile:8 4 5 0
Map 12 7 1
Drop 6 0 0
Drop 0 0 1
Tile:6 2 7 0
Drop 2 0 1
Tile:9 2 6 0
Map 12 5 1
Destroy 6 6 0
Drop 2 0 1
Drop 6 0 0
Drop 5 0 1
Tile:9_flip 5 6 0
Drop 4 0 1
Tile:9_flip 4 10 0
Drop 3 0 1
Tile:9 3 5 0
Drop 2 0 1
Tile:0 3 10 0
Drop 0 0 1
Tile:0 6 9 0
Bonus 0 0 1
Drop 0 0 0
Tile:10 2 5 1
GAMEOVER DRAW
# Game ended: Sun Apr 12 20:34:11 EDT 2020
