# Server version 0.08 running on 192.168.1.106:8123
# Game ID: 20
# Board class: Saboteur.SaboteurBoard
# Timeout: 20000
# First Move Timeout: 30000
# Date: Sat Apr 11 22:15:43 EDT 2020
# Player 1: Player-0, 'Human', running on 192.168.1.106
# Player 2: Player-1, 'RandomPlayer', running on 192.168.1.106
START Player-0 Human
START Player-1 RandomPlayer
BoardInit:Destroy,Tile:6,Tile:6,Tile:5,Destroy,Map,Tile:10,Tile:0,Tile:9,Tile:0,Tile:8,Map,Bonus,Tile:9,Destroy,Tile:9,Tile:5,Tile:2,Tile:7,Map,Bonus,Map,Tile:10,Tile:10,Tile:8,Map,Tile:13,Tile:4,Tile:5,Tile:6,Malus,Tile:6,Tile:15,Tile:3,Tile:0,Tile:1,Tile:7,Tile:8,Malus,Tile:7,Bonus-Tile:7,Tile:9,Tile:5,Tile:6,Tile:0,Tile:8,Tile:14-Tile:11,Map,Tile:12,Tile:7,Tile:9,Bonus,Tile:8-Tile:hidden2,Tile:hidden1,Tile:nugget
Tile:9_flip 6 5 1
Tile:8 6 6 0
Drop 5 0 1
Tile:6 7 6 0
Tile:7 8 6 1
Map 12 5 0
Drop 6 0 1
Map 12 7 0
Tile:10 5 4 1
Tile:9 8 7 0
Drop 4 0 1
Tile:0 9 7 0
Tile:5 6 4 1
Drop 6 0 0
Tile:6 5 6 1
Drop 0 0 0
Tile:9_flip 8 8 1
Drop 0 0 0
Tile:5 7 8 1
Drop 6 0 0
Destroy 9 7 1
Tile:0 9 7 0
Tile:7 10 7 1
Drop 6 0 0
Tile:8 8 9 1
Tile:9 10 8 0
Tile:0 4 5 1
Tile:9_flip 11 8 0
Tile:8 3 5 1
Map 12 3 0
Tile:6 7 9 1
Drop 4 0 0
Tile:8 9 9 1
Tile:6 11 9 0
Tile:5_flip 7 4 1
Tile:6 12 9 0
Tile:15 12 8 1
Drop 6 0 0
Tile:7_flip 3 6 1
Drop 5 0 0
Tile:13 8 10 1
Drop 6 0 0
Tile:10 11 7 1
Drop 0 0 0
Drop 1 0 1
Drop 2 0 0
Tile:0 7 10 1
Drop 2 0 0
Drop 0 0 1
Drop 1 0 0
Drop 0 0 1
Drop 1 0 0
Malus 0 0 1
Drop 0 0 0
Drop 0 0 1
GAMEOVER DRAW
# Game ended: Sat Apr 11 22:19:40 EDT 2020
