# Server version 0.08 running on localhost:8123
# Game ID: 326
# Board class: Saboteur.SaboteurBoard
# Timeout: 20000
# First Move Timeout: 30000
# Date: Sun Apr 12 20:22:14 EDT 2020
# Player 1: Player-0, '260776911', running on localhost
# Player 2: Player-1, 'RandomPlayer', running on localhost
START Player-0 260776911
START Player-1 RandomPlayer
BoardInit:Destroy,Tile:10,Tile:0,Tile:3,Bonus,Tile:13,Tile:7,Malus,Tile:0,Tile:5,Tile:9,Tile:9,Tile:0,Tile:7,Destroy,Bonus,Map,Tile:8,Malus,Tile:8,Map,Tile:9,Tile:8,Tile:5,Bonus,Tile:12,Map,Tile:7,Tile:7,Bonus,Tile:6,Tile:6,Tile:14,Tile:9,Tile:15,Tile:2,Tile:1,Tile:10,Tile:9,Tile:6,Tile:8-Tile:6,Destroy,Tile:11,Tile:5,Tile:10,Map,Tile:4-Tile:5,Tile:8,Tile:0,Tile:6,Map,Tile:7,Map-Tile:nugget,Tile:hidden1,Tile:hidden2
Tile:11_flip 5 6 1
Map 12 3 0
Tile:6 4 5 1
Drop 5 0 0
Drop 4 0 1
Drop 6 0 0
Tile:5 5 4 1
Drop 6 0 0
Destroy 5 6 1
Tile:5_flip 6 4 0
Drop 1 0 1
Tile:0 6 5 0
Drop 6 0 1
Tile:6 7 5 0
Tile:0 8 5 1
Tile:7 6 3 0
Tile:7_flip 5 6 1
Tile:10 7 4 0
Tile:0 5 3 1
Tile:5 7 3 0
Tile:0 6 6 1
Tile:9_flip 8 3 0
Destroy 6 5 1
Tile:7 8 2 0
Drop 0 0 1
Tile:9_flip 9 5 0
Destroy 6 3 1
Drop 6 0 0
Drop 5 0 1
Malus 0 0 0
Map 12 5 1
Tile:8 9 4 0
Map 12 3 1
Tile:8 10 4 0
Bonus 0 0 1
Tile:8 10 3 0
Tile:8 11 3 1
Drop 6 0 0
Tile:14_flip 11 2 1
Tile:6 11 4 0
Tile:9_flip 6 3 1
Tile:9_flip 4 4 0
Tile:7 12 4 1
Tile:7_flip 10 5 0
Tile:15 10 2 1
Tile:6 12 2 0
Tile:6_flip 11 5 1
Tile:5 9 3 0
Malus 0 0 1
Bonus 0 0 0
Map 12 3 1
Tile:10 11 6 0
Tile:8 6 2 1
Drop 0 0 0
Tile:1 5 2 1
GAMEOVER DRAW
# Game ended: Sun Apr 12 20:22:15 EDT 2020
