# Server version 0.08 running on localhost:8123
# Game ID: 142
# Board class: Saboteur.SaboteurBoard
# Timeout: 20000
# First Move Timeout: 30000
# Date: Sun Apr 12 13:45:30 EDT 2020
# Player 1: Player-0, '260776911', running on localhost
# Player 2: Player-1, 'RandomPlayer', running on localhost
START Player-0 260776911
START Player-1 RandomPlayer
BoardInit:Map,Destroy,Destroy,Tile:9,Tile:7,Tile:5,Tile:8,Tile:9,Bonus,Malus,Tile:12,Map,Tile:1,Tile:15,Tile:5,Bonus,Tile:2,Tile:6,Tile:5,Map,Map,Tile:6,Tile:8,Tile:13,Bonus,Bonus,Tile:7,Tile:6,Tile:0,Tile:7,Destroy,Tile:11,Tile:0,Tile:8,Tile:6,Tile:4,Tile:8,Tile:6,Tile:3,Tile:7,Map-Map,Tile:7,Tile:10,Tile:10,Tile:9,Tile:9,Tile:5-Malus,Tile:0,Tile:8,Tile:10,Tile:9,Tile:0,Tile:14-Tile:hidden1,Tile:hidden2,Tile:nugget
Tile:9_flip 6 5 1
Malus 0 0 0
Drop 2 0 1
Tile:0 4 5 0
Map 12 7 1
Tile:8 3 5 0
Drop 1 0 1
Tile:10 3 4 0
Map 12 5 1
Tile:9 3 3 0
Drop 3 0 1
Malus 0 0 0
Bonus 0 0 1
Map 12 3 0
Drop 0 0 1
Tile:0 4 3 0
Drop 5 0 1
Tile:14 3 6 0
Drop 3 0 1
Destroy 3 3 0
Drop 2 0 1
Map 12 5 0
Map 12 7 1
Tile:9 3 3 0
Drop 2 0 1
Tile:5 3 2 0
Drop 0 0 1
Tile:9 2 5 0
Drop 6 0 1
Tile:15 2 4 0
Drop 1 0 1
Tile:6 2 6 0
Destroy 2 4 1
Tile:6 1 6 0
Drop 0 0 1
Tile:13 0 6 0
Drop 4 0 1
Tile:6 0 7 0
Drop 0 0 1
Tile:7 0 5 0
Drop 4 0 1
Tile:11 5 4 0
Map 12 7 1
Tile:8 5 3 0
Drop 4 0 1
Tile:4 1 5 0
Drop 3 0 1
Tile:6 4 2 0
Drop 2 0 1
Tile:7 1 7 0
Drop 0 0 1
Drop 0 0 0
Drop 1 0 1
Drop 0 0 0
Drop 0 0 1
GAMEOVER DRAW
# Game ended: Sun Apr 12 13:45:30 EDT 2020
