# Server version 0.08 running on localhost:8123
# Game ID: 431
# Board class: Saboteur.SaboteurBoard
# Timeout: 20000
# First Move Timeout: 30000
# Date: Mon Apr 13 16:38:08 EDT 2020
# Player 1: Player-0, '260776911', running on localhost
# Player 2: Player-1, 'RandomPlayer', running on localhost
START Player-0 260776911
START Player-1 RandomPlayer
BoardInit:Tile:0,Tile:9,Tile:0,Tile:0,Tile:7,Map,Tile:7,Destroy,Bonus,Tile:6,Tile:8,Tile:13,Malus,Tile:3,Tile:10,Tile:5,Tile:11,Map,Tile:10,Destroy,Tile:6,Tile:1,Tile:9,Bonus,Tile:6,Tile:8,Tile:8,Map,Tile:0,Tile:7,Tile:5,Tile:5,Tile:6,Tile:5,Tile:6,Tile:9,Tile:10,Bonus,Tile:8,Tile:9,Tile:7-Tile:9,Map,Tile:12,Map,Destroy,Malus,Tile:7-Tile:8,Tile:15,Bonus,Tile:4,Tile:2,Tile:14,Map-Tile:hidden1,Tile:nugget,Tile:hidden2
Tile:9 4 5 1
Map 12 3 0
Drop 5 0 1
Drop 1 0 0
Drop 0 0 1
Drop 2 0 0
Map 12 3 1
Map 12 5 0
Tile:7_flip 4 6 1
Drop 2 0 0
Destroy 4 5 1
Drop 2 0 0
Drop 1 0 1
Drop 6 0 0
Drop 3 0 1
Drop 6 0 0
Tile:8 4 5 1
Tile:9_flip 6 5 0
Drop 1 0 1
Drop 6 0 0
Tile:11_flip 5 6 1
Destroy 6 5 0
Tile:10 5 7 1
Drop 6 0 0
Tile:9 5 4 1
Tile:0 6 4 0
Tile:6_flip 3 5 1
Tile:6 7 4 0
Tile:12 8 4 1
Drop 6 0 0
Tile:10 7 3 1
Destroy 8 4 0
Tile:0 8 4 1
Tile:5_flip 9 4 0
Drop 4 0 1
Tile:5 5 3 0
Tile:5_flip 6 3 1
Tile:5_flip 3 6 0
Tile:6_flip 2 6 1
Tile:7_flip 2 5 0
Tile:6 1 6 1
Tile:9_flip 5 8 0
Tile:8 7 2 1
Tile:9 2 7 0
Tile:7_flip 4 8 1
Tile:8 2 8 0
Tile:8 8 2 1
Tile:8 6 2 0
Tile:10 2 9 1
Drop 1 0 0
Drop 1 0 1
Drop 1 0 0
Tile:6 9 2 1
Drop 0 0 0
Drop 0 0 1
GAMEOVER DRAW
# Game ended: Mon Apr 13 16:38:08 EDT 2020
