# Server version 0.08 running on localhost:8123
# Game ID: 241
# Board class: Saboteur.SaboteurBoard
# Timeout: 20000
# First Move Timeout: 30000
# Date: Sun Apr 12 18:48:18 EDT 2020
# Player 1: Player-0, '260776911', running on localhost
# Player 2: Player-1, 'RandomPlayer', running on localhost
START Player-0 260776911
START Player-1 RandomPlayer
BoardInit:Tile:7,Tile:6,Map,Tile:0,Destroy,Tile:0,Tile:7,Tile:2,Tile:13,Tile:7,Tile:0,Tile:8,Tile:12,Tile:8,Tile:6,Tile:11,Tile:5,Tile:9,Map,Tile:10,Tile:5,Tile:9,Tile:5,Tile:6,Bonus,Map,Malus,Bonus,Bonus,Tile:10,Tile:6,Bonus,Destroy,Tile:0,Tile:14,Tile:8,Destroy,Tile:6,Tile:3,Tile:1,Map-Malus,Tile:7,Tile:9,Tile:8,Tile:10,Tile:4,Tile:15-Tile:8,Map,Tile:9,Tile:9,Map,Tile:5,Tile:7-Tile:hidden2,Tile:nugget,Tile:hidden1
Drop 3 0 1
Map 12 3 0
Drop 1 0 1
Map 12 5 0
Tile:9 5 6 1
Tile:9_flip 6 5 0
Tile:15 5 4 1
Tile:9 6 4 0
Map 12 7 1
Drop 6 0 0
Tile:4 5 3 1
Tile:5_flip 6 6 0
Drop 0 0 1
Tile:7 7 4 0
Tile:7_flip 4 5 1
Tile:7_flip 7 5 0
Destroy 5 6 1
Drop 6 0 0
Tile:13 5 6 1
Tile:6 8 5 0
Tile:5 4 6 1
Tile:0 9 5 0
Drop 5 0 1
Tile:0 10 5 0
Tile:0 11 5 1
GAMEOVER WINNER 1
# Game ended: Sun Apr 12 18:48:18 EDT 2020
