# Server version 0.08 running on localhost:8123
# Game ID: 90
# Board class: Saboteur.SaboteurBoard
# Timeout: 20000
# First Move Timeout: 30000
# Date: Sun Apr 12 10:22:26 EDT 2020
# Player 1: Player-0, '260776911', running on localhost
# Player 2: Player-1, 'RandomPlayer', running on localhost
START Player-0 260776911
START Player-1 RandomPlayer
BoardInit:Tile:6,Tile:8,Tile:7,Tile:9,Bonus,Tile:7,Tile:2,Bonus,Tile:3,Tile:5,Tile:0,Tile:8,Malus,Tile:8,Tile:13,Map,Map,Tile:6,Tile:10,Tile:7,Tile:7,Bonus,Tile:11,Tile:9,Tile:15,Malus,Map,Tile:6,Tile:8,Map,Bonus,Map,Tile:7,Tile:10,Tile:0,Destroy,Tile:1,Destroy,Tile:14,Map,Tile:5-Tile:12,Tile:10,Tile:9,Tile:6,Tile:5,Tile:0,Tile:9-Destroy,Tile:0,Tile:6,Tile:9,Tile:4,Tile:5,Tile:8-Tile:hidden2,Tile:nugget,Tile:hidden1
Tile:6 5 6 1
Tile:8 5 4 0
Drop 1 0 1
Tile:6_flip 4 5 0
Drop 4 0 1
Tile:5_flip 6 4 0
Tile:9_flip 5 3 1
Tile:0 4 4 0
Tile:6_flip 5 2 1
Tile:9 3 4 0
Drop 1 0 1
Drop 1 0 0
Tile:12 6 2 1
Tile:7_flip 4 2 0
Tile:2 4 1 1
Destroy 4 2 0
Tile:13 4 2 1
Tile:8 6 6 0
Tile:7_flip 6 7 1
Tile:6 4 3 0
Tile:0 3 1 1
Tile:9 3 5 0
Tile:0 2 1 1
Tile:8 3 3 0
Drop 4 0 1
Tile:5 6 3 0
Map 12 3 1
Malus 0 0 0
Drop 2 0 1
Tile:6_flip 6 5 0
Drop 3 0 1
Tile:9_flip 3 6 0
Drop 3 0 1
Tile:8 1 1 0
Bonus 0 0 1
Tile:10 1 0 0
Tile:7_flip 4 6 1
Destroy 3 5 0
Tile:7_flip 3 7 1
Map 12 7 0
Tile:1 5 1 1
Tile:7_flip 2 6 0
Tile:8 7 5 1
Destroy 2 6 0
Drop 4 0 1
Map 12 5 0
Tile:5_flip 8 5 1
Drop 2 0 0
Tile:0 2 3 1
Drop 1 0 0
Drop 0 0 1
Drop 0 0 0
Map 12 3 1
Map 12 5 0
Drop 0 0 1
GAMEOVER DRAW
# Game ended: Sun Apr 12 10:22:26 EDT 2020
