# Server version 0.08 running on 192.168.1.106:8123
# Game ID: 228
# Board class: Saboteur.SaboteurBoard
# Timeout: 20000
# First Move Timeout: 30000
# Date: Sun Apr 12 18:30:56 EDT 2020
# Player 1: Player-0, '260776911', running on 192.168.1.106
# Player 2: Player-1, 'RandomPlayer', running on 192.168.1.106
START Player-0 260776911
START Player-1 RandomPlayer
BoardInit:Tile:1,Tile:0,Bonus,Destroy,Tile:9,Tile:6,Tile:5,Tile:6,Tile:8,Tile:8,Map,Map,Bonus,Tile:12,Tile:9,Tile:15,Tile:8,Map,Destroy,Tile:5,Tile:3,Tile:0,Tile:2,Tile:11,Tile:10,Tile:7,Destroy,Tile:6,Map,Tile:14,Tile:9,Tile:5,Bonus,Tile:4,Tile:7,Tile:0,Map,Tile:10,Tile:8,Tile:0,Malus-Bonus,Map,Tile:13,Tile:7,Tile:9,Tile:7,Malus-Tile:6,Tile:9,Tile:7,Tile:6,Tile:10,Tile:8,Tile:5-Tile:hidden1,Tile:nugget,Tile:hidden2
Map 12 5 1
Tile:6 5 6 0
Tile:7_flip 4 6 1
Tile:9 5 4 0
Tile:9_flip 6 5 1
Tile:7 5 3 0
Tile:7 6 4 1
Tile:6 6 6 0
Tile:5 4 5 1
Tile:8 7 6 0
Drop 1 0 1
Tile:10 7 5 0
Drop 6 0 1
Map 12 3 0
Drop 3 0 1
Drop 6 0 0
Tile:9 4 3 1
Drop 6 0 0
Tile:8 8 6 1
Map 12 5 0
Tile:9 7 7 1
Tile:5 7 4 0
Destroy 4 5 1
Tile:0 8 4 0
Drop 0 0 1
Drop 6 0 0
Tile:2 4 5 1
Destroy 6 4 0
Tile:10 4 2 1
Tile:6 9 4 0
Tile:3 9 3 1
Drop 6 0 0
Destroy 9 3 1
Tile:6 9 6 0
Tile:9_flip 8 7 1
Drop 6 0 0
Tile:7 4 1 1
Tile:8 10 4 0
Malus 0 0 1
Drop 3 0 0
Tile:8 10 6 1
Drop 3 0 0
Tile:1 11 6 1
Drop 3 0 0
Map 12 3 1
Drop 2 0 0
Tile:8 12 6 1
Drop 2 0 0
Map 12 3 1
Drop 1 0 0
Drop 0 0 1
Drop 1 0 0
Malus 0 0 1
Drop 0 0 0
Drop 0 0 1
GAMEOVER DRAW
# Game ended: Sun Apr 12 18:30:56 EDT 2020
