# Server version 0.08 running on localhost:8123
# Game ID: 171
# Board class: Saboteur.SaboteurBoard
# Timeout: 20000
# First Move Timeout: 30000
# Date: Sun Apr 12 14:30:03 EDT 2020
# Player 1: Player-0, '260776911', running on localhost
# Player 2: Player-1, 'RandomPlayer', running on localhost
START Player-0 260776911
START Player-1 RandomPlayer
BoardInit:Tile:0,Tile:6,Tile:10,Tile:7,Map,Tile:2,Tile:15,Tile:9,Tile:14,Malus,Destroy,Map,Tile:0,Tile:8,Tile:5,Tile:9,Tile:8,Tile:1,Tile:10,Tile:0,Tile:7,Tile:5,Destroy,Tile:7,Tile:7,Malus,Bonus,Bonus,Map,Tile:9,Tile:11,Tile:5,Tile:4,Tile:8,Bonus,Tile:9,Tile:8,Map,Bonus,Tile:7,Tile:8-Tile:6,Tile:12,Map,Tile:6,Tile:9,Tile:10,Tile:6-Tile:5,Tile:13,Map,Tile:3,Tile:6,Tile:0,Destroy-Tile:nugget,Tile:hidden2,Tile:hidden1
Tile:6 6 5 1
Map 12 3 0
Tile:10 5 6 1
Drop 1 0 0
Tile:6 4 5 1
Drop 1 0 0
Tile:9 5 4 1
Drop 6 0 0
Map 12 3 1
Tile:5 3 5 0
Drop 1 0 1
Malus 0 0 0
Map 12 7 1
Drop 6 0 0
Destroy 6 5 1
Tile:6 3 6 0
Drop 5 0 1
Tile:0 2 6 0
Drop 3 0 1
Drop 6 0 0
Drop 2 0 1
Destroy 2 6 0
Drop 0 0 1
Tile:6 2 6 0
Destroy 3 6 1
Tile:7 2 5 0
Drop 0 0 1
Malus 0 0 0
Drop 6 0 1
Tile:9 1 5 0
Map 12 3 1
Tile:8 1 6 0
Drop 6 0 1
Tile:9 1 7 0
Drop 3 0 1
Tile:0 0 6 0
Drop 4 0 1
Tile:5_flip 1 8 0
Drop 0 0 1
Drop 6 0 0
Drop 4 0 1
Tile:7 2 7 0
Drop 5 0 1
Tile:9 2 8 0
Drop 4 0 1
Tile:5 0 8 0
Drop 2 0 1
Tile:8 0 9 0
Drop 0 0 1
Tile:9 0 10 0
Drop 0 0 1
Tile:7 1 9 0
Drop 1 0 1
Drop 0 0 0
Drop 0 0 1
GAMEOVER DRAW
# Game ended: Sun Apr 12 14:30:03 EDT 2020
