# Server version 0.08 running on localhost:8123
# Game ID: 176
# Board class: Saboteur.SaboteurBoard
# Timeout: 20000
# First Move Timeout: 30000
# Date: Sun Apr 12 14:33:44 EDT 2020
# Player 1: Player-0, '260776911', running on localhost
# Player 2: Player-1, 'RandomPlayer', running on localhost
START Player-0 260776911
START Player-1 RandomPlayer
BoardInit:Tile:0,Destroy,Tile:5,Map,Map,Tile:9,Map,Tile:14,Tile:9,Tile:6,Tile:7,Tile:2,Tile:15,Tile:5,Tile:9,Map,Destroy,Map,Malus,Bonus,Tile:6,Tile:9,Malus,Map,Bonus,Tile:7,Tile:7,Tile:10,Tile:12,Tile:9,Bonus,Tile:10,Tile:10,Tile:6,Tile:5,Tile:7,Tile:8,Tile:6,Tile:8,Tile:0,Tile:8-Tile:8,Tile:13,Tile:0,Tile:3,Tile:8,Tile:11,Tile:6-Tile:4,Destroy,Tile:7,Bonus,Tile:0,Tile:5,Tile:1-Tile:nugget,Tile:hidden1,Tile:hidden2
Tile:0 4 5 1
Tile:4 5 4 0
Tile:8 3 5 1
Destroy 3 5 0
Tile:3_flip 5 6 1
Map 12 3 0
Tile:13 6 5 1
Drop 4 0 0
Drop 2 0 1
Drop 6 0 0
Tile:5 6 4 1
Destroy 5 4 0
Drop 4 0 1
Drop 6 0 0
Drop 2 0 1
Tile:7 5 4 0
Map 12 7 1
Drop 6 0 0
Tile:7 7 5 1
Drop 6 0 0
Tile:9_flip 6 6 1
Tile:0 7 4 0
Tile:11 7 6 1
Tile:5_flip 6 7 0
Tile:8 8 6 1
Drop 6 0 0
Destroy 5 6 1
Tile:9 5 6 0
Tile:15 8 5 1
Tile:6 5 7 0
Drop 3 0 1
Tile:5_flip 8 7 0
Tile:9 4 7 1
Tile:9 7 7 0
Drop 3 0 1
Tile:7 8 4 0
Tile:12_flip 3 5 1
Tile:9_flip 9 6 0
Tile:6 4 4 1
Tile:10 9 5 0
Drop 0 0 1
Tile:10 9 4 0
Tile:10 9 7 1
Tile:6_flip 9 3 0
Tile:5 4 3 1
Tile:7 10 3 0
Tile:8 4 8 1
Tile:6 5 3 0
Tile:8 5 2 1
Tile:0 6 3 0
Tile:8 7 8 1
Drop 0 0 0
Drop 1 0 1
Drop 0 0 0
Drop 0 0 1
GAMEOVER DRAW
# Game ended: Sun Apr 12 14:33:44 EDT 2020
