# Server version 0.08 running on localhost:8123
# Game ID: 359
# Board class: Saboteur.SaboteurBoard
# Timeout: 20000
# First Move Timeout: 30000
# Date: Sun Apr 12 20:32:33 EDT 2020
# Player 1: Player-0, '260776911', running on localhost
# Player 2: Player-1, 'RandomPlayer', running on localhost
START Player-0 260776911
START Player-1 RandomPlayer
BoardInit:Map,Tile:10,Tile:5,Tile:5,Tile:8,Tile:0,Tile:7,Tile:10,Tile:6,Bonus,Tile:9,Bonus,Malus,Map,Tile:1,Tile:8,Tile:9,Tile:9,Bonus,Tile:4,Tile:13,Tile:12,Tile:7,Tile:2,Tile:15,Tile:6,Tile:7,Tile:8,Tile:3,Tile:10,Map,Tile:5,Tile:9,Malus,Tile:7,Map,Tile:6,Destroy,Destroy,Tile:11,Destroy-Tile:0,Map,Tile:6,Map,Tile:8,Tile:6,Tile:14-Tile:9,Tile:8,Tile:5,Tile:7,Tile:0,Bonus,Tile:0-Tile:nugget,Tile:hidden1,Tile:hidden2
Tile:6_flip 4 5 1
Tile:5_flip 6 5 0
Tile:8 5 4 1
Tile:7_flip 4 6 0
Tile:6 5 6 1
Tile:0 4 4 0
Tile:0 3 5 1
Tile:10 5 3 0
Drop 0 0 1
Tile:5 2 5 0
Tile:7 5 2 1
Tile:0 6 6 0
Tile:5_flip 7 6 1
Tile:0 3 4 0
Tile:14_flip 4 2 1
Drop 6 0 0
Map 12 7 1
Tile:10 7 5 0
Drop 3 0 1
Tile:8 7 4 0
Malus 0 0 1
Bonus 0 0 0
Tile:8 8 4 1
Drop 5 0 0
Tile:1 9 4 1
Drop 5 0 0
Tile:9 7 3 1
Drop 5 0 0
Tile:7 7 2 1
Tile:8 10 4 0
Map 12 3 1
Tile:6 11 4 0
Tile:6 2 4 1
Tile:8 10 3 0
Tile:13 10 5 1
Malus 0 0 0
Map 12 7 1
Drop 6 0 0
Drop 0 0 1
Destroy 9 4 0
Destroy 5 3 1
Drop 6 0 0
Destroy 4 6 1
Tile:9 10 2 0
Drop 4 0 1
Tile:9 9 3 0
Drop 2 0 1
Tile:10 9 2 0
Drop 0 0 1
Tile:5_flip 11 2 0
Drop 0 0 1
Drop 1 0 0
Drop 1 0 1
Drop 0 0 0
Drop 0 0 1
GAMEOVER DRAW
# Game ended: Sun Apr 12 20:32:33 EDT 2020
