# Server version 0.08 running on client.openvpn.net:8123
# Game ID: 284
# Board class: Saboteur.SaboteurBoard
# Timeout: 20000
# First Move Timeout: 30000
# Date: Sun Apr 12 19:31:05 EDT 2020
# Player 1: Player-0, '260776911', running on client.openvpn.net
# Player 2: Player-1, 'RandomPlayer', running on client.openvpn.net
START Player-0 260776911
START Player-1 RandomPlayer
BoardInit:Tile:1,Tile:9,Bonus,Tile:8,Map,Tile:2,Tile:10,Tile:5,Tile:8,Tile:5,Tile:6,Tile:6,Map,Tile:3,Tile:0,Bonus,Destroy,Bonus,Tile:7,Tile:8,Tile:5,Tile:6,Tile:8,Tile:4,Tile:14,Tile:8,Tile:7,Bonus,Tile:15,Tile:7,Tile:11,Map,Map,Tile:10,Tile:6,Tile:9,Tile:5,Tile:9,Tile:13,Malus,Map-Tile:7,Tile:9,Tile:0,Destroy,Tile:0,Malus,Destroy-Tile:9,Tile:10,Tile:12,Map,Tile:6,Tile:0,Tile:7-Tile:hidden2,Tile:nugget,Tile:hidden1
Tile:9_flip 5 6 1
Map 12 3 0
Drop 1 0 1
Drop 2 0 0
Tile:1 6 5 1
Tile:9 5 4 0
Destroy 6 5 1
Drop 6 0 0
Tile:0 6 4 1
Tile:10 5 3 0
Tile:8 7 4 1
Tile:6 5 7 0
Tile:6_flip 4 6 1
Tile:0 6 5 0
Destroy 5 6 1
Drop 6 0 0
Tile:7 7 3 1
Tile:7 6 7 0
Destroy 5 4 1
Tile:9 5 4 0
Tile:7_flip 4 5 1
Tile:8 5 6 0
Tile:10 5 2 1
Tile:5_flip 7 5 0
Tile:8 8 4 1
Drop 6 0 0
Drop 0 0 1
Tile:5 8 3 0
Tile:0 3 6 1
Tile:6 9 3 0
Tile:7_flip 8 5 1
Tile:8 9 5 0
Tile:11 9 6 1
Map 12 5 0
Tile:15 4 4 1
Tile:6 10 5 0
Tile:14_flip 10 4 1
Tile:8 11 4 0
Tile:6 12 4 1
Tile:7 9 4 0
Tile:13 6 8 1
Malus 0 0 0
Drop 4 0 1
Tile:9_flip 11 5 0
Bonus 0 0 1
Tile:10 11 6 0
Tile:5 5 1 1
Tile:9_flip 13 4 0
Tile:5_flip 11 7 1
Drop 1 0 0
Map 12 5 1
Drop 1 0 0
Map 12 7 1
Drop 0 0 0
Drop 0 0 1
GAMEOVER DRAW
# Game ended: Sun Apr 12 19:31:05 EDT 2020
