# Server version 0.08 running on localhost:8123
# Game ID: 57
# Board class: Saboteur.SaboteurBoard
# Timeout: 20000
# First Move Timeout: 30000
# Date: Sun Apr 12 03:26:33 EDT 2020
# Player 1: Player-0, '260776911', running on localhost
# Player 2: Player-1, 'RandomPlayer', running on localhost
START Player-0 260776911
START Player-1 RandomPlayer
BoardInit:Destroy,Destroy,Bonus,Tile:10,Tile:5,Tile:6,Map,Map,Tile:10,Tile:0,Bonus,Tile:8,Map,Tile:5,Tile:0,Tile:7,Malus,Tile:2,Tile:7,Tile:9,Tile:0,Tile:9,Tile:6,Tile:6,Tile:7,Tile:8,Tile:14,Tile:9,Tile:6,Tile:3,Tile:5,Bonus,Tile:12,Destroy,Map,Map,Tile:1,Tile:9,Tile:15,Map,Malus-Tile:0,Tile:7,Tile:9,Tile:7,Tile:6,Tile:8,Tile:5-Tile:8,Tile:13,Bonus,Tile:11,Tile:8,Tile:4,Tile:10-Tile:hidden1,Tile:hidden2,Tile:nugget
Tile:9_flip 5 4 1
Tile:8 5 6 0
Tile:7_flip 4 6 1
Tile:11 4 5 0
Destroy 5 6 1
Destroy 4 6 0
Tile:5_flip 6 5 1
Tile:6_flip 4 4 0
Tile:8 4 6 1
Tile:8 5 6 0
Tile:6_flip 6 6 1
Tile:13 3 4 0
Drop 0 0 1
Tile:4_flip 3 5 0
Drop 3 0 1
Drop 5 0 0
Drop 0 0 1
Tile:7 7 6 0
Malus 0 0 1
Map 12 7 0
Tile:5 3 6 1
Drop 2 0 0
Tile:10 5 7 1
Drop 3 0 0
Tile:7_flip 7 7 1
Drop 5 0 0
Map 12 3 1
Drop 0 0 0
Tile:7 3 3 1
Drop 5 0 0
Drop 3 0 1
Drop 0 0 0
Tile:5 2 4 1
Drop 4 0 0
Tile:6_flip 5 3 1
Bonus 0 0 0
Tile:14 8 7 1
Drop 3 0 0
Drop 6 0 1
Destroy 5 7 0
Tile:12_flip 2 3 1
Drop 2 0 0
Drop 0 0 1
Tile:9 4 7 0
Tile:6 5 7 1
Drop 3 0 0
Tile:15 8 6 1
Tile:2_flip 6 3 0
Drop 3 0 1
Tile:3 7 3 0
Map 12 3 1
Map 12 7 0
Drop 1 0 1
Drop 0 0 0
Drop 0 0 1
GAMEOVER DRAW
# Game ended: Sun Apr 12 03:26:33 EDT 2020
