# Server version 0.08 running on localhost:8123
# Game ID: 322
# Board class: Saboteur.SaboteurBoard
# Timeout: 20000
# First Move Timeout: 30000
# Date: Sun Apr 12 20:19:39 EDT 2020
# Player 1: Player-0, '260776911', running on localhost
# Player 2: Player-1, 'RandomPlayer', running on localhost
START Player-0 260776911
START Player-1 RandomPlayer
BoardInit:Tile:6,Malus,Tile:10,Destroy,Destroy,Tile:0,Tile:9,Tile:8,Bonus,Tile:11,Tile:5,Tile:13,Bonus,Tile:10,Tile:9,Tile:2,Map,Tile:12,Tile:5,Tile:7,Tile:3,Map,Tile:6,Tile:5,Tile:6,Tile:0,Map,Tile:1,Map,Malus,Tile:7,Tile:0,Tile:10,Bonus,Tile:6,Bonus,Tile:8,Tile:7,Tile:8,Tile:14,Tile:4-Tile:6,Destroy,Map,Tile:5,Tile:7,Tile:8,Tile:9-Tile:9,Tile:7,Tile:0,Tile:15,Tile:8,Map,Tile:9-Tile:hidden2,Tile:nugget,Tile:hidden1
Tile:9 5 6 1
Drop 5 0 0
Drop 1 0 1
Drop 3 0 0
Tile:7_flip 5 7 1
Malus 0 0 0
Map 12 5 1
Destroy 5 6 0
Drop 5 0 1
Tile:9 5 6 0
Bonus 0 0 1
Drop 6 0 0
Tile:5 4 5 1
Drop 6 0 0
Tile:6 6 7 1
Tile:9_flip 6 6 0
Tile:9 5 4 1
Drop 6 0 0
Tile:9 5 3 1
Drop 6 0 0
Tile:5_flip 4 6 1
Tile:8 3 6 0
Tile:5_flip 7 7 1
Drop 6 0 0
Tile:6_flip 6 3 1
Tile:10 7 6 0
Tile:6_flip 6 5 1
Tile:7 7 3 0
Tile:3_flip 3 7 1
Drop 6 0 0
Map 12 3 1
Malus 0 0 0
Map 12 7 1
Tile:7_flip 7 4 0
Drop 4 0 1
Tile:5_flip 8 4 0
Drop 4 0 1
Drop 0 0 0
Drop 0 0 1
Tile:7 7 5 0
Drop 4 0 1
Drop 6 0 0
Drop 5 0 1
Drop 0 0 0
Drop 4 0 1
Drop 0 0 0
Drop 3 0 1
Drop 1 0 0
Drop 2 0 1
Drop 1 0 0
Drop 0 0 1
Drop 0 0 0
Bonus 0 0 1
Drop 0 0 0
Tile:4 5 2 1
GAMEOVER DRAW
# Game ended: Sun Apr 12 20:19:39 EDT 2020
