# Server version 0.08 running on localhost:8123
# Game ID: 317
# Board class: Saboteur.SaboteurBoard
# Timeout: 20000
# First Move Timeout: 30000
# Date: Sun Apr 12 20:18:19 EDT 2020
# Player 1: Player-0, '260776911', running on localhost
# Player 2: Player-1, 'RandomPlayer', running on localhost
START Player-0 260776911
START Player-1 RandomPlayer
BoardInit:Destroy,Tile:6,Tile:10,Tile:14,Tile:11,Tile:10,Map,Tile:4,Tile:5,Tile:3,Malus,Map,Tile:9,Tile:8,Tile:9,Tile:10,Tile:9,Map,Tile:8,Tile:6,Tile:0,Bonus,Tile:7,Tile:7,Tile:6,Destroy,Tile:5,Map,Tile:7,Tile:9,Tile:15,Malus,Tile:8,Tile:0,Tile:13,Tile:8,Map,Tile:1,Tile:9,Tile:6,Tile:5-Tile:8,Tile:6,Tile:5,Destroy,Bonus,Tile:12,Bonus-Tile:0,Map,Tile:2,Bonus,Tile:7,Tile:0,Tile:7-Tile:nugget,Tile:hidden1,Tile:hidden2
Tile:5 4 5 1
Drop 1 0 0
Drop 6 0 1
Drop 1 0 0
Tile:10 4 6 1
Drop 6 0 0
Tile:11 5 6 1
Tile:6 6 5 0
Tile:6_flip 6 6 1
Drop 6 0 0
Drop 2 0 1
Drop 6 0 0
Tile:8 5 4 1
Drop 6 0 0
Drop 2 0 1
Tile:7_flip 4 4 0
Tile:9 5 7 1
Tile:8 6 4 0
Tile:9_flip 4 7 1
Drop 6 0 0
Tile:8 6 3 1
Tile:10 6 2 0
Destroy 6 2 1
Tile:6 3 7 0
Tile:7 7 3 1
Tile:10 4 8 0
Tile:5 4 3 1
Destroy 3 7 0
Drop 2 0 1
Drop 6 0 0
Tile:12 7 5 1
Tile:7_flip 5 8 0
Tile:6_flip 5 3 1
Malus 0 0 0
Drop 3 0 1
Tile:9 6 2 0
Drop 2 0 1
Tile:0 3 7 0
Map 12 7 1
Drop 6 0 0
Drop 6 0 1
Tile:8 6 7 0
Drop 4 0 1
Tile:6 4 9 0
Drop 1 0 1
Tile:7_flip 2 7 0
Map 12 5 1
Tile:0 5 9 0
Drop 0 0 1
Tile:0 7 2 0
Drop 0 0 1
Drop 1 0 0
Drop 1 0 1
Drop 0 0 0
Drop 0 0 1
GAMEOVER DRAW
# Game ended: Sun Apr 12 20:18:19 EDT 2020
