# Server version 0.08 running on localhost:8123
# Game ID: 249
# Board class: Saboteur.SaboteurBoard
# Timeout: 20000
# First Move Timeout: 30000
# Date: Sun Apr 12 19:05:04 EDT 2020
# Player 1: Player-0, '260776911', running on localhost
# Player 2: Player-1, 'RandomPlayer', running on localhost
START Player-0 260776911
START Player-1 RandomPlayer
BoardInit:Tile:0,Tile:9,Bonus,Map,Tile:10,Tile:6,Tile:11,Tile:6,Tile:7,Map,Tile:2,Tile:5,Bonus,Tile:5,Tile:8,Tile:0,Tile:6,Tile:0,Tile:7,Tile:8,Tile:4,Tile:5,Tile:10,Malus,Tile:7,Tile:7,Tile:7,Tile:9,Tile:8,Tile:6,Destroy,Map,Destroy,Map,Tile:9,Tile:5,Malus,Tile:14,Tile:1,Tile:15,Tile:3-Tile:8,Tile:0,Tile:9,Tile:8,Map,Tile:12,Map-Bonus,Tile:13,Tile:6,Tile:9,Destroy,Tile:10,Bonus-Tile:hidden2,Tile:nugget,Tile:hidden1
Tile:12_flip 4 5 1
Drop 1 0 0
Tile:9_flip 6 5 1
Tile:6 5 6 0
Map 12 7 1
Map 12 3 0
Tile:0 4 6 1
Tile:9 5 4 0
Map 12 7 1
Destroy 5 4 0
Drop 1 0 1
Map 12 5 0
Tile:2 3 6 1
Tile:10 6 4 0
Tile:0 2 6 1
Tile:9_flip 6 6 0
Tile:11 6 7 1
Tile:5_flip 3 7 0
Tile:6_flip 7 7 1
Tile:5 2 7 0
Tile:7_flip 1 6 1
Tile:0 8 7 0
Tile:10 1 5 1
Tile:8 6 3 0
Tile:8 9 7 1
Tile:6_flip 9 6 0
Tile:7 1 4 1
Malus 0 0 0
Drop 2 0 1
Tile:6 10 6 0
Drop 4 0 1
Tile:0 11 6 0
Destroy 9 7 1
Drop 6 0 0
Destroy 3 6 1
Drop 6 0 0
Drop 3 0 1
Tile:5 10 5 0
Bonus 0 0 1
Drop 6 0 0
Tile:9_flip 12 6 1
Drop 6 0 0
Drop 0 0 1
Tile:6 11 5 0
Tile:8 5 3 1
Tile:7 11 4 0
Tile:3_flip 8 6 1
Tile:9_flip 8 5 0
Tile:4 5 2 1
Tile:5_flip 7 3 0
Tile:7_flip 7 8 1
Drop 1 0 0
Tile:1 10 4 1
Drop 0 0 0
Malus 0 0 1
GAMEOVER DRAW
# Game ended: Sun Apr 12 19:05:05 EDT 2020
