# Server version 0.08 running on localhost:8123
# Game ID: 463
# Board class: Saboteur.SaboteurBoard
# Timeout: 20000
# First Move Timeout: 30000
# Date: Mon Apr 13 16:49:48 EDT 2020
# Player 1: Player-0, '260776911', running on localhost
# Player 2: Player-1, '260776911', running on localhost
START Player-0 260776911
START Player-1 260776911
BoardInit:Bonus,Map,Bonus,Map,Malus,Destroy,Tile:7,Tile:12,Tile:5,Tile:0,Bonus,Tile:8,Tile:10,Bonus,Tile:9,Tile:5,Tile:7,Destroy,Tile:9,Tile:5,Tile:6,Tile:8,Tile:13,Map,Map,Tile:9,Tile:6,Tile:10,Tile:2,Map,Tile:14,Tile:0,Tile:10,Tile:0,Tile:4,Tile:8,Tile:7,Tile:3,Tile:6,Destroy,Tile:0-Malus,Tile:5,Tile:11,Map,Tile:9,Tile:9,Tile:15-Tile:7,Tile:1,Tile:7,Tile:6,Tile:6,Tile:8,Tile:8-Tile:hidden2,Tile:hidden1,Tile:nugget
Map 12 3 1
Drop 1 0 0
Drop 2 0 1
Map 12 3 0
Drop 4 0 1
Drop 6 0 0
Tile:9 5 6 1
Tile:7 6 6 0
Tile:5_flip 6 7 1
Drop 6 0 0
Tile:5 5 4 1
Destroy 6 6 0
Tile:9_flip 6 6 1
Tile:8 4 5 0
Tile:10 4 4 1
Tile:6_flip 6 5 0
Tile:9_flip 4 3 1
Tile:0 3 5 0
Tile:7_flip 2 5 1
Destroy 6 6 0
Tile:9_flip 6 6 1
Tile:8 5 7 0
Tile:6 7 5 1
Tile:5_flip 4 6 0
Drop 6 0 1
Drop 6 0 0
Drop 6 0 1
Tile:5 4 7 0
Tile:6 8 5 1
Tile:8 3 3 0
Drop 6 0 1
Drop 6 0 0
Drop 6 0 1
Tile:9 3 2 0
Tile:10 2 4 1
Tile:8 4 2 0
Drop 6 0 1
Tile:10 8 4 0
Tile:7 5 2 1
Drop 6 0 0
Tile:6 6 4 1
Destroy 6 6 0
Tile:7_flip 5 3 1
Tile:8 6 6 0
Tile:0 7 6 1
Tile:7 8 6 0
Drop 1 0 1
Tile:6 8 7 0
Drop 1 0 1
Tile:0 9 7 0
Malus 0 0 1
Bonus 0 0 0
Malus 0 0 1
Drop 0 0 0
Drop 0 0 1
GAMEOVER DRAW
# Game ended: Mon Apr 13 16:49:48 EDT 2020
