# Server version 0.08 running on localhost:8123
# Game ID: 403
# Board class: Saboteur.SaboteurBoard
# Timeout: 20000
# First Move Timeout: 30000
# Date: Sun Apr 12 20:41:00 EDT 2020
# Player 1: Player-0, '260776911', running on localhost
# Player 2: Player-1, 'RandomPlayer', running on localhost
START Player-0 260776911
START Player-1 RandomPlayer
BoardInit:Tile:0,Tile:9,Tile:5,Tile:9,Tile:6,Tile:0,Tile:6,Tile:11,Tile:12,Bonus,Tile:14,Tile:6,Tile:10,Tile:5,Tile:8,Tile:6,Destroy,Bonus,Map,Tile:10,Tile:0,Bonus,Tile:8,Map,Map,Tile:5,Tile:7,Destroy,Tile:10,Tile:9,Tile:4,Malus,Tile:13,Tile:7,Tile:9,Tile:8,Tile:1,Tile:15,Tile:2,Tile:6,Tile:3-Map,Tile:0,Tile:7,Destroy,Map,Tile:5,Tile:7-Tile:8,Tile:7,Map,Tile:9,Malus,Tile:8,Bonus-Tile:hidden1,Tile:hidden2,Tile:nugget
Tile:7_flip 5 6 1
Drop 2 0 0
Drop 1 0 1
Malus 0 0 0
Drop 4 0 1
Tile:7 6 6 0
Map 12 5 1
Tile:9 6 7 0
Drop 1 0 1
Drop 6 0 0
Drop 1 0 1
Tile:9 6 8 0
Drop 6 0 1
Tile:9_flip 7 7 0
Destroy 7 7 1
Tile:0 7 7 0
Drop 5 0 1
Tile:6 8 7 0
Drop 1 0 1
Tile:5 8 6 0
Destroy 6 6 1
Tile:6 9 6 0
Map 12 7 1
Tile:8 6 9 0
Drop 2 0 1
Drop 6 0 0
Drop 3 0 1
Tile:5_flip 10 6 0
Drop 4 0 1
Destroy 5 6 0
Map 12 3 1
Tile:10 6 6 0
Drop 6 0 1
Malus 0 0 0
Drop 3 0 1
Tile:7 7 8 0
Drop 3 0 1
Tile:9_flip 6 10 0
Drop 6 0 1
Drop 6 0 0
Drop 2 0 1
Tile:6_flip 9 7 0
Drop 0 0 1
Tile:8 6 5 0
Drop 4 0 1
Tile:8 7 9 0
Drop 2 0 1
Drop 2 0 0
Drop 0 0 1
Drop 1 0 0
Drop 0 0 1
Drop 1 0 0
Drop 1 0 1
Drop 0 0 0
Drop 0 0 1
GAMEOVER DRAW
# Game ended: Sun Apr 12 20:41:00 EDT 2020
