# Server version 0.08 running on localhost:8123
# Game ID: 440
# Board class: Saboteur.SaboteurBoard
# Timeout: 20000
# First Move Timeout: 30000
# Date: Mon Apr 13 16:41:09 EDT 2020
# Player 1: Player-0, '260776911', running on localhost
# Player 2: Player-1, 'RandomPlayer', running on localhost
START Player-0 260776911
START Player-1 RandomPlayer
BoardInit:Tile:13,Tile:15,Tile:0,Map,Tile:8,Tile:6,Tile:6,Tile:6,Tile:8,Tile:7,Tile:3,Map,Tile:7,Tile:8,Malus,Map,Tile:7,Tile:9,Tile:4,Tile:0,Tile:10,Bonus,Tile:5,Tile:6,Destroy,Destroy,Tile:6,Tile:8,Tile:2,Tile:9,Tile:5,Tile:8,Tile:0,Tile:12,Tile:9,Malus,Tile:5,Tile:10,Tile:1,Bonus,Tile:9-Tile:0,Map,Bonus,Destroy,Map,Bonus,Tile:11-Tile:14,Tile:9,Tile:7,Tile:5,Tile:7,Tile:10,Map-Tile:hidden2,Tile:hidden1,Tile:nugget
Tile:11 4 5 1
Map 12 3 0
Tile:13 5 4 1
Drop 0 0 0
Drop 3 0 1
Map 12 5 0
Tile:8 6 4 1
Drop 5 0 0
Map 12 7 1
Tile:7_flip 5 6 0
Map 12 5 1
Tile:9_flip 6 6 0
Tile:8 7 4 1
Drop 6 0 0
Tile:7_flip 7 5 1
Tile:5_flip 6 7 0
Tile:6 8 4 1
Drop 6 0 0
Tile:3 9 4 1
Tile:7 6 3 0
Tile:4_flip 4 6 1
Tile:8 5 3 0
Tile:0 4 3 1
Tile:7 8 5 0
Tile:0 5 7 1
Tile:10 8 6 0
Tile:5 4 4 1
Destroy 9 4 0
Drop 6 0 1
Tile:6 8 7 0
Destroy 5 4 1
Tile:6 9 7 0
Tile:5_flip 10 7 1
Tile:6_flip 10 6 0
Tile:0 4 7 1
Drop 6 0 0
Drop 3 0 1
Malus 0 0 0
Bonus 0 0 1
Tile:0 11 6 0
Tile:9_flip 6 5 1
Tile:9 7 3 0
Tile:2 12 6 1
Tile:9_flip 8 3 0
Tile:1 3 7 1
Tile:8 5 4 0
Tile:9 9 6 1
Tile:10 7 2 0
Tile:5 8 2 1
Tile:8 9 4 0
Tile:10 5 2 1
Drop 1 0 0
Malus 0 0 1
Bonus 0 0 0
Drop 0 0 1
GAMEOVER DRAW
# Game ended: Mon Apr 13 16:41:09 EDT 2020
