# Server version 0.08 running on localhost:8123
# Game ID: 323
# Board class: Saboteur.SaboteurBoard
# Timeout: 20000
# First Move Timeout: 30000
# Date: Sun Apr 12 20:19:45 EDT 2020
# Player 1: Player-0, '260776911', running on localhost
# Player 2: Player-1, 'RandomPlayer', running on localhost
START Player-0 260776911
START Player-1 RandomPlayer
BoardInit:Tile:5,Tile:7,Map,Malus,Map,Tile:8,Tile:9,Tile:10,Tile:10,Tile:14,Tile:6,Bonus,Tile:0,Tile:13,Tile:7,Tile:8,Tile:8,Tile:0,Tile:4,Tile:8,Tile:5,Tile:10,Map,Tile:7,Tile:7,Tile:9,Tile:11,Tile:1,Bonus,Destroy,Tile:9,Tile:3,Map,Bonus,Map,Tile:6,Tile:15,Tile:7,Tile:9,Tile:9,Destroy-Bonus,Tile:0,Malus,Map,Destroy,Tile:6,Tile:5-Tile:6,Tile:12,Tile:2,Tile:0,Tile:6,Tile:8,Tile:5-Tile:hidden2,Tile:hidden1,Tile:nugget
Tile:6_flip 4 5 1
Drop 1 0 0
Drop 1 0 1
Drop 1 0 0
Map 12 3 1
Malus 0 0 0
Drop 0 0 1
Tile:5 3 5 0
Drop 3 0 1
Tile:7 6 5 0
Drop 1 0 1
Drop 6 0 0
Drop 0 0 1
Tile:8 4 6 0
Drop 2 0 1
Drop 6 0 0
Map 12 7 1
Tile:8 5 6 0
Drop 3 0 1
Tile:10 5 4 0
Drop 2 0 1
Tile:8 5 3 0
Drop 0 0 1
Tile:6_flip 6 3 0
Drop 4 0 1
Tile:8 7 3 0
Drop 3 0 1
Tile:7_flip 4 3 0
Drop 4 0 1
Drop 6 0 0
Drop 1 0 1
Destroy 3 5 0
Drop 4 0 1
Drop 6 0 0
Drop 4 0 1
Tile:10 7 4 0
Drop 5 0 1
Tile:9_flip 4 2 0
Map 12 5 1
Tile:6 5 7 0
Drop 2 0 1
Tile:7_flip 3 2 0
Drop 4 0 1
Tile:9 3 1 0
Drop 4 0 1
Tile:6 6 6 0
Destroy 4 2 1
Tile:0 3 6 0
Drop 0 0 1
Tile:0 6 7 0
Drop 0 0 1
Drop 1 0 0
Drop 1 0 1
Drop 0 0 0
Drop 0 0 1
GAMEOVER DRAW
# Game ended: Sun Apr 12 20:19:45 EDT 2020
