# Server version 0.08 running on localhost:8123
# Game ID: 193
# Board class: Saboteur.SaboteurBoard
# Timeout: 20000
# First Move Timeout: 30000
# Date: Sun Apr 12 14:46:03 EDT 2020
# Player 1: Player-0, '260776911', running on localhost
# Player 2: Player-1, 'RandomPlayer', running on localhost
START Player-0 260776911
START Player-1 RandomPlayer
BoardInit:Tile:7,Tile:9,Tile:9,Bonus,Destroy,Malus,Tile:5,Tile:8,Tile:4,Map,Tile:7,Destroy,Tile:5,Tile:0,Tile:7,Tile:6,Tile:10,Tile:8,Destroy,Tile:5,Tile:7,Tile:9,Tile:10,Tile:13,Map,Tile:6,Tile:7,Tile:9,Tile:0,Tile:2,Tile:5,Tile:3,Tile:8,Tile:6,Tile:11,Tile:8,Tile:12,Tile:6,Map,Bonus,Tile:0-Tile:0,Bonus,Map,Malus,Tile:14,Tile:10,Map-Tile:8,Bonus,Tile:9,Map,Tile:6,Tile:1,Tile:15-Tile:hidden2,Tile:hidden1,Tile:nugget
Tile:14_flip 5 4 1
Map 12 3 0
Drop 5 0 1
Tile:8 6 4 0
Map 12 3 1
Tile:9 5 6 0
Tile:0 6 6 1
Tile:6 6 5 0
Tile:10 5 7 1
Tile:1 4 5 0
Tile:9_flip 7 6 1
Map 12 5 0
Destroy 6 5 1
Drop 1 0 0
Tile:5 7 5 1
Destroy 4 5 0
Tile:5_flip 6 5 1
Tile:9 7 7 0
Tile:7 6 3 1
Tile:8 7 8 0
Tile:7_flip 4 5 1
Tile:0 8 7 0
Tile:7 9 7 1
Tile:6 6 8 0
Destroy 6 3 1
Drop 6 0 0
Tile:7 4 4 1
Tile:8 9 8 0
Drop 3 0 1
Tile:5_flip 10 8 0
Map 12 3 1
Drop 6 0 0
Tile:5_flip 8 5 1
Drop 6 0 0
Tile:4 10 7 1
Tile:6_flip 8 8 0
Tile:10 9 9 1
Malus 0 0 0
Bonus 0 0 1
Tile:9 3 4 0
Tile:11_flip 3 3 1
Tile:9 3 2 0
Tile:0 4 2 1
Tile:6 2 3 0
Tile:12 7 4 1
Tile:8 1 3 0
Map 12 7 1
Tile:6 1 4 0
Tile:7_flip 0 4 1
Drop 0 0 0
Drop 0 0 1
Drop 0 0 0
Tile:8 3 1 1
Drop 0 0 0
Tile:0 4 1 1
GAMEOVER DRAW
# Game ended: Sun Apr 12 14:46:03 EDT 2020
