# Server version 0.08 running on 192.168.1.106:8123
# Game ID: 312
# Board class: Saboteur.SaboteurBoard
# Timeout: 20000
# First Move Timeout: 30000
# Date: Sun Apr 12 20:17:23 EDT 2020
# Player 1: Player-0, '260776911', running on 192.168.1.106
# Player 2: Player-1, 'RandomPlayer', running on 192.168.1.106
START Player-0 260776911
START Player-1 RandomPlayer
BoardInit:Tile:5,Tile:10,Destroy,Destroy,Tile:0,Tile:8,Tile:0,Map,Tile:8,Map,Tile:14,Tile:1,Tile:15,Tile:8,Tile:9,Tile:4,Tile:8,Tile:3,Tile:0,Tile:9,Tile:7,Tile:9,Tile:12,Tile:10,Destroy,Malus,Tile:8,Tile:6,Bonus,Map,Tile:6,Tile:7,Tile:5,Tile:0,Tile:7,Tile:11,Bonus,Tile:6,Tile:9,Bonus,Bonus-Tile:2,Map,Tile:13,Tile:5,Tile:9,Tile:7,Malus-Tile:10,Map,Tile:7,Tile:6,Tile:5,Tile:6,Map-Tile:nugget,Tile:hidden2,Tile:hidden1
Tile:13 5 6 1
Drop 6 0 0
Map 12 5 1
Drop 1 0 0
Tile:9_flip 5 4 1
Destroy 5 4 0
Tile:5_flip 5 7 1
Tile:6 6 5 0
Tile:5 4 5 1
Drop 6 0 0
Tile:7_flip 4 6 1
Drop 6 0 0
Destroy 5 6 1
Drop 6 0 0
Tile:8 5 6 1
Tile:6_flip 6 4 0
Tile:9_flip 7 5 1
Drop 6 0 0
Tile:14_flip 5 4 1
Drop 6 0 0
Tile:0 6 6 1
Tile:8 7 4 0
Tile:8 8 4 1
Tile:8 9 4 0
Drop 4 0 1
Tile:10 9 3 0
Tile:7 9 2 1
Malus 0 0 0
Drop 6 0 1
Tile:6 10 4 0
Malus 0 0 1
Drop 2 0 0
Destroy 5 6 1
Drop 2 0 0
Drop 0 0 1
Drop 2 0 0
Drop 4 0 1
Drop 2 0 0
Bonus 0 0 1
Drop 2 0 0
Tile:9 9 5 1
Bonus 0 0 0
Tile:5 10 3 1
Drop 4 0 0
Tile:15 9 6 1
Tile:0 11 3 0
GAMEOVER WINNER 0
# Game ended: Sun Apr 12 20:17:23 EDT 2020
