# Server version 0.08 running on localhost:8123
# Game ID: 6
# Board class: Saboteur.SaboteurBoard
# Timeout: 20000
# First Move Timeout: 30000
# Date: Sat Apr 11 21:23:46 EDT 2020
# Player 1: Player-0, 'RandomPlayer', running on localhost
# Player 2: Player-1, 'Human', running on localhost
START Player-0 RandomPlayer
START Player-1 Human
BoardInit:Tile:6,Tile:7,Tile:9,Destroy,Bonus,Tile:4,Tile:14,Tile:5,Tile:8,Tile:9,Tile:13,Tile:5,Tile:12,Tile:5,Tile:11,Map,Tile:15,Tile:6,Bonus,Tile:9,Tile:0,Malus,Malus,Tile:8,Tile:10,Tile:1,Map,Tile:0,Tile:0,Tile:7,Tile:6,Destroy,Tile:10,Tile:6,Tile:7,Map,Tile:8,Destroy,Tile:10,Map,Tile:6-Map,Tile:0,Tile:2,Map,Tile:8,Tile:3,Bonus-Tile:8,Tile:9,Tile:5,Tile:7,Tile:9,Bonus,Tile:7-Tile:nugget,Tile:hidden2,Tile:hidden1
Tile:0 6 5 1
Tile:5 5 4 0
Tile:8 7 5 1
Tile:8 4 5 0
Tile:6 8 5 1
Tile:7 9 5 0
Tile:9 9 6 1
Tile:9_flip 8 4 0
Tile:2 3 5 1
Drop 2 0 0
Tile:8 10 6 1
Tile:9 7 6 0
Map 12 5 1
Tile:4_flip 5 6 0
Map 12 7 1
Tile:5 10 5 0
Tile:3 11 5 1
Tile:5 2 5 0
Tile:13 8 3 1
Tile:9_flip 4 4 0
Tile:12 9 3 1
Tile:6 7 3 0
Tile:0 6 4 1
Tile:5_flip 11 6 0
Tile:15 8 2 1
Tile:9_flip 7 2 0
Tile:14_flip 8 1 1
Tile:8 3 6 0
Tile:10 7 7 1
Tile:7 4 3 0
Tile:0 9 1 1
Drop 1 0 0
Tile:6_flip 10 1 1
Drop 4 0 0
Tile:10 10 2 1
Tile:1 6 2 0
Tile:11 5 2 1
Tile:7_flip 3 4 0
Tile:8 11 1 1
Tile:6 7 8 0
Tile:10 11 2 1
Destroy 9 1 0
Tile:6 11 3 1
Destroy 7 8 0
Tile:7 8 6 1
Drop 3 0 0
Malus 0 0 1
Drop 2 0 0
Map 12 3 1
Drop 1 0 0
Drop 2 0 1
Bonus 0 0 0
Drop 1 0 1
Map 12 7 0
Drop 0 0 1
GAMEOVER DRAW
# Game ended: Sat Apr 11 21:27:53 EDT 2020
