# Server version 0.08 running on localhost:8123
# Game ID: 180
# Board class: Saboteur.SaboteurBoard
# Timeout: 20000
# First Move Timeout: 30000
# Date: Sun Apr 12 14:38:38 EDT 2020
# Player 1: Player-0, '260776911', running on localhost
# Player 2: Player-1, 'RandomPlayer', running on localhost
START Player-0 260776911
START Player-1 RandomPlayer
BoardInit:Map,Map,Tile:9,Tile:8,Tile:7,Tile:9,Tile:1,Map,Map,Tile:11,Tile:9,Tile:5,Tile:6,Tile:5,Tile:5,Bonus,Tile:0,Tile:6,Tile:10,Tile:3,Tile:10,Tile:7,Malus,Tile:0,Tile:5,Tile:9,Bonus,Tile:7,Tile:12,Tile:8,Tile:7,Tile:8,Tile:6,Tile:6,Map,Tile:7,Destroy,Tile:15,Destroy,Map,Tile:2-Tile:13,Tile:14,Bonus,Malus,Tile:8,Tile:0,Tile:6-Tile:10,Tile:8,Bonus,Tile:9,Tile:0,Tile:4,Destroy-Tile:hidden2,Tile:hidden1,Tile:nugget
Drop 3 0 1
Drop 5 0 0
Tile:13 5 4 1
Drop 6 0 0
Tile:9_flip 5 6 1
Destroy 5 4 0
Tile:7 6 5 1
Tile:10 5 4 0
Tile:6_flip 4 6 1
Drop 6 0 0
Drop 4 0 1
Drop 6 0 0
Drop 6 0 1
Tile:8 5 3 0
Tile:6 5 7 1
Tile:9 5 2 0
Tile:14_flip 5 1 1
Tile:0 6 2 0
Drop 1 0 1
Tile:8 7 2 0
Tile:10 6 6 1
Drop 6 0 0
Tile:5 4 3 1
Tile:9 7 3 0
Drop 0 0 1
Tile:5_flip 8 2 0
Tile:0 8 3 1
Tile:5_flip 7 4 0
Tile:1 6 1 1
Tile:6 9 3 0
Tile:5 9 2 1
Tile:7 6 3 0
Tile:7 10 2 1
Tile:9_flip 10 3 0
Drop 4 0 1
Tile:7_flip 6 4 0
Tile:0 4 5 1
Tile:8 10 4 0
Map 12 5 1
Drop 6 0 0
Destroy 10 4 1
Drop 6 0 0
Destroy 5 7 1
Tile:8 10 4 0
Tile:6_flip 3 5 1
Tile:0 9 4 0
Tile:12 11 4 1
Tile:6 3 6 0
Map 12 7 1
Tile:7 7 1 0
Tile:10 4 7 1
Drop 0 0 0
Tile:2_flip 4 8 1
Drop 0 0 0
Malus 0 0 1
GAMEOVER DRAW
# Game ended: Sun Apr 12 14:38:38 EDT 2020
