# Server version 0.08 running on localhost:8123
# Game ID: 81
# Board class: Saboteur.SaboteurBoard
# Timeout: 20000
# First Move Timeout: 30000
# Date: Sun Apr 12 05:01:00 EDT 2020
# Player 1: Player-0, '260776911', running on localhost
# Player 2: Player-1, 'RandomPlayer', running on localhost
START Player-0 260776911
START Player-1 RandomPlayer
BoardInit:Tile:4,Tile:10,Tile:12,Tile:9,Destroy,Tile:6,Tile:6,Destroy,Tile:9,Tile:8,Tile:5,Tile:8,Tile:0,Bonus,Tile:8,Tile:9,Map,Destroy,Bonus,Tile:6,Tile:14,Tile:0,Tile:0,Tile:9,Tile:0,Tile:15,Tile:7,Tile:8,Tile:7,Tile:2,Tile:10,Tile:7,Bonus,Map,Tile:5,Tile:7,Bonus,Tile:1,Tile:3,Tile:9,Map-Map,Malus,Tile:8,Tile:5,Tile:7,Tile:13,Map-Tile:11,Tile:6,Tile:10,Map,Tile:5,Malus,Tile:6-Tile:nugget,Tile:hidden2,Tile:hidden1
Tile:5_flip 5 6 1
Tile:11 5 4 0
Map 12 3 1
Tile:6 6 4 0
Tile:12 7 4 1
Tile:10 5 3 0
Tile:8 5 2 1
Map 12 3 0
Destroy 5 2 1
Tile:5 5 2 0
Drop 1 0 1
Malus 0 0 0
Drop 6 0 1
Tile:6 6 2 0
Map 12 5 1
Tile:10 6 1 0
Drop 1 0 1
Tile:9 4 5 0
Map 12 7 1
Tile:6 4 6 0
Drop 4 0 1
Destroy 4 5 0
Drop 5 0 1
Tile:8 4 5 0
Drop 5 0 1
Tile:8 3 5 0
Drop 0 0 1
Tile:9 3 4 0
Drop 5 0 1
Destroy 3 4 0
Drop 0 0 1
Tile:6 3 6 0
Drop 6 0 1
Tile:0 2 5 0
Drop 0 0 1
Tile:9 1 5 0
Drop 4 0 1
Tile:15 1 4 0
Bonus 0 0 1
Tile:8 1 3 0
Tile:7 4 4 1
Tile:2 1 2 0
Tile:8 2 2 1
Tile:7 2 1 0
Tile:5 2 6 1
Map 12 3 0
Tile:3 3 2 1
Tile:7 6 5 0
Tile:9 0 2 1
Tile:1 1 1 0
Drop 1 0 1
Tile:9 0 1 0
Map 12 7 1
Drop 0 0 0
Tile:0 7 2 1
GAMEOVER DRAW
# Game ended: Sun Apr 12 05:01:00 EDT 2020
