# Server version 0.08 running on localhost:8123
# Game ID: 207
# Board class: Saboteur.SaboteurBoard
# Timeout: 20000
# First Move Timeout: 30000
# Date: Sun Apr 12 15:15:35 EDT 2020
# Player 1: Player-0, '260776911', running on localhost
# Player 2: Player-1, 'RandomPlayer', running on localhost
START Player-0 260776911
START Player-1 RandomPlayer
BoardInit:Tile:9,Tile:4,Map,Tile:7,Tile:14,Destroy,Bonus,Tile:2,Bonus,Malus,Tile:6,Tile:8,Tile:8,Tile:9,Tile:9,Malus,Tile:7,Tile:15,Tile:5,Tile:10,Destroy,Tile:7,Tile:9,Tile:0,Map,Tile:6,Tile:7,Tile:6,Map,Tile:1,Tile:6,Tile:0,Map,Tile:10,Bonus,Tile:7,Tile:10,Tile:5,Tile:13,Tile:5,Tile:0-Map,Map,Tile:3,Tile:11,Tile:5,Tile:6,Tile:8-Tile:0,Destroy,Bonus,Tile:12,Tile:8,Tile:9,Tile:8-Tile:nugget,Tile:hidden2,Tile:hidden1
Tile:3_flip 4 5 1
Tile:0 6 5 0
Tile:11_flip 5 4 1
Destroy 6 5 0
Tile:8 5 6 1
Tile:12 6 5 0
Tile:6_flip 6 6 1
Tile:8 7 6 0
Tile:5 7 5 1
Tile:9_flip 8 5 0
Drop 0 0 1
Tile:8 8 6 0
Tile:9_flip 9 6 1
Tile:4 8 4 0
Tile:8 5 7 1
Destroy 6 5 0
Tile:6_flip 5 3 1
Tile:7 6 3 0
Tile:9_flip 7 7 1
Tile:9 6 4 0
Tile:7_flip 9 7 1
Tile:15 9 5 0
Tile:5_flip 6 5 1
Tile:10 9 4 0
Destroy 9 7 1
Tile:2 9 3 0
Tile:9_flip 5 8 1
Tile:8 10 3 0
Drop 6 0 1
Tile:7 10 2 0
Map 12 3 1
Tile:0 8 3 0
Map 12 7 1
Tile:6 9 2 0
Tile:6 4 3 1
Tile:6 8 2 0
Drop 6 0 1
Tile:1 7 2 0
Map 12 7 1
Tile:0 6 2 0
Tile:14 11 3 1
Tile:10 10 4 0
Tile:13 7 8 1
Tile:7_flip 10 5 0
Tile:0 8 8 1
Tile:5 7 3 0
Tile:10 11 2 1
Tile:5_flip 7 4 0
Drop 2 0 1
Malus 0 0 0
Map 12 5 1
Malus 0 0 0
Drop 0 0 1
Drop 0 0 0
Bonus 0 0 1
GAMEOVER DRAW
# Game ended: Sun Apr 12 15:15:35 EDT 2020
