# Server version 0.08 running on localhost:8123
# Game ID: 331
# Board class: Saboteur.SaboteurBoard
# Timeout: 20000
# First Move Timeout: 30000
# Date: Sun Apr 12 20:25:32 EDT 2020
# Player 1: Player-0, '260776911', running on localhost
# Player 2: Player-1, 'RandomPlayer', running on localhost
START Player-0 260776911
START Player-1 RandomPlayer
BoardInit:Tile:6,Bonus,Bonus,Bonus,Tile:1,Tile:10,Map,Tile:7,Map,Tile:5,Tile:13,Map,Tile:11,Tile:7,Destroy,Tile:8,Tile:7,Tile:5,Tile:9,Tile:6,Tile:15,Tile:10,Tile:8,Tile:8,Map,Tile:4,Tile:7,Destroy,Tile:0,Tile:10,Tile:8,Map,Malus,Tile:6,Tile:0,Tile:6,Tile:2,Tile:14,Tile:9,Tile:8,Tile:5-Tile:6,Tile:0,Bonus,Tile:9,Map,Tile:12,Tile:9-Tile:7,Tile:0,Tile:5,Malus,Destroy,Tile:3,Tile:9-Tile:hidden1,Tile:nugget,Tile:hidden2
Tile:9 5 4 1
Drop 5 0 0
Tile:9_flip 6 4 1
Tile:7 5 3 0
Map 12 7 1
Tile:5 6 3 0
Drop 2 0 1
Tile:0 7 3 0
Drop 2 0 1
Destroy 5 3 0
Drop 2 0 1
Tile:9 5 6 0
Map 12 7 1
Map 12 3 0
Tile:11_flip 8 3 1
Tile:10 5 3 0
Drop 0 0 1
Tile:7 6 6 0
Destroy 6 6 1
Tile:5_flip 6 5 0
Tile:7 5 2 1
Tile:7 6 6 0
Tile:13 6 7 1
Tile:8 5 7 0
Tile:15 5 8 1
Tile:5_flip 7 7 0
Tile:9 4 5 1
Drop 6 0 0
Tile:7 4 4 1
Destroy 6 7 0
Drop 2 0 1
Tile:6 6 7 0
Tile:8 5 9 1
Map 12 5 0
Map 12 5 1
Tile:10 8 4 0
Tile:8 6 9 1
Tile:10 8 5 0
Tile:0 4 9 1
Drop 6 0 0
Tile:2 8 2 1
Tile:6 8 6 0
Tile:0 9 6 1
Tile:6 10 6 0
Drop 4 0 1
Malus 0 0 0
Map 12 5 1
Tile:8 10 5 0
Drop 0 0 1
Tile:8 10 4 0
Drop 0 0 1
Drop 1 0 0
Drop 1 0 1
Drop 0 0 0
Drop 0 0 1
GAMEOVER DRAW
# Game ended: Sun Apr 12 20:25:32 EDT 2020
