# Server version 0.08 running on localhost:8123
# Game ID: 365
# Board class: Saboteur.SaboteurBoard
# Timeout: 20000
# First Move Timeout: 30000
# Date: Sun Apr 12 20:34:16 EDT 2020
# Player 1: Player-0, '260776911', running on localhost
# Player 2: Player-1, 'RandomPlayer', running on localhost
START Player-0 260776911
START Player-1 RandomPlayer
BoardInit:Tile:13,Tile:6,Tile:7,Malus,Map,Tile:6,Bonus,Bonus,Map,Bonus,Destroy,Tile:15,Tile:2,Tile:10,Tile:1,Tile:8,Tile:10,Map,Tile:5,Tile:7,Bonus,Tile:8,Tile:9,Tile:8,Tile:6,Tile:5,Map,Tile:9,Tile:0,Malus,Tile:7,Tile:3,Tile:7,Tile:9,Tile:11,Destroy,Tile:5,Tile:6,Tile:9,Tile:10,Tile:4-Tile:9,Tile:5,Tile:0,Map,Tile:8,Tile:0,Map-Tile:0,Tile:14,Tile:12,Destroy,Tile:8,Tile:6,Tile:7-Tile:hidden2,Tile:hidden1,Tile:nugget
Tile:0 4 5 1
Drop 1 0 0
Tile:5_flip 6 5 1
Drop 1 0 0
Tile:9 5 6 1
Malus 0 0 0
Drop 0 0 1
Destroy 4 5 0
Map 12 5 1
Tile:6 4 5 0
Map 12 3 1
Tile:6_flip 5 4 0
Map 12 5 1
Drop 6 0 0
Destroy 6 5 1
Tile:6 6 4 0
Drop 1 0 1
Tile:7_flip 3 5 0
Drop 3 0 1
Drop 6 0 0
Drop 2 0 1
Tile:8 5 7 0
Drop 3 0 1
Tile:7 6 7 0
Drop 5 0 1
Tile:8 4 4 0
Drop 0 0 1
Tile:8 5 8 0
Drop 4 0 1
Tile:5_flip 6 6 0
Map 12 3 1
Malus 0 0 0
Drop 6 0 1
Drop 6 0 0
Drop 3 0 1
Tile:9_flip 5 9 0
Drop 3 0 1
Destroy 3 5 0
Drop 6 0 1
Tile:9_flip 5 10 0
Drop 2 0 1
Tile:6 4 9 0
Drop 0 0 1
Tile:8 4 7 0
Drop 4 0 1
Tile:10 6 3 0
Drop 2 0 1
Tile:10 4 3 0
Drop 0 0 1
Tile:0 4 10 0
Drop 0 0 1
Drop 1 0 0
Drop 1 0 1
Drop 0 0 0
Drop 0 0 1
GAMEOVER DRAW
# Game ended: Sun Apr 12 20:34:16 EDT 2020
