# Server version 0.08 running on localhost:8123
# Game ID: 33
# Board class: Saboteur.SaboteurBoard
# Timeout: 20000
# First Move Timeout: 30000
# Date: Sat Apr 11 22:55:27 EDT 2020
# Player 1: Player-0, 'RandomPlayer', running on localhost
# Player 2: Player-1, 'RandomPlayer', running on localhost
START Player-0 RandomPlayer
START Player-1 RandomPlayer
BoardInit:Destroy,Tile:5,Tile:6,Tile:13,Tile:14,Malus,Tile:0,Tile:7,Tile:15,Map,Map,Tile:0,Bonus,Tile:8,Tile:9,Tile:8,Map,Tile:6,Bonus,Tile:10,Bonus,Destroy,Tile:2,Malus,Tile:9,Tile:6,Tile:5,Tile:9,Tile:6,Tile:0,Tile:1,Tile:9,Tile:8,Tile:10,Tile:0,Tile:7,Tile:4,Tile:7,Tile:7,Map,Tile:5-Tile:11,Destroy,Tile:7,Tile:3,Map,Map,Tile:6-Bonus,Tile:10,Tile:8,Tile:8,Tile:9,Tile:5,Tile:12-Tile:nugget,Tile:hidden1,Tile:hidden2
Map 12 7 1
Tile:10 5 6 0
Tile:7_flip 5 7 1
Tile:12 6 5 0
Tile:11_flip 5 4 1
Tile:13 5 3 0
Tile:14_flip 5 2 1
Drop 4 0 0
Tile:6_flip 6 2 1
Malus 0 0 0
Destroy 5 2 1
Drop 1 0 0
Drop 1 0 1
Tile:0 4 4 0
Destroy 5 7 1
Drop 5 0 0
Drop 0 0 1
Tile:9_flip 5 7 0
Drop 3 0 1
Tile:6 4 3 0
Drop 1 0 1
Tile:8 4 2 0
Drop 1 0 1
Tile:8 3 4 0
Map 12 5 1
Destroy 5 4 0
Drop 3 0 1
Tile:6_flip 5 2 0
Drop 2 0 1
Tile:7_flip 3 5 0
Drop 4 0 1
Tile:9_flip 7 2 0
Drop 6 0 1
Tile:5_flip 5 8 0
Drop 4 0 1
Tile:9_flip 5 4 0
Drop 3 0 1
Tile:10 4 1 0
Bonus 0 0 1
Tile:8 7 3 0
Tile:8 3 3 1
Drop 2 0 0
Tile:6 4 8 1
Map 12 5 0
Drop 4 0 1
Drop 0 0 0
Tile:5 3 2 1
Tile:7_flip 2 3 0
Tile:6_flip 4 7 1
Drop 0 0 0
Tile:0 8 3 1
Tile:7_flip 7 4 0
Tile:4 7 1 1
Tile:10 4 0 0
Drop 0 0 1
GAMEOVER DRAW
# Game ended: Sat Apr 11 22:55:27 EDT 2020
