# Server version 0.08 running on localhost:8123
# Game ID: 63
# Board class: Saboteur.SaboteurBoard
# Timeout: 20000
# First Move Timeout: 30000
# Date: Sun Apr 12 04:10:57 EDT 2020
# Player 1: Player-0, '260776911', running on localhost
# Player 2: Player-1, 'RandomPlayer', running on localhost
START Player-0 260776911
START Player-1 RandomPlayer
BoardInit:Bonus,Map,Map,Tile:0,Tile:11,Tile:5,Tile:0,Tile:9,Tile:7,Tile:15,Tile:8,Tile:5,Tile:14,Destroy,Tile:4,Tile:13,Tile:8,Tile:0,Map,Tile:6,Tile:2,Tile:9,Tile:6,Tile:9,Tile:8,Tile:12,Tile:9,Tile:1,Malus,Tile:5,Tile:8,Tile:10,Tile:7,Tile:10,Map,Tile:9,Tile:7,Map,Tile:8,Bonus,Destroy-Tile:6,Destroy,Malus,Map,Tile:7,Tile:10,Tile:5-Tile:7,Tile:6,Tile:0,Bonus,Tile:3,Tile:6,Bonus-Tile:nugget,Tile:hidden2,Tile:hidden1
Map 12 3 1
Tile:7 5 4 0
Tile:6_flip 6 5 1
Drop 6 0 0
Map 12 3 1
Tile:6 4 4 0
Drop 2 0 1
Tile:0 4 5 0
Destroy 5 4 1
Tile:3 4 3 0
Malus 0 0 1
Drop 2 0 0
Tile:8 3 4 1
Drop 0 0 0
Tile:14 6 6 1
Destroy 3 4 0
Tile:5 3 3 1
Drop 0 0 0
Tile:8 5 6 1
Drop 0 0 0
Tile:7 7 5 1
Drop 0 0 0
Tile:11_flip 5 4 1
Drop 0 0 0
Tile:2 4 6 1
Drop 0 0 0
Tile:4_flip 4 7 1
Drop 0 0 0
Tile:10 5 7 1
Drop 0 0 0
Tile:0 3 5 1
Drop 0 0 0
Malus 0 0 1
Drop 0 0 0
Tile:7_flip 2 5 1
Drop 0 0 0
Map 12 5 1
Drop 0 0 0
Tile:7_flip 7 6 1
Drop 6 0 0
Tile:8 2 4 1
Drop 6 0 0
Tile:6_flip 8 6 1
Drop 0 0 0
Drop 4 0 1
Drop 0 0 0
Tile:9 8 7 1
Drop 0 0 0
Destroy 2 4 1
Drop 0 0 0
Tile:8 5 8 1
Drop 0 0 0
Map 12 3 1
Drop 0 0 0
Drop 0 0 1
GAMEOVER DRAW
# Game ended: Sun Apr 12 04:10:57 EDT 2020
