# Server version 0.08 running on localhost:8123
# Game ID: 382
# Board class: Saboteur.SaboteurBoard
# Timeout: 20000
# First Move Timeout: 30000
# Date: Sun Apr 12 20:36:44 EDT 2020
# Player 1: Player-0, 'RandomPlayer', running on localhost
# Player 2: Player-1, '260776911', running on localhost
START Player-0 RandomPlayer
START Player-1 260776911
BoardInit:Tile:7,Tile:6,Tile:12,Bonus,Map,Tile:10,Map,Tile:8,Destroy,Tile:8,Tile:8,Tile:10,Tile:3,Tile:0,Bonus,Tile:8,Tile:9,Tile:6,Bonus,Tile:6,Tile:7,Tile:1,Tile:15,Tile:5,Tile:7,Tile:9,Tile:6,Tile:5,Bonus,Tile:0,Tile:2,Tile:6,Tile:0,Tile:9,Map,Tile:14,Tile:11,Tile:9,Tile:5,Tile:8,Tile:9-Tile:7,Malus,Map,Tile:7,Tile:4,Tile:10,Destroy-Map,Malus,Destroy,Tile:5,Map,Tile:13,Tile:0-Tile:hidden1,Tile:nugget,Tile:hidden2
Drop 2 0 1
Tile:5 5 4 0
Drop 3 0 1
Map 12 5 0
Drop 6 0 1
Tile:13 6 5 0
Drop 6 0 1
Drop 3 0 0
Drop 6 0 1
Tile:8 7 5 0
Destroy 6 5 1
Tile:6_flip 6 5 0
Malus 0 0 1
Destroy 6 5 0
Drop 6 0 1
Bonus 0 0 0
Destroy 5 4 1
Drop 0 0 0
Tile:8 5 6 1
Tile:6_flip 6 5 0
Tile:7_flip 5 7 1
Tile:0 4 5 0
Tile:9_flip 5 4 1
Tile:6_flip 3 5 0
Drop 6 0 1
Tile:8 6 7 0
Tile:7 7 7 1
Tile:1 4 4 0
Tile:7_flip 3 4 1
Tile:9 3 6 0
Tile:7_flip 7 6 1
Tile:5_flip 8 6 0
Drop 6 0 1
Tile:5 2 5 0
Tile:6 7 8 1
Tile:8 8 5 0
Drop 6 0 1
Tile:10 3 7 0
Drop 6 0 1
Tile:6_flip 8 8 0
Tile:0 9 8 1
Map 12 3 0
Tile:7 10 8 1
Tile:9_flip 6 6 0
Tile:9 6 8 1
Tile:8 3 3 0
Tile:5 8 4 1
Tile:9_flip 2 6 0
Tile:10 7 4 1
Tile:10 10 9 0
Drop 1 0 1
Tile:0 1 6 0
Drop 1 0 1
Tile:14_flip 0 6 0
Drop 0 0 1
GAMEOVER DRAW
# Game ended: Sun Apr 12 20:36:44 EDT 2020
