# Server version 0.08 running on localhost:8123
# Game ID: 64
# Board class: Saboteur.SaboteurBoard
# Timeout: 20000
# First Move Timeout: 30000
# Date: Sun Apr 12 04:13:17 EDT 2020
# Player 1: Player-0, '260776911', running on localhost
# Player 2: Player-1, 'RandomPlayer', running on localhost
START Player-0 260776911
START Player-1 RandomPlayer
BoardInit:Tile:9,Tile:8,Tile:5,Tile:2,Destroy,Tile:9,Tile:8,Bonus,Tile:7,Tile:5,Tile:12,Destroy,Tile:1,Map,Tile:9,Tile:8,Tile:7,Tile:5,Tile:8,Tile:10,Tile:15,Tile:3,Bonus,Tile:6,Tile:9,Tile:5,Tile:6,Destroy,Tile:10,Tile:13,Tile:11,Map,Bonus,Map,Tile:7,Bonus,Tile:7,Tile:6,Tile:8,Map,Tile:0-Malus,Map,Tile:6,Malus,Tile:7,Tile:14,Tile:0-Tile:4,Tile:6,Tile:0,Tile:9,Map,Tile:10,Tile:0-Tile:hidden2,Tile:nugget,Tile:hidden1
Drop 3 0 1
Drop 4 0 0
Tile:6_flip 4 5 1
Tile:4 5 4 0
Drop 4 0 1
Tile:6 4 6 0
Tile:5 3 6 1
Tile:0 3 5 0
Map 12 3 1
Tile:9 2 5 0
Drop 0 0 1
Tile:10 2 4 0
Drop 0 0 1
Tile:0 6 5 0
Tile:9_flip 5 6 1
Drop 6 0 0
Tile:8 5 7 1
Tile:8 2 3 0
Drop 0 0 1
Tile:2 2 2 0
Drop 6 0 1
Tile:9 1 2 0
Tile:9 1 1 1
Tile:5 1 0 0
Destroy 4 5 1
Destroy 1 0 0
Tile:12_flip 4 7 1
Tile:8 1 0 0
Tile:9 0 0 1
Tile:5_flip 0 1 0
Tile:7_flip 5 8 1
Tile:10 2 6 0
Tile:11_flip 6 7 1
Drop 6 0 0
Tile:7 3 3 1
Drop 6 0 0
Drop 3 0 1
Tile:3 2 0 0
Tile:7_flip 3 4 1
Tile:6 2 1 0
Drop 4 0 1
Drop 6 0 0
Tile:8 1 3 1
Tile:5 0 3 0
Tile:0 3 2 1
Destroy 0 0 0
Tile:10 2 7 1
Tile:13 0 0 0
Tile:1 4 2 1
Tile:6 0 4 0
Tile:7 4 4 1
Drop 0 0 0
Tile:15 3 7 1
Drop 0 0 0
Drop 0 0 1
GAMEOVER DRAW
# Game ended: Sun Apr 12 04:13:17 EDT 2020
