# Server version 0.08 running on localhost:8123
# Game ID: 436
# Board class: Saboteur.SaboteurBoard
# Timeout: 20000
# First Move Timeout: 30000
# Date: Mon Apr 13 16:39:59 EDT 2020
# Player 1: Player-0, '260776911', running on localhost
# Player 2: Player-1, 'RandomPlayer', running on localhost
START Player-0 260776911
START Player-1 RandomPlayer
BoardInit:Tile:15,Tile:12,Tile:4,Tile:6,Tile:8,Tile:14,Tile:9,Bonus,Bonus,Map,Tile:6,Map,Tile:10,Tile:7,Tile:5,Tile:10,Tile:0,Tile:9,Destroy,Map,Bonus,Tile:10,Tile:5,Tile:3,Tile:7,Tile:6,Tile:6,Map,Tile:2,Tile:11,Map,Tile:8,Tile:7,Tile:9,Bonus,Tile:0,Tile:1,Tile:5,Tile:8,Malus,Tile:0-Map,Tile:7,Tile:0,Malus,Tile:7,Tile:6,Tile:13-Destroy,Tile:8,Tile:8,Tile:9,Tile:5,Tile:9,Destroy-Tile:hidden1,Tile:nugget,Tile:hidden2
Tile:13 5 4 1
Destroy 5 4 0
Map 12 5 1
Drop 6 0 0
Tile:6 5 6 1
Tile:8 5 4 0
Tile:8 4 6 1
Drop 6 0 0
Tile:9 4 5 1
Tile:8 5 3 0
Drop 1 0 1
Map 12 3 0
Tile:6 4 7 1
Map 12 5 0
Tile:7 5 7 1
Tile:9_flip 6 4 0
Tile:7_flip 5 8 1
Tile:5_flip 6 5 0
Drop 5 0 1
Destroy 6 4 0
Drop 4 0 1
Drop 6 0 0
Drop 1 0 1
Tile:9_flip 6 4 0
Drop 0 0 1
Drop 6 0 0
Destroy 6 5 1
Tile:6 6 5 0
Tile:6_flip 4 4 1
Drop 6 0 0
Tile:2 3 4 1
Drop 6 0 0
Tile:7 5 2 1
Tile:7 6 6 0
Tile:7 6 8 1
Tile:9_flip 7 5 0
Tile:0 2 4 1
Tile:10 7 4 0
Tile:1 4 2 1
Tile:10 7 6 0
Tile:5_flip 6 9 1
Tile:9_flip 6 3 0
Drop 0 0 1
Tile:0 4 3 0
Drop 4 0 1
Tile:5 1 4 0
Tile:0 3 7 1
Tile:6_flip 5 9 0
Map 12 7 1
Tile:8 7 7 0
Drop 0 0 1
Drop 0 0 0
Drop 1 0 1
Drop 0 0 0
Drop 0 0 1
GAMEOVER DRAW
# Game ended: Mon Apr 13 16:39:59 EDT 2020
