# Server version 0.08 running on localhost:8123
# Game ID: 44
# Board class: Saboteur.SaboteurBoard
# Timeout: 20000
# First Move Timeout: 30000
# Date: Sun Apr 12 01:33:17 EDT 2020
# Player 1: Player-0, '260776911', running on localhost
# Player 2: Player-1, 'RandomPlayer', running on localhost
START Player-0 260776911
START Player-1 RandomPlayer
BoardInit:Bonus,Tile:11,Tile:7,Tile:7,Map,Malus,Malus,Tile:5,Tile:6,Bonus,Destroy,Map,Map,Tile:0,Destroy,Tile:9,Tile:8,Map,Tile:9,Tile:0,Tile:15,Tile:5,Tile:9,Tile:1,Tile:9,Tile:2,Tile:8,Tile:9,Tile:6,Tile:8,Tile:7,Map,Tile:10,Bonus,Tile:5,Tile:13,Tile:7,Tile:6,Bonus,Destroy,Tile:10-Tile:6,Tile:0,Tile:3,Map,Tile:4,Tile:0,Tile:12-Tile:7,Tile:14,Tile:8,Tile:6,Tile:8,Tile:5,Tile:10-Tile:hidden1,Tile:nugget,Tile:hidden2
Drop 3 0 1
Tile:7 5 4 0
Drop 1 0 1
Tile:14 5 6 0
Drop 4 0 1
Tile:8 4 4 0
Map 12 5 1
Tile:6 4 5 0
Tile:0 3 4 1
Tile:8 2 4 0
Tile:3_flip 2 5 1
Tile:5 2 3 0
Tile:6_flip 1 4 1
Tile:10 1 5 0
Map 12 7 1
Tile:11 0 4 0
Destroy 2 4 1
Tile:7 0 3 0
Tile:6_flip 4 3 1
Malus 0 0 0
Destroy 4 3 1
Tile:5 4 3 0
Drop 5 0 1
Map 12 3 0
Drop 0 0 1
Tile:0 3 5 0
Drop 5 0 1
Tile:9 1 6 0
Drop 2 0 1
Map 12 3 0
Drop 1 0 1
Tile:0 2 6 0
Drop 4 0 1
Tile:5 4 6 0
Drop 0 0 1
Tile:1 5 3 0
Drop 3 0 1
Tile:2 6 3 0
Drop 6 0 1
Tile:9 1 7 0
Drop 4 0 1
Tile:8 2 4 0
Drop 5 0 1
Map 12 3 0
Drop 4 0 1
Tile:13 1 8 0
Drop 2 0 1
Tile:6 1 9 0
Drop 0 0 1
Destroy 0 3 0
Drop 0 0 1
Drop 0 0 0
Drop 1 0 1
Drop 0 0 0
Drop 0 0 1
GAMEOVER DRAW
# Game ended: Sun Apr 12 01:33:17 EDT 2020
