# Server version 0.08 running on localhost:8123
# Game ID: 205
# Board class: Saboteur.SaboteurBoard
# Timeout: 20000
# First Move Timeout: 30000
# Date: Sun Apr 12 15:04:57 EDT 2020
# Player 1: Player-0, '260776911', running on localhost
# Player 2: Player-1, 'RandomPlayer', running on localhost
START Player-0 260776911
START Player-1 RandomPlayer
BoardInit:Tile:13,Tile:5,Tile:0,Tile:6,Tile:9,Tile:2,Tile:9,Tile:8,Tile:7,Tile:7,Destroy,Map,Map,Tile:6,Malus,Tile:7,Tile:8,Tile:9,Tile:12,Bonus,Tile:5,Tile:9,Tile:6,Tile:10,Tile:0,Bonus,Tile:1,Tile:14,Tile:5,Destroy,Tile:7,Tile:15,Bonus,Map,Malus,Tile:3,Tile:7,Tile:9,Tile:8,Tile:4,Map-Tile:10,Tile:8,Tile:0,Tile:8,Tile:0,Tile:6,Tile:11-Tile:10,Map,Map,Bonus,Destroy,Tile:6,Tile:5-Tile:hidden2,Tile:hidden1,Tile:nugget
Tile:6_flip 4 5 1
Map 12 3 0
Tile:8 4 6 1
Map 12 5 0
Drop 1 0 1
Tile:6 6 5 0
Tile:9_flip 5 4 1
Drop 6 0 0
Tile:0 7 5 1
Tile:10 6 4 0
Drop 5 0 1
Destroy 6 4 0
Tile:11_flip 4 7 1
Drop 6 0 0
Tile:13 3 5 1
Tile:5 6 4 0
Drop 5 0 1
Tile:5_flip 7 4 0
Drop 1 0 1
Tile:6 8 5 0
Destroy 7 5 1
Tile:8 7 3 0
Tile:8 7 2 1
Tile:7 7 1 0
Tile:0 2 5 1
Tile:6 6 3 0
Tile:7_flip 4 8 1
Tile:7 8 2 0
Tile:12_flip 4 4 1
Drop 6 0 0
Tile:5_flip 5 8 1
Destroy 3 5 0
Tile:7_flip 3 6 1
Drop 6 0 0
Tile:6_flip 5 3 1
Drop 6 0 0
Tile:5 5 7 1
Drop 6 0 0
Tile:1 4 3 1
Tile:9 6 2 0
Tile:0 7 5 1
Drop 6 0 0
Malus 0 0 1
Bonus 0 0 0
Tile:7 9 5 1
Tile:9 6 1 0
Drop 1 0 1
Tile:10 6 0 0
Tile:8 3 5 1
Tile:9 8 4 0
Tile:10 9 6 1
Drop 0 0 0
Map 12 7 1
Drop 0 0 0
Malus 0 0 1
GAMEOVER DRAW
# Game ended: Sun Apr 12 15:04:57 EDT 2020
