# Server version 0.08 running on localhost:8123
# Game ID: 237
# Board class: Saboteur.SaboteurBoard
# Timeout: 20000
# First Move Timeout: 30000
# Date: Sun Apr 12 18:44:27 EDT 2020
# Player 1: Player-0, '260776911', running on localhost
# Player 2: Player-1, 'RandomPlayer', running on localhost
START Player-0 260776911
START Player-1 RandomPlayer
BoardInit:Map,Tile:4,Malus,Tile:6,Map,Tile:6,Tile:1,Tile:9,Tile:6,Bonus,Tile:8,Tile:6,Tile:13,Tile:5,Map,Tile:15,Tile:9,Bonus,Tile:12,Destroy,Tile:10,Tile:5,Tile:8,Destroy,Bonus,Destroy,Tile:10,Tile:7,Bonus,Tile:8,Tile:0,Tile:7,Tile:8,Malus,Tile:8,Tile:10,Tile:9,Tile:9,Tile:2,Tile:11,Map-Tile:7,Tile:0,Tile:7,Tile:14,Tile:3,Tile:0,Tile:7-Tile:5,Tile:6,Map,Tile:0,Map,Tile:9,Tile:5-Tile:hidden2,Tile:nugget,Tile:hidden1
Tile:7 5 4 1
Map 12 3 0
Tile:14_flip 4 5 1
Map 12 5 0
Map 12 3 1
Drop 5 0 0
Tile:7_flip 4 6 1
Tile:5_flip 6 5 0
Malus 0 0 1
Drop 3 0 0
Tile:0 4 4 1
Bonus 0 0 0
Drop 0 0 1
Tile:9 6 4 0
Drop 3 0 1
Tile:6 7 4 0
Drop 0 0 1
Drop 6 0 0
Tile:9 6 3 1
Tile:0 8 4 0
Tile:7 9 4 1
Tile:6 9 5 0
Tile:6_flip 7 3 1
Tile:6 10 5 0
Tile:8 11 5 1
GAMEOVER WINNER 1
# Game ended: Sun Apr 12 18:44:27 EDT 2020
