# Server version 0.08 running on localhost:8123
# Game ID: 133
# Board class: Saboteur.SaboteurBoard
# Timeout: 20000
# First Move Timeout: 30000
# Date: Sun Apr 12 13:04:04 EDT 2020
# Player 1: Player-0, '260776911', running on localhost
# Player 2: Player-1, 'RandomPlayer', running on localhost
START Player-0 260776911
START Player-1 RandomPlayer
BoardInit:Tile:6,Tile:12,Map,Tile:6,Tile:2,Tile:7,Tile:0,Tile:7,Tile:0,Tile:9,Tile:8,Bonus,Tile:5,Destroy,Map,Tile:10,Tile:10,Bonus,Tile:8,Bonus,Tile:8,Tile:6,Tile:7,Tile:5,Tile:8,Map,Tile:13,Tile:4,Tile:10,Tile:1,Destroy,Tile:5,Tile:11,Tile:6,Tile:5,Map,Tile:7,Tile:9,Tile:14,Tile:7,Tile:9-Tile:3,Tile:9,Tile:0,Tile:6,Malus,Destroy,Bonus-Tile:0,Map,Tile:9,Tile:15,Malus,Tile:8,Map-Tile:nugget,Tile:hidden2,Tile:hidden1
Tile:3_flip 5 6 1
Malus 0 0 0
Malus 0 0 1
Drop 2 0 0
Drop 6 0 1
Drop 1 0 0
Drop 5 0 1
Drop 1 0 0
Drop 0 0 1
Map 12 7 0
Drop 4 0 1
Drop 3 0 0
Drop 3 0 1
Bonus 0 0 0
Drop 5 0 1
Drop 5 0 0
Drop 0 0 1
Tile:7 6 6 0
Drop 5 0 1
Tile:12 6 5 0
Destroy 6 6 1
Tile:7 5 4 0
Drop 0 0 1
Tile:6_flip 6 6 0
Drop 2 0 1
Tile:0 7 6 0
Drop 0 0 1
Map 12 3 0
Drop 5 0 1
Tile:4_flip 6 7 0
Drop 0 0 1
Tile:1 4 4 0
Destroy 7 6 1
Drop 1 0 0
Drop 3 0 1
Drop 5 0 0
Drop 3 0 1
Drop 6 0 0
Drop 6 0 1
Tile:5 4 5 0
Drop 2 0 1
Drop 4 0 0
Drop 0 0 1
Tile:7_flip 3 4 0
Drop 4 0 1
Drop 0 0 0
Drop 2 0 1
Tile:10 4 6 0
Drop 0 0 1
Drop 2 0 0
Drop 0 0 1
Drop 1 0 0
Drop 1 0 1
Drop 0 0 0
Drop 0 0 1
GAMEOVER DRAW
# Game ended: Sun Apr 12 13:04:04 EDT 2020
