# Server version 0.08 running on localhost:8123
# Game ID: 438
# Board class: Saboteur.SaboteurBoard
# Timeout: 20000
# First Move Timeout: 30000
# Date: Mon Apr 13 16:40:44 EDT 2020
# Player 1: Player-0, '260776911', running on localhost
# Player 2: Player-1, 'RandomPlayer', running on localhost
START Player-0 260776911
START Player-1 RandomPlayer
BoardInit:Tile:9,Tile:6,Tile:1,Tile:8,Tile:6,Tile:7,Tile:5,Tile:5,Tile:3,Tile:0,Tile:0,Tile:9,Tile:0,Tile:9,Tile:6,Tile:11,Tile:14,Tile:4,Bonus,Tile:8,Tile:13,Tile:5,Tile:12,Tile:8,Tile:7,Malus,Map,Destroy,Tile:15,Tile:6,Tile:9,Bonus,Malus,Tile:10,Tile:0,Tile:2,Tile:7,Map,Bonus,Tile:10,Tile:8-Tile:7,Tile:6,Map,Map,Tile:9,Map,Bonus-Tile:10,Destroy,Map,Tile:8,Tile:7,Destroy,Tile:5-Tile:hidden1,Tile:hidden2,Tile:nugget
Tile:9_flip 5 4 1
Map 12 3 0
Map 12 7 1
Tile:10 5 3 0
Tile:6_flip 6 5 1
Destroy 5 3 0
Tile:1 4 4 1
Tile:8 5 3 0
Map 12 3 1
Tile:7 6 3 0
Tile:5 4 5 1
Destroy 5 3 0
Tile:3_flip 6 4 1
Tile:5 5 3 0
Tile:0 7 5 1
Tile:6 5 6 0
Map 12 3 1
Drop 6 0 0
Tile:14 6 6 1
Drop 6 0 0
Tile:7_flip 4 6 1
Tile:8 8 5 0
Tile:6 9 5 1
Tile:7 8 4 0
Tile:0 7 4 1
Tile:5 9 4 0
Tile:12 10 4 1
Tile:0 10 5 0
Tile:6 11 5 1
Destroy 6 4 0
Tile:9 3 4 1
Tile:9 8 6 0
Tile:9_flip 12 6 1
GAMEOVER WINNER 1
# Game ended: Mon Apr 13 16:40:45 EDT 2020
