# Server version 0.08 running on localhost:8123
# Game ID: 18
# Board class: Saboteur.SaboteurBoard
# Timeout: 20000
# First Move Timeout: 30000
# Date: Sat Apr 11 22:12:48 EDT 2020
# Player 1: Player-0, 'Human', running on localhost
# Player 2: Player-1, 'RandomPlayer', running on localhost
START Player-0 Human
START Player-1 RandomPlayer
BoardInit:Tile:7,Bonus,Map,Tile:8,Tile:1,Tile:6,Tile:11,Tile:8,Tile:0,Destroy,Tile:5,Tile:7,Tile:15,Tile:9,Tile:6,Tile:9,Tile:9,Tile:7,Tile:8,Bonus,Tile:0,Tile:5,Tile:13,Map,Tile:10,Map,Map,Tile:0,Malus,Tile:7,Tile:14,Destroy,Tile:4,Tile:3,Tile:9,Map,Tile:8,Tile:8,Tile:5,Destroy,Tile:9-Tile:12,Tile:7,Tile:0,Bonus,Map,Tile:5,Tile:2-Tile:6,Bonus,Malus,Tile:10,Tile:6,Tile:10,Tile:6-Tile:hidden2,Tile:hidden1,Tile:nugget
Drop 3 0 1
Tile:6 6 5 0
Tile:2 4 5 1
Tile:6 7 5 0
Tile:5 5 4 1
Tile:6 8 5 0
Tile:1 3 5 1
Tile:6 9 5 0
Tile:7_flip 2 5 1
Tile:10 9 4 0
Drop 0 0 1
Tile:8 10 5 0
Tile:7 8 4 1
Tile:7_flip 10 6 0
Tile:5 10 4 1
Tile:8 11 5 0
Tile:11_flip 4 6 1
Tile:9_flip 11 4 0
Tile:6 4 7 1
Tile:7 11 3 0
Tile:8 7 4 1
Destroy 11 3 0
Drop 5 0 1
Tile:5 11 3 0
Tile:13 13 5 1
Tile:9_flip 11 6 0
Tile:0 3 6 1
Drop 6 0 0
Drop 2 0 1
Drop 5 0 0
Tile:10 9 3 1
Tile:10 11 7 0
Tile:14_flip 9 2 1
Destroy 11 6 0
Drop 0 0 1
Tile:0 13 3 0
Drop 3 0 1
Drop 6 0 0
Tile:0 2 6 1
Tile:8 12 6 0
GAMEOVER WINNER 0
# Game ended: Sat Apr 11 22:15:07 EDT 2020
