# Server version 0.08 running on localhost:8123
# Game ID: 206
# Board class: Saboteur.SaboteurBoard
# Timeout: 20000
# First Move Timeout: 30000
# Date: Sun Apr 12 15:14:34 EDT 2020
# Player 1: Player-0, '260776911', running on localhost
# Player 2: Player-1, 'RandomPlayer', running on localhost
START Player-0 260776911
START Player-1 RandomPlayer
BoardInit:Tile:7,Tile:9,Malus,Tile:10,Tile:3,Tile:11,Tile:2,Tile:6,Tile:6,Tile:0,Tile:9,Malus,Destroy,Tile:8,Tile:7,Tile:6,Tile:10,Tile:7,Tile:5,Bonus,Tile:15,Tile:9,Tile:5,Tile:0,Tile:4,Tile:8,Tile:5,Map,Tile:8,Map,Tile:7,Tile:10,Map,Tile:0,Tile:8,Tile:13,Tile:6,Bonus,Tile:5,Tile:8,Map-Tile:7,Bonus,Tile:9,Tile:12,Tile:14,Tile:6,Destroy-Tile:0,Destroy,Tile:9,Map,Tile:1,Map,Bonus-Tile:nugget,Tile:hidden2,Tile:hidden1
Tile:7 6 5 1
Map 12 3 0
Tile:9 5 6 1
Drop 4 0 0
Tile:7_flip 4 5 1
Drop 3 0 0
Malus 0 0 1
Bonus 0 0 0
Tile:3_flip 5 7 1
Drop 5 0 0
Tile:14_flip 4 4 1
Destroy 4 4 0
Destroy 5 7 1
Tile:9 4 4 0
Tile:9_flip 5 4 1
Tile:9 4 3 0
Tile:6 5 7 1
Tile:0 6 7 0
Tile:6_flip 5 3 1
Tile:6 6 3 0
Tile:2_flip 6 6 1
Tile:10 6 2 0
Destroy 5 3 1
Tile:0 7 3 0
Tile:5 4 2 1
Tile:8 8 3 0
Tile:10 8 2 1
Tile:6 8 4 0
Tile:5 7 4 1
Drop 6 0 0
Tile:5 8 1 1
Drop 6 0 0
Tile:4_flip 7 5 1
Tile:7 9 3 0
Tile:12 9 1 1
Tile:9_flip 9 4 0
Tile:7 5 2 1
Drop 6 0 0
Tile:6 4 7 1
Malus 0 0 0
Drop 2 0 1
Tile:0 3 7 0
Drop 0 0 1
Tile:8 2 7 0
Drop 4 0 1
Tile:10 2 6 0
Map 12 3 1
Tile:0 1 7 0
Map 12 7 1
Tile:8 0 7 0
Drop 0 0 1
Drop 0 0 0
Drop 1 0 1
Drop 0 0 0
Drop 0 0 1
GAMEOVER DRAW
# Game ended: Sun Apr 12 15:14:34 EDT 2020
