# Server version 0.08 running on localhost:8123
# Game ID: 61
# Board class: Saboteur.SaboteurBoard
# Timeout: 20000
# First Move Timeout: 30000
# Date: Sun Apr 12 03:47:44 EDT 2020
# Player 1: Player-0, '260776911', running on localhost
# Player 2: Player-1, 'RandomPlayer', running on localhost
START Player-0 260776911
START Player-1 RandomPlayer
BoardInit:Tile:7,Tile:6,Tile:9,Map,Tile:10,Tile:7,Tile:9,Tile:0,Malus,Tile:7,Map,Tile:6,Bonus,Destroy,Tile:8,Tile:6,Bonus,Tile:10,Map,Tile:8,Bonus,Tile:2,Tile:8,Tile:6,Tile:15,Tile:3,Destroy,Tile:13,Tile:12,Tile:5,Tile:9,Map,Tile:0,Malus,Tile:11,Tile:8,Tile:5,Tile:9,Tile:14,Tile:0,Bonus-Tile:10,Tile:9,Tile:5,Tile:1,Tile:4,Tile:0,Map-Tile:5,Destroy,Tile:6,Tile:8,Tile:7,Map,Tile:7-Tile:nugget,Tile:hidden1,Tile:hidden2
Drop 3 0 1
Map 12 5 0
Tile:10 5 4 1
Tile:7_flip 4 5 0
Tile:9_flip 6 5 1
Tile:6_flip 5 3 0
Drop 6 0 1
Tile:7_flip 6 6 0
Tile:7 7 6 1
Tile:6_flip 6 3 0
Tile:9_flip 5 6 1
Tile:8 7 3 0
Malus 0 0 1
Drop 1 0 0
Drop 5 0 1
Drop 3 0 0
Drop 5 0 1
Drop 1 0 0
Tile:4 7 2 1
Destroy 5 4 0
Tile:9 5 7 1
Drop 2 0 0
Tile:0 4 6 1
Drop 0 0 0
Map 12 7 1
Drop 2 0 0
Tile:5_flip 7 7 1
Drop 0 0 0
Tile:8 5 8 1
Drop 5 0 0
Tile:15 5 4 1
Drop 0 0 0
Tile:9 4 3 1
Map 12 3 0
Tile:8 5 9 1
Drop 0 0 0
Destroy 4 6 1
Drop 4 0 0
Tile:11 7 4 1
Drop 0 0 0
Tile:5_flip 8 3 1
Drop 4 0 0
Tile:14_flip 4 2 1
Malus 0 0 0
Drop 4 0 1
Drop 3 0 0
Map 12 7 1
Drop 0 0 0
Bonus 0 0 1
Drop 2 0 0
Tile:12 5 2 1
Drop 0 0 0
Drop 1 0 1
Drop 0 0 0
Drop 0 0 1
GAMEOVER DRAW
# Game ended: Sun Apr 12 03:47:44 EDT 2020
