# Server version 0.08 running on localhost:8123
# Game ID: 370
# Board class: Saboteur.SaboteurBoard
# Timeout: 20000
# First Move Timeout: 30000
# Date: Sun Apr 12 20:34:40 EDT 2020
# Player 1: Player-0, '260776911', running on localhost
# Player 2: Player-1, 'RandomPlayer', running on localhost
START Player-0 260776911
START Player-1 RandomPlayer
BoardInit:Tile:5,Tile:10,Tile:8,Tile:14,Tile:9,Tile:0,Map,Tile:12,Tile:11,Tile:7,Tile:10,Tile:7,Tile:9,Tile:9,Tile:9,Tile:7,Bonus,Map,Bonus,Map,Tile:8,Tile:5,Tile:6,Tile:10,Tile:8,Tile:5,Tile:2,Tile:4,Bonus,Tile:6,Map,Destroy,Map,Destroy,Tile:15,Tile:9,Tile:8,Tile:6,Tile:1,Destroy,Malus-Tile:0,Tile:7,Bonus,Malus,Tile:5,Tile:0,Tile:0-Tile:6,Tile:3,Tile:7,Tile:8,Map,Tile:6,Tile:13-Tile:hidden1,Tile:hidden2,Tile:nugget
Tile:5 4 5 1
Drop 4 0 0
Drop 6 0 1
Drop 1 0 0
Drop 3 0 1
Drop 4 0 0
Drop 3 0 1
Drop 5 0 0
Drop 0 0 1
Drop 6 0 0
Drop 1 0 1
Tile:6_flip 5 4 0
Tile:8 6 5 1
Tile:0 4 4 0
Tile:0 7 5 1
Tile:7 8 5 0
Tile:10 4 6 1
Tile:7_flip 5 6 0
Tile:11 8 6 1
Drop 6 0 0
Tile:9 8 7 1
Drop 6 0 0
Tile:9 4 7 1
Tile:8 9 6 0
Tile:6 6 6 1
Tile:6 9 7 0
Tile:7 7 6 1
Tile:10 7 7 0
Tile:9_flip 6 4 1
Drop 6 0 0
Tile:2_flip 4 8 1
Tile:6 10 6 0
Map 12 3 1
Destroy 8 6 0
Tile:8 11 6 1
Destroy 4 4 0
Tile:8 10 5 1
Tile:7 10 7 0
Tile:15 10 4 1
Tile:6 10 8 0
Drop 2 0 1
Destroy 10 4 0
Tile:1 9 8 1
Tile:9 8 6 0
Map 12 5 1
Tile:7 11 8 0
Drop 1 0 1
Tile:5_flip 7 8 0
Tile:8 11 5 1
Tile:5_flip 12 6 0
Map 12 3 1
Tile:9 8 8 0
Malus 0 0 1
Drop 0 0 0
Drop 0 0 1
GAMEOVER DRAW
# Game ended: Sun Apr 12 20:34:40 EDT 2020
