# Server version 0.08 running on localhost:8123
# Game ID: 169
# Board class: Saboteur.SaboteurBoard
# Timeout: 20000
# First Move Timeout: 30000
# Date: Sun Apr 12 14:28:33 EDT 2020
# Player 1: Player-0, '260776911', running on localhost
# Player 2: Player-1, 'RandomPlayer', running on localhost
START Player-0 260776911
START Player-1 RandomPlayer
BoardInit:Tile:11,Tile:0,Tile:4,Tile:6,Tile:8,Tile:0,Tile:0,Tile:9,Map,Destroy,Tile:7,Malus,Tile:10,Map,Tile:6,Tile:1,Map,Tile:13,Tile:5,Bonus,Tile:15,Tile:6,Tile:12,Tile:5,Bonus,Map,Tile:6,Tile:2,Tile:14,Tile:8,Bonus,Tile:10,Tile:5,Tile:7,Tile:9,Destroy,Tile:0,Tile:9,Malus,Tile:8,Tile:8-Destroy,Tile:6,Map,Tile:8,Tile:9,Bonus,Tile:9-Tile:7,Tile:10,Tile:3,Map,Tile:7,Tile:7,Tile:5-Tile:nugget,Tile:hidden1,Tile:hidden2
Tile:9 5 4 1
Map 12 3 0
Tile:9 5 6 1
Drop 2 0 0
Tile:8 5 3 1
Tile:7 6 5 0
Map 12 5 1
Tile:10 5 7 0
Tile:11_flip 5 2 1
Tile:7_flip 4 5 0
Tile:8 4 2 1
Destroy 5 2 0
Tile:7 5 2 1
Malus 0 0 0
Drop 3 0 1
Drop 6 0 0
Drop 1 0 1
Drop 6 0 0
Map 12 7 1
Drop 6 0 0
Destroy 4 2 1
Tile:7_flip 5 8 0
Map 12 3 1
Tile:5_flip 6 6 0
Drop 5 0 1
Tile:0 6 8 0
Drop 5 0 1
Drop 6 0 0
Drop 2 0 1
Drop 6 0 0
Drop 4 0 1
Tile:6 7 8 0
Drop 6 0 1
Tile:0 8 8 0
Drop 0 0 1
Tile:9 7 7 0
Drop 3 0 1
Tile:6 8 7 0
Drop 6 0 1
Tile:5 7 6 0
Drop 4 0 1
Tile:8 8 6 0
Drop 5 0 1
Tile:10 8 5 0
Drop 4 0 1
Tile:7 9 6 0
Drop 2 0 1
Destroy 4 5 0
Drop 0 0 1
Tile:9 4 5 0
Drop 0 0 1
Tile:8 9 7 0
Drop 1 0 1
Drop 0 0 0
Drop 0 0 1
GAMEOVER DRAW
# Game ended: Sun Apr 12 14:28:33 EDT 2020
