# Server version 0.08 running on localhost:8123
# Game ID: 411
# Board class: Saboteur.SaboteurBoard
# Timeout: 20000
# First Move Timeout: 30000
# Date: Sun Apr 12 20:48:40 EDT 2020
# Player 1: Player-0, '260776911', running on localhost
# Player 2: Player-1, 'RandomPlayer', running on localhost
START Player-0 260776911
START Player-1 RandomPlayer
BoardInit:Tile:5,Tile:0,Tile:8,Tile:9,Map,Tile:8,Tile:0,Map,Destroy,Tile:6,Tile:5,Map,Tile:10,Bonus,Tile:7,Tile:5,Tile:2,Tile:3,Tile:8,Map,Tile:8,Tile:7,Map,Tile:4,Tile:6,Malus,Tile:7,Malus,Tile:1,Tile:5,Tile:14,Tile:13,Tile:6,Tile:10,Tile:7,Tile:12,Tile:10,Tile:15,Tile:0,Tile:6,Tile:9-Destroy,Bonus,Map,Tile:0,Tile:9,Tile:8,Tile:9-Tile:7,Bonus,Tile:6,Bonus,Destroy,Tile:9,Tile:11-Tile:hidden2,Tile:hidden1,Tile:nugget
Drop 3 0 1
Drop 6 0 0
Map 12 3 1
Tile:9 4 5 0
Drop 1 0 1
Destroy 4 5 0
Drop 2 0 1
Tile:9 4 5 0
Tile:9 4 6 1
Drop 6 0 0
Map 12 5 1
Tile:8 5 6 0
Tile:5_flip 6 6 1
Drop 6 0 0
Drop 2 0 1
Tile:6 4 7 0
Drop 0 0 1
Tile:6_flip 6 5 0
Tile:5 5 4 1
Drop 6 0 0
Tile:2_flip 7 5 1
Drop 6 0 0
Tile:9_flip 8 5 1
Tile:5_flip 6 4 0
Drop 2 0 1
Drop 6 0 0
Tile:0 3 7 1
Malus 0 0 0
Drop 5 0 1
Malus 0 0 0
Destroy 3 7 1
Tile:5 6 3 0
Map 12 3 1
Drop 6 0 0
Drop 3 0 1
Tile:7_flip 8 6 0
Drop 3 0 1
Drop 6 0 0
Drop 6 0 1
Drop 6 0 0
Drop 2 0 1
Tile:0 9 6 0
Drop 0 0 1
Tile:6 10 6 0
Drop 4 0 1
Tile:7 11 6 0
Drop 2 0 1
Tile:10 11 7 0
Drop 0 0 1
Drop 1 0 0
Drop 0 0 1
Drop 1 0 0
Drop 1 0 1
Drop 0 0 0
Drop 0 0 1
GAMEOVER DRAW
# Game ended: Sun Apr 12 20:48:40 EDT 2020
