# Server version 0.08 running on localhost:8123
# Game ID: 318
# Board class: Saboteur.SaboteurBoard
# Timeout: 20000
# First Move Timeout: 30000
# Date: Sun Apr 12 20:18:24 EDT 2020
# Player 1: Player-0, '260776911', running on localhost
# Player 2: Player-1, 'RandomPlayer', running on localhost
START Player-0 260776911
START Player-1 RandomPlayer
BoardInit:Tile:6,Tile:7,Map,Tile:5,Tile:8,Tile:0,Map,Tile:14,Tile:5,Tile:13,Tile:3,Bonus,Tile:8,Destroy,Tile:0,Tile:10,Map,Map,Tile:8,Tile:9,Tile:8,Malus,Tile:9,Tile:2,Bonus,Tile:9,Malus,Tile:5,Tile:9,Tile:7,Tile:8,Destroy,Tile:5,Tile:7,Bonus,Tile:12,Tile:6,Tile:1,Tile:10,Tile:6,Tile:11-Tile:6,Map,Tile:0,Tile:10,Tile:7,Tile:0,Tile:9-Tile:15,Destroy,Tile:6,Tile:4,Tile:7,Bonus,Map-Tile:hidden2,Tile:nugget,Tile:hidden1
Tile:9 5 4 1
Drop 6 0 0
Tile:0 6 4 1
Drop 0 0 0
Drop 1 0 1
Drop 2 0 0
Tile:0 7 4 1
Destroy 5 4 0
Tile:8 4 5 1
Drop 6 0 0
Drop 3 0 1
Drop 6 0 0
Tile:6_flip 3 5 1
Tile:7 8 4 0
Tile:7_flip 8 5 1
Destroy 3 5 0
Tile:3 6 5 1
Tile:6 9 5 0
Map 12 5 1
Drop 6 0 0
Tile:0 3 5 1
Tile:0 10 5 0
Tile:5 4 4 1
Malus 0 0 0
Map 12 7 1
Drop 6 0 0
Map 12 7 1
Tile:7 11 5 0
Drop 2 0 1
Tile:5 9 4 0
Drop 4 0 1
Tile:10 11 6 0
Drop 4 0 1
Destroy 6 5 0
Drop 3 0 1
Tile:5_flip 10 4 0
Drop 4 0 1
Drop 6 0 0
Drop 0 0 1
Drop 6 0 0
Drop 4 0 1
Tile:7_flip 11 7 0
Drop 0 0 1
Tile:7_flip 4 6 0
Drop 4 0 1
Tile:6 5 6 0
Drop 2 0 1
Tile:9_flip 6 6 0
Drop 0 0 1
Tile:9_flip 10 3 0
Drop 0 0 1
Drop 1 0 0
Drop 1 0 1
Drop 0 0 0
Drop 0 0 1
GAMEOVER DRAW
# Game ended: Sun Apr 12 20:18:24 EDT 2020
