# Server version 0.08 running on localhost:8123
# Game ID: 75
# Board class: Saboteur.SaboteurBoard
# Timeout: 20000
# First Move Timeout: 30000
# Date: Sun Apr 12 04:42:12 EDT 2020
# Player 1: Player-0, '260776911', running on localhost
# Player 2: Player-1, 'RandomPlayer', running on localhost
START Player-0 260776911
START Player-1 RandomPlayer
BoardInit:Tile:8,Tile:9,Tile:10,Tile:10,Tile:13,Tile:4,Bonus,Tile:0,Map,Destroy,Destroy,Tile:7,Bonus,Tile:8,Tile:7,Tile:7,Tile:0,Malus,Tile:14,Map,Map,Bonus,Tile:9,Tile:12,Tile:0,Tile:7,Tile:15,Tile:7,Tile:9,Tile:1,Map,Tile:9,Tile:5,Bonus,Tile:8,Tile:5,Map,Tile:6,Map,Tile:9,Tile:8-Tile:2,Tile:6,Tile:6,Tile:10,Tile:3,Malus,Destroy-Tile:6,Tile:8,Tile:5,Tile:11,Tile:0,Tile:6,Tile:5-Tile:hidden2,Tile:nugget,Tile:hidden1
Tile:10 5 6 1
Tile:6 6 5 0
Tile:8 5 4 1
Tile:8 5 3 0
Tile:6_flip 5 2 1
Tile:5 4 2 0
Destroy 6 5 1
Tile:11 4 3 0
Tile:2_flip 4 5 1
Tile:0 3 5 0
Tile:6 2 5 1
Tile:6 1 5 0
Tile:13 6 3 1
Tile:5 1 4 0
Drop 1 0 1
Tile:9 0 5 0
Tile:3 6 5 1
Tile:10 0 4 0
Drop 1 0 1
Tile:4 0 3 0
Destroy 0 4 1
Tile:0 7 3 0
Drop 5 0 1
Destroy 0 3 0
Tile:7 8 3 1
Tile:7 0 4 0
Tile:9 4 4 1
Tile:8 0 6 0
Drop 2 0 1
Tile:7 1 6 0
Tile:15 6 6 1
Malus 0 0 0
Drop 2 0 1
Map 12 3 0
Map 12 3 1
Tile:7 2 4 0
Drop 5 0 1
Tile:7 6 2 0
Map 12 7 1
Tile:9 0 7 0
Drop 1 0 1
Tile:5_flip 0 8 0
Drop 3 0 1
Tile:6 1 7 0
Drop 4 0 1
Tile:12 2 7 0
Map 12 3 1
Tile:9 5 7 0
Map 12 7 1
Drop 0 0 0
Drop 0 0 1
Drop 0 0 0
Drop 1 0 1
Drop 0 0 0
Drop 0 0 1
GAMEOVER DRAW
# Game ended: Sun Apr 12 04:42:12 EDT 2020
