# Server version 0.08 running on localhost:8123
# Game ID: 208
# Board class: Saboteur.SaboteurBoard
# Timeout: 20000
# First Move Timeout: 30000
# Date: Sun Apr 12 15:15:49 EDT 2020
# Player 1: Player-0, '260776911', running on localhost
# Player 2: Player-1, 'RandomPlayer', running on localhost
START Player-0 260776911
START Player-1 RandomPlayer
BoardInit:Tile:10,Tile:7,Tile:0,Map,Tile:11,Tile:9,Tile:7,Destroy,Tile:8,Tile:3,Tile:9,Malus,Tile:1,Tile:10,Tile:0,Tile:6,Tile:5,Malus,Bonus,Tile:8,Tile:15,Tile:6,Tile:6,Bonus,Map,Tile:8,Tile:10,Tile:8,Tile:6,Tile:9,Tile:7,Map,Tile:9,Destroy,Tile:14,Tile:0,Tile:12,Bonus,Tile:5,Bonus,Map-Map,Destroy,Tile:7,Tile:5,Tile:7,Tile:0,Tile:6-Tile:5,Tile:9,Map,Tile:8,Tile:4,Tile:2,Tile:13-Tile:hidden1,Tile:nugget,Tile:hidden2
Tile:5_flip 6 5 1
Map 12 3 0
Drop 1 0 1
Tile:5 6 4 0
Tile:10 5 6 1
Map 12 5 0
Tile:11_flip 7 4 1
Drop 2 0 0
Drop 2 0 1
Drop 2 0 0
Drop 1 0 1
Drop 2 0 0
Tile:6_flip 7 3 1
Drop 5 0 0
Tile:9_flip 5 7 1
Destroy 7 4 0
Tile:0 4 7 1
Tile:9_flip 7 4 0
Tile:8 3 7 1
Tile:7_flip 7 5 0
Tile:0 8 5 1
Tile:8 9 5 0
Tile:7_flip 2 7 1
Tile:9 9 4 0
Tile:6 8 3 1
Tile:10 9 6 0
Tile:5 8 2 1
Tile:6 10 4 0
Tile:1 9 2 1
Tile:8 11 4 0
Drop 6 0 1
Tile:6 11 5 0
GAMEOVER WINNER 0
# Game ended: Sun Apr 12 15:15:49 EDT 2020
