# Server version 0.08 running on localhost:8123
# Game ID: 215
# Board class: Saboteur.SaboteurBoard
# Timeout: 20000
# First Move Timeout: 30000
# Date: Sun Apr 12 17:59:46 EDT 2020
# Player 1: Player-0, '260776911', running on localhost
# Player 2: Player-1, 'RandomPlayer', running on localhost
START Player-0 260776911
START Player-1 RandomPlayer
BoardInit:Tile:14,Map,Tile:5,Tile:9,Tile:6,Tile:7,Tile:9,Map,Malus,Destroy,Tile:0,Tile:7,Tile:0,Tile:7,Tile:10,Tile:6,Tile:6,Map,Tile:4,Map,Tile:2,Tile:8,Tile:15,Tile:8,Tile:5,Tile:0,Tile:9,Tile:9,Tile:5,Tile:10,Destroy,Tile:8,Tile:5,Tile:8,Tile:12,Tile:10,Tile:13,Malus,Tile:11,Destroy,Map-Tile:7,Bonus,Tile:9,Tile:3,Tile:1,Tile:6,Tile:6-Tile:7,Bonus,Tile:0,Tile:8,Map,Bonus,Bonus-Tile:hidden2,Tile:nugget,Tile:hidden1
Tile:3 5 4 1
Map 12 3 0
Tile:1 6 5 1
Map 12 5 0
Tile:6_flip 7 5 1
Tile:7 8 5 0
Tile:6 8 6 1
Tile:0 9 6 0
Tile:9_flip 5 6 1
Drop 6 0 0
Tile:5_flip 10 6 1
Destroy 5 4 0
Drop 2 0 1
Tile:8 7 6 0
Tile:7_flip 4 6 1
Tile:9 10 5 0
Drop 1 0 1
Tile:7 10 4 0
Tile:9_flip 5 7 1
Drop 6 0 0
Tile:6 5 8 1
Drop 6 0 0
Tile:2 11 5 1
Tile:7_flip 9 4 0
Tile:10 5 4 1
Tile:7_flip 11 6 0
Tile:0 12 6 1
Tile:6 13 6 0
Tile:9_flip 5 3 1
Tile:8 13 5 0
Tile:5 4 5 1
Tile:8 13 4 0
Tile:15 7 7 1
Tile:0 12 4 0
Destroy 4 5 1
Tile:9 4 5 0
Drop 6 0 1
Tile:10 4 4 0
Tile:5 4 3 1
Tile:8 5 2 0
Tile:5 6 6 1
Destroy 6 5 0
Tile:0 6 8 1
Tile:8 5 1 0
Drop 4 0 1
Tile:10 5 0 0
Tile:4_flip 6 7 1
Malus 0 0 0
Drop 3 0 1
Drop 0 0 0
Drop 0 0 1
Drop 0 0 0
Malus 0 0 1
Bonus 0 0 0
Drop 0 0 1
GAMEOVER DRAW
# Game ended: Sun Apr 12 17:59:46 EDT 2020
