# Server version 0.08 running on localhost:8123
# Game ID: 335
# Board class: Saboteur.SaboteurBoard
# Timeout: 20000
# First Move Timeout: 30000
# Date: Sun Apr 12 20:27:24 EDT 2020
# Player 1: Player-0, '260776911', running on localhost
# Player 2: Player-1, 'RandomPlayer', running on localhost
START Player-0 260776911
START Player-1 RandomPlayer
BoardInit:Tile:7,Map,Tile:7,Tile:15,Tile:10,Map,Tile:6,Tile:9,Destroy,Tile:0,Tile:9,Tile:0,Tile:8,Destroy,Malus,Tile:5,Tile:3,Map,Tile:12,Tile:2,Bonus,Map,Tile:7,Tile:8,Tile:11,Tile:5,Tile:8,Tile:9,Malus,Tile:9,Tile:5,Bonus,Tile:6,Tile:10,Bonus,Tile:13,Tile:14,Map,Tile:1,Tile:6,Tile:9-Tile:8,Tile:6,Tile:5,Destroy,Tile:0,Tile:6,Tile:7-Tile:0,Map,Tile:10,Tile:4,Tile:7,Tile:8,Bonus-Tile:hidden2,Tile:nugget,Tile:hidden1
Tile:6_flip 5 4 1
Drop 1 0 0
Tile:7 6 4 1
Drop 6 0 0
Tile:6_flip 4 4 1
Drop 2 0 0
Tile:8 3 4 1
Drop 6 0 0
Tile:6 5 6 1
Drop 5 0 0
Tile:0 4 6 1
Tile:8 6 5 0
Destroy 3 4 1
Tile:9_flip 7 5 0
Tile:9_flip 6 6 1
Destroy 4 4 0
Destroy 5 6 1
Tile:0 4 4 0
Tile:7_flip 6 7 1
Drop 6 0 0
Tile:5 7 4 1
Drop 6 0 0
Drop 5 0 1
Drop 6 0 0
Tile:7_flip 3 4 1
Tile:0 7 7 0
Tile:7_flip 7 6 1
Tile:8 5 6 0
Tile:8 8 4 1
Tile:5_flip 9 4 0
Tile:8 3 6 1
Tile:9 3 3 0
Tile:5_flip 8 7 1
Tile:5 8 3 0
Tile:11_flip 3 7 1
Tile:9 2 6 0
Tile:3_flip 3 8 1
Drop 6 0 0
Drop 2 0 1
Drop 6 0 0
Drop 2 0 1
Tile:10 3 2 0
Tile:10 5 7 1
Tile:10 8 5 0
Tile:6_flip 3 5 1
Tile:6 4 3 0
Tile:1 5 3 1
Tile:0 4 5 0
Tile:14_flip 2 5 1
Tile:7_flip 2 7 0
Tile:9_flip 5 8 1
Drop 1 0 0
Malus 0 0 1
Bonus 0 0 0
Drop 0 0 1
GAMEOVER DRAW
# Game ended: Sun Apr 12 20:27:24 EDT 2020
