# Server version 0.08 running on localhost:8123
# Game ID: 66
# Board class: Saboteur.SaboteurBoard
# Timeout: 20000
# First Move Timeout: 30000
# Date: Sun Apr 12 04:18:07 EDT 2020
# Player 1: Player-0, '260776911', running on localhost
# Player 2: Player-1, 'RandomPlayer', running on localhost
START Player-0 260776911
START Player-1 RandomPlayer
BoardInit:Tile:7,Map,Destroy,Tile:9,Destroy,Tile:8,Tile:9,Tile:9,Tile:5,Map,Tile:11,Tile:10,Bonus,Tile:5,Tile:3,Tile:2,Tile:10,Map,Tile:6,Tile:8,Tile:7,Tile:6,Destroy,Tile:5,Tile:6,Tile:4,Map,Tile:10,Malus,Bonus,Tile:9,Tile:0,Tile:6,Tile:7,Tile:8,Tile:1,Tile:8,Tile:5,Tile:7,Bonus,Tile:7-Tile:15,Malus,Tile:12,Map,Tile:0,Tile:6,Map-Tile:0,Tile:13,Tile:14,Tile:9,Tile:0,Tile:8,Bonus-Tile:hidden1,Tile:nugget,Tile:hidden2
Malus 0 0 1
Drop 6 0 0
Tile:15 5 6 1
Drop 6 0 0
Tile:6_flip 6 5 1
Drop 0 0 0
Destroy 5 6 1
Drop 0 0 0
Tile:7_flip 6 6 1
Drop 0 0 0
Drop 1 0 1
Drop 6 0 0
Tile:9_flip 5 4 1
Drop 0 0 0
Tile:0 4 4 1
Drop 0 0 0
Drop 1 0 1
Drop 0 0 0
Tile:11_flip 5 6 1
Drop 6 0 0
Destroy 5 6 1
Drop 0 0 0
Tile:6 7 6 1
Drop 0 0 0
Drop 0 0 1
Drop 0 0 0
Tile:5 4 5 1
Drop 0 0 0
Tile:10 5 3 1
Drop 0 0 0
Destroy 4 4 1
Drop 6 0 0
Tile:6_flip 7 5 1
Drop 0 0 0
Drop 4 0 1
Drop 0 0 0
Tile:9_flip 4 6 1
Drop 0 0 0
Tile:8 8 5 1
Drop 0 0 0
Tile:8 5 2 1
Drop 6 0 0
Tile:7 8 4 1
Drop 0 0 0
Drop 4 0 1
Drop 0 0 0
Tile:6 4 7 1
Drop 0 0 0
Tile:3 5 7 1
Drop 0 0 0
Map 12 3 1
Drop 0 0 0
Tile:7_flip 4 4 1
Drop 0 0 0
Drop 0 0 1
GAMEOVER DRAW
# Game ended: Sun Apr 12 04:18:07 EDT 2020
