# Server version 0.08 running on localhost:8123
# Game ID: 324
# Board class: Saboteur.SaboteurBoard
# Timeout: 20000
# First Move Timeout: 30000
# Date: Sun Apr 12 20:19:49 EDT 2020
# Player 1: Player-0, '260776911', running on localhost
# Player 2: Player-1, 'RandomPlayer', running on localhost
START Player-0 260776911
START Player-1 RandomPlayer
BoardInit:Tile:7,Map,Tile:13,Tile:8,Tile:8,Tile:10,Tile:15,Destroy,Tile:11,Destroy,Map,Tile:0,Tile:0,Tile:10,Bonus,Tile:9,Tile:8,Tile:6,Tile:7,Tile:6,Tile:3,Tile:0,Tile:7,Tile:5,Tile:5,Tile:6,Malus,Tile:9,Tile:8,Tile:14,Tile:0,Map,Map,Tile:8,Tile:7,Tile:5,Tile:5,Tile:1,Tile:6,Malus,Bonus-Tile:12,Tile:9,Tile:4,Bonus,Tile:9,Map,Tile:10-Bonus,Tile:6,Tile:9,Map,Tile:7,Tile:2,Destroy-Tile:hidden1,Tile:hidden2,Tile:nugget
Drop 3 0 1
Drop 3 0 0
Tile:9 5 4 1
Drop 6 0 0
Tile:7 6 5 1
Drop 4 0 0
Drop 2 0 1
Destroy 5 4 0
Tile:8 5 6 1
Destroy 5 6 0
Drop 2 0 1
Destroy 6 5 0
Drop 0 0 1
Tile:7_flip 4 5 0
Tile:10 5 6 1
Tile:8 5 7 0
Tile:0 4 7 1
Tile:0 3 7 0
Tile:11_flip 4 4 1
Tile:10 5 8 0
Tile:13 3 4 1
Tile:9 5 4 0
Tile:7 6 5 1
Tile:6 2 4 0
Tile:3_flip 5 9 1
Tile:6 1 4 0
Tile:7_flip 6 6 1
Tile:0 6 4 0
Drop 6 0 1
Tile:5 5 3 0
Tile:5 3 3 1
Drop 6 0 0
Tile:4 2 3 1
Drop 6 0 0
Tile:0 6 7 1
Tile:6 6 3 0
Drop 6 0 1
Tile:9 6 2 0
Tile:5 6 1 1
Drop 6 0 0
Tile:15 3 5 1
Malus 0 0 0
Bonus 0 0 1
Tile:9_flip 7 2 0
Tile:8 7 4 1
Tile:8 6 9 0
Tile:6 7 6 1
Tile:6_flip 7 1 0
Tile:8 8 1 1
Tile:5 6 8 0
Map 12 3 1
Tile:10 7 5 0
Map 12 3 1
Drop 0 0 0
Drop 0 0 1
GAMEOVER DRAW
# Game ended: Sun Apr 12 20:19:50 EDT 2020
