# Server version 0.08 running on localhost:8123
# Game ID: 47
# Board class: Saboteur.SaboteurBoard
# Timeout: 20000
# First Move Timeout: 30000
# Date: Sun Apr 12 02:32:23 EDT 2020
# Player 1: Player-0, '260776911', running on localhost
# Player 2: Player-1, 'RandomPlayer', running on localhost
START Player-0 260776911
START Player-1 RandomPlayer
BoardInit:Tile:6,Tile:14,Map,Tile:9,Tile:9,Tile:12,Tile:6,Map,Tile:10,Tile:7,Tile:0,Tile:11,Tile:5,Map,Tile:0,Tile:8,Tile:4,Malus,Tile:15,Destroy,Tile:0,Tile:7,Tile:6,Tile:8,Tile:7,Tile:0,Tile:8,Tile:9,Tile:3,Map,Bonus,Map,Tile:10,Tile:10,Map,Bonus,Destroy,Tile:7,Malus,Bonus,Tile:7-Tile:9,Tile:2,Tile:13,Tile:6,Tile:5,Tile:1,Tile:5-Tile:5,Tile:6,Bonus,Destroy,Tile:8,Tile:9,Tile:8-Tile:hidden1,Tile:hidden2,Tile:nugget
Tile:5 5 4 1
Tile:5 4 5 0
Tile:6 6 4 1
Tile:6 4 6 0
Tile:6_flip 6 3 1
Destroy 4 5 0
Tile:5_flip 7 3 1
Tile:8 4 5 0
Tile:6 5 6 1
Tile:9 3 5 0
Tile:1 7 4 1
Tile:8 3 4 0
Tile:9 3 6 1
Tile:14 3 7 0
Tile:10 3 3 1
Tile:9 3 2 0
Tile:2_flip 5 3 1
Tile:12 4 2 0
Tile:5_flip 8 4 1
Map 12 3 0
Tile:9_flip 4 4 1
Tile:7 3 1 0
Tile:0 2 4 1
Tile:11 1 4 0
Tile:4 1 3 1
Map 12 3 0
Tile:15 7 2 1
Tile:8 1 5 0
Tile:13 0 5 1
Malus 0 0 0
Map 12 3 1
Destroy 0 5 0
Drop 4 0 1
Tile:7 2 5 0
Drop 0 0 1
Tile:8 1 6 0
Map 12 7 1
Tile:0 0 5 0
Destroy 2 4 1
Tile:9 1 7 0
Drop 4 0 1
Map 12 3 0
Drop 5 0 1
Map 12 3 0
Drop 4 0 1
Tile:10 1 8 0
Drop 2 0 1
Tile:7 6 5 0
Drop 0 0 1
Drop 0 0 0
Drop 0 0 1
Drop 0 0 0
Drop 1 0 1
Drop 0 0 0
Drop 0 0 1
GAMEOVER DRAW
# Game ended: Sun Apr 12 02:32:24 EDT 2020
