# Server version 0.08 running on localhost:8123
# Game ID: 307
# Board class: Saboteur.SaboteurBoard
# Timeout: 20000
# First Move Timeout: 30000
# Date: Sun Apr 12 20:16:28 EDT 2020
# Player 1: Player-0, '260776911', running on localhost
# Player 2: Player-1, 'RandomPlayer', running on localhost
START Player-0 260776911
START Player-1 RandomPlayer
BoardInit:Tile:10,Tile:6,Map,Destroy,Tile:8,Bonus,Bonus,Tile:0,Map,Map,Tile:9,Tile:7,Tile:5,Tile:7,Tile:0,Map,Tile:15,Tile:9,Tile:12,Tile:13,Tile:9,Map,Tile:0,Tile:6,Map,Tile:6,Tile:9,Destroy,Malus,Destroy,Tile:7,Tile:8,Tile:4,Tile:3,Tile:8,Bonus,Tile:2,Tile:10,Tile:8,Tile:8,Malus-Tile:10,Tile:7,Tile:5,Tile:1,Tile:5,Tile:7,Tile:14-Tile:0,Tile:6,Bonus,Tile:9,Tile:6,Tile:5,Tile:11-Tile:nugget,Tile:hidden2,Tile:hidden1
Tile:14 5 6 1
Drop 6 0 0
Drop 1 0 1
Tile:6_flip 4 5 0
Map 12 3 1
Destroy 4 5 0
Tile:1 6 5 1
Tile:5 4 5 0
Tile:7_flip 4 6 1
Tile:6_flip 7 5 0
Map 12 7 1
Drop 6 0 0
Tile:5 5 4 1
Tile:0 6 4 0
Tile:5_flip 7 4 1
Tile:7 8 5 0
Tile:9_flip 7 3 1
Drop 6 0 0
Drop 5 0 1
Tile:7_flip 6 3 0
Drop 4 0 1
Drop 6 0 0
Drop 5 0 1
Drop 6 0 0
Tile:8 7 2 1
Tile:9 7 6 0
Tile:9 6 2 1
Tile:6 8 6 0
Tile:9 7 7 1
Destroy 6 5 0
Tile:0 9 6 1
Destroy 4 5 0
Tile:7 8 7 1
Tile:6_flip 10 6 0
Drop 2 0 1
Drop 6 0 0
Tile:10 6 1 1
Tile:6 11 6 0
Tile:2_flip 12 6 1
Tile:8 4 5 0
Tile:10 10 7 1
Tile:10 4 4 0
Tile:15 11 5 1
Tile:8 11 4 0
Tile:4_flip 7 8 1
Tile:0 10 4 0
Map 12 7 1
Tile:9 9 4 0
Tile:8 12 4 1
Drop 1 0 0
Drop 0 0 1
Drop 1 0 0
Tile:8 8 2 1
Drop 0 0 0
Malus 0 0 1
GAMEOVER DRAW
# Game ended: Sun Apr 12 20:16:28 EDT 2020
