# Server version 0.08 running on localhost:8123
# Game ID: 265
# Board class: Saboteur.SaboteurBoard
# Timeout: 20000
# First Move Timeout: 30000
# Date: Sun Apr 12 19:20:02 EDT 2020
# Player 1: Player-0, '260776911', running on localhost
# Player 2: Player-1, 'RandomPlayer', running on localhost
START Player-0 260776911
START Player-1 RandomPlayer
BoardInit:Map,Tile:6,Malus,Tile:9,Tile:9,Tile:5,Tile:9,Tile:2,Tile:11,Tile:6,Bonus,Tile:0,Map,Tile:5,Map,Tile:14,Tile:8,Tile:8,Destroy,Tile:5,Tile:3,Tile:8,Bonus,Tile:10,Tile:0,Tile:5,Tile:0,Tile:7,Tile:6,Tile:0,Tile:7,Tile:15,Tile:9,Map,Tile:8,Tile:7,Tile:12,Tile:6,Malus,Tile:10,Tile:6-Destroy,Map,Bonus,Tile:1,Bonus,Tile:8,Tile:7-Map,Tile:9,Tile:13,Tile:4,Tile:10,Tile:7,Destroy-Tile:hidden1,Tile:nugget,Tile:hidden2
Map 12 3 1
Map 12 3 0
Map 12 3 1
Drop 1 0 0
Drop 0 0 1
Drop 1 0 0
Tile:9 4 5 1
Tile:9 5 4 0
Drop 0 0 1
Drop 6 0 0
Tile:9_flip 4 4 1
Tile:10 5 3 0
Tile:8 5 2 1
Tile:7 6 4 0
Tile:7_flip 3 4 1
Destroy 5 3 0
Map 12 7 1
Drop 6 0 0
Tile:11 5 6 1
Tile:6 6 5 0
Destroy 5 2 1
Tile:9 5 3 0
Tile:3 4 3 1
Tile:5_flip 6 3 0
Drop 4 0 1
Tile:6 5 7 0
Tile:0 6 6 1
Tile:0 6 7 0
Tile:8 5 2 1
Tile:5_flip 7 5 0
Tile:6_flip 3 3 1
Tile:8 7 7 0
Tile:7_flip 4 2 1
Drop 6 0 0
Tile:9 2 3 1
Map 12 5 0
Tile:8 2 2 1
Tile:5 7 4 0
Tile:12 3 2 1
Tile:5_flip 8 4 0
Drop 1 0 1
Tile:7 7 6 0
Drop 0 0 1
Tile:7_flip 4 7 0
Drop 4 0 1
Tile:6 8 7 0
Tile:6_flip 8 3 1
Tile:10 8 6 0
Malus 0 0 1
Drop 1 0 0
Tile:0 1 2 1
Drop 1 0 0
Drop 1 0 1
Drop 0 0 0
Drop 0 0 1
GAMEOVER DRAW
# Game ended: Sun Apr 12 19:20:02 EDT 2020
