# Server version 0.08 running on localhost:8123
# Game ID: 43
# Board class: Saboteur.SaboteurBoard
# Timeout: 20000
# First Move Timeout: 30000
# Date: Sun Apr 12 00:52:47 EDT 2020
# Player 1: Player-0, '260776911', running on localhost
# Player 2: Player-1, 'RandomPlayer', running on localhost
START Player-0 260776911
START Player-1 RandomPlayer
BoardInit:Malus,Map,Bonus,Map,Tile:10,Tile:9,Map,Tile:5,Tile:6,Tile:4,Tile:10,Tile:0,Tile:1,Bonus,Tile:8,Tile:6,Tile:7,Tile:7,Tile:13,Tile:0,Malus,Tile:0,Tile:8,Tile:8,Tile:2,Destroy,Tile:8,Tile:5,Tile:6,Tile:9,Tile:11,Tile:14,Map,Tile:9,Tile:6,Tile:12,Map,Tile:15,Tile:9,Destroy,Tile:0-Tile:7,Tile:6,Tile:10,Bonus,Map,Tile:8,Tile:3-Tile:7,Tile:7,Destroy,Tile:5,Bonus,Tile:5,Tile:9-Tile:hidden2,Tile:nugget,Tile:hidden1
Tile:10 5 4 1
Drop 6 0 0
Tile:7 6 5 1
Drop 6 0 0
Tile:8 6 6 1
Drop 6 0 0
Tile:3_flip 5 6 1
Drop 6 0 0
Map 12 5 1
Drop 6 0 0
Map 12 3 1
Drop 6 0 0
Tile:6_flip 7 6 1
Drop 6 0 0
Drop 5 0 1
Drop 6 0 0
Tile:1 8 6 1
Drop 6 0 0
Tile:6_flip 9 6 1
Drop 6 0 0
Tile:7 10 6 1
Drop 6 0 0
Drop 1 0 1
Drop 6 0 0
Tile:8 9 7 1
Drop 6 0 0
Tile:8 9 8 1
Drop 6 0 0
Drop 6 0 1
Drop 6 0 0
Tile:6 4 5 1
Drop 6 0 0
Tile:2_flip 8 8 1
Drop 6 0 0
Drop 0 0 1
Drop 6 0 0
Tile:6_flip 8 7 1
Drop 6 0 0
Map 12 5 1
Drop 6 0 0
Drop 2 0 1
Drop 6 0 0
Drop 0 0 1
Drop 5 0 0
Tile:11 7 7 1
Drop 4 0 0
Tile:9 9 9 1
Drop 3 0 0
Drop 1 0 1
Drop 2 0 0
Drop 0 0 1
Drop 1 0 0
Tile:0 10 9 1
Drop 0 0 0
Map 12 5 1
GAMEOVER DRAW
# Game ended: Sun Apr 12 00:52:47 EDT 2020
