# Server version 0.08 running on localhost:8123
# Game ID: 293
# Board class: Saboteur.SaboteurBoard
# Timeout: 20000
# First Move Timeout: 30000
# Date: Sun Apr 12 19:33:06 EDT 2020
# Player 1: Player-0, '260776911', running on localhost
# Player 2: Player-1, 'RandomPlayer', running on localhost
START Player-0 260776911
START Player-1 RandomPlayer
BoardInit:Tile:10,Map,Tile:5,Bonus,Malus,Map,Tile:9,Tile:14,Bonus,Tile:7,Tile:2,Tile:5,Tile:11,Tile:13,Bonus,Tile:6,Tile:10,Destroy,Tile:8,Tile:7,Tile:10,Tile:12,Tile:8,Tile:0,Tile:3,Map,Destroy,Tile:0,Tile:9,Tile:9,Tile:15,Tile:9,Tile:6,Tile:5,Tile:6,Tile:7,Tile:8,Tile:8,Tile:6,Tile:7,Tile:8-Tile:4,Tile:0,Tile:6,Tile:5,Malus,Map,Destroy-Bonus,Tile:1,Map,Tile:7,Tile:9,Map,Tile:0-Tile:hidden2,Tile:nugget,Tile:hidden1
Drop 2 0 1
Map 12 3 0
Drop 1 0 1
Map 12 5 0
Map 12 3 1
Drop 5 0 0
Drop 5 0 1
Drop 6 0 0
Drop 3 0 1
Drop 1 0 0
Tile:9_flip 6 5 1
Drop 5 0 0
Drop 0 0 1
Tile:7 6 4 0
Tile:2_flip 4 5 1
Drop 6 0 0
Drop 6 0 1
Tile:9 6 6 0
Drop 3 0 1
Tile:0 7 6 0
Tile:11_flip 8 6 1
Destroy 8 6 0
Tile:10 5 6 1
Drop 6 0 0
Tile:5 5 4 1
Tile:7 8 6 0
Tile:10 6 7 1
Drop 6 0 0
Tile:10 4 4 1
Tile:7_flip 3 5 0
Malus 0 0 1
Bonus 0 0 0
Tile:9_flip 4 3 1
Tile:9_flip 6 8 0
Destroy 6 5 1
Tile:9_flip 6 5 0
Tile:8 4 2 1
Tile:0 3 3 0
Tile:6 3 2 1
Tile:5_flip 5 2 0
Tile:6_flip 2 2 1
Tile:7_flip 6 9 0
Tile:8 3 1 1
Tile:8 1 2 0
Tile:6 2 3 1
Tile:5 5 8 0
Drop 1 0 1
Tile:7 1 1 0
Tile:15 3 0 1
Tile:6_flip 4 1 0
Tile:8 8 7 1
Tile:0 9 7 0
Tile:8 0 2 1
Drop 0 0 0
Drop 0 0 1
GAMEOVER DRAW
# Game ended: Sun Apr 12 19:33:06 EDT 2020
