# Server version 0.08 running on localhost:8123
# Game ID: 294
# Board class: Saboteur.SaboteurBoard
# Timeout: 20000
# First Move Timeout: 30000
# Date: Sun Apr 12 19:33:17 EDT 2020
# Player 1: Player-0, '260776911', running on localhost
# Player 2: Player-1, 'RandomPlayer', running on localhost
START Player-0 260776911
START Player-1 RandomPlayer
BoardInit:Tile:10,Tile:6,Destroy,Bonus,Tile:1,Bonus,Map,Tile:9,Tile:0,Tile:6,Tile:10,Map,Tile:5,Tile:11,Tile:8,Map,Tile:14,Tile:9,Tile:8,Tile:7,Map,Tile:6,Map,Tile:13,Tile:7,Tile:3,Tile:0,Tile:6,Tile:0,Destroy,Map,Tile:8,Tile:10,Bonus,Tile:7,Tile:9,Tile:6,Tile:7,Tile:5,Tile:12,Tile:5-Malus,Destroy,Tile:4,Tile:2,Malus,Tile:5,Bonus-Tile:9,Tile:7,Tile:15,Tile:8,Tile:8,Tile:9,Tile:0-Tile:hidden2,Tile:nugget,Tile:hidden1
Tile:5 5 4 1
Drop 2 0 0
Drop 6 0 1
Tile:9 5 6 0
Tile:2 6 6 1
Tile:7 6 4 0
Drop 5 0 1
Tile:8 5 7 0
Tile:1 4 5 1
Tile:8 6 7 0
Tile:4_flip 6 8 1
Tile:9_flip 7 6 0
Map 12 3 1
Map 12 3 0
Tile:10 5 8 1
Drop 6 0 0
Destroy 6 7 1
Map 12 5 0
Drop 3 0 1
Tile:6 6 5 0
Tile:5 3 5 1
Tile:9_flip 7 5 0
Tile:8 6 7 1
Tile:9 7 4 0
Map 12 7 1
Drop 6 0 0
Drop 0 0 1
Drop 6 0 0
Drop 3 0 1
Tile:0 8 4 0
Tile:7_flip 5 9 1
Destroy 6 6 0
Map 12 7 1
Tile:6 9 4 0
Tile:14_flip 9 3 1
Tile:6 10 4 0
Tile:7 11 4 1
Tile:6 11 5 0
GAMEOVER WINNER 0
# Game ended: Sun Apr 12 19:33:17 EDT 2020
