# Server version 0.08 running on localhost:8123
# Game ID: 71
# Board class: Saboteur.SaboteurBoard
# Timeout: 20000
# First Move Timeout: 30000
# Date: Sun Apr 12 04:29:12 EDT 2020
# Player 1: Player-0, '260776911', running on localhost
# Player 2: Player-1, 'RandomPlayer', running on localhost
START Player-0 260776911
START Player-1 RandomPlayer
BoardInit:Tile:7,Tile:5,Map,Map,Tile:13,Map,Tile:8,Malus,Tile:6,Tile:12,Tile:9,Tile:6,Tile:7,Tile:4,Tile:9,Destroy,Map,Tile:15,Tile:9,Tile:5,Map,Map,Tile:5,Tile:9,Tile:6,Tile:8,Malus,Tile:0,Tile:0,Tile:10,Tile:10,Tile:6,Tile:7,Tile:8,Tile:14,Tile:0,Tile:7,Tile:6,Bonus,Tile:8,Bonus-Tile:7,Tile:10,Tile:3,Tile:11,Bonus,Tile:9,Bonus-Destroy,Tile:8,Tile:0,Tile:1,Tile:2,Tile:5,Destroy-Tile:nugget,Tile:hidden2,Tile:hidden1
Tile:7 6 5 1
Destroy 6 5 0
Tile:10 5 6 1
Tile:8 5 4 0
Tile:9 4 4 1
Tile:0 6 4 0
Tile:11_flip 5 3 1
Tile:1 6 5 0
Tile:13 4 5 1
Tile:2 4 3 0
Tile:3 5 2 1
Tile:5 3 3 0
Tile:6 4 2 1
Destroy 3 3 0
Tile:7 4 1 1
Tile:5 3 1 0
Tile:8 3 2 1
Map 12 3 0
Tile:9 3 5 1
Map 12 3 0
Tile:9 3 6 1
Malus 0 0 0
Drop 5 0 1
Tile:12 7 4 0
Drop 0 0 1
Tile:6 3 3 0
Map 12 5 1
Tile:4 3 4 0
Malus 0 0 1
Destroy 3 1 0
Bonus 0 0 1
Map 12 3 0
Tile:10 5 7 1
Drop 0 0 0
Tile:6 5 8 1
Drop 0 0 0
Tile:7_flip 2 3 1
Drop 0 0 0
Tile:14_flip 3 1 1
Drop 0 0 0
Tile:5_flip 3 7 1
Drop 0 0 0
Drop 0 0 1
Drop 0 0 0
Tile:7 7 5 1
Drop 0 0 0
Tile:7_flip 2 7 1
Drop 0 0 0
Drop 3 0 1
Drop 0 0 0
Tile:0 6 8 1
Drop 0 0 0
Map 12 3 1
Drop 0 0 0
Drop 0 0 1
GAMEOVER DRAW
# Game ended: Sun Apr 12 04:29:12 EDT 2020
