# Server version 0.08 running on 192.168.1.106:8123
# Game ID: 310
# Board class: Saboteur.SaboteurBoard
# Timeout: 20000
# First Move Timeout: 30000
# Date: Sun Apr 12 20:17:12 EDT 2020
# Player 1: Player-0, '260776911', running on 192.168.1.106
# Player 2: Player-1, 'RandomPlayer', running on 192.168.1.106
START Player-0 260776911
START Player-1 RandomPlayer
BoardInit:Malus,Tile:6,Tile:9,Tile:10,Tile:6,Tile:3,Malus,Tile:11,Map,Map,Destroy,Tile:7,Bonus,Destroy,Tile:1,Tile:9,Tile:0,Destroy,Map,Tile:9,Tile:6,Map,Tile:6,Tile:10,Tile:0,Bonus,Tile:0,Tile:8,Tile:0,Tile:9,Tile:4,Bonus,Tile:2,Tile:5,Tile:13,Tile:8,Tile:8,Tile:7,Tile:5,Map,Tile:15-Tile:12,Bonus,Tile:9,Tile:8,Tile:7,Tile:5,Tile:5-Tile:8,Tile:14,Tile:6,Tile:10,Tile:7,Tile:7,Map-Tile:nugget,Tile:hidden2,Tile:hidden1
Tile:5 5 4 1
Drop 6 0 0
Drop 1 0 1
Drop 1 0 0
Tile:12_flip 4 5 1
Tile:7_flip 5 6 0
Tile:6 6 4 1
Drop 6 0 0
Malus 0 0 1
Drop 3 0 0
Drop 1 0 1
Drop 2 0 0
Map 12 5 1
Drop 2 0 0
Tile:9 6 3 1
Destroy 6 4 0
Tile:5_flip 6 4 1
Drop 2 0 0
Tile:1 6 6 1
Destroy 6 6 0
Destroy 6 3 1
Drop 2 0 0
Drop 1 0 1
Drop 0 0 0
Map 12 5 1
Drop 0 0 0
Tile:7 6 5 1
Bonus 0 0 0
Tile:6 6 6 1
Drop 4 0 0
Malus 0 0 1
Drop 2 0 0
Tile:0 7 6 1
Bonus 0 0 0
Tile:2 6 3 1
Drop 0 0 0
Drop 3 0 1
Tile:5_flip 7 3 0
Tile:0 8 6 1
Tile:8 7 2 0
Tile:8 9 6 1
Drop 6 0 0
Tile:4 7 1 1
Tile:9_flip 9 7 0
Tile:13 10 6 1
Tile:9_flip 9 8 0
Tile:15 9 9 1
Tile:8 8 8 0
Tile:0 5 3 1
Tile:10 10 5 0
Drop 1 0 1
Tile:7 10 4 0
Tile:5 7 8 1
Tile:7_flip 9 4 0
Drop 0 0 1
GAMEOVER DRAW
# Game ended: Sun Apr 12 20:17:12 EDT 2020
