# Server version 0.08 running on localhost:8123
# Game ID: 383
# Board class: Saboteur.SaboteurBoard
# Timeout: 20000
# First Move Timeout: 30000
# Date: Sun Apr 12 20:36:53 EDT 2020
# Player 1: Player-0, '260776911', running on localhost
# Player 2: Player-1, 'RandomPlayer', running on localhost
START Player-0 260776911
START Player-1 RandomPlayer
BoardInit:Tile:9,Tile:5,Tile:5,Tile:13,Tile:6,Tile:12,Tile:0,Tile:6,Tile:1,Malus,Tile:7,Tile:9,Tile:5,Map,Destroy,Destroy,Tile:7,Tile:10,Tile:8,Bonus,Tile:0,Tile:15,Tile:0,Tile:7,Tile:9,Tile:9,Tile:10,Tile:14,Tile:10,Tile:0,Tile:7,Map,Tile:7,Bonus,Bonus,Tile:8,Tile:6,Map,Tile:8,Tile:9,Tile:2-Destroy,Tile:8,Tile:3,Tile:6,Bonus,Map,Tile:5-Tile:6,Map,Malus,Tile:4,Tile:8,Map,Tile:11-Tile:hidden1,Tile:hidden2,Tile:nugget
Drop 3 0 1
Drop 5 0 0
Drop 1 0 1
Drop 1 0 0
Tile:9 5 4 1
Drop 2 0 0
Drop 2 0 1
Drop 3 0 0
Drop 2 0 1
Drop 4 0 0
Tile:5_flip 5 6 1
Drop 4 0 0
Drop 2 0 1
Malus 0 0 0
Drop 2 0 1
Drop 6 0 0
Drop 0 0 1
Malus 0 0 0
Drop 2 0 1
Destroy 5 4 0
Drop 2 0 1
Tile:6 4 6 0
Drop 5 0 1
Drop 6 0 0
Drop 0 0 1
Tile:9 4 5 0
Drop 3 0 1
Tile:7 4 4 0
Drop 6 0 1
Drop 6 0 0
Drop 3 0 1
Tile:10 5 4 0
Drop 3 0 1
Drop 6 0 0
Destroy 4 4 1
Tile:9_flip 4 4 0
Drop 4 0 1
Tile:6_flip 5 3 0
Drop 0 0 1
Drop 6 0 0
Drop 4 0 1
Tile:8 3 4 0
Drop 0 0 1
Tile:8 4 3 0
Drop 4 0 1
Tile:9 2 4 0
Drop 2 0 1
Tile:5_flip 6 3 0
Drop 0 0 1
Drop 0 0 0
Drop 0 0 1
Drop 0 0 0
Drop 1 0 1
Drop 0 0 0
Drop 0 0 1
GAMEOVER DRAW
# Game ended: Sun Apr 12 20:36:54 EDT 2020
