# Server version 0.08 running on 192.168.1.106:8123
# Game ID: 82
# Board class: Saboteur.SaboteurBoard
# Timeout: 20000
# First Move Timeout: 30000
# Date: Sun Apr 12 05:06:39 EDT 2020
# Player 1: Player-0, '260776911', running on 192.168.1.106
# Player 2: Player-1, 'RandomPlayer', running on 192.168.1.106
START Player-0 260776911
START Player-1 RandomPlayer
BoardInit:Bonus,Tile:6,Tile:0,Destroy,Tile:5,Tile:0,Tile:8,Tile:7,Tile:7,Map,Bonus,Malus,Destroy,Tile:8,Tile:15,Tile:8,Tile:7,Tile:9,Bonus,Tile:7,Tile:13,Tile:6,Tile:7,Tile:9,Destroy,Tile:11,Map,Tile:10,Tile:10,Tile:5,Tile:4,Tile:5,Tile:2,Tile:5,Tile:6,Tile:9,Tile:0,Tile:1,Map,Tile:6,Tile:14-Tile:0,Tile:3,Tile:6,Bonus,Malus,Map,Map-Map,Tile:12,Tile:8,Tile:10,Tile:9,Tile:8,Tile:9-Tile:hidden1,Tile:hidden2,Tile:nugget
Tile:3 5 4 1
Map 12 3 0
Drop 1 0 1
Tile:12 6 5 0
Drop 0 0 1
Tile:8 4 4 0
Tile:0 3 4 1
Tile:10 4 3 0
Tile:8 5 6 1
Tile:9 2 4 0
Map 12 3 1
Tile:8 2 3 0
Tile:7_flip 1 3 1
Tile:9 1 2 0
Destroy 1 3 1
Tile:6 1 3 0
Tile:5_flip 3 3 1
Destroy 1 2 0
Tile:7 6 6 1
Tile:0 0 3 0
Tile:15 2 5 1
Tile:7 1 2 0
Tile:13 4 6 1
Map 12 3 0
Drop 4 0 1
Malus 0 0 0
Drop 3 0 1
Tile:8 2 6 0
Drop 3 0 1
Tile:8 2 7 0
Destroy 2 5 1
Tile:9 2 2 0
Map 12 3 1
Tile:7 2 1 0
Bonus 0 0 1
Tile:6 0 2 0
Tile:7_flip 4 7 1
Tile:9 0 1 0
Tile:0 1 7 1
Tile:11 0 0 0
Tile:4 4 2 1
Tile:10 2 5 0
Map 12 7 1
Tile:5 0 7 0
Tile:14 3 7 1
Tile:5_flip 1 0 0
Tile:2 3 6 1
Tile:5_flip 0 8 0
Malus 0 0 1
Drop 0 0 0
Drop 1 0 1
Drop 0 0 0
Drop 1 0 1
Drop 0 0 0
Drop 0 0 1
GAMEOVER DRAW
# Game ended: Sun Apr 12 05:06:39 EDT 2020
