# Server version 0.08 running on localhost:8123
# Game ID: 178
# Board class: Saboteur.SaboteurBoard
# Timeout: 20000
# First Move Timeout: 30000
# Date: Sun Apr 12 14:37:37 EDT 2020
# Player 1: Player-0, '260776911', running on localhost
# Player 2: Player-1, 'RandomPlayer', running on localhost
START Player-0 260776911
START Player-1 RandomPlayer
BoardInit:Tile:9,Bonus,Tile:10,Destroy,Map,Tile:15,Map,Tile:13,Tile:5,Tile:6,Tile:3,Tile:1,Malus,Tile:9,Map,Destroy,Tile:9,Tile:7,Tile:2,Tile:6,Map,Tile:6,Malus,Bonus,Tile:8,Tile:14,Tile:6,Tile:12,Tile:0,Tile:10,Bonus,Tile:7,Tile:0,Tile:4,Tile:0,Tile:8,Tile:7,Tile:9,Tile:10,Tile:0,Tile:5-Map,Tile:5,Tile:8,Tile:6,Tile:7,Map,Tile:9-Tile:7,Tile:8,Bonus,Tile:5,Destroy,Tile:11,Tile:8-Tile:hidden1,Tile:hidden2,Tile:nugget
Tile:8 6 5 1
Tile:7 5 4 0
Tile:7 7 5 1
Tile:8 4 4 0
Tile:9 4 5 1
Tile:5 4 3 0
Map 12 5 1
Destroy 4 3 0
Tile:6 6 6 1
Tile:11 4 3 0
Tile:10 6 4 1
Tile:8 4 2 0
Tile:5 4 1 1
Destroy 4 1 0
Map 12 3 1
Tile:15 4 1 0
Tile:9_flip 5 2 1
Tile:13 4 0 0
Drop 1 0 1
Tile:6 5 0 0
Tile:2 3 2 1
Tile:1 2 2 0
Tile:5_flip 3 3 1
Tile:9 1 2 0
Drop 4 0 1
Destroy 1 2 0
Tile:8 5 6 1
Tile:7 6 0 0
Tile:3_flip 4 6 1
Tile:6 1 2 0
Drop 3 0 1
Tile:6 0 2 0
Tile:6 3 0 1
Tile:14 5 3 0
Tile:0 2 3 1
Tile:12_flip 1 3 0
Drop 3 0 1
Tile:10 0 1 0
Malus 0 0 1
Bonus 0 0 0
Tile:0 2 0 1
Tile:7 0 0 0
Tile:10 6 3 1
Tile:4 1 1 0
Drop 4 0 1
Tile:8 5 7 0
Tile:5_flip 6 1 1
Tile:9 5 8 0
Drop 1 0 1
Tile:0 3 4 0
Map 12 3 1
Drop 0 0 0
Tile:0 6 7 1
Drop 0 0 0
Drop 0 0 1
GAMEOVER DRAW
# Game ended: Sun Apr 12 14:37:37 EDT 2020
