# Server version 0.08 running on localhost:8123
# Game ID: 243
# Board class: Saboteur.SaboteurBoard
# Timeout: 20000
# First Move Timeout: 30000
# Date: Sun Apr 12 18:49:11 EDT 2020
# Player 1: Player-0, '260776911', running on localhost
# Player 2: Player-1, 'RandomPlayer', running on localhost
START Player-0 260776911
START Player-1 RandomPlayer
BoardInit:Tile:8,Tile:0,Map,Tile:6,Tile:5,Tile:9,Bonus,Map,Tile:8,Tile:4,Tile:13,Tile:9,Map,Tile:6,Bonus,Tile:6,Tile:10,Tile:5,Tile:0,Tile:7,Bonus,Tile:8,Map,Tile:12,Tile:9,Tile:0,Tile:3,Tile:9,Tile:6,Tile:10,Tile:6,Malus,Map,Bonus,Tile:7,Destroy,Tile:5,Tile:7,Tile:8,Tile:7,Tile:7-Tile:0,Tile:8,Map,Destroy,Tile:2,Malus,Tile:9-Tile:5,Tile:15,Tile:11,Tile:1,Destroy,Tile:10,Tile:14-Tile:hidden2,Tile:hidden1,Tile:nugget
Tile:0 4 5 1
Drop 1 0 0
Tile:2 6 5 1
Drop 1 0 0
Tile:8 3 5 1
Drop 1 0 0
Tile:8 7 5 1
Drop 3 0 0
Tile:9_flip 5 6 1
Map 12 3 0
Tile:5 4 6 1
Drop 6 0 0
Destroy 4 6 1
Destroy 6 5 0
Tile:13 5 7 1
Tile:5 5 4 0
Tile:8 3 4 1
Tile:10 7 4 0
Tile:10 7 6 1
Tile:0 6 5 0
Map 12 7 1
Tile:6 6 7 0
Map 12 5 1
Tile:9 7 3 0
Map 12 5 1
Drop 6 0 0
Tile:9 3 6 1
Tile:9_flip 7 7 0
Tile:3_flip 2 4 1
Tile:6 8 3 0
Tile:0 4 6 1
Tile:6 8 5 0
Map 12 3 1
Tile:5 8 4 0
Tile:6 9 5 1
Tile:7 9 3 0
Tile:7_flip 5 8 1
Tile:8 9 4 0
Tile:5_flip 10 4 1
Tile:0 10 5 0
Tile:6_flip 4 7 1
Tile:9 10 3 0
Tile:8 3 7 1
Destroy 5 4 0
Tile:7_flip 7 8 1
Tile:10 5 4 0
Drop 0 0 1
Tile:7 5 3 0
Map 12 7 1
Tile:7 11 3 0
Drop 0 0 1
Drop 0 0 0
Drop 1 0 1
Drop 0 0 0
Drop 0 0 1
GAMEOVER DRAW
# Game ended: Sun Apr 12 18:49:12 EDT 2020
