# Server version 0.08 running on localhost:8123
# Game ID: 393
# Board class: Saboteur.SaboteurBoard
# Timeout: 20000
# First Move Timeout: 30000
# Date: Sun Apr 12 20:39:28 EDT 2020
# Player 1: Player-0, '260776911', running on localhost
# Player 2: Player-1, '260776911', running on localhost
START Player-0 260776911
START Player-1 260776911
BoardInit:Tile:8,Tile:10,Tile:14,Tile:2,Tile:7,Tile:4,Destroy,Tile:9,Tile:7,Tile:8,Tile:6,Map,Map,Tile:0,Tile:11,Map,Map,Tile:5,Tile:8,Destroy,Tile:0,Tile:6,Bonus,Tile:6,Tile:10,Tile:13,Tile:7,Tile:3,Tile:0,Tile:10,Tile:9,Tile:8,Tile:5,Tile:5,Tile:8,Tile:12,Tile:9,Tile:6,Map,Tile:6,Bonus-Tile:5,Tile:7,Tile:15,Malus,Tile:9,Malus,Tile:9-Tile:7,Bonus,Bonus,Destroy,Map,Tile:0,Tile:1-Tile:nugget,Tile:hidden1,Tile:hidden2
Drop 2 0 1
Drop 4 0 0
Malus 0 0 1
Bonus 0 0 0
Drop 6 0 1
Drop 4 0 0
Malus 0 0 1
Bonus 0 0 0
Tile:9_flip 5 4 1
Drop 4 0 0
Destroy 5 4 1
Drop 4 0 0
Tile:7 6 5 1
Drop 6 0 0
Drop 6 0 1
Destroy 6 5 0
Drop 6 0 1
Drop 6 0 0
Drop 6 0 1
Tile:8 5 6 0
Tile:5_flip 6 6 1
Destroy 5 6 0
Tile:7_flip 4 5 1
Tile:9_flip 6 5 0
Tile:7_flip 5 6 1
Tile:6_flip 6 4 0
Tile:6_flip 5 4 1
Drop 6 0 0
Tile:0 7 4 1
Drop 6 0 0
Tile:7 8 4 1
Tile:10 8 5 0
Tile:9 8 6 1
Tile:7 9 6 0
Tile:10 8 7 1
Tile:5_flip 8 8 0
Tile:0 7 8 1
Drop 6 0 0
Tile:9 6 8 1
Tile:6_flip 6 7 0
Drop 6 0 1
Tile:10 9 7 0
Tile:5_flip 7 7 1
Tile:6_flip 4 4 0
Tile:9 9 8 1
Tile:0 10 8 0
Tile:8 3 4 1
Tile:0 11 8 0
Tile:8 6 9 1
Tile:5_flip 12 8 0
Tile:8 12 6 1
Tile:6 11 7 0
Drop 1 0 1
Tile:8 12 4 0
GAMEOVER WINNER 0
# Game ended: Sun Apr 12 20:39:28 EDT 2020
