# Server version 0.08 running on localhost:8123
# Game ID: 127
# Board class: Saboteur.SaboteurBoard
# Timeout: 20000
# First Move Timeout: 30000
# Date: Sun Apr 12 12:02:40 EDT 2020
# Player 1: Player-0, '260776911', running on localhost
# Player 2: Player-1, 'RandomPlayer', running on localhost
START Player-0 260776911
START Player-1 RandomPlayer
BoardInit:Tile:14,Destroy,Tile:5,Tile:7,Tile:10,Tile:5,Tile:3,Malus,Map,Map,Bonus,Tile:0,Tile:6,Tile:0,Bonus,Tile:7,Tile:6,Tile:8,Tile:1,Tile:9,Bonus,Tile:0,Malus,Tile:10,Tile:12,Tile:7,Tile:8,Tile:6,Tile:5,Tile:13,Tile:11,Tile:8,Tile:9,Tile:8,Tile:9,Tile:6,Bonus,Tile:2,Tile:4,Tile:5,Map-Tile:10,Map,Destroy,Tile:9,Tile:0,Tile:6,Tile:7-Map,Tile:7,Destroy,Tile:9,Tile:8,Tile:15,Map-Tile:nugget,Tile:hidden2,Tile:hidden1
Tile:9_flip 6 5 1
Map 12 3 0
Tile:6 4 5 1
Tile:7 4 4 0
Tile:14_flip 5 4 1
Destroy 4 4 0
Tile:5 3 5 1
Tile:9 3 6 0
Destroy 5 4 1
Malus 0 0 0
Drop 3 0 1
Tile:8 3 7 0
Drop 0 0 1
Tile:15 3 8 0
Map 12 3 1
Map 12 3 0
Drop 3 0 1
Destroy 3 5 0
Drop 2 0 1
Tile:7 4 6 0
Drop 4 0 1
Tile:5 3 5 0
Drop 5 0 1
Map 12 3 0
Drop 4 0 1
Tile:0 2 7 0
Drop 3 0 1
Tile:0 1 7 0
Drop 4 0 1
Tile:7 4 4 0
Drop 4 0 1
Tile:8 0 7 0
Drop 6 0 1
Tile:9 0 6 0
Drop 4 0 1
Tile:0 1 6 0
Drop 3 0 1
Tile:10 0 5 0
Bonus 0 0 1
Tile:7 0 4 0
Tile:9_flip 0 8 1
Tile:6 0 9 0
Tile:5 5 4 1
Tile:13 1 9 0
Tile:4 1 8 1
Tile:8 1 10 0
Map 12 3 1
Tile:8 2 9 0
Tile:9_flip 2 10 1
Tile:6 1 11 0
Tile:0 0 10 1
Tile:2 0 11 0
Tile:10 6 6 1
Tile:5_flip 0 12 0
Drop 0 0 1
GAMEOVER DRAW
# Game ended: Sun Apr 12 12:02:40 EDT 2020
