# Server version 0.08 running on localhost:8123
# Game ID: 458
# Board class: Saboteur.SaboteurBoard
# Timeout: 20000
# First Move Timeout: 30000
# Date: Mon Apr 13 16:48:07 EDT 2020
# Player 1: Player-0, '260776911', running on localhost
# Player 2: Player-1, 'RandomPlayer', running on localhost
START Player-0 260776911
START Player-1 RandomPlayer
BoardInit:Tile:8,Tile:9,Map,Tile:14,Tile:7,Tile:4,Tile:9,Tile:0,Tile:12,Tile:3,Tile:10,Tile:8,Tile:10,Tile:0,Map,Tile:6,Tile:8,Tile:7,Tile:10,Tile:5,Tile:2,Destroy,Malus,Destroy,Tile:8,Tile:0,Map,Map,Tile:6,Tile:11,Bonus,Bonus,Map,Tile:7,Tile:15,Tile:6,Tile:5,Tile:7,Tile:9,Tile:9,Destroy-Map,Tile:6,Tile:6,Tile:8,Tile:9,Tile:5,Tile:13-Tile:1,Malus,Bonus,Tile:7,Tile:5,Tile:0,Bonus-Tile:hidden1,Tile:nugget,Tile:hidden2
Tile:9 5 6 1
Drop 0 0 0
Tile:6 4 5 1
Tile:7 5 4 0
Tile:6_flip 4 4 1
Drop 6 0 0
Drop 4 0 1
Drop 6 0 0
Map 12 7 1
Tile:5_flip 6 5 0
Tile:9_flip 5 7 1
Drop 6 0 0
Tile:13 4 7 1
Tile:0 6 6 0
Tile:7_flip 3 5 1
Tile:9 6 4 0
Drop 1 0 1
Tile:0 7 4 0
Map 12 3 1
Tile:8 6 3 0
Tile:8 7 6 1
Tile:0 5 3 0
Tile:2 6 2 1
Destroy 6 2 0
Tile:12 8 4 1
Destroy 8 4 0
Tile:10 4 8 1
Tile:6 7 3 0
Tile:10 6 2 1
Map 12 3 0
Tile:6_flip 3 7 1
Drop 6 0 0
Map 12 5 1
Tile:7 8 3 0
Drop 0 0 1
Tile:5 7 5 0
Tile:8 7 7 1
Tile:0 8 5 0
Tile:15 6 1 1
Tile:7 8 6 0
Tile:9 5 8 1
Tile:6 8 4 0
Tile:5 6 7 1
Tile:7 9 4 0
Destroy 7 3 1
Tile:9_flip 8 7 0
Map 12 5 1
Drop 1 0 0
Map 12 3 1
Drop 1 0 0
Tile:10 4 9 1
Drop 0 0 0
Malus 0 0 1
Bonus 0 0 0
Drop 0 0 1
GAMEOVER DRAW
# Game ended: Mon Apr 13 16:48:07 EDT 2020
