# Server version 0.08 running on localhost:8123
# Game ID: 22
# Board class: Saboteur.SaboteurBoard
# Timeout: 20000
# First Move Timeout: 30000
# Date: Sat Apr 11 22:21:11 EDT 2020
# Player 1: Player-0, 'RandomPlayer', running on localhost
# Player 2: Player-1, 'Human', running on localhost
START Player-0 RandomPlayer
START Player-1 Human
BoardInit:Malus,Tile:5,Tile:6,Tile:6,Bonus,Tile:0,Tile:5,Tile:7,Tile:12,Tile:8,Tile:7,Tile:9,Tile:7,Tile:9,Tile:4,Map,Bonus,Destroy,Tile:5,Tile:0,Tile:11,Map,Tile:9,Tile:6,Tile:5,Tile:1,Map,Tile:10,Tile:0,Destroy,Map,Tile:3,Map,Tile:9,Tile:7,Bonus,Tile:10,Bonus,Map,Tile:13,Tile:8-Tile:15,Tile:10,Tile:8,Malus,Destroy,Tile:2,Tile:8-Tile:6,Tile:8,Tile:9,Tile:14,Tile:6,Tile:0,Tile:7-Tile:hidden1,Tile:nugget,Tile:hidden2
Tile:8 6 5 1
Tile:9_flip 5 4 0
Tile:8 7 5 1
Tile:8 8 5 0
Tile:6 9 5 1
Tile:6 4 4 0
Tile:10 9 4 1
Tile:6_flip 5 3 0
Tile:5 9 3 1
Tile:5 4 3 0
Tile:12 6 3 1
Drop 5 0 0
Tile:7 10 3 1
Tile:14_flip 4 5 0
Tile:7_flip 10 4 1
Tile:9_flip 8 4 0
Malus 0 0 1
Map 12 7 0
Malus 0 0 1
Destroy 10 4 0
Tile:5_flip 5 6 1
Drop 2 0 0
Drop 6 0 1
Map 12 7 0
Tile:9 10 4 1
Drop 2 0 0
Drop 4 0 1
Drop 0 0 0
Map 12 5 1
Drop 5 0 0
Destroy 10 4 1
Drop 3 0 0
Tile:0 10 5 1
Destroy 5 3 0
Map 12 7 1
Drop 3 0 0
Drop 0 0 1
Drop 4 0 0
Drop 0 0 1
Bonus 0 0 0
Drop 6 0 1
Drop 4 0 0
Tile:8 11 5 1
GAMEOVER WINNER 1
# Game ended: Sat Apr 11 22:24:01 EDT 2020
