# Server version 0.08 running on localhost:8123
# Game ID: 374
# Board class: Saboteur.SaboteurBoard
# Timeout: 20000
# First Move Timeout: 30000
# Date: Sun Apr 12 20:36:04 EDT 2020
# Player 1: Player-0, '260776911', running on localhost
# Player 2: Player-1, 'RandomPlayer', running on localhost
START Player-0 260776911
START Player-1 RandomPlayer
BoardInit:Malus,Destroy,Tile:14,Tile:8,Tile:10,Tile:6,Destroy,Tile:8,Tile:7,Bonus,Tile:12,Map,Tile:2,Tile:7,Tile:7,Tile:8,Tile:10,Tile:9,Tile:9,Tile:9,Tile:9,Tile:9,Tile:8,Map,Map,Tile:6,Tile:13,Tile:4,Bonus,Tile:6,Tile:6,Tile:1,Tile:11,Tile:0,Tile:15,Tile:6,Tile:7,Destroy,Tile:3,Tile:0,Bonus-Map,Tile:8,Tile:5,Map,Tile:5,Tile:7,Malus-Tile:5,Tile:10,Map,Tile:0,Tile:5,Tile:0,Bonus-Tile:nugget,Tile:hidden1,Tile:hidden2
Tile:5_flip 6 5 1
Drop 2 0 0
Malus 0 0 1
Bonus 0 0 0
Tile:8 4 5 1
Tile:5_flip 5 6 0
Map 12 5 1
Tile:8 4 6 0
Drop 2 0 1
Tile:6 4 7 0
Malus 0 0 1
Bonus 0 0 0
Destroy 4 5 1
Drop 6 0 0
Tile:12 5 7 1
Tile:8 4 5 0
Tile:7 5 4 1
Destroy 5 4 0
Tile:2 4 4 1
Tile:8 5 4 0
Tile:7 5 3 1
Tile:7_flip 3 6 0
Tile:9_flip 6 4 1
Tile:9 3 4 0
Tile:10 3 3 1
Drop 6 0 0
Tile:9 3 2 1
Tile:9_flip 3 1 0
Tile:10 6 3 1
Drop 6 0 0
Tile:8 3 0 1
Tile:6 4 0 0
Tile:13 3 5 1
Drop 6 0 0
Tile:6 4 2 1
Tile:9 2 5 0
Tile:11 2 1 1
Tile:0 5 2 0
Map 12 3 1
Tile:6_flip 3 7 0
Tile:7_flip 3 8 1
Destroy 2 1 0
Tile:5_flip 2 6 1
Tile:6 1 6 0
Tile:3_flip 2 0 1
Tile:0 0 6 0
Tile:14_flip 2 7 1
Tile:0 2 1 0
Map 12 5 1
Tile:5_flip 2 8 0
Drop 1 0 1
Tile:0 1 8 0
Drop 1 0 1
Tile:10 1 5 0
Drop 0 0 1
GAMEOVER DRAW
# Game ended: Sun Apr 12 20:36:04 EDT 2020
