# Server version 0.08 running on localhost:8123
# Game ID: 219
# Board class: Saboteur.SaboteurBoard
# Timeout: 20000
# First Move Timeout: 30000
# Date: Sun Apr 12 18:02:57 EDT 2020
# Player 1: Player-0, '260776911', running on localhost
# Player 2: Player-1, 'RandomPlayer', running on localhost
START Player-0 260776911
START Player-1 RandomPlayer
BoardInit:Tile:5,Tile:9,Tile:9,Tile:0,Tile:7,Tile:3,Tile:0,Tile:9,Tile:9,Tile:1,Map,Bonus,Tile:15,Tile:6,Tile:8,Tile:10,Tile:7,Map,Tile:8,Tile:5,Tile:10,Tile:8,Tile:6,Tile:5,Tile:6,Tile:14,Tile:7,Destroy,Map,Destroy,Tile:12,Tile:7,Malus,Tile:13,Tile:7,Bonus,Tile:4,Map,Bonus,Tile:0,Tile:9-Map,Tile:0,Tile:6,Tile:11,Tile:5,Map,Tile:2-Bonus,Tile:6,Tile:10,Destroy,Tile:8,Tile:8,Malus-Tile:hidden1,Tile:nugget,Tile:hidden2
Tile:6_flip 6 5 1
Malus 0 0 0
Drop 2 0 1
Tile:6 6 6 0
Drop 1 0 1
Destroy 6 5 0
Drop 1 0 1
Drop 6 0 0
Drop 1 0 1
Tile:8 6 5 0
Drop 1 0 1
Drop 6 0 0
Drop 5 0 1
Tile:10 6 4 0
Drop 2 0 1
Tile:8 6 3 0
Drop 0 0 1
Tile:9 6 2 0
Drop 3 0 1
Map 12 3 0
Drop 2 0 1
Tile:0 7 2 0
Drop 0 0 1
Tile:9_flip 7 5 0
Drop 2 0 1
Tile:6 7 6 0
Drop 0 0 1
Drop 6 0 0
Drop 5 0 1
Tile:10 7 4 0
Map 12 3 1
Tile:5_flip 8 2 0
Drop 6 0 1
Tile:8 8 6 0
Drop 0 0 1
Drop 6 0 0
Drop 4 0 1
Tile:5 8 5 0
Drop 0 0 1
Map 12 5 0
Drop 4 0 1
Destroy 6 4 0
Bonus 0 0 1
Destroy 6 5 0
Tile:6_flip 5 4 1
Tile:7 9 5 0
Tile:8 6 1 1
Tile:0 5 3 0
Tile:9_flip 6 4 1
Drop 0 0 0
Tile:10 8 7 1
Drop 0 0 0
Tile:4_flip 8 8 1
Drop 0 0 0
Malus 0 0 1
GAMEOVER DRAW
# Game ended: Sun Apr 12 18:02:58 EDT 2020
