# Server version 0.08 running on localhost:8123
# Game ID: 72
# Board class: Saboteur.SaboteurBoard
# Timeout: 20000
# First Move Timeout: 30000
# Date: Sun Apr 12 04:32:33 EDT 2020
# Player 1: Player-0, '260776911', running on localhost
# Player 2: Player-1, 'RandomPlayer', running on localhost
START Player-0 260776911
START Player-1 RandomPlayer
BoardInit:Tile:9,Map,Tile:7,Tile:8,Tile:3,Tile:15,Tile:7,Tile:7,Tile:7,Tile:5,Malus,Destroy,Destroy,Tile:1,Tile:14,Tile:6,Tile:2,Destroy,Malus,Tile:4,Tile:0,Tile:8,Tile:10,Tile:0,Bonus,Tile:6,Tile:11,Tile:9,Map,Bonus,Tile:5,Tile:9,Bonus,Tile:8,Tile:6,Tile:12,Tile:8,Tile:0,Tile:6,Tile:5,Tile:9-Map,Map,Map,Tile:8,Tile:10,Tile:9,Tile:13-Tile:10,Bonus,Map,Tile:5,Tile:7,Tile:6,Tile:0-Tile:hidden1,Tile:hidden2,Tile:nugget
Tile:9_flip 5 6 1
Tile:10 5 4 0
Tile:10 5 7 1
Map 12 3 0
Tile:13 6 5 1
Tile:5 5 3 0
Tile:9 6 6 1
Tile:7 6 3 0
Tile:7 7 6 1
Tile:6 4 5 0
Tile:7_flip 6 7 1
Tile:0 4 6 0
Map 12 5 1
Map 12 3 0
Destroy 7 6 1
Tile:8 3 5 0
Tile:8 2 5 1
Tile:15 2 4 0
Tile:2_flip 1 5 1
Tile:7 1 4 0
Tile:7 7 7 1
Tile:5 0 4 0
Tile:3_flip 0 5 1
Destroy 0 4 0
Drop 4 0 1
Tile:1 7 5 0
Tile:14 7 8 1
Tile:6 2 6 0
Tile:10 6 4 1
Destroy 0 5 0
Tile:0 6 8 1
Tile:4 2 3 0
Tile:11_flip 4 4 1
Tile:8 0 4 0
Map 12 3 1
Tile:0 1 6 0
Tile:6_flip 0 6 1
Tile:6 0 5 0
Drop 6 0 1
Tile:9 0 3 0
Tile:6 5 8 1
Tile:9 0 2 0
Map 12 7 1
Tile:8 0 1 0
Drop 4 0 1
Tile:12 1 1 0
Tile:9_flip 4 3 1
Tile:0 1 2 0
Tile:5 4 2 1
Tile:5 0 0 0
Drop 1 0 1
Drop 0 0 0
Map 12 7 1
Drop 0 0 0
Malus 0 0 1
GAMEOVER DRAW
# Game ended: Sun Apr 12 04:32:33 EDT 2020
