# Server version 0.08 running on localhost:8123
# Game ID: 229
# Board class: Saboteur.SaboteurBoard
# Timeout: 20000
# First Move Timeout: 30000
# Date: Sun Apr 12 18:34:38 EDT 2020
# Player 1: Player-0, '260776911', running on localhost
# Player 2: Player-1, 'RandomPlayer', running on localhost
START Player-0 260776911
START Player-1 RandomPlayer
BoardInit:Tile:14,Tile:9,Tile:2,Tile:4,Tile:7,Tile:11,Map,Tile:8,Tile:7,Tile:6,Bonus,Bonus,Tile:6,Tile:10,Bonus,Tile:3,Tile:0,Tile:8,Tile:6,Tile:12,Tile:8,Bonus,Malus,Tile:5,Tile:10,Tile:7,Tile:6,Tile:8,Destroy,Tile:9,Tile:15,Tile:6,Destroy,Tile:9,Map,Map,Tile:7,Malus,Map,Tile:9,Destroy-Tile:5,Tile:0,Tile:5,Tile:1,Tile:9,Tile:13,Tile:5-Map,Tile:8,Tile:0,Tile:0,Tile:10,Tile:7,Map-Tile:hidden1,Tile:nugget,Tile:hidden2
Tile:13 5 6 1
Map 12 3 0
Tile:5 4 5 1
Map 12 5 0
Tile:14 6 5 1
Drop 6 0 0
Tile:9 4 6 1
Drop 6 0 0
Tile:5_flip 5 7 1
Tile:0 6 6 0
Drop 2 0 1
Tile:0 7 6 0
Drop 0 0 1
Tile:10 6 4 0
Map 12 5 1
Tile:7 6 3 0
Drop 0 0 1
Drop 6 0 0
Tile:0 8 6 1
Tile:9_flip 9 6 0
Tile:2_flip 4 7 1
Drop 6 0 0
Tile:7 5 4 1
Tile:6 9 7 0
Drop 4 0 1
Tile:10 9 5 0
Tile:6_flip 10 7 1
Tile:5 8 7 0
Tile:7_flip 5 3 1
Tile:7 9 4 0
Tile:8 3 7 1
Tile:9 8 4 0
Tile:15 10 8 1
Tile:6 11 7 0
Destroy 5 4 1
Tile:8 11 6 0
Tile:6_flip 8 3 1
Drop 6 0 0
Destroy 9 6 1
Tile:8 9 6 0
Tile:10 10 9 1
Tile:8 11 5 0
Map 12 7 1
Tile:8 11 4 0
Tile:7_flip 8 8 1
Tile:9 10 4 0
Destroy 6 4 1
Tile:9 6 4 0
Malus 0 0 1
Bonus 0 0 0
Map 12 3 1
Drop 0 0 0
Drop 1 0 1
Drop 0 0 0
Drop 0 0 1
GAMEOVER DRAW
# Game ended: Sun Apr 12 18:34:38 EDT 2020
