# Server version 0.08 running on localhost:8123
# Game ID: 339
# Board class: Saboteur.SaboteurBoard
# Timeout: 20000
# First Move Timeout: 30000
# Date: Sun Apr 12 20:27:47 EDT 2020
# Player 1: Player-0, '260776911', running on localhost
# Player 2: Player-1, 'RandomPlayer', running on localhost
START Player-0 260776911
START Player-1 RandomPlayer
BoardInit:Tile:6,Tile:6,Tile:4,Tile:8,Tile:2,Tile:0,Tile:6,Tile:5,Tile:14,Map,Tile:12,Map,Tile:0,Map,Tile:7,Tile:1,Malus,Tile:5,Tile:0,Tile:7,Tile:13,Tile:7,Destroy,Tile:6,Tile:9,Bonus,Tile:3,Tile:15,Tile:8,Tile:9,Tile:7,Tile:9,Tile:7,Tile:8,Tile:8,Map,Bonus,Tile:9,Bonus,Tile:9,Tile:5-Tile:10,Tile:6,Tile:10,Map,Map,Destroy,Tile:0-Destroy,Tile:5,Tile:10,Malus,Tile:11,Bonus,Tile:8-Tile:hidden1,Tile:hidden2,Tile:nugget
Drop 2 0 1
Drop 4 0 0
Tile:10 5 6 1
Malus 0 0 0
Drop 4 0 1
Destroy 5 6 0
Drop 1 0 1
Tile:6_flip 6 5 0
Map 12 7 1
Tile:8 6 6 0
Drop 4 0 1
Drop 6 0 0
Drop 3 0 1
Drop 6 0 0
Drop 2 0 1
Drop 6 0 0
Drop 6 0 1
Drop 6 0 0
Drop 3 0 1
Tile:5 5 4 0
Drop 6 0 1
Tile:5 4 5 0
Drop 5 0 1
Tile:7 7 5 0
Drop 4 0 1
Tile:7_flip 5 6 0
Destroy 6 6 1
Tile:5_flip 6 6 0
Drop 5 0 1
Drop 6 0 0
Destroy 5 6 1
Tile:9 4 6 0
Drop 6 0 1
Tile:6 6 4 0
Drop 3 0 1
Tile:9 7 6 0
Drop 3 0 1
Drop 6 0 0
Drop 0 0 1
Tile:8 5 6 0
Drop 4 0 1
Tile:9_flip 6 3 0
Bonus 0 0 1
Tile:9 4 7 0
Drop 4 0 1
Tile:8 5 7 0
Tile:8 7 7 1
Tile:0 6 7 0
Tile:7 6 2 1
Drop 0 0 0
Tile:5_flip 4 8 1
Drop 1 0 0
Tile:6 3 8 1
Drop 0 0 0
Tile:12_flip 5 3 1
GAMEOVER DRAW
# Game ended: Sun Apr 12 20:27:47 EDT 2020
