# Server version 0.08 running on localhost:8123
# Game ID: 35
# Board class: Saboteur.SaboteurBoard
# Timeout: 20000
# First Move Timeout: 30000
# Date: Sat Apr 11 23:07:07 EDT 2020
# Player 1: Player-0, 'RandomPlayer', running on localhost
# Player 2: Player-1, '260776911', running on localhost
START Player-0 RandomPlayer
START Player-1 260776911
BoardInit:Tile:10,Tile:15,Bonus,Tile:4,Malus,Tile:8,Tile:11,Tile:9,Map,Tile:0,Tile:7,Tile:7,Map,Tile:6,Tile:13,Tile:1,Tile:10,Destroy,Tile:9,Tile:8,Tile:12,Tile:5,Map,Tile:7,Destroy,Bonus,Tile:8,Tile:7,Map,Tile:14,Tile:9,Tile:6,Tile:9,Tile:5,Tile:2,Map,Tile:10,Tile:6,Tile:5,Bonus,Malus-Tile:7,Tile:9,Tile:0,Destroy,Bonus,Tile:3,Tile:5-Map,Tile:8,Tile:6,Tile:0,Tile:6,Tile:0,Tile:8-Tile:hidden2,Tile:hidden1,Tile:nugget
Tile:9_flip 5 4 1
Tile:6 6 5 0
Destroy 6 5 1
Tile:6_flip 4 5 0
Tile:7_flip 4 4 1
Tile:15 4 3 0
Tile:10 4 6 1
Tile:4_flip 4 7 0
Tile:11 3 5 1
Tile:9_flip 6 5 0
Tile:5 6 4 1
Drop 1 0 0
Map 12 7 1
Tile:0 7 4 0
Malus 0 0 1
Map 12 7 0
Tile:7_flip 5 6 1
Drop 5 0 0
Drop 1 0 1
Destroy 4 6 0
Tile:13 4 2 1
Drop 2 0 0
Tile:9 3 6 1
Drop 0 0 0
Drop 0 0 1
Drop 2 0 0
Tile:3 3 4 1
Drop 0 0 0
Destroy 4 3 1
Drop 6 0 0
Tile:8 6 6 1
Drop 1 0 0
Map 12 7 1
Drop 4 0 0
Tile:9 4 3 1
Drop 3 0 0
Tile:2 4 1 1
Drop 2 0 0
Map 12 3 1
Map 12 5 0
Tile:9_flip 5 1 1
Drop 4 0 0
Tile:12_flip 3 1 1
Bonus 0 0 0
Tile:5_flip 3 7 1
Tile:6_flip 7 6 0
Tile:10 6 7 1
Drop 0 0 0
Drop 0 0 1
Tile:14 8 6 0
Tile:10 7 7 1
Drop 0 0 0
Malus 0 0 1
Drop 0 0 0
Map 12 5 1
GAMEOVER DRAW
# Game ended: Sat Apr 11 23:07:08 EDT 2020
