# Server version 0.08 running on localhost:8123
# Game ID: 462
# Board class: Saboteur.SaboteurBoard
# Timeout: 20000
# First Move Timeout: 30000
# Date: Mon Apr 13 16:49:30 EDT 2020
# Player 1: Player-0, '260776911', running on localhost
# Player 2: Player-1, 'RandomPlayer', running on localhost
START Player-0 260776911
START Player-1 RandomPlayer
BoardInit:Tile:15,Tile:10,Tile:7,Bonus,Tile:14,Tile:2,Bonus,Bonus,Tile:11,Destroy,Tile:5,Tile:0,Bonus,Map,Tile:8,Tile:7,Tile:5,Tile:7,Tile:6,Malus,Destroy,Map,Tile:8,Tile:4,Tile:10,Tile:13,Tile:9,Tile:9,Tile:0,Map,Tile:7,Destroy,Malus,Tile:1,Tile:8,Tile:3,Tile:8,Map,Tile:6,Tile:7,Tile:12-Tile:6,Tile:8,Map,Tile:5,Tile:5,Tile:0,Tile:9-Tile:10,Tile:0,Map,Tile:6,Tile:9,Tile:9,Tile:6-Tile:nugget,Tile:hidden2,Tile:hidden1
Tile:5_flip 6 5 1
Map 12 3 0
Tile:9 5 6 1
Tile:10 6 4 0
Map 12 7 1
Tile:6_flip 6 3 0
Tile:0 4 5 1
Drop 6 0 0
Tile:7 5 4 1
Tile:0 7 3 0
Tile:6 4 4 1
Tile:9_flip 8 3 0
Tile:5 4 3 1
Tile:9 8 2 0
Tile:11_flip 9 2 1
Drop 6 0 0
Tile:5_flip 8 4 1
Destroy 9 2 0
Drop 3 0 1
Tile:6 9 2 0
Tile:5 3 4 1
Malus 0 0 0
Destroy 8 3 1
Drop 6 0 0
Drop 5 0 1
Drop 6 0 0
Drop 0 0 1
Drop 6 0 0
Drop 6 0 1
Tile:0 10 2 0
Drop 1 0 1
Drop 6 0 0
Drop 4 0 1
Destroy 3 4 0
Drop 4 0 1
Drop 6 0 0
Drop 3 0 1
Drop 6 0 0
Bonus 0 0 1
Drop 6 0 0
Tile:6 5 3 1
Tile:7 11 2 0
Tile:12 6 6 1
Tile:10 11 3 0
Tile:8 3 4 1
Tile:7_flip 11 4 0
Tile:8 3 5 1
Tile:9_flip 12 4 0
Tile:15 3 6 1
Tile:7_flip 2 5 0
Tile:8 5 7 1
Drop 1 0 0
Tile:7 6 7 1
Drop 0 0 0
Malus 0 0 1
GAMEOVER DRAW
# Game ended: Mon Apr 13 16:49:30 EDT 2020
