# Server version 0.08 running on localhost:8123
# Game ID: 17
# Board class: Saboteur.SaboteurBoard
# Timeout: 20000
# First Move Timeout: 30000
# Date: Sat Apr 11 22:11:17 EDT 2020
# Player 1: Player-0, 'RandomPlayer', running on localhost
# Player 2: Player-1, 'Human', running on localhost
START Player-0 RandomPlayer
START Player-1 Human
BoardInit:Tile:9,Map,Tile:9,Destroy,Tile:14,Tile:6,Tile:9,Tile:6,Tile:5,Tile:6,Malus,Tile:0,Tile:8,Tile:7,Map,Tile:11,Tile:7,Tile:10,Tile:7,Tile:7,Tile:7,Bonus,Tile:1,Bonus,Map,Malus,Tile:8,Tile:6,Destroy,Tile:0,Tile:3,Tile:10,Tile:10,Tile:5,Map,Bonus,Tile:2,Tile:0,Tile:8,Tile:9,Bonus-Tile:5,Tile:0,Map,Tile:8,Tile:13,Tile:15,Tile:8-Tile:6,Tile:9,Destroy,Tile:12,Tile:4,Map,Tile:5-Tile:hidden2,Tile:nugget,Tile:hidden1
Tile:8 6 5 1
Tile:6_flip 5 4 0
Tile:8 7 5 1
Tile:9 5 6 0
Tile:0 8 5 1
Destroy 8 5 0
Map 12 5 1
Map 12 3 0
Tile:9_flip 8 5 1
Tile:6 4 5 0
Tile:9 8 6 1
Tile:5 3 5 0
Tile:9_flip 9 6 1
Destroy 6 5 0
Tile:5 9 5 1
Tile:6 8 7 0
Tile:8 10 5 1
Tile:6_flip 6 5 0
Tile:14 11 5 1
Tile:12_flip 7 7 0
Malus 0 0 1
Map 12 7 0
Drop 3 0 1
Drop 3 0 0
Drop 6 0 1
Drop 0 0 0
Drop 6 0 1
Drop 3 0 0
Drop 0 0 1
Drop 4 0 0
Destroy 11 5 1
Drop 4 0 0
Tile:8 11 5 1
GAMEOVER WINNER 1
# Game ended: Sat Apr 11 22:12:31 EDT 2020
