# Server version 0.08 running on localhost:8123
# Game ID: 53
# Board class: Saboteur.SaboteurBoard
# Timeout: 20000
# First Move Timeout: 30000
# Date: Sun Apr 12 03:10:53 EDT 2020
# Player 1: Player-0, '260776911', running on localhost
# Player 2: Player-1, 'RandomPlayer', running on localhost
START Player-0 260776911
START Player-1 RandomPlayer
BoardInit:Bonus,Tile:6,Malus,Tile:6,Tile:5,Bonus,Tile:7,Map,Map,Tile:6,Tile:5,Tile:1,Tile:12,Tile:6,Destroy,Malus,Tile:10,Tile:8,Destroy,Tile:0,Tile:14,Tile:6,Tile:5,Map,Tile:10,Map,Tile:10,Tile:8,Bonus,Tile:7,Tile:7,Tile:8,Tile:8,Tile:9,Tile:15,Tile:11,Map,Tile:9,Tile:5,Tile:0,Tile:8-Tile:0,Bonus,Tile:13,Map,Tile:0,Tile:9,Tile:7-Tile:3,Tile:2,Tile:7,Tile:9,Tile:4,Destroy,Tile:9-Tile:hidden1,Tile:hidden2,Tile:nugget
Drop 3 0 1
Tile:3 5 4 0
Tile:0 6 5 1
Tile:2 4 4 0
Tile:9 4 5 1
Tile:7 7 5 0
Drop 5 0 1
Tile:9 3 4 0
Tile:7_flip 5 6 1
Tile:4 3 3 0
Drop 4 0 1
Destroy 3 3 0
Tile:7 6 6 1
Tile:9 3 3 0
Tile:12 4 3 1
Tile:6 6 7 0
Destroy 7 5 1
Tile:6 7 5 0
Tile:13 7 4 1
Map 12 3 0
Tile:5 5 7 1
Tile:6 5 8 0
Tile:14 8 4 1
Tile:1 6 8 0
Map 12 3 1
Tile:6 4 8 0
Tile:10 4 6 1
Malus 0 0 0
Drop 2 0 1
Tile:8 3 2 0
Bonus 0 0 1
Tile:0 4 2 0
Drop 4 0 1
Tile:6 2 2 0
Tile:5_flip 3 5 1
Map 12 3 0
Tile:7 2 1 1
Map 12 3 0
Destroy 8 4 1
Tile:8 1 1 0
Drop 2 0 1
Tile:7 1 0 0
Tile:8 3 8 1
Tile:8 0 0 0
Tile:8 3 9 1
Tile:9 0 1 0
Tile:5 3 1 1
Tile:11 0 2 0
Tile:0 8 5 1
Tile:9 0 3 0
Tile:10 3 10 1
Tile:0 1 3 0
Tile:15 4 7 1
Drop 0 0 0
Map 12 5 1
GAMEOVER DRAW
# Game ended: Sun Apr 12 03:10:53 EDT 2020
