# Server version 0.08 running on localhost:8123
# Game ID: 424
# Board class: Saboteur.SaboteurBoard
# Timeout: 20000
# First Move Timeout: 30000
# Date: Mon Apr 13 16:34:18 EDT 2020
# Player 1: Player-0, '260776911', running on localhost
# Player 2: Player-1, 'RandomPlayer', running on localhost
START Player-0 260776911
START Player-1 RandomPlayer
BoardInit:Tile:5,Tile:12,Tile:7,Tile:6,Tile:8,Map,Tile:5,Tile:9,Malus,Destroy,Map,Tile:8,Tile:14,Tile:7,Tile:9,Bonus,Tile:0,Tile:11,Tile:5,Bonus,Bonus,Tile:1,Tile:8,Map,Map,Tile:6,Tile:2,Tile:0,Tile:15,Bonus,Tile:6,Tile:0,Tile:0,Map,Tile:10,Tile:7,Tile:7,Malus,Tile:10,Tile:3,Map-Tile:8,Tile:5,Tile:8,Tile:9,Tile:13,Tile:6,Tile:6-Destroy,Tile:4,Destroy,Tile:9,Tile:9,Tile:10,Tile:7-Tile:nugget,Tile:hidden2,Tile:hidden1
Tile:5 5 4 1
Drop 1 0 0
Drop 1 0 1
Drop 6 0 0
Tile:13 6 5 1
Destroy 6 5 0
Tile:6 4 5 1
Map 12 3 0
Tile:5_flip 6 4 1
Destroy 6 4 0
Tile:8 3 5 1
Tile:9_flip 6 4 0
Tile:6 6 5 1
Tile:9 6 3 0
Tile:8 3 4 1
Tile:10 6 2 0
Tile:9_flip 7 5 1
Tile:7 7 3 0
Tile:9 7 4 1
Drop 6 0 0
Tile:14 3 6 1
Tile:6 8 4 0
Tile:5 8 3 1
Drop 6 0 0
Drop 2 0 1
Drop 6 0 0
Tile:7 3 3 1
Tile:9_flip 9 3 0
Tile:5 2 3 1
Destroy 2 3 0
Tile:2_flip 9 4 1
Tile:8 9 2 0
Tile:6 2 3 1
Tile:6 10 2 0
Tile:15 2 2 1
Drop 6 0 0
Tile:0 10 4 1
Tile:0 11 2 0
Tile:10 5 6 1
Malus 0 0 0
Map 12 5 1
Drop 6 0 0
Bonus 0 0 1
Tile:0 11 4 0
Tile:0 2 6 1
Tile:7 12 2 0
GAMEOVER WINNER 0
# Game ended: Mon Apr 13 16:34:19 EDT 2020
