# Server version 0.08 running on localhost:8123
# Game ID: 165
# Board class: Saboteur.SaboteurBoard
# Timeout: 20000
# First Move Timeout: 30000
# Date: Sun Apr 12 14:26:47 EDT 2020
# Player 1: Player-0, '260776911', running on localhost
# Player 2: Player-1, 'RandomPlayer', running on localhost
START Player-0 260776911
START Player-1 RandomPlayer
BoardInit:Map,Bonus,Bonus,Tile:2,Tile:5,Tile:6,Tile:5,Destroy,Tile:0,Bonus,Tile:3,Tile:8,Tile:6,Tile:0,Tile:9,Tile:10,Tile:12,Tile:9,Tile:5,Tile:5,Tile:14,Tile:10,Tile:7,Tile:0,Tile:8,Malus,Map,Destroy,Tile:15,Tile:1,Destroy,Map,Tile:11,Tile:8,Tile:7,Tile:8,Tile:0,Tile:6,Tile:4,Tile:7,Tile:9-Malus,Tile:6,Map,Map,Tile:10,Tile:9,Map-Tile:9,Tile:13,Tile:7,Bonus,Tile:8,Tile:7,Tile:6-Tile:nugget,Tile:hidden1,Tile:hidden2
Tile:9_flip 6 5 1
Drop 1 0 0
Malus 0 0 1
Bonus 0 0 0
Map 12 7 1
Drop 6 0 0
Tile:6 4 5 1
Tile:9 3 5 0
Drop 2 0 1
Tile:7_flip 3 6 0
Drop 1 0 1
Tile:8 5 6 0
Tile:5 4 4 1
Tile:7_flip 5 7 0
Tile:6 6 6 1
Tile:6 7 6 0
Tile:9_flip 8 6 1
Tile:6 8 7 0
Tile:5 8 5 1
Destroy 3 5 0
Tile:5 6 4 1
Tile:8 3 5 0
Tile:12 6 7 1
Tile:0 2 5 0
Map 12 7 1
Tile:10 7 5 0
Tile:0 4 6 1
Malus 0 0 0
Map 12 5 1
Destroy 6 7 0
Drop 3 0 1
Drop 6 0 0
Destroy 8 5 1
Drop 6 0 0
Drop 4 0 1
Tile:9 1 5 0
Drop 4 0 1
Tile:5 8 5 0
Drop 0 0 1
Tile:10 1 6 0
Drop 2 0 1
Tile:0 6 7 0
Drop 0 0 1
Tile:8 1 7 0
Drop 4 0 1
Tile:8 1 8 0
Drop 2 0 1
Tile:6 2 7 0
Drop 0 0 1
Tile:7 2 8 0
Drop 0 0 1
Drop 0 0 0
Drop 1 0 1
Drop 0 0 0
Drop 0 0 1
GAMEOVER DRAW
# Game ended: Sun Apr 12 14:26:47 EDT 2020
