# Server version 0.08 running on localhost:8123
# Game ID: 247
# Board class: Saboteur.SaboteurBoard
# Timeout: 20000
# First Move Timeout: 30000
# Date: Sun Apr 12 19:02:47 EDT 2020
# Player 1: Player-0, '260776911', running on localhost
# Player 2: Player-1, 'RandomPlayer', running on localhost
START Player-0 260776911
START Player-1 RandomPlayer
BoardInit:Tile:7,Tile:6,Map,Tile:8,Bonus,Tile:8,Tile:6,Tile:13,Tile:9,Tile:15,Bonus,Bonus,Malus,Destroy,Tile:7,Tile:7,Tile:9,Tile:4,Tile:10,Tile:1,Map,Tile:9,Tile:6,Tile:5,Tile:7,Tile:9,Destroy,Tile:5,Map,Tile:9,Tile:5,Tile:2,Tile:6,Tile:11,Tile:8,Destroy,Tile:8,Tile:0,Malus,Tile:12,Tile:3-Bonus,Tile:10,Tile:6,Tile:0,Tile:10,Map,Tile:8-Tile:7,Map,Tile:14,Tile:0,Map,Tile:5,Tile:0-Tile:hidden1,Tile:hidden2,Tile:nugget
Tile:6 5 6 1
Map 12 3 0
Map 12 7 1
Map 12 5 0
Tile:8 6 5 1
Drop 1 0 0
Drop 2 0 1
Tile:5_flip 6 6 0
Drop 0 0 1
Drop 6 0 0
Drop 1 0 1
Drop 6 0 0
Tile:10 6 4 1
Tile:6_flip 6 3 0
Map 12 3 1
Destroy 6 6 0
Tile:7 5 4 1
Tile:8 4 6 0
Tile:7 7 3 1
Drop 6 0 0
Tile:6_flip 4 5 1
Drop 6 0 0
Tile:9_flip 6 6 1
Tile:7_flip 6 7 0
Tile:9 4 7 1
Tile:0 7 7 0
Malus 0 0 1
Bonus 0 0 0
Tile:6 4 4 1
Tile:0 8 7 0
Tile:7_flip 3 6 1
Tile:7 9 7 0
Tile:10 4 8 1
Drop 6 0 0
Tile:5 4 3 1
Drop 6 0 0
Tile:6 7 5 1
Destroy 3 6 0
Destroy 5 6 1
Tile:8 9 8 0
Drop 4 0 1
Drop 6 0 0
Tile:3_flip 9 9 1
Tile:9_flip 10 8 0
Drop 1 0 1
Tile:5 10 7 0
Drop 3 0 1
Tile:9_flip 11 7 0
Map 12 3 1
Tile:5 11 6 0
Drop 1 0 1
Tile:9 11 8 0
Malus 0 0 1
Drop 0 0 0
Drop 0 0 1
GAMEOVER DRAW
# Game ended: Sun Apr 12 19:02:48 EDT 2020
