# Server version 0.08 running on localhost:8123
# Game ID: 147
# Board class: Saboteur.SaboteurBoard
# Timeout: 20000
# First Move Timeout: 30000
# Date: Sun Apr 12 14:05:03 EDT 2020
# Player 1: Player-0, '260776911', running on localhost
# Player 2: Player-1, 'RandomPlayer', running on localhost
START Player-0 260776911
START Player-1 RandomPlayer
BoardInit:Tile:4,Tile:3,Tile:6,Tile:6,Tile:5,Tile:0,Tile:7,Tile:5,Tile:6,Map,Bonus,Map,Map,Tile:0,Bonus,Tile:9,Tile:7,Tile:8,Tile:9,Tile:5,Tile:10,Tile:9,Malus,Bonus,Tile:0,Tile:8,Tile:2,Map,Tile:10,Tile:6,Destroy,Tile:10,Tile:14,Tile:7,Tile:0,Tile:1,Tile:15,Map,Tile:7,Tile:9,Tile:9-Tile:8,Tile:12,Tile:5,Tile:7,Malus,Tile:11,Tile:8-Tile:6,Tile:8,Bonus,Tile:13,Map,Destroy,Destroy-Tile:nugget,Tile:hidden2,Tile:hidden1
Tile:11_flip 5 6 1
Map 12 3 0
Tile:5 4 5 1
Drop 3 0 0
Tile:6 5 7 1
Drop 5 0 0
Drop 2 0 1
Tile:6 4 6 0
Drop 0 0 1
Tile:8 3 6 0
Tile:6_flip 4 7 1
Drop 6 0 0
Tile:8 2 6 1
Drop 6 0 0
Drop 3 0 1
Destroy 2 6 0
Drop 6 0 1
Destroy 3 6 0
Map 12 7 1
Tile:6 3 6 0
Tile:7_flip 2 6 1
Tile:0 3 7 0
Tile:4 3 5 1
Tile:5 2 7 0
Tile:10 2 5 1
Tile:0 6 5 0
Drop 3 0 1
Tile:9 2 4 0
Tile:12 6 7 1
Drop 6 0 0
Tile:2_flip 2 8 1
Tile:8 2 3 0
Destroy 2 6 1
Tile:5 2 2 0
Tile:14 3 4 1
Tile:9 1 3 0
Drop 6 0 1
Drop 6 0 0
Tile:0 3 8 1
Drop 6 0 0
Tile:15 1 4 1
Tile:8 3 2 0
Drop 5 0 1
Tile:6 2 6 0
Tile:9_flip 3 1 1
Tile:10 1 2 0
Tile:9_flip 3 3 1
Tile:7 1 1 0
Drop 2 0 1
Tile:9 0 1 0
Tile:10 0 0 1
Drop 0 0 0
Malus 0 0 1
Bonus 0 0 0
Drop 0 0 1
GAMEOVER DRAW
# Game ended: Sun Apr 12 14:05:03 EDT 2020
