# Server version 0.08 running on localhost:8123
# Game ID: 410
# Board class: Saboteur.SaboteurBoard
# Timeout: 20000
# First Move Timeout: 30000
# Date: Sun Apr 12 20:48:37 EDT 2020
# Player 1: Player-0, '260776911', running on localhost
# Player 2: Player-1, 'RandomPlayer', running on localhost
START Player-0 260776911
START Player-1 RandomPlayer
BoardInit:Tile:12,Tile:5,Destroy,Tile:7,Tile:1,Tile:14,Tile:9,Tile:11,Tile:15,Destroy,Tile:0,Map,Tile:8,Tile:7,Tile:3,Map,Map,Tile:2,Tile:0,Tile:10,Tile:0,Tile:8,Tile:6,Tile:5,Tile:8,Bonus,Tile:0,Tile:8,Tile:6,Bonus,Tile:4,Tile:7,Tile:5,Tile:9,Malus,Tile:7,Destroy,Tile:9,Tile:6,Tile:6,Tile:10-Tile:8,Bonus,Map,Map,Tile:6,Tile:9,Tile:10-Tile:13,Bonus,Tile:7,Tile:9,Tile:5,Malus,Map-Tile:nugget,Tile:hidden1,Tile:hidden2
Tile:9_flip 5 6 1
Drop 6 0 0
Tile:6_flip 4 5 1
Drop 0 0 0
Tile:12_flip 3 5 1
Malus 0 0 0
Drop 2 0 1
Drop 6 0 0
Map 12 3 1
Drop 6 0 0
Drop 1 0 1
Destroy 3 5 0
Drop 3 0 1
Drop 6 0 0
Drop 2 0 1
Tile:5_flip 6 5 0
Drop 5 0 1
Drop 6 0 0
Drop 3 0 1
Drop 6 0 0
Map 12 7 1
Tile:7 6 4 0
Drop 0 0 1
Tile:7_flip 3 5 0
Drop 2 0 1
Tile:10 5 7 0
Drop 0 0 1
Tile:8 3 4 0
Drop 5 0 1
Tile:5 3 3 0
Drop 0 0 1
Tile:5_flip 4 4 0
Drop 6 0 1
Tile:8 2 4 0
Drop 3 0 1
Tile:7 4 3 0
Drop 4 0 1
Tile:9 5 4 0
Destroy 6 4 1
Tile:7 6 4 0
Drop 4 0 1
Tile:9 5 3 0
Drop 5 0 1
Tile:9_flip 5 2 0
Drop 4 0 1
Tile:6 4 2 0
Drop 2 0 1
Tile:7_flip 4 6 0
Drop 0 0 1
Drop 1 0 0
Drop 0 0 1
Drop 1 0 0
Drop 1 0 1
Drop 0 0 0
Drop 0 0 1
GAMEOVER DRAW
# Game ended: Sun Apr 12 20:48:37 EDT 2020
