# Server version 0.08 running on localhost:8123
# Game ID: 257
# Board class: Saboteur.SaboteurBoard
# Timeout: 20000
# First Move Timeout: 30000
# Date: Sun Apr 12 19:11:00 EDT 2020
# Player 1: Player-0, '260776911', running on localhost
# Player 2: Player-1, 'RandomPlayer', running on localhost
START Player-0 260776911
START Player-1 RandomPlayer
BoardInit:Destroy,Tile:10,Tile:8,Tile:0,Tile:12,Tile:5,Tile:15,Tile:11,Tile:0,Tile:7,Malus,Tile:8,Map,Tile:7,Tile:4,Bonus,Destroy,Tile:9,Tile:6,Tile:10,Map,Tile:0,Map,Malus,Tile:9,Bonus,Tile:2,Tile:6,Tile:5,Bonus,Tile:0,Tile:6,Tile:13,Tile:6,Map,Tile:3,Tile:9,Tile:5,Tile:9,Tile:7,Tile:7-Map,Tile:5,Map,Tile:1,Tile:9,Tile:8,Tile:8-Tile:6,Tile:8,Tile:10,Tile:7,Bonus,Destroy,Tile:14-Tile:hidden2,Tile:nugget,Tile:hidden1
Tile:8 5 6 1
Drop 6 0 0
Tile:9 5 7 1
Tile:6 6 5 0
Tile:8 4 5 1
Tile:8 5 4 0
Drop 6 0 1
Tile:10 5 3 0
Tile:15 5 2 1
Drop 6 0 0
Destroy 6 5 1
Tile:7 6 4 0
Drop 4 0 1
Destroy 5 3 0
Drop 1 0 1
Tile:10 5 3 0
Malus 0 0 1
Bonus 0 0 0
Tile:0 3 5 1
Tile:0 6 6 0
Tile:1 6 7 1
Tile:5_flip 6 5 0
Map 12 3 1
Tile:7 7 6 0
Tile:4_flip 5 8 1
Tile:8 7 7 0
Tile:6_flip 5 1 1
Tile:7 8 7 0
Tile:2_flip 4 6 1
Tile:6 6 1 0
Destroy 7 7 1
Tile:0 2 5 0
Tile:9_flip 8 8 1
Tile:6 7 7 0
Map 12 7 1
Tile:6_flip 1 5 0
Tile:13 4 1 1
Drop 6 0 0
Tile:0 3 6 1
Tile:5 0 5 0
Tile:9_flip 4 2 1
Tile:10 4 3 0
Tile:7_flip 8 9 1
Malus 0 0 0
Map 12 5 1
Tile:9_flip 9 9 0
Map 12 3 1
Tile:7_flip 3 2 0
Drop 2 0 1
Drop 1 0 0
Map 12 3 1
Drop 1 0 0
Drop 1 0 1
Drop 0 0 0
Drop 0 0 1
GAMEOVER DRAW
# Game ended: Sun Apr 12 19:11:00 EDT 2020
