# Server version 0.08 running on localhost:8123
# Game ID: 73
# Board class: Saboteur.SaboteurBoard
# Timeout: 20000
# First Move Timeout: 30000
# Date: Sun Apr 12 04:36:41 EDT 2020
# Player 1: Player-0, '260776911', running on localhost
# Player 2: Player-1, 'RandomPlayer', running on localhost
START Player-0 260776911
START Player-1 RandomPlayer
BoardInit:Tile:6,Tile:1,Tile:7,Tile:2,Malus,Tile:15,Tile:0,Bonus,Tile:10,Tile:12,Tile:5,Tile:4,Destroy,Tile:11,Tile:8,Tile:7,Tile:5,Tile:8,Tile:6,Map,Tile:9,Malus,Tile:0,Map,Tile:8,Tile:14,Bonus,Bonus,Tile:8,Tile:8,Tile:6,Tile:6,Destroy,Tile:10,Map,Tile:0,Tile:9,Tile:7,Tile:5,Tile:6,Destroy-Map,Bonus,Tile:9,Tile:3,Map,Tile:9,Tile:13-Tile:10,Tile:5,Tile:0,Tile:7,Map,Tile:7,Tile:9-Tile:hidden2,Tile:hidden1,Tile:nugget
Tile:9_flip 5 4 1
Tile:10 5 3 0
Tile:13 5 2 1
Tile:5 5 1 0
Tile:7 6 2 1
Tile:0 6 1 0
Tile:9 6 3 1
Tile:7 6 5 0
Malus 0 0 1
Map 12 3 0
Tile:6 5 6 1
Bonus 0 0 0
Tile:3_flip 4 2 1
Tile:7 4 1 0
Drop 3 0 1
Tile:9 3 1 0
Tile:8 6 6 1
Tile:1 4 4 0
Map 12 7 1
Tile:2 3 0 0
Drop 6 0 1
Tile:15 3 2 0
Drop 5 0 1
Tile:12 4 0 0
Destroy 6 3 1
Tile:4_flip 3 3 0
Tile:5_flip 7 1 1
Tile:11 2 0 0
Drop 2 0 1
Tile:7 7 6 0
Tile:8 6 7 1
Tile:8 4 6 0
Tile:6_flip 3 4 1
Map 12 3 0
Tile:8 7 7 1
Malus 0 0 0
Destroy 4 0 1
Map 12 3 0
Map 12 5 1
Tile:14 2 1 0
Map 12 5 1
Tile:8 1 1 0
Drop 0 0 1
Tile:6 1 2 0
Drop 4 0 1
Tile:10 1 0 0
Destroy 7 1 1
Tile:0 0 1 0
Drop 2 0 1
Tile:7 2 2 0
Drop 0 0 1
Tile:6 4 0 0
Drop 1 0 1
Drop 0 0 0
Drop 0 0 1
GAMEOVER DRAW
# Game ended: Sun Apr 12 04:36:41 EDT 2020
