# Server version 0.08 running on localhost:8123
# Game ID: 230
# Board class: Saboteur.SaboteurBoard
# Timeout: 20000
# First Move Timeout: 30000
# Date: Sun Apr 12 18:35:10 EDT 2020
# Player 1: Player-0, '260776911', running on localhost
# Player 2: Player-1, 'RandomPlayer', running on localhost
START Player-0 260776911
START Player-1 RandomPlayer
BoardInit:Bonus,Tile:8,Destroy,Map,Tile:9,Map,Bonus,Tile:2,Tile:10,Tile:7,Map,Tile:9,Destroy,Tile:15,Tile:6,Tile:1,Map,Tile:8,Malus,Tile:5,Tile:5,Map,Tile:14,Tile:0,Tile:8,Tile:5,Tile:8,Tile:9,Tile:8,Tile:9,Tile:11,Tile:4,Tile:6,Tile:10,Tile:5,Tile:6,Bonus,Tile:3,Tile:13,Tile:0,Tile:6-Tile:0,Tile:7,Tile:9,Tile:12,Tile:7,Map,Tile:10-Destroy,Tile:6,Tile:0,Tile:7,Tile:7,Bonus,Malus-Tile:nugget,Tile:hidden1,Tile:hidden2
Tile:9_flip 5 6 1
Destroy 5 6 0
Drop 1 0 1
Tile:6 5 6 0
Map 12 7 1
Map 12 3 0
Tile:12 6 6 1
Drop 6 0 0
Destroy 5 6 1
Drop 6 0 0
Drop 4 0 1
Tile:0 6 5 0
Drop 1 0 1
Tile:7 7 5 0
Destroy 7 5 1
Drop 6 0 0
Map 12 5 1
Drop 6 0 0
Tile:6_flip 7 5 1
Tile:7 8 5 0
Tile:10 7 6 1
Tile:9 8 6 0
Map 12 7 1
Drop 6 0 0
Drop 2 0 1
Tile:8 5 6 0
Tile:14 7 7 1
Tile:5_flip 9 6 0
Tile:10 5 7 1
Tile:5 9 5 0
Tile:8 4 6 1
Tile:7 10 5 0
Tile:8 4 5 1
Drop 6 0 0
Tile:11 8 7 1
Tile:9 3 6 0
Tile:8 3 5 1
Tile:9_flip 8 8 0
Tile:5 7 8 1
Drop 6 0 0
Tile:5_flip 4 7 1
Tile:6 2 5 0
Tile:13 1 5 1
Tile:10 2 4 0
Tile:6 7 9 1
Tile:0 0 5 0
Tile:6_flip 6 9 1
Tile:8 5 9 0
Tile:0 4 9 1
Tile:0 9 7 0
Drop 0 0 1
Drop 0 0 0
Malus 0 0 1
Drop 0 0 0
Drop 0 0 1
GAMEOVER DRAW
# Game ended: Sun Apr 12 18:35:10 EDT 2020
