# Server version 0.08 running on localhost:8123
# Game ID: 13
# Board class: Saboteur.SaboteurBoard
# Timeout: 20000
# First Move Timeout: 30000
# Date: Sat Apr 11 21:59:30 EDT 2020
# Player 1: Player-0, 'RandomPlayer', running on localhost
# Player 2: Player-1, 'Human', running on localhost
START Player-0 RandomPlayer
START Player-1 Human
BoardInit:Tile:4,Tile:7,Map,Tile:7,Map,Tile:9,Tile:7,Map,Tile:8,Bonus,Tile:10,Tile:6,Tile:0,Tile:8,Tile:12,Tile:8,Tile:5,Tile:6,Tile:8,Tile:15,Bonus,Tile:8,Tile:5,Tile:9,Map,Tile:1,Bonus,Destroy,Malus,Tile:3,Bonus,Tile:5,Tile:13,Tile:6,Tile:5,Tile:0,Tile:14,Tile:9,Tile:0,Tile:6,Tile:6-Malus,Tile:9,Destroy,Tile:11,Map,Map,Tile:7-Tile:7,Tile:10,Tile:0,Tile:9,Tile:10,Destroy,Tile:2-Tile:hidden2,Tile:nugget,Tile:hidden1
Tile:9_flip 6 5 1
Tile:0 4 5 0
Map 12 5 1
Drop 1 0 0
Tile:7_flip 6 6 1
Drop 2 0 0
Tile:11 3 5 1
Tile:9_flip 5 6 0
Tile:7 7 6 1
Drop 0 0 0
Tile:8 7 7 1
Tile:7_flip 7 8 0
Tile:10 6 4 1
Tile:2 8 7 0
Destroy 8 7 1
Tile:6 8 7 0
Tile:4 8 6 1
Tile:9_flip 5 4 0
Tile:0 9 7 1
Tile:6_flip 4 6 0
Tile:8 10 7 1
Tile:8 11 7 0
Tile:5 10 6 1
Tile:7_flip 3 6 0
Tile:12 8 8 1
Tile:8 10 8 0
Map 12 3 1
Destroy 10 6 0
Malus 0 0 1
Destroy 8 7 0
Malus 0 0 1
Map 12 3 0
Drop 0 0 1
Drop 4 0 0
Tile:5 10 6 1
Drop 0 0 0
Tile:5_flip 11 8 1
Drop 3 0 0
Drop 2 0 1
Drop 6 0 0
Tile:0 6 7 1
Drop 2 0 0
Tile:6_flip 11 6 1
Drop 1 0 0
Drop 0 0 1
Drop 3 0 0
Drop 4 0 1
Drop 0 0 0
Drop 3 0 1
Drop 2 0 0
Drop 2 0 1
Drop 0 0 0
Drop 1 0 1
Drop 0 0 0
Drop 0 0 1
GAMEOVER DRAW
# Game ended: Sat Apr 11 22:03:40 EDT 2020
