# Server version 0.08 running on localhost:8123
# Game ID: 444
# Board class: Saboteur.SaboteurBoard
# Timeout: 20000
# First Move Timeout: 30000
# Date: Mon Apr 13 16:42:45 EDT 2020
# Player 1: Player-0, '260776911', running on localhost
# Player 2: Player-1, 'RandomPlayer', running on localhost
START Player-0 260776911
START Player-1 RandomPlayer
BoardInit:Tile:6,Tile:0,Tile:6,Tile:6,Tile:10,Destroy,Tile:9,Tile:0,Tile:15,Tile:8,Tile:9,Tile:7,Tile:9,Tile:11,Tile:3,Tile:8,Bonus,Tile:1,Tile:10,Tile:5,Map,Bonus,Map,Malus,Tile:6,Map,Tile:14,Tile:12,Malus,Tile:7,Tile:4,Tile:2,Destroy,Tile:8,Tile:6,Tile:10,Tile:5,Map,Map,Bonus,Tile:0-Bonus,Tile:0,Tile:8,Tile:8,Tile:5,Tile:7,Map-Tile:9,Tile:7,Tile:13,Destroy,Tile:5,Tile:9,Tile:7-Tile:hidden2,Tile:hidden1,Tile:nugget
Drop 3 0 1
Drop 2 0 0
Tile:0 6 5 1
Tile:9 5 4 0
Drop 2 0 1
Tile:7 5 3 0
Tile:10 5 6 1
Destroy 5 3 0
Tile:6 6 4 1
Tile:5 5 3 0
Tile:7 7 5 1
Tile:9 5 7 0
Tile:9 7 6 1
Tile:7 6 3 0
Tile:6 7 7 1
Drop 6 0 0
Tile:8 4 5 1
Tile:0 6 7 0
Tile:15 5 8 1
Drop 6 0 0
Tile:9 3 5 1
Tile:6 7 4 0
Tile:9 7 3 1
Destroy 5 3 0
Drop 4 0 1
Tile:0 8 3 0
Map 12 3 1
Map 12 3 0
Tile:3 8 6 1
Drop 6 0 0
Map 12 3 1
Tile:8 5 3 0
Tile:4_flip 5 9 1
Drop 6 0 0
Destroy 6 5 1
Tile:7 8 4 0
Drop 6 0 1
Tile:8 8 7 0
Tile:5_flip 8 8 1
Map 12 5 0
Tile:14 4 6 1
Tile:5 7 8 0
Tile:6 9 3 1
Tile:7 9 7 0
Map 12 3 1
Malus 0 0 0
Map 12 3 1
Tile:10 5 2 0
Malus 0 0 1
Bonus 0 0 0
Drop 0 0 1
Tile:8 7 2 0
Bonus 0 0 1
Drop 0 0 0
Tile:0 6 5 1
GAMEOVER DRAW
# Game ended: Mon Apr 13 16:42:45 EDT 2020
