# Server version 0.08 running on localhost:8123
# Game ID: 220
# Board class: Saboteur.SaboteurBoard
# Timeout: 20000
# First Move Timeout: 30000
# Date: Sun Apr 12 18:03:11 EDT 2020
# Player 1: Player-0, '260776911', running on localhost
# Player 2: Player-1, 'RandomPlayer', running on localhost
START Player-0 260776911
START Player-1 RandomPlayer
BoardInit:Tile:7,Map,Tile:9,Tile:8,Tile:6,Tile:0,Map,Tile:4,Tile:5,Tile:14,Tile:1,Tile:10,Tile:11,Tile:7,Tile:9,Tile:12,Tile:8,Tile:2,Tile:5,Tile:0,Destroy,Tile:9,Tile:8,Tile:6,Malus,Destroy,Tile:6,Tile:5,Tile:7,Tile:13,Map,Tile:15,Tile:0,Tile:6,Destroy,Tile:10,Map,Tile:8,Map,Tile:6,Bonus-Tile:3,Tile:5,Tile:8,Tile:0,Bonus,Tile:9,Bonus-Malus,Tile:7,Bonus,Tile:7,Tile:10,Map,Tile:9-Tile:nugget,Tile:hidden2,Tile:hidden1
Tile:5_flip 6 5 1
Malus 0 0 0
Bonus 0 0 1
Map 12 3 0
Tile:7_flip 4 5 1
Drop 5 0 0
Tile:6_flip 5 4 1
Tile:7 6 4 0
Map 12 5 1
Drop 6 0 0
Drop 1 0 1
Drop 6 0 0
Drop 1 0 1
Tile:7_flip 5 6 0
Drop 3 0 1
Tile:9 4 4 0
Drop 1 0 1
Drop 6 0 0
Tile:1 6 6 1
Drop 6 0 0
Tile:9_flip 7 6 1
Tile:10 4 3 0
Tile:11_flip 4 2 1
Tile:8 4 1 0
Tile:8 3 2 1
Tile:0 2 2 0
Tile:5_flip 3 3 1
Destroy 4 2 0
Drop 2 0 1
Tile:10 4 0 0
Destroy 6 6 1
Drop 6 0 0
Tile:6_flip 6 6 1
Drop 6 0 0
Tile:8 4 2 1
Tile:7 5 1 0
Tile:7_flip 6 7 1
Tile:0 2 3 0
Map 12 5 1
Tile:9 1 2 0
Destroy 5 1 1
Tile:6 1 3 0
Tile:0 5 2 1
Tile:5_flip 6 2 0
Drop 1 0 1
Tile:6 0 3 0
Tile:3 6 1 1
Tile:10 0 2 0
Malus 0 0 1
Bonus 0 0 0
Map 12 3 1
Tile:8 0 1 0
Map 12 3 1
Tile:6 5 1 0
Drop 0 0 1
GAMEOVER DRAW
# Game ended: Sun Apr 12 18:03:11 EDT 2020
