# Server version 0.08 running on localhost:8123
# Game ID: 188
# Board class: Saboteur.SaboteurBoard
# Timeout: 20000
# First Move Timeout: 30000
# Date: Sun Apr 12 14:41:03 EDT 2020
# Player 1: Player-0, '260776911', running on localhost
# Player 2: Player-1, 'RandomPlayer', running on localhost
START Player-0 260776911
START Player-1 RandomPlayer
BoardInit:Tile:6,Tile:2,Tile:7,Bonus,Tile:14,Tile:5,Tile:10,Tile:11,Destroy,Tile:10,Tile:8,Map,Tile:5,Tile:3,Destroy,Tile:6,Tile:1,Tile:6,Tile:7,Tile:5,Bonus,Tile:0,Tile:6,Map,Map,Tile:7,Malus,Tile:6,Tile:8,Tile:8,Tile:7,Tile:5,Tile:9,Tile:8,Tile:10,Destroy,Tile:13,Tile:7,Map,Tile:0,Tile:9-Tile:15,Tile:9,Tile:9,Tile:0,Bonus,Map,Tile:0-Tile:4,Tile:12,Bonus,Tile:9,Map,Tile:8,Malus-Tile:hidden2,Tile:nugget,Tile:hidden1
Drop 3 0 1
Malus 0 0 0
Drop 5 0 1
Map 12 3 0
Map 12 5 1
Tile:4 5 4 0
Drop 3 0 1
Tile:12 6 5 0
Drop 1 0 1
Tile:9 5 6 0
Drop 1 0 1
Tile:8 4 5 0
Drop 6 0 1
Map 12 5 0
Destroy 5 6 1
Drop 1 0 0
Destroy 6 5 1
Drop 3 0 0
Drop 3 0 1
Drop 4 0 0
Drop 2 0 1
Tile:5_flip 5 6 0
Drop 3 0 1
Tile:6 6 5 0
Drop 5 0 1
Drop 6 0 0
Drop 3 0 1
Tile:10 6 4 0
Drop 6 0 1
Tile:6 7 5 0
Map 12 3 1
Tile:5 7 4 0
Drop 6 0 1
Tile:0 8 4 0
Drop 3 0 1
Tile:7 8 5 0
Drop 3 0 1
Destroy 5 4 0
Drop 6 0 1
Tile:6 9 4 0
Drop 6 0 1
Tile:8 8 6 0
Drop 0 0 1
Tile:5 7 6 0
Drop 4 0 1
Tile:8 9 6 0
Drop 2 0 1
Tile:7 5 4 0
Drop 0 0 1
Tile:0 10 4 0
Drop 0 0 1
Drop 0 0 0
Drop 1 0 1
Drop 0 0 0
Drop 0 0 1
GAMEOVER DRAW
# Game ended: Sun Apr 12 14:41:04 EDT 2020
