# Server version 0.08 running on localhost:8123
# Game ID: 439
# Board class: Saboteur.SaboteurBoard
# Timeout: 20000
# First Move Timeout: 30000
# Date: Mon Apr 13 16:40:57 EDT 2020
# Player 1: Player-0, '260776911', running on localhost
# Player 2: Player-1, 'RandomPlayer', running on localhost
START Player-0 260776911
START Player-1 RandomPlayer
BoardInit:Tile:6,Tile:8,Tile:5,Tile:9,Tile:6,Tile:8,Tile:5,Tile:10,Tile:3,Map,Tile:8,Tile:6,Tile:0,Tile:15,Tile:9,Tile:7,Bonus,Tile:8,Tile:5,Tile:7,Tile:9,Tile:8,Bonus,Map,Tile:4,Tile:0,Tile:13,Tile:7,Tile:6,Bonus,Map,Map,Tile:2,Destroy,Tile:7,Map,Tile:14,Map,Tile:10,Tile:12,Tile:6-Destroy,Malus,Tile:1,Tile:7,Bonus,Tile:10,Tile:5-Tile:9,Tile:11,Tile:0,Malus,Tile:9,Destroy,Tile:0-Tile:hidden2,Tile:nugget,Tile:hidden1
Malus 0 0 1
Drop 3 0 0
Tile:7_flip 4 5 1
Drop 3 0 0
Tile:5 5 4 1
Drop 2 0 0
Tile:6 5 6 1
Drop 2 0 0
Destroy 5 4 1
Drop 3 0 0
Tile:6_flip 4 4 1
Drop 2 0 0
Tile:1 4 6 1
Drop 2 0 0
Tile:5 3 6 1
Drop 2 0 0
Tile:9_flip 6 6 1
Drop 2 0 0
Tile:8 5 4 1
Drop 2 0 0
Tile:3_flip 3 4 1
Drop 3 0 0
Tile:10 3 7 1
Drop 3 0 0
Tile:9_flip 6 7 1
Drop 2 0 0
Tile:5 3 3 1
Drop 2 0 0
Tile:13 3 8 1
Drop 2 0 0
Tile:0 4 3 1
Bonus 0 0 0
Tile:6_flip 4 8 1
Map 12 3 0
Tile:2_flip 2 8 1
Map 12 5 0
Tile:4_flip 3 9 1
Drop 6 0 0
Tile:7 2 7 1
Drop 6 0 0
Tile:14_flip 5 7 1
Drop 1 0 0
Drop 0 0 1
Drop 5 0 0
Drop 2 0 1
Tile:9_flip 6 4 0
Map 12 3 1
Tile:8 6 5 0
Tile:6_flip 1 7 1
Tile:0 7 5 0
Tile:5 0 7 1
Tile:7 8 5 0
Tile:10 8 6 1
Destroy 6 4 0
Drop 0 0 1
GAMEOVER DRAW
# Game ended: Mon Apr 13 16:40:57 EDT 2020
