# Server version 0.08 running on client.openvpn.net:8123
# Game ID: 329
# Board class: Saboteur.SaboteurBoard
# Timeout: 20000
# First Move Timeout: 30000
# Date: Sun Apr 12 20:23:58 EDT 2020
# Player 1: Player-0, '260776911', running on client.openvpn.net
# Player 2: Player-1, 'RandomPlayer', running on client.openvpn.net
START Player-0 260776911
START Player-1 RandomPlayer
BoardInit:Malus,Map,Tile:10,Tile:12,Tile:10,Tile:7,Tile:9,Tile:9,Malus,Bonus,Destroy,Destroy,Tile:6,Tile:11,Tile:1,Tile:8,Tile:5,Map,Tile:7,Tile:9,Tile:0,Tile:2,Tile:8,Destroy,Map,Bonus,Map,Tile:6,Tile:7,Tile:9,Tile:0,Map,Tile:0,Tile:8,Tile:8,Tile:5,Tile:3,Tile:4,Tile:9,Tile:5,Tile:6-Tile:10,Tile:5,Tile:13,Tile:8,Bonus,Tile:6,Bonus-Tile:15,Tile:0,Tile:6,Tile:7,Tile:7,Map,Tile:14-Tile:hidden2,Tile:nugget,Tile:hidden1
Tile:13 5 6 1
Drop 5 0 0
Tile:8 4 5 1
Drop 6 0 0
Drop 4 0 1
Drop 0 0 0
Drop 2 0 1
Drop 4 0 0
Tile:6 6 5 1
Drop 4 0 0
Tile:5_flip 7 5 1
Tile:7_flip 5 7 0
Tile:9 4 4 1
Destroy 4 4 0
Drop 3 0 1
Drop 6 0 0
Drop 1 0 1
Tile:7 6 6 0
Tile:10 6 4 1
Drop 6 0 0
Destroy 6 4 1
Tile:9_flip 7 4 0
Tile:6_flip 3 5 1
Drop 6 0 0
Tile:5 4 4 1
Destroy 3 5 0
Tile:8 6 4 1
Tile:8 4 6 0
Tile:0 3 5 1
Tile:9_flip 4 7 0
Drop 2 0 1
Tile:6 6 7 0
Tile:0 7 7 1
Drop 6 0 0
Tile:0 3 6 1
Tile:9 2 5 0
Map 12 7 1
Tile:8 2 4 0
Tile:7_flip 2 6 1
Drop 6 0 0
Drop 6 0 1
Tile:5 3 7 0
Tile:8 8 7 1
Tile:6_flip 5 4 0
Tile:7_flip 4 8 1
Tile:5 6 3 0
Tile:10 3 8 1
Tile:7 8 6 0
Tile:6 9 7 1
Tile:0 10 7 0
Malus 0 0 1
Bonus 0 0 0
Map 12 3 1
Drop 0 0 0
Tile:3 7 3 1
GAMEOVER DRAW
# Game ended: Sun Apr 12 20:23:58 EDT 2020
