# Server version 0.08 running on localhost:8123
# Game ID: 273
# Board class: Saboteur.SaboteurBoard
# Timeout: 20000
# First Move Timeout: 30000
# Date: Sun Apr 12 19:22:08 EDT 2020
# Player 1: Player-0, '260776911', running on localhost
# Player 2: Player-1, 'RandomPlayer', running on localhost
START Player-0 260776911
START Player-1 RandomPlayer
BoardInit:Tile:6,Tile:8,Tile:5,Tile:7,Tile:9,Tile:11,Bonus,Tile:5,Tile:0,Tile:5,Tile:10,Tile:4,Map,Bonus,Map,Tile:9,Tile:8,Tile:12,Tile:7,Map,Tile:6,Tile:0,Tile:8,Tile:0,Tile:10,Map,Malus,Destroy,Map,Tile:14,Tile:2,Malus,Tile:7,Tile:6,Tile:8,Tile:7,Tile:13,Tile:0,Tile:6,Bonus,Destroy-Tile:5,Tile:7,Tile:3,Destroy,Map,Tile:15,Tile:1-Tile:10,Tile:6,Tile:9,Tile:8,Tile:9,Bonus,Tile:9-Tile:nugget,Tile:hidden2,Tile:hidden1
Tile:5_flip 5 6 1
Tile:10 5 4 0
Tile:6 6 5 1
Tile:6 7 5 0
Map 12 5 1
Tile:9 5 3 0
Tile:1 6 3 1
Drop 6 0 0
Tile:9_flip 7 4 1
Tile:8 7 3 0
Destroy 5 6 1
Tile:9 5 6 0
Tile:5 4 5 1
Drop 6 0 0
Drop 3 0 1
Tile:9 5 7 0
Tile:7 7 2 1
Tile:8 6 7 0
Map 12 7 1
Drop 6 0 0
Tile:0 8 3 1
Map 12 3 0
Drop 5 0 1
Tile:7 9 3 0
Tile:10 6 8 1
Tile:9 5 2 0
Tile:10 5 8 1
Drop 6 0 0
Tile:15 4 6 1
Destroy 6 3 0
Tile:6 6 9 1
Drop 6 0 0
Tile:8 5 1 1
Malus 0 0 0
Drop 3 0 1
Tile:6 9 4 0
Drop 5 0 1
Tile:0 10 4 0
Map 12 7 1
Tile:0 11 4 0
Drop 6 0 1
Tile:5_flip 12 4 0
GAMEOVER WINNER 0
# Game ended: Sun Apr 12 19:22:08 EDT 2020
