# Server version 0.08 running on localhost:8123
# Game ID: 460
# Board class: Saboteur.SaboteurBoard
# Timeout: 20000
# First Move Timeout: 30000
# Date: Mon Apr 13 16:48:30 EDT 2020
# Player 1: Player-0, '260776911', running on localhost
# Player 2: Player-1, 'RandomPlayer', running on localhost
START Player-0 260776911
START Player-1 RandomPlayer
BoardInit:Tile:0,Tile:8,Tile:15,Tile:9,Tile:6,Tile:9,Tile:7,Destroy,Tile:10,Tile:5,Tile:0,Map,Map,Bonus,Tile:6,Tile:8,Tile:0,Bonus,Tile:2,Tile:3,Tile:5,Tile:5,Tile:7,Tile:6,Map,Bonus,Tile:9,Tile:12,Map,Tile:8,Tile:5,Tile:10,Malus,Map,Tile:9,Tile:8,Tile:7,Tile:14,Destroy,Tile:9,Tile:10-Tile:7,Destroy,Tile:4,Tile:7,Tile:8,Bonus,Malus-Tile:6,Tile:6,Tile:13,Tile:1,Tile:11,Tile:0,Map-Tile:nugget,Tile:hidden1,Tile:hidden2
Tile:7_flip 5 6 1
Map 12 3 0
Drop 1 0 1
Drop 2 0 0
Tile:0 4 5 1
Drop 2 0 0
Tile:8 5 4 1
Drop 2 0 0
Drop 2 0 1
Tile:6 6 4 0
Tile:10 6 3 1
Tile:6 7 4 0
Tile:6_flip 8 4 1
Drop 6 0 0
Tile:7_flip 4 4 1
Tile:0 9 4 0
Tile:6_flip 10 4 1
Destroy 4 4 0
Destroy 5 6 1
Tile:8 11 4 0
Tile:2_flip 11 5 1
Drop 6 0 0
Tile:0 12 4 1
Tile:8 11 3 0
GAMEOVER WINNER 0
# Game ended: Mon Apr 13 16:48:30 EDT 2020
