# Server version 0.08 running on localhost:8123
# Game ID: 450
# Board class: Saboteur.SaboteurBoard
# Timeout: 20000
# First Move Timeout: 30000
# Date: Mon Apr 13 16:44:55 EDT 2020
# Player 1: Player-0, '260776911', running on localhost
# Player 2: Player-1, 'RandomPlayer', running on localhost
START Player-0 260776911
START Player-1 RandomPlayer
BoardInit:Tile:3,Destroy,Tile:6,Tile:6,Tile:10,Tile:7,Tile:7,Tile:8,Tile:10,Tile:14,Bonus,Tile:9,Tile:6,Destroy,Tile:6,Tile:0,Malus,Tile:0,Destroy,Malus,Tile:11,Tile:4,Tile:5,Tile:15,Tile:0,Tile:1,Bonus,Map,Tile:8,Tile:5,Tile:9,Map,Tile:6,Map,Tile:8,Tile:13,Bonus,Tile:7,Map,Map,Map-Tile:8,Tile:7,Tile:5,Tile:9,Tile:12,Tile:2,Tile:5-Tile:8,Tile:0,Tile:9,Tile:9,Bonus,Tile:10,Tile:7-Tile:nugget,Tile:hidden1,Tile:hidden2
Tile:5 4 5 1
Tile:8 5 4 0
Tile:5_flip 4 6 1
Tile:0 6 4 0
Tile:3_flip 4 4 1
Tile:9 5 6 0
Tile:8 3 6 1
Tile:9 5 3 0
Tile:7 6 6 1
Tile:10 5 7 0
Tile:9_flip 3 5 1
Drop 6 0 0
Tile:12 6 3 1
Destroy 6 3 0
Tile:7_flip 6 7 1
Tile:7 7 4 0
Tile:6_flip 2 5 1
Tile:6 6 3 0
Tile:6 3 7 1
Tile:7 7 7 0
Destroy 5 6 1
Tile:8 7 5 0
Tile:11 5 6 1
Drop 6 0 0
Drop 5 0 1
Drop 6 0 0
Tile:5 5 2 1
Drop 6 0 0
Tile:0 8 5 1
Map 12 3 0
Tile:2 1 5 1
Tile:9_flip 6 2 0
Drop 6 0 1
Drop 6 0 0
Tile:8 6 1 1
Drop 6 0 0
Tile:10 1 6 1
Drop 6 0 0
Tile:8 7 8 1
Destroy 6 2 0
Tile:6 1 7 1
Drop 6 0 0
Tile:6 7 1 1
Tile:0 7 3 0
Drop 4 0 1
Tile:0 8 3 0
Tile:10 4 3 1
Tile:5_flip 9 3 0
Map 12 7 1
Malus 0 0 0
Bonus 0 0 1
Tile:7 9 2 0
Drop 1 0 1
Drop 0 0 0
Drop 0 0 1
GAMEOVER DRAW
# Game ended: Mon Apr 13 16:44:55 EDT 2020
