# Server version 0.08 running on localhost:8123
# Game ID: 187
# Board class: Saboteur.SaboteurBoard
# Timeout: 20000
# First Move Timeout: 30000
# Date: Sun Apr 12 14:40:51 EDT 2020
# Player 1: Player-0, '260776911', running on localhost
# Player 2: Player-1, 'RandomPlayer', running on localhost
START Player-0 260776911
START Player-1 RandomPlayer
BoardInit:Bonus,Tile:8,Map,Tile:7,Tile:0,Bonus,Tile:10,Tile:9,Map,Tile:11,Tile:6,Tile:10,Tile:5,Tile:5,Tile:6,Tile:9,Tile:10,Tile:12,Tile:13,Tile:2,Tile:9,Tile:0,Tile:7,Bonus,Tile:9,Destroy,Tile:6,Tile:6,Tile:5,Malus,Tile:8,Tile:3,Tile:7,Map,Map,Map,Destroy,Bonus,Tile:8,Tile:8,Tile:8-Tile:15,Destroy,Tile:4,Tile:1,Tile:0,Tile:0,Malus-Tile:9,Map,Tile:6,Tile:5,Tile:14,Tile:7,Tile:7-Tile:hidden1,Tile:hidden2,Tile:nugget
Drop 5 0 1
Map 12 3 0
Tile:1 4 5 1
Tile:9 3 5 0
Map 12 5 1
Tile:6 3 6 0
Drop 3 0 1
Tile:5 3 4 0
Tile:0 2 6 1
Tile:14 4 4 0
Map 12 7 1
Tile:7 4 6 0
Destroy 4 5 1
Tile:7 4 3 0
Tile:4_flip 4 7 1
Tile:8 1 6 0
Tile:5_flip 6 5 1
Tile:7 1 5 0
Tile:10 5 4 1
Tile:9 0 5 0
Tile:10 1 7 1
Tile:11 0 4 0
Tile:6 3 3 1
Tile:10 0 3 0
Tile:7_flip 0 6 1
Tile:5 0 2 0
Tile:9_flip 3 2 1
Tile:9 1 8 0
Tile:15 6 4 1
Tile:12 1 2 0
Malus 0 0 1
Bonus 0 0 0
Tile:9 5 6 1
Malus 0 0 0
Drop 0 0 1
Map 12 5 0
Drop 2 0 1
Drop 6 0 0
Destroy 1 5 1
Drop 0 0 0
Drop 6 0 1
Drop 4 0 0
Drop 4 0 1
Destroy 0 4 0
Drop 1 0 1
Tile:0 6 6 0
Map 12 5 1
Tile:6 7 6 0
Drop 0 0 1
Tile:8 8 6 0
Drop 0 0 1
Drop 0 0 0
Drop 1 0 1
Drop 0 0 0
Drop 0 0 1
GAMEOVER DRAW
# Game ended: Sun Apr 12 14:40:51 EDT 2020
