# Server version 0.08 running on localhost:8123
# Game ID: 417
# Board class: Saboteur.SaboteurBoard
# Timeout: 20000
# First Move Timeout: 30000
# Date: Mon Apr 13 16:30:12 EDT 2020
# Player 1: Player-0, '260776911', running on localhost
# Player 2: Player-1, 'RandomPlayer', running on localhost
START Player-0 260776911
START Player-1 RandomPlayer
BoardInit:Malus,Tile:10,Tile:9,Tile:9,Bonus,Malus,Tile:6,Tile:0,Map,Tile:0,Map,Tile:7,Tile:9,Tile:6,Tile:9,Map,Map,Tile:13,Tile:1,Tile:0,Tile:6,Tile:12,Tile:14,Tile:0,Destroy,Bonus,Tile:11,Bonus,Tile:10,Tile:5,Destroy,Tile:15,Tile:7,Tile:8,Tile:7,Map,Map,Bonus,Tile:8,Tile:7,Destroy-Tile:7,Tile:8,Tile:6,Tile:10,Tile:8,Tile:8,Tile:5-Tile:3,Tile:4,Tile:6,Tile:5,Tile:9,Tile:2,Tile:5-Tile:hidden2,Tile:nugget,Tile:hidden1
Tile:6 4 5 1
Drop 0 0 0
Tile:8 4 4 1
Drop 0 0 0
Tile:8 5 4 1
Drop 3 0 0
Tile:5 3 5 1
Tile:5 5 3 0
Tile:10 4 3 1
Tile:5_flip 6 5 0
Malus 0 0 1
Drop 3 0 0
Map 12 3 1
Drop 3 0 0
Tile:8 6 4 1
Drop 3 0 0
Map 12 3 1
Drop 2 0 0
Tile:9_flip 6 3 1
Drop 2 0 0
Tile:6 3 6 1
Drop 2 0 0
Drop 1 0 1
Drop 2 0 0
Tile:1 4 6 1
Drop 2 0 0
Destroy 5 4 1
Bonus 0 0 0
Tile:11_flip 6 2 1
Drop 2 0 0
Tile:14_flip 2 6 1
Drop 3 0 0
Destroy 6 3 1
Drop 6 0 0
Tile:9_flip 4 2 1
Tile:0 3 4 0
Tile:7 6 1 1
Drop 6 0 0
Tile:7 7 4 1
Tile:5 2 4 0
Map 12 7 1
Tile:8 5 4 0
Tile:9_flip 4 1 1
Tile:9_flip 6 3 0
Tile:7_flip 7 5 1
Tile:7 8 5 0
Drop 3 0 1
Tile:6 8 6 0
Destroy 3 4 1
Tile:0 7 6 0
Drop 1 0 1
Drop 1 0 0
Map 12 3 1
Drop 0 0 0
Tile:6 3 2 1
GAMEOVER DRAW
# Game ended: Mon Apr 13 16:30:12 EDT 2020
