# Server version 0.08 running on localhost:8123
# Game ID: 332
# Board class: Saboteur.SaboteurBoard
# Timeout: 20000
# First Move Timeout: 30000
# Date: Sun Apr 12 20:26:49 EDT 2020
# Player 1: Player-0, '260776911', running on localhost
# Player 2: Player-1, 'RandomPlayer', running on localhost
START Player-0 260776911
START Player-1 RandomPlayer
BoardInit:Tile:10,Malus,Tile:6,Tile:8,Destroy,Tile:0,Tile:3,Tile:7,Tile:8,Destroy,Tile:4,Bonus,Tile:9,Tile:5,Tile:9,Tile:9,Tile:14,Bonus,Tile:1,Map,Tile:0,Tile:6,Tile:12,Tile:8,Tile:0,Tile:13,Tile:7,Map,Tile:2,Tile:0,Tile:5,Tile:7,Tile:8,Tile:8,Destroy,Map,Tile:9,Tile:5,Map,Map,Bonus-Tile:9,Tile:11,Tile:6,Tile:10,Malus,Map,Tile:6-Tile:7,Tile:10,Tile:6,Tile:15,Tile:5,Bonus,Tile:7-Tile:hidden1,Tile:hidden2,Tile:nugget
Tile:11_flip 5 4 1
Drop 3 0 0
Map 12 3 1
Tile:7 5 3 0
Tile:6 6 5 1
Tile:10 6 4 0
Tile:6_flip 4 3 1
Tile:6 5 6 0
Tile:6_flip 3 3 1
Tile:5 6 3 0
Tile:3_flip 3 4 1
Tile:7 6 6 0
Tile:10 6 7 1
Tile:8 7 3 0
Tile:9_flip 8 3 1
Tile:0 7 5 0
Tile:9_flip 8 4 1
Tile:7_flip 7 4 0
Tile:14 8 5 1
Destroy 8 5 0
Tile:4 8 2 1
Map 12 3 0
Drop 1 0 1
Tile:5_flip 8 5 0
Drop 2 0 1
Tile:6_flip 4 5 0
Malus 0 0 1
Bonus 0 0 0
Tile:9 6 8 1
Map 12 5 0
Tile:7_flip 6 9 1
Drop 5 0 0
Destroy 6 9 1
Tile:0 3 5 0
Tile:2_flip 7 8 1
Tile:9_flip 8 8 0
Destroy 7 4 1
Drop 6 0 0
Tile:5 7 7 1
Tile:7 8 7 0
Drop 4 0 1
Drop 6 0 0
Drop 0 0 1
Tile:5_flip 8 9 0
Tile:9 4 6 1
Tile:8 4 7 0
Tile:0 7 9 1
Tile:8 6 9 0
Tile:0 2 5 1
Drop 1 0 0
Tile:12 5 7 1
Drop 0 0 0
Map 12 3 1
Drop 0 0 0
Drop 0 0 1
GAMEOVER DRAW
# Game ended: Sun Apr 12 20:26:50 EDT 2020
