# Server version 0.08 running on localhost:8123
# Game ID: 197
# Board class: Saboteur.SaboteurBoard
# Timeout: 20000
# First Move Timeout: 30000
# Date: Sun Apr 12 15:01:40 EDT 2020
# Player 1: Player-0, '260776911', running on localhost
# Player 2: Player-1, 'RandomPlayer', running on localhost
START Player-0 260776911
START Player-1 RandomPlayer
BoardInit:Tile:11,Tile:0,Tile:0,Bonus,Map,Malus,Tile:6,Tile:9,Tile:5,Tile:2,Tile:5,Tile:14,Tile:8,Tile:3,Map,Map,Tile:5,Destroy,Tile:7,Tile:10,Tile:1,Destroy,Tile:8,Tile:13,Tile:10,Tile:6,Tile:15,Destroy,Tile:8,Bonus,Tile:7,Tile:4,Map,Tile:7,Malus,Tile:9,Tile:6,Tile:7,Tile:8,Tile:5,Tile:7-Tile:9,Tile:9,Tile:12,Tile:10,Bonus,Tile:6,Map-Tile:0,Tile:6,Tile:8,Tile:9,Tile:0,Bonus,Map-Tile:hidden2,Tile:nugget,Tile:hidden1
Tile:6_flip 5 4 1
Map 12 3 0
Tile:9_flip 6 4 1
Tile:0 4 4 0
Tile:11_flip 6 5 1
Tile:6 3 4 0
Map 12 7 1
Tile:8 3 3 0
Tile:6_flip 3 2 1
Tile:9 2 2 0
Tile:0 2 4 1
Tile:0 1 4 0
Tile:5 6 3 1
Tile:0 0 4 0
Tile:12_flip 4 5 1
Malus 0 0 0
Drop 5 0 1
Map 12 5 0
Drop 3 0 1
Drop 3 0 0
Drop 6 0 1
Drop 3 0 0
Map 12 3 1
Drop 3 0 0
Drop 5 0 1
Drop 6 0 0
Drop 0 0 1
Destroy 4 5 0
Drop 6 0 1
Destroy 6 5 0
Drop 1 0 1
Tile:9_flip 6 5 0
Drop 6 0 1
Drop 6 0 0
Drop 3 0 1
Tile:10 6 6 0
Malus 0 0 1
Bonus 0 0 0
Map 12 5 1
Tile:6 7 3 0
Drop 2 0 1
Destroy 6 3 0
Drop 0 0 1
Tile:7 7 2 0
Drop 4 0 1
Tile:9 6 3 0
Drop 2 0 1
Tile:7 8 3 0
Drop 0 0 1
Tile:5 6 2 0
Drop 0 0 1
Drop 0 0 0
Drop 1 0 1
Drop 0 0 0
Drop 0 0 1
GAMEOVER DRAW
# Game ended: Sun Apr 12 15:01:40 EDT 2020
