# Server version 0.08 running on 192.168.1.106:8123
# Game ID: 226
# Board class: Saboteur.SaboteurBoard
# Timeout: 20000
# First Move Timeout: 30000
# Date: Sun Apr 12 18:13:23 EDT 2020
# Player 1: Player-0, '260776911', running on 192.168.1.106
# Player 2: Player-1, 'RandomPlayer', running on 192.168.1.106
START Player-0 260776911
START Player-1 RandomPlayer
BoardInit:Tile:4,Tile:7,Tile:6,Tile:5,Tile:6,Tile:8,Map,Tile:7,Tile:13,Tile:9,Tile:15,Tile:11,Tile:9,Malus,Tile:0,Map,Tile:6,Tile:7,Tile:9,Tile:9,Tile:0,Bonus,Tile:10,Tile:5,Tile:10,Tile:3,Tile:5,Tile:8,Tile:1,Tile:2,Tile:8,Tile:7,Bonus,Bonus,Tile:8,Destroy,Malus,Tile:6,Map,Tile:8,Tile:5-Tile:12,Map,Tile:9,Map,Tile:10,Map,Destroy-Tile:7,Tile:6,Bonus,Tile:0,Tile:14,Tile:0,Destroy-Tile:nugget,Tile:hidden1,Tile:hidden2
Map 12 3 1
Drop 4 0 0
Tile:9_flip 5 4 1
Tile:7 5 3 0
Map 12 5 1
Tile:6 5 6 0
Tile:6 4 4 1
Tile:0 6 5 0
Drop 2 0 1
Tile:0 6 6 0
Map 12 3 1
Destroy 5 3 0
Drop 0 0 1
Drop 6 0 0
Tile:13 4 6 1
Tile:7 5 3 0
Tile:10 4 7 1
Map 12 3 0
Destroy 4 6 1
Tile:5 4 3 0
Tile:6 4 8 1
Tile:8 3 4 0
Tile:6_flip 4 6 1
Tile:7 3 3 0
Tile:9 3 6 1
Tile:9 2 3 0
Tile:9_flip 7 5 1
Drop 6 0 0
Drop 6 0 1
Tile:7 7 4 0
Tile:4 2 2 1
Drop 6 0 0
Tile:10 3 7 1
Tile:7_flip 6 4 0
Tile:8 3 8 1
Tile:9 6 3 0
Tile:8 2 4 1
Tile:5 6 2 0
Tile:0 7 2 1
Tile:8 8 2 0
Tile:1 2 8 1
Destroy 6 2 0
Tile:5_flip 9 2 1
Tile:6 8 3 0
Map 12 5 1
Tile:8 6 2 0
Tile:15 3 5 1
Malus 0 0 0
Drop 0 0 1
Drop 0 0 0
Drop 0 0 1
Drop 0 0 0
Drop 0 0 1
Drop 0 0 0
Malus 0 0 1
GAMEOVER DRAW
# Game ended: Sun Apr 12 18:13:23 EDT 2020
