# Server version 0.08 running on localhost:8123
# Game ID: 232
# Board class: Saboteur.SaboteurBoard
# Timeout: 20000
# First Move Timeout: 30000
# Date: Sun Apr 12 18:36:00 EDT 2020
# Player 1: Player-0, '260776911', running on localhost
# Player 2: Player-1, 'RandomPlayer', running on localhost
START Player-0 260776911
START Player-1 RandomPlayer
BoardInit:Malus,Tile:7,Map,Destroy,Tile:6,Bonus,Map,Tile:10,Tile:0,Tile:7,Tile:6,Tile:8,Tile:8,Tile:9,Tile:10,Tile:15,Tile:9,Tile:7,Bonus,Tile:13,Destroy,Tile:7,Malus,Tile:0,Map,Tile:8,Tile:11,Tile:6,Tile:4,Tile:2,Tile:1,Tile:14,Tile:8,Tile:5,Tile:9,Tile:6,Tile:9,Tile:5,Map,Destroy,Tile:0-Tile:0,Tile:5,Tile:7,Tile:12,Map,Tile:9,Bonus-Tile:8,Tile:3,Map,Tile:6,Bonus,Tile:5,Tile:10-Tile:hidden2,Tile:nugget,Tile:hidden1
Drop 3 0 1
Map 12 3 0
Tile:9_flip 6 5 1
Drop 1 0 0
Map 12 3 1
Tile:8 5 4 0
Drop 2 0 1
Tile:6 5 6 0
Map 12 5 1
Tile:5 5 3 0
Tile:6 6 6 1
Tile:7 6 3 0
Tile:6 4 6 1
Destroy 5 3 0
Drop 3 0 1
Tile:7 7 6 0
Tile:5_flip 7 7 1
Drop 6 0 0
Tile:9 5 3 1
Tile:8 6 4 0
Drop 4 0 1
Drop 6 0 0
Drop 5 0 1
Tile:9_flip 7 4 0
Destroy 6 5 1
Tile:10 7 3 0
Map 12 7 1
Tile:7_flip 7 5 0
Drop 2 0 1
Tile:7 8 5 0
Tile:0 6 7 1
Drop 6 0 0
Tile:4 5 2 1
Drop 6 0 0
Drop 3 0 1
Tile:10 8 6 0
Tile:9 4 5 1
Tile:0 5 7 0
Tile:11_flip 6 5 1
Tile:6_flip 4 4 0
Tile:9 8 7 1
Destroy 6 5 0
Drop 0 0 1
Tile:8 9 7 0
Drop 2 0 1
Tile:5 9 6 0
Tile:8 8 8 1
Tile:6 10 6 0
Tile:0 4 7 1
Tile:5 10 5 0
Tile:10 7 2 1
Drop 1 0 0
Map 12 7 1
Drop 0 0 0
Malus 0 0 1
GAMEOVER DRAW
# Game ended: Sun Apr 12 18:36:00 EDT 2020
