# Server version 0.08 running on localhost:8123
# Game ID: 204
# Board class: Saboteur.SaboteurBoard
# Timeout: 20000
# First Move Timeout: 30000
# Date: Sun Apr 12 15:04:36 EDT 2020
# Player 1: Player-0, '260776911', running on localhost
# Player 2: Player-1, 'RandomPlayer', running on localhost
START Player-0 260776911
START Player-1 RandomPlayer
BoardInit:Malus,Tile:9,Tile:14,Map,Tile:6,Tile:6,Tile:7,Tile:7,Tile:8,Tile:9,Tile:9,Tile:15,Tile:7,Tile:5,Destroy,Bonus,Tile:4,Tile:6,Tile:10,Tile:6,Tile:5,Bonus,Tile:0,Tile:0,Tile:8,Tile:9,Tile:13,Tile:11,Tile:7,Map,Tile:8,Map,Tile:12,Tile:5,Tile:7,Tile:8,Tile:2,Bonus,Tile:10,Tile:1,Tile:6-Tile:3,Destroy,Bonus,Tile:10,Tile:0,Map,Tile:0-Tile:9,Map,Map,Tile:5,Destroy,Tile:8,Malus-Tile:hidden1,Tile:hidden2,Tile:nugget
Tile:3 5 4 1
Drop 2 0 0
Drop 6 0 1
Drop 1 0 0
Tile:14_flip 4 4 1
Drop 6 0 0
Destroy 5 4 1
Destroy 4 4 0
Tile:0 6 5 1
Tile:9_flip 7 5 0
Drop 2 0 1
Tile:5 7 4 0
Tile:6_flip 5 4 1
Drop 6 0 0
Drop 3 0 1
Tile:8 8 4 0
Tile:9 7 6 1
Tile:9 8 5 0
Tile:0 9 5 1
Tile:6 7 7 0
Tile:10 5 6 1
Tile:7 8 7 0
Tile:5 6 7 1
Tile:9 6 8 0
Destroy 5 4 1
Tile:5 8 3 0
Tile:0 4 5 1
Tile:6 6 9 0
Tile:10 5 7 1
Drop 6 0 0
Tile:8 3 5 1
Drop 6 0 0
Tile:8 9 3 1
Drop 6 0 0
Tile:7 10 5 1
Tile:6 7 9 0
Tile:7 8 9 1
Tile:0 10 3 0
Tile:8 11 3 1
Tile:9 8 10 0
Tile:13 5 9 1
Drop 6 0 0
Tile:4_flip 10 6 1
Tile:5 9 2 0
Tile:2_flip 8 8 1
Tile:8 9 8 0
Tile:12 13 3 1
Malus 0 0 0
Drop 2 0 1
Drop 0 0 0
Drop 0 0 1
Drop 0 0 0
Drop 1 0 1
Drop 0 0 0
Drop 0 0 1
GAMEOVER DRAW
# Game ended: Sun Apr 12 15:04:36 EDT 2020
